2022-10-06 13:36:42.8898|DEBUG|Microsoft.Extensions.Hosting.Internal.Host|Hosting starting
2022-10-06 13:36:43.4425|DEBUG|Microsoft.AspNetCore.Server.Kestrel.Core.KestrelServer|Failed to locate the development https certificate at '(null)'.
2022-10-06 13:36:43.8512|DEBUG|Microsoft.AspNetCore.Server.Kestrel.Core.KestrelServer|Using development certificate: CN=localhost (Thumbprint: 099E20C9323E6F293CFA7C119CF231138C32C6A8)
2022-10-06 13:36:43.9301|INFO|Microsoft.Hosting.Lifetime|Now listening on: https://localhost:44309
2022-10-06 13:36:43.9301|INFO|Microsoft.Hosting.Lifetime|Now listening on: http://localhost:5000
2022-10-06 13:36:43.9301|DEBUG|Microsoft.AspNetCore.Hosting.Diagnostics|Loaded hosting startup assembly ParentInformation
2022-10-06 13:36:43.9301|INFO|Microsoft.Hosting.Lifetime|Application started. Press Ctrl+C to shut down.
2022-10-06 13:36:43.9301|INFO|Microsoft.Hosting.Lifetime|Hosting environment: Development
2022-10-06 13:36:43.9301|INFO|Microsoft.Hosting.Lifetime|Content root path: C:\Users\2116787\Downloads\APPFOLDER\ParentApplication\Server\ParentInformation\ParentInformation
2022-10-06 13:36:43.9301|DEBUG|Microsoft.Extensions.Hosting.Internal.Host|Hosting started
2022-10-06 13:36:58.5378|DEBUG|Microsoft.AspNetCore.Server.Kestrel|Connection id "0HML7E6UU5EON" accepted.
2022-10-06 13:36:58.5408|DEBUG|Microsoft.AspNetCore.Server.Kestrel|Connection id "0HML7E6UU5EON" started.
2022-10-06 13:36:58.7245|TRACE|Microsoft.AspNetCore.Server.Kestrel|Connection id "0HML7E6UU5EON" sending SETTINGS frame for stream ID 0 with length 18 and flags NONE
2022-10-06 13:36:58.7339|TRACE|Microsoft.AspNetCore.Server.Kestrel|Connection id "0HML7E6UU5EON" sending WINDOW_UPDATE frame for stream ID 0 with length 4 and flags 0x0
2022-10-06 13:36:58.7339|TRACE|Microsoft.AspNetCore.Server.Kestrel|Connection id "0HML7E6UU5EON" received SETTINGS frame for stream ID 0 with length 24 and flags NONE
2022-10-06 13:36:58.7339|TRACE|Microsoft.AspNetCore.Server.Kestrel|Connection id "0HML7E6UU5EON" sending SETTINGS frame for stream ID 0 with length 0 and flags ACK
2022-10-06 13:36:58.7339|TRACE|Microsoft.AspNetCore.Server.Kestrel|Connection id "0HML7E6UU5EON" received WINDOW_UPDATE frame for stream ID 0 with length 4 and flags 0x0
2022-10-06 13:36:58.7339|TRACE|Microsoft.AspNetCore.Server.Kestrel|Connection id "0HML7E6UU5EON" received HEADERS frame for stream ID 1 with length 441 and flags END_STREAM, END_HEADERS, PRIORITY
2022-10-06 13:36:58.7865|TRACE|Microsoft.AspNetCore.Server.Kestrel|Connection id "0HML7E6UU5EON" received SETTINGS frame for stream ID 0 with length 0 and flags ACK
2022-10-06 13:36:58.8046|INFO|Microsoft.AspNetCore.Hosting.Diagnostics|Request starting HTTP/2 GET https://localhost:44309/  
2022-10-06 13:36:58.8120|DEBUG|Microsoft.AspNetCore.HostFiltering.HostFilteringMiddleware|Wildcard detected, all requests with hosts will be allowed.
2022-10-06 13:36:58.8120|TRACE|Microsoft.AspNetCore.HostFiltering.HostFilteringMiddleware|All hosts are allowed.
2022-10-06 13:36:58.8686|DEBUG|Microsoft.AspNetCore.StaticFiles.StaticFileMiddleware|The request path  does not match the path filter
2022-10-06 13:36:58.9181|DEBUG|Microsoft.AspNetCore.Routing.Matching.DfaMatcher|No candidates found for the request path '/'
2022-10-06 13:36:58.9181|DEBUG|Microsoft.AspNetCore.Routing.EndpointRoutingMiddleware|Request did not match any endpoints
2022-10-06 13:36:58.9181|TRACE|Microsoft.AspNetCore.Server.Kestrel|Connection id "0HML7E6UU5EON" sending HEADERS frame for stream ID 1 with length 71 and flags END_STREAM, END_HEADERS
2022-10-06 13:36:58.9307|INFO|Microsoft.AspNetCore.Hosting.Diagnostics|Request finished in 128.1986ms 404 
2022-10-06 13:37:16.5733|TRACE|Microsoft.AspNetCore.Server.Kestrel|Connection id "0HML7E6UU5EON" received HEADERS frame for stream ID 3 with length 36 and flags END_STREAM, END_HEADERS, PRIORITY
2022-10-06 13:37:16.5733|TRACE|Microsoft.AspNetCore.Server.Kestrel|Connection id "0HML7E6UU5EON" received PING frame for stream ID 0 with length 8 and flags NONE
2022-10-06 13:37:16.5733|TRACE|Microsoft.AspNetCore.Server.Kestrel|Connection id "0HML7E6UU5EON" sending PING frame for stream ID 0 with length 8 and flags ACK
2022-10-06 13:37:16.5733|INFO|Microsoft.AspNetCore.Hosting.Diagnostics|Request starting HTTP/2 GET https://localhost:44309/swagger/index.html  
2022-10-06 13:37:16.5733|TRACE|Microsoft.AspNetCore.HostFiltering.HostFilteringMiddleware|All hosts are allowed.
2022-10-06 13:37:16.6597|TRACE|Microsoft.AspNetCore.Server.Kestrel|Connection id "0HML7E6UU5EON" sending HEADERS frame for stream ID 3 with length 91 and flags END_HEADERS
2022-10-06 13:37:16.6597|TRACE|Microsoft.AspNetCore.Server.Kestrel|Connection id "0HML7E6UU5EON" sending DATA frame for stream ID 3 with length 4752 and flags NONE
2022-10-06 13:37:16.6682|TRACE|Microsoft.AspNetCore.Server.Kestrel|Connection id "0HML7E6UU5EON" sending DATA frame for stream ID 3 with length 0 and flags END_STREAM
2022-10-06 13:37:16.6682|INFO|Microsoft.AspNetCore.Hosting.Diagnostics|Request finished in 92.8874ms 200 text/html;charset=utf-8
2022-10-06 13:37:16.6904|TRACE|Microsoft.AspNetCore.Server.Kestrel|Connection id "0HML7E6UU5EON" received WINDOW_UPDATE frame for stream ID 0 with length 4 and flags 0x0
2022-10-06 13:37:17.5570|TRACE|Microsoft.AspNetCore.Server.Kestrel|Connection id "0HML7E6UU5EON" received HEADERS frame for stream ID 5 with length 107 and flags END_STREAM, END_HEADERS, PRIORITY
2022-10-06 13:37:17.5570|INFO|Microsoft.AspNetCore.Hosting.Diagnostics|Request starting HTTP/2 GET https://localhost:44309/swagger/v1/swagger.json  
2022-10-06 13:37:17.5570|TRACE|Microsoft.AspNetCore.HostFiltering.HostFilteringMiddleware|All hosts are allowed.
2022-10-06 13:37:17.7352|TRACE|Microsoft.AspNetCore.Server.Kestrel|Connection id "0HML7E6UU5EON" sending HEADERS frame for stream ID 5 with length 98 and flags END_HEADERS
2022-10-06 13:37:17.7352|TRACE|Microsoft.AspNetCore.Server.Kestrel|Connection id "0HML7E6UU5EON" sending DATA frame for stream ID 5 with length 6701 and flags NONE
2022-10-06 13:37:17.7352|TRACE|Microsoft.AspNetCore.Server.Kestrel|Connection id "0HML7E6UU5EON" sending DATA frame for stream ID 5 with length 0 and flags END_STREAM
2022-10-06 13:37:17.7352|INFO|Microsoft.AspNetCore.Hosting.Diagnostics|Request finished in 176.95ms 200 application/json;charset=utf-8
2022-10-06 13:37:26.5206|TRACE|Microsoft.AspNetCore.Server.Kestrel|Connection id "0HML7E6UU5EON" received HEADERS frame for stream ID 7 with length 36 and flags END_STREAM, END_HEADERS, PRIORITY
2022-10-06 13:37:26.5264|INFO|Microsoft.AspNetCore.Hosting.Diagnostics|Request starting HTTP/2 GET https://localhost:44309/ParentsDetails  
2022-10-06 13:37:26.5264|TRACE|Microsoft.AspNetCore.HostFiltering.HostFilteringMiddleware|All hosts are allowed.
2022-10-06 13:37:26.5264|DEBUG|Microsoft.AspNetCore.StaticFiles.StaticFileMiddleware|The request path  does not match the path filter
2022-10-06 13:37:26.5457|DEBUG|Microsoft.AspNetCore.Routing.Matching.DfaMatcher|1 candidate(s) found for the request path '/ParentsDetails'
2022-10-06 13:37:26.5457|DEBUG|Microsoft.AspNetCore.Routing.Matching.DfaMatcher|Endpoint 'ParentInformation.Controllers.ParentsController.GetParents (ParentInformation)' with route pattern 'ParentsDetails' is valid for the request path '/ParentsDetails'
2022-10-06 13:37:26.5457|DEBUG|Microsoft.AspNetCore.Routing.EndpointRoutingMiddleware|Request matched endpoint 'ParentInformation.Controllers.ParentsController.GetParents (ParentInformation)'
2022-10-06 13:37:26.5457|INFO|Microsoft.AspNetCore.Routing.EndpointMiddleware|Executing endpoint 'ParentInformation.Controllers.ParentsController.GetParents (ParentInformation)'
2022-10-06 13:37:26.5724|DEBUG|Microsoft.AspNetCore.Mvc.ModelBinding.ModelBinderFactory|Registered model binder providers, in the following order: Microsoft.AspNetCore.Mvc.ModelBinding.Binders.BinderTypeModelBinderProvider, Microsoft.AspNetCore.Mvc.ModelBinding.Binders.ServicesModelBinderProvider, Microsoft.AspNetCore.Mvc.ModelBinding.Binders.BodyModelBinderProvider, Microsoft.AspNetCore.Mvc.ModelBinding.Binders.HeaderModelBinderProvider, Microsoft.AspNetCore.Mvc.ModelBinding.Binders.FloatingPointTypeModelBinderProvider, Microsoft.AspNetCore.Mvc.ModelBinding.Binders.EnumTypeModelBinderProvider, Microsoft.AspNetCore.Mvc.ModelBinding.Binders.SimpleTypeModelBinderProvider, Microsoft.AspNetCore.Mvc.ModelBinding.Binders.CancellationTokenModelBinderProvider, Microsoft.AspNetCore.Mvc.ModelBinding.Binders.ByteArrayModelBinderProvider, Microsoft.AspNetCore.Mvc.ModelBinding.Binders.FormFileModelBinderProvider, Microsoft.AspNetCore.Mvc.ModelBinding.Binders.FormCollectionModelBinderProvider, Microsoft.AspNetCore.Mvc.ModelBinding.Binders.KeyValuePairModelBinderProvider, Microsoft.AspNetCore.Mvc.ModelBinding.Binders.DictionaryModelBinderProvider, Microsoft.AspNetCore.Mvc.ModelBinding.Binders.ArrayModelBinderProvider, Microsoft.AspNetCore.Mvc.ModelBinding.Binders.CollectionModelBinderProvider, Microsoft.AspNetCore.Mvc.ModelBinding.Binders.ComplexTypeModelBinderProvider
2022-10-06 13:37:26.6196|INFO|Microsoft.AspNetCore.Mvc.Infrastructure.ControllerActionInvoker|Route matched with {action = "GetParents", controller = "Parents"}. Executing controller action with signature Microsoft.AspNetCore.Mvc.IActionResult GetParents() on controller ParentInformation.Controllers.ParentsController (ParentInformation).
2022-10-06 13:37:26.6196|DEBUG|Microsoft.AspNetCore.Mvc.Infrastructure.ControllerActionInvoker|Execution plan of authorization filters (in the following order): None
2022-10-06 13:37:26.6196|DEBUG|Microsoft.AspNetCore.Mvc.Infrastructure.ControllerActionInvoker|Execution plan of resource filters (in the following order): None
2022-10-06 13:37:26.6196|DEBUG|Microsoft.AspNetCore.Mvc.Infrastructure.ControllerActionInvoker|Execution plan of action filters (in the following order): Microsoft.AspNetCore.Mvc.ModelBinding.UnsupportedContentTypeFilter (Order: -3000), Microsoft.AspNetCore.Mvc.Infrastructure.ModelStateInvalidFilter (Order: -2000)
2022-10-06 13:37:26.6196|DEBUG|Microsoft.AspNetCore.Mvc.Infrastructure.ControllerActionInvoker|Execution plan of exception filters (in the following order): None
2022-10-06 13:37:26.6196|DEBUG|Microsoft.AspNetCore.Mvc.Infrastructure.ControllerActionInvoker|Execution plan of result filters (in the following order): Microsoft.AspNetCore.Mvc.Infrastructure.ClientErrorResultFilter (Order: -2000)
2022-10-06 13:37:26.6196|DEBUG|Microsoft.AspNetCore.Mvc.Infrastructure.ControllerActionInvoker|Executing controller factory for controller ParentInformation.Controllers.ParentsController (ParentInformation)
2022-10-06 13:37:26.8216|DEBUG|Microsoft.EntityFrameworkCore.Infrastructure|An 'IServiceProvider' was created for internal use by Entity Framework.
2022-10-06 13:37:27.2747|DEBUG|Microsoft.AspNetCore.Mvc.Infrastructure.ControllerActionInvoker|Executed controller factory for controller ParentInformation.Controllers.ParentsController (ParentInformation)
2022-10-06 13:37:27.2747|TRACE|Microsoft.AspNetCore.Mvc.Infrastructure.ControllerActionInvoker|Action Filter: Before executing OnActionExecuting on filter Microsoft.AspNetCore.Mvc.ModelBinding.UnsupportedContentTypeFilter.
2022-10-06 13:37:27.2747|TRACE|Microsoft.AspNetCore.Mvc.Infrastructure.ControllerActionInvoker|Action Filter: After executing OnActionExecuting on filter Microsoft.AspNetCore.Mvc.ModelBinding.UnsupportedContentTypeFilter.
2022-10-06 13:37:27.2747|TRACE|Microsoft.AspNetCore.Mvc.Infrastructure.ControllerActionInvoker|Action Filter: Before executing OnActionExecuting on filter Microsoft.AspNetCore.Mvc.Infrastructure.ModelStateInvalidFilter.
2022-10-06 13:37:27.2747|TRACE|Microsoft.AspNetCore.Mvc.Infrastructure.ControllerActionInvoker|Action Filter: After executing OnActionExecuting on filter Microsoft.AspNetCore.Mvc.Infrastructure.ModelStateInvalidFilter.
2022-10-06 13:37:27.2747|INFO|Microsoft.AspNetCore.Mvc.Infrastructure.ControllerActionInvoker|Executing action method ParentInformation.Controllers.ParentsController.GetParents (ParentInformation) - Validation state: Valid
2022-10-06 13:37:27.2967|INFO|ParentInformation.Controllers.ParentsController|Entered the GetParents Action Method
2022-10-06 13:37:28.1945|INFO|Microsoft.EntityFrameworkCore.Infrastructure|Entity Framework Core 3.1.10 initialized 'ParentContext' using provider 'Microsoft.EntityFrameworkCore.SqlServer' with options: None
2022-10-06 13:37:28.5056|DEBUG|Microsoft.EntityFrameworkCore.Query|queryContext => new QueryingEnumerable<Parent>(
    (RelationalQueryContext)queryContext, 
    RelationalCommandCache, 
    null, 
    null, 
    Func<QueryContext, DbDataReader, ResultContext, int[], ResultCoordinator, Parent>, 
    ParentInformation.Models.ParentContext, 
    null
)
2022-10-06 13:37:28.5579|DEBUG|Microsoft.EntityFrameworkCore.Database.Command|Creating DbCommand for 'ExecuteReader'.
2022-10-06 13:37:28.6185|DEBUG|Microsoft.EntityFrameworkCore.Database.Command|Created DbCommand for 'ExecuteReader' (53ms).
2022-10-06 13:37:28.6185|DEBUG|Microsoft.EntityFrameworkCore.Database.Connection|Opening connection to database 'ParentDb' on server '(localdb)\ProjectModels'.
2022-10-06 13:37:30.4659|DEBUG|Microsoft.EntityFrameworkCore.Database.Connection|Opened connection to database 'ParentDb' on server '(localdb)\ProjectModels'.
2022-10-06 13:37:30.4776|DEBUG|Microsoft.EntityFrameworkCore.Database.Command|Executing DbCommand [Parameters=[], CommandType='Text', CommandTimeout='30']
SELECT [p].[RegistationId], [p].[Address], [p].[Age], [p].[City], [p].[Country], [p].[EmailAddress], [p].[ParentName], [p].[PrimaryContactPerson], [p].[PrimaryContactPersonPhoneNumber], [p].[RegistrationDate], [p].[SecondaryContactPerson], [p].[SecondaryContactPersonPhoneNumber], [p].[State], [p].[StudentName], [p].[StudentRegistrationId], [p].[Zipcode], [p].[status]
FROM [parent] AS [p]
2022-10-06 13:37:30.5325|INFO|Microsoft.EntityFrameworkCore.Database.Command|Executed DbCommand (55ms) [Parameters=[], CommandType='Text', CommandTimeout='30']
SELECT [p].[RegistationId], [p].[Address], [p].[Age], [p].[City], [p].[Country], [p].[EmailAddress], [p].[ParentName], [p].[PrimaryContactPerson], [p].[PrimaryContactPersonPhoneNumber], [p].[RegistrationDate], [p].[SecondaryContactPerson], [p].[SecondaryContactPersonPhoneNumber], [p].[State], [p].[StudentName], [p].[StudentRegistrationId], [p].[Zipcode], [p].[status]
FROM [parent] AS [p]
2022-10-06 13:37:30.6110|DEBUG|Microsoft.EntityFrameworkCore.ChangeTracking|Context 'ParentContext' started tracking 'Parent' entity. Consider using 'DbContextOptionsBuilder.EnableSensitiveDataLogging' to see key values.
2022-10-06 13:37:30.6844|DEBUG|Microsoft.EntityFrameworkCore.Database.Command|A data reader was disposed.
2022-10-06 13:37:30.6844|DEBUG|Microsoft.EntityFrameworkCore.Database.Connection|Closing connection to database 'ParentDb' on server '(localdb)\ProjectModels'.
2022-10-06 13:37:30.6982|DEBUG|Microsoft.EntityFrameworkCore.Database.Connection|Closed connection to database 'ParentDb' on server '(localdb)\ProjectModels'.
2022-10-06 13:37:30.6982|INFO|Microsoft.AspNetCore.Mvc.Infrastructure.ControllerActionInvoker|Executed action method ParentInformation.Controllers.ParentsController.GetParents (ParentInformation), returned result Microsoft.AspNetCore.Mvc.OkObjectResult in 3413.2917ms.
2022-10-06 13:37:30.6982|TRACE|Microsoft.AspNetCore.Mvc.Infrastructure.ControllerActionInvoker|Action Filter: Before executing OnActionExecuted on filter Microsoft.AspNetCore.Mvc.Infrastructure.ModelStateInvalidFilter.
2022-10-06 13:37:30.6982|TRACE|Microsoft.AspNetCore.Mvc.Infrastructure.ControllerActionInvoker|Action Filter: After executing OnActionExecuted on filter Microsoft.AspNetCore.Mvc.Infrastructure.ModelStateInvalidFilter.
2022-10-06 13:37:30.6982|TRACE|Microsoft.AspNetCore.Mvc.Infrastructure.ControllerActionInvoker|Action Filter: Before executing OnActionExecuted on filter Microsoft.AspNetCore.Mvc.ModelBinding.UnsupportedContentTypeFilter.
2022-10-06 13:37:30.6982|TRACE|Microsoft.AspNetCore.Mvc.Infrastructure.ControllerActionInvoker|Action Filter: After executing OnActionExecuted on filter Microsoft.AspNetCore.Mvc.ModelBinding.UnsupportedContentTypeFilter.
2022-10-06 13:37:30.6982|TRACE|Microsoft.AspNetCore.Mvc.Infrastructure.ControllerActionInvoker|Result Filter: Before executing OnResultExecuting on filter Microsoft.AspNetCore.Mvc.Infrastructure.ClientErrorResultFilter.
2022-10-06 13:37:30.6982|TRACE|Microsoft.AspNetCore.Mvc.Infrastructure.ControllerActionInvoker|Result Filter: After executing OnResultExecuting on filter Microsoft.AspNetCore.Mvc.Infrastructure.ClientErrorResultFilter.
2022-10-06 13:37:30.6982|TRACE|Microsoft.AspNetCore.Mvc.Infrastructure.ControllerActionInvoker|Before executing action result Microsoft.AspNetCore.Mvc.OkObjectResult.
2022-10-06 13:37:30.6982|DEBUG|Microsoft.AspNetCore.Mvc.Infrastructure.ObjectResultExecutor|Buffering IAsyncEnumerable instance of type 'Microsoft.EntityFrameworkCore.Internal.InternalDbSet`1[[ParentInformation.Models.Parent, ParentInformation, Version=1.0.0.0, Culture=neutral, PublicKeyToken=null]]'.
2022-10-06 13:37:30.7293|DEBUG|Microsoft.EntityFrameworkCore.Query|queryContext => new QueryingEnumerable<Parent>(
    (RelationalQueryContext)queryContext, 
    RelationalCommandCache, 
    null, 
    null, 
    Func<QueryContext, DbDataReader, ResultContext, int[], ResultCoordinator, Parent>, 
    ParentInformation.Models.ParentContext, 
    null
)
2022-10-06 13:37:30.7499|DEBUG|Microsoft.EntityFrameworkCore.Database.Command|Creating DbCommand for 'ExecuteReader'.
2022-10-06 13:37:30.7499|DEBUG|Microsoft.EntityFrameworkCore.Database.Command|Created DbCommand for 'ExecuteReader' (0ms).
2022-10-06 13:37:30.7499|DEBUG|Microsoft.EntityFrameworkCore.Database.Connection|Opening connection to database 'ParentDb' on server '(localdb)\ProjectModels'.
2022-10-06 13:37:30.7600|DEBUG|Microsoft.EntityFrameworkCore.Database.Connection|Opened connection to database 'ParentDb' on server '(localdb)\ProjectModels'.
2022-10-06 13:37:30.7600|DEBUG|Microsoft.EntityFrameworkCore.Database.Command|Executing DbCommand [Parameters=[], CommandType='Text', CommandTimeout='30']
SELECT [p].[RegistationId], [p].[Address], [p].[Age], [p].[City], [p].[Country], [p].[EmailAddress], [p].[ParentName], [p].[PrimaryContactPerson], [p].[PrimaryContactPersonPhoneNumber], [p].[RegistrationDate], [p].[SecondaryContactPerson], [p].[SecondaryContactPersonPhoneNumber], [p].[State], [p].[StudentName], [p].[StudentRegistrationId], [p].[Zipcode], [p].[status]
FROM [parent] AS [p]
2022-10-06 13:37:30.7827|INFO|Microsoft.EntityFrameworkCore.Database.Command|Executed DbCommand (22ms) [Parameters=[], CommandType='Text', CommandTimeout='30']
SELECT [p].[RegistationId], [p].[Address], [p].[Age], [p].[City], [p].[Country], [p].[EmailAddress], [p].[ParentName], [p].[PrimaryContactPerson], [p].[PrimaryContactPersonPhoneNumber], [p].[RegistrationDate], [p].[SecondaryContactPerson], [p].[SecondaryContactPersonPhoneNumber], [p].[State], [p].[StudentName], [p].[StudentRegistrationId], [p].[Zipcode], [p].[status]
FROM [parent] AS [p]
2022-10-06 13:37:30.7965|DEBUG|Microsoft.EntityFrameworkCore.Database.Command|A data reader was disposed.
2022-10-06 13:37:30.7965|DEBUG|Microsoft.EntityFrameworkCore.Database.Connection|Closing connection to database 'ParentDb' on server '(localdb)\ProjectModels'.
2022-10-06 13:37:30.8044|DEBUG|Microsoft.EntityFrameworkCore.Database.Connection|Closed connection to database 'ParentDb' on server '(localdb)\ProjectModels'.
2022-10-06 13:37:30.8044|DEBUG|Microsoft.AspNetCore.Mvc.Infrastructure.DefaultOutputFormatterSelector|List of registered output formatters, in the following order: Microsoft.AspNetCore.Mvc.Formatters.HttpNoContentOutputFormatter, Microsoft.AspNetCore.Mvc.Formatters.StringOutputFormatter, Microsoft.AspNetCore.Mvc.Formatters.StreamOutputFormatter, Microsoft.AspNetCore.Mvc.Formatters.SystemTextJsonOutputFormatter
2022-10-06 13:37:30.8044|DEBUG|Microsoft.AspNetCore.Mvc.Infrastructure.DefaultOutputFormatterSelector|No information found on request to perform content negotiation.
2022-10-06 13:37:30.8044|DEBUG|Microsoft.AspNetCore.Mvc.Infrastructure.DefaultOutputFormatterSelector|Attempting to select an output formatter without using a content type as no explicit content types were specified for the response.
2022-10-06 13:37:30.8044|DEBUG|Microsoft.AspNetCore.Mvc.Infrastructure.DefaultOutputFormatterSelector|Attempting to select the first formatter in the output formatters list which can write the result.
2022-10-06 13:37:30.8044|DEBUG|Microsoft.AspNetCore.Mvc.Infrastructure.DefaultOutputFormatterSelector|Selected output formatter 'Microsoft.AspNetCore.Mvc.Formatters.SystemTextJsonOutputFormatter' and content type 'application/json' to write the response.
2022-10-06 13:37:30.8044|INFO|Microsoft.AspNetCore.Mvc.Infrastructure.ObjectResultExecutor|Executing ObjectResult, writing value of type 'System.Collections.Generic.List`1[[ParentInformation.Models.Parent, ParentInformation, Version=1.0.0.0, Culture=neutral, PublicKeyToken=null]]'.
2022-10-06 13:37:30.8241|TRACE|Microsoft.AspNetCore.Server.Kestrel|Connection id "0HML7E6UU5EON" sending HEADERS frame for stream ID 7 with length 99 and flags END_HEADERS
2022-10-06 13:37:30.8241|TRACE|Microsoft.AspNetCore.Server.Kestrel|Connection id "0HML7E6UU5EON" sending DATA frame for stream ID 7 with length 535 and flags NONE
2022-10-06 13:37:30.8241|TRACE|Microsoft.AspNetCore.Mvc.Infrastructure.ControllerActionInvoker|After executing action result Microsoft.AspNetCore.Mvc.OkObjectResult.
2022-10-06 13:37:30.8241|TRACE|Microsoft.AspNetCore.Server.Kestrel|Connection id "0HML7E6UU5EON" received WINDOW_UPDATE frame for stream ID 0 with length 4 and flags 0x0
2022-10-06 13:37:30.8241|TRACE|Microsoft.AspNetCore.Mvc.Infrastructure.ControllerActionInvoker|Result Filter: Before executing OnResultExecuted on filter Microsoft.AspNetCore.Mvc.Infrastructure.ClientErrorResultFilter.
2022-10-06 13:37:30.8241|TRACE|Microsoft.AspNetCore.Mvc.Infrastructure.ControllerActionInvoker|Result Filter: After executing OnResultExecuted on filter Microsoft.AspNetCore.Mvc.Infrastructure.ClientErrorResultFilter.
2022-10-06 13:37:30.8241|INFO|Microsoft.AspNetCore.Mvc.Infrastructure.ControllerActionInvoker|Executed action ParentInformation.Controllers.ParentsController.GetParents (ParentInformation) in 4208.1414ms
2022-10-06 13:37:30.8365|INFO|Microsoft.AspNetCore.Routing.EndpointMiddleware|Executed endpoint 'ParentInformation.Controllers.ParentsController.GetParents (ParentInformation)'
2022-10-06 13:37:30.8365|TRACE|Microsoft.AspNetCore.Server.Kestrel|Connection id "0HML7E6UU5EON" sending DATA frame for stream ID 7 with length 0 and flags END_STREAM
2022-10-06 13:37:30.8365|DEBUG|Microsoft.EntityFrameworkCore.Infrastructure|'ParentContext' disposed.
2022-10-06 13:37:30.8365|INFO|Microsoft.AspNetCore.Hosting.Diagnostics|Request finished in 4322.1762ms 200 application/json; charset=utf-8
2022-10-06 13:39:19.5756|INFO|Microsoft.Hosting.Lifetime|Application is shutting down...
2022-10-06 13:39:19.5756|DEBUG|Microsoft.Extensions.Hosting.Internal.Host|Hosting stopping
2022-10-06 13:39:19.6376|DEBUG|Microsoft.AspNetCore.Server.Kestrel|Connection id "0HML7E6UU5EON" is closing.
2022-10-06 13:39:19.6376|DEBUG|Microsoft.AspNetCore.Server.Kestrel|Connection id "0HML7E6UU5EON" is closed. The last processed stream ID was 7.
2022-10-06 13:39:19.6376|TRACE|Microsoft.AspNetCore.Server.Kestrel|Connection id "0HML7E6UU5EON" sending GOAWAY frame for stream ID 0 with length 8 and flags 0x0
2022-10-06 13:39:19.6376|DEBUG|Microsoft.AspNetCore.Server.Kestrel.Transport.Sockets|Connection id "0HML7E6UU5EON" received FIN.
2022-10-06 13:39:19.6376|DEBUG|Microsoft.AspNetCore.Server.Kestrel.Transport.Sockets|Connection id "0HML7E6UU5EON" sending FIN because: "The client closed the connection."
2022-10-06 13:39:19.6524|DEBUG|Microsoft.AspNetCore.Server.Kestrel|Connection id "0HML7E6UU5EON" stopped.
2022-10-06 13:39:19.6524|DEBUG|Microsoft.Extensions.Hosting.Internal.Host|Hosting stopped
2022-10-06 13:39:53.6735|DEBUG|Microsoft.Extensions.Hosting.Internal.Host|Hosting starting
2022-10-06 13:39:54.1602|DEBUG|Microsoft.AspNetCore.Server.Kestrel.Core.KestrelServer|Failed to locate the development https certificate at '(null)'.
2022-10-06 13:39:54.5843|DEBUG|Microsoft.AspNetCore.Server.Kestrel.Core.KestrelServer|Using development certificate: CN=localhost (Thumbprint: 099E20C9323E6F293CFA7C119CF231138C32C6A8)
2022-10-06 13:39:54.6734|INFO|Microsoft.Hosting.Lifetime|Now listening on: https://localhost:44309
2022-10-06 13:39:54.6734|INFO|Microsoft.Hosting.Lifetime|Now listening on: http://localhost:5000
2022-10-06 13:39:54.6734|DEBUG|Microsoft.AspNetCore.Hosting.Diagnostics|Loaded hosting startup assembly ParentInformation
2022-10-06 13:39:54.6734|INFO|Microsoft.Hosting.Lifetime|Application started. Press Ctrl+C to shut down.
2022-10-06 13:39:54.6734|INFO|Microsoft.Hosting.Lifetime|Hosting environment: Development
2022-10-06 13:39:54.6734|INFO|Microsoft.Hosting.Lifetime|Content root path: C:\Users\2116787\Downloads\APPFOLDER\ParentApplication\Server\ParentInformation\ParentInformation
2022-10-06 13:39:54.6734|DEBUG|Microsoft.Extensions.Hosting.Internal.Host|Hosting started
2022-10-06 13:40:28.5743|DEBUG|Microsoft.AspNetCore.Server.Kestrel|Connection id "0HML7E8TH8L8P" accepted.
2022-10-06 13:40:28.5743|DEBUG|Microsoft.AspNetCore.Server.Kestrel|Connection id "0HML7E8TH8L8P" started.
2022-10-06 13:40:28.7573|TRACE|Microsoft.AspNetCore.Server.Kestrel|Connection id "0HML7E8TH8L8P" sending SETTINGS frame for stream ID 0 with length 18 and flags NONE
2022-10-06 13:40:28.7665|TRACE|Microsoft.AspNetCore.Server.Kestrel|Connection id "0HML7E8TH8L8P" sending WINDOW_UPDATE frame for stream ID 0 with length 4 and flags 0x0
2022-10-06 13:40:28.7665|TRACE|Microsoft.AspNetCore.Server.Kestrel|Connection id "0HML7E8TH8L8P" received SETTINGS frame for stream ID 0 with length 24 and flags NONE
2022-10-06 13:40:28.7665|TRACE|Microsoft.AspNetCore.Server.Kestrel|Connection id "0HML7E8TH8L8P" sending SETTINGS frame for stream ID 0 with length 0 and flags ACK
2022-10-06 13:40:28.7730|TRACE|Microsoft.AspNetCore.Server.Kestrel|Connection id "0HML7E8TH8L8P" received WINDOW_UPDATE frame for stream ID 0 with length 4 and flags 0x0
2022-10-06 13:40:28.7730|TRACE|Microsoft.AspNetCore.Server.Kestrel|Connection id "0HML7E8TH8L8P" received HEADERS frame for stream ID 1 with length 465 and flags END_STREAM, END_HEADERS, PRIORITY
2022-10-06 13:40:28.8251|TRACE|Microsoft.AspNetCore.Server.Kestrel|Connection id "0HML7E8TH8L8P" received SETTINGS frame for stream ID 0 with length 0 and flags ACK
2022-10-06 13:40:28.8460|INFO|Microsoft.AspNetCore.Hosting.Diagnostics|Request starting HTTP/2 GET https://localhost:44309/swagger/index.html  
2022-10-06 13:40:28.8531|DEBUG|Microsoft.AspNetCore.HostFiltering.HostFilteringMiddleware|Wildcard detected, all requests with hosts will be allowed.
2022-10-06 13:40:28.8531|TRACE|Microsoft.AspNetCore.HostFiltering.HostFilteringMiddleware|All hosts are allowed.
2022-10-06 13:40:28.9795|TRACE|Microsoft.AspNetCore.Server.Kestrel|Connection id "0HML7E8TH8L8P" sending HEADERS frame for stream ID 1 with length 91 and flags END_HEADERS
2022-10-06 13:40:28.9795|TRACE|Microsoft.AspNetCore.Server.Kestrel|Connection id "0HML7E8TH8L8P" sending DATA frame for stream ID 1 with length 4752 and flags NONE
2022-10-06 13:40:28.9795|TRACE|Microsoft.AspNetCore.Server.Kestrel|Connection id "0HML7E8TH8L8P" sending DATA frame for stream ID 1 with length 0 and flags END_STREAM
2022-10-06 13:40:28.9795|INFO|Microsoft.AspNetCore.Hosting.Diagnostics|Request finished in 144.5993ms 200 text/html;charset=utf-8
2022-10-06 13:40:29.3230|TRACE|Microsoft.AspNetCore.Server.Kestrel|Connection id "0HML7E8TH8L8P" received HEADERS frame for stream ID 3 with length 107 and flags END_STREAM, END_HEADERS, PRIORITY
2022-10-06 13:40:29.3230|INFO|Microsoft.AspNetCore.Hosting.Diagnostics|Request starting HTTP/2 GET https://localhost:44309/swagger/v1/swagger.json  
2022-10-06 13:40:29.3230|TRACE|Microsoft.AspNetCore.HostFiltering.HostFilteringMiddleware|All hosts are allowed.
2022-10-06 13:40:29.6196|TRACE|Microsoft.AspNetCore.Server.Kestrel|Connection id "0HML7E8TH8L8P" sending HEADERS frame for stream ID 3 with length 98 and flags END_HEADERS
2022-10-06 13:40:29.6196|TRACE|Microsoft.AspNetCore.Server.Kestrel|Connection id "0HML7E8TH8L8P" sending DATA frame for stream ID 3 with length 6701 and flags NONE
2022-10-06 13:40:29.6196|TRACE|Microsoft.AspNetCore.Server.Kestrel|Connection id "0HML7E8TH8L8P" sending DATA frame for stream ID 3 with length 0 and flags END_STREAM
2022-10-06 13:40:29.6196|INFO|Microsoft.AspNetCore.Hosting.Diagnostics|Request finished in 294.4024ms 200 application/json;charset=utf-8
2022-10-06 13:40:55.8789|TRACE|Microsoft.AspNetCore.Server.Kestrel|Connection id "0HML7E8TH8L8P" received HEADERS frame for stream ID 5 with length 79 and flags END_HEADERS, PRIORITY
2022-10-06 13:40:55.8842|INFO|Microsoft.AspNetCore.Hosting.Diagnostics|Request starting HTTP/2 POST https://localhost:44309/RegisterParent application/json 507
2022-10-06 13:40:55.8842|TRACE|Microsoft.AspNetCore.Server.Kestrel|Connection id "0HML7E8TH8L8P" received PING frame for stream ID 0 with length 8 and flags NONE
2022-10-06 13:40:55.8842|TRACE|Microsoft.AspNetCore.HostFiltering.HostFilteringMiddleware|All hosts are allowed.
2022-10-06 13:40:55.8842|TRACE|Microsoft.AspNetCore.Server.Kestrel|Connection id "0HML7E8TH8L8P" sending PING frame for stream ID 0 with length 8 and flags ACK
2022-10-06 13:40:55.8842|TRACE|Microsoft.AspNetCore.Server.Kestrel|Connection id "0HML7E8TH8L8P" received DATA frame for stream ID 5 with length 507 and flags END_STREAM
2022-10-06 13:40:55.8842|DEBUG|Microsoft.AspNetCore.StaticFiles.StaticFileMiddleware|POST requests are not supported
2022-10-06 13:40:55.8842|DEBUG|Microsoft.AspNetCore.Cors.Infrastructure.CorsService|The request has an origin header: 'https://localhost:44309'.
2022-10-06 13:40:55.8842|INFO|Microsoft.AspNetCore.Cors.Infrastructure.CorsService|CORS policy execution failed.
2022-10-06 13:40:55.8842|INFO|Microsoft.AspNetCore.Cors.Infrastructure.CorsService|Request origin https://localhost:44309 does not have permission to access the resource.
2022-10-06 13:40:55.9561|DEBUG|Microsoft.AspNetCore.Routing.Matching.DfaMatcher|1 candidate(s) found for the request path '/RegisterParent'
2022-10-06 13:40:55.9633|DEBUG|Microsoft.AspNetCore.Routing.Matching.DfaMatcher|Endpoint 'ParentInformation.Controllers.ParentsController.Create (ParentInformation)' with route pattern 'RegisterParent' is valid for the request path '/RegisterParent'
2022-10-06 13:40:55.9633|DEBUG|Microsoft.AspNetCore.Routing.EndpointRoutingMiddleware|Request matched endpoint 'ParentInformation.Controllers.ParentsController.Create (ParentInformation)'
2022-10-06 13:40:55.9633|INFO|Microsoft.AspNetCore.Routing.EndpointMiddleware|Executing endpoint 'ParentInformation.Controllers.ParentsController.Create (ParentInformation)'
2022-10-06 13:40:55.9825|DEBUG|Microsoft.AspNetCore.Mvc.ModelBinding.ModelBinderFactory|Registered model binder providers, in the following order: Microsoft.AspNetCore.Mvc.ModelBinding.Binders.BinderTypeModelBinderProvider, Microsoft.AspNetCore.Mvc.ModelBinding.Binders.ServicesModelBinderProvider, Microsoft.AspNetCore.Mvc.ModelBinding.Binders.BodyModelBinderProvider, Microsoft.AspNetCore.Mvc.ModelBinding.Binders.HeaderModelBinderProvider, Microsoft.AspNetCore.Mvc.ModelBinding.Binders.FloatingPointTypeModelBinderProvider, Microsoft.AspNetCore.Mvc.ModelBinding.Binders.EnumTypeModelBinderProvider, Microsoft.AspNetCore.Mvc.ModelBinding.Binders.SimpleTypeModelBinderProvider, Microsoft.AspNetCore.Mvc.ModelBinding.Binders.CancellationTokenModelBinderProvider, Microsoft.AspNetCore.Mvc.ModelBinding.Binders.ByteArrayModelBinderProvider, Microsoft.AspNetCore.Mvc.ModelBinding.Binders.FormFileModelBinderProvider, Microsoft.AspNetCore.Mvc.ModelBinding.Binders.FormCollectionModelBinderProvider, Microsoft.AspNetCore.Mvc.ModelBinding.Binders.KeyValuePairModelBinderProvider, Microsoft.AspNetCore.Mvc.ModelBinding.Binders.DictionaryModelBinderProvider, Microsoft.AspNetCore.Mvc.ModelBinding.Binders.ArrayModelBinderProvider, Microsoft.AspNetCore.Mvc.ModelBinding.Binders.CollectionModelBinderProvider, Microsoft.AspNetCore.Mvc.ModelBinding.Binders.ComplexTypeModelBinderProvider
2022-10-06 13:40:56.0500|INFO|Microsoft.AspNetCore.Mvc.Infrastructure.ControllerActionInvoker|Route matched with {action = "Create", controller = "Parents"}. Executing controller action with signature Microsoft.AspNetCore.Mvc.IActionResult Create(ParentInformation.DTOs.ParentDTO) on controller ParentInformation.Controllers.ParentsController (ParentInformation).
2022-10-06 13:40:56.0500|DEBUG|Microsoft.AspNetCore.Mvc.Infrastructure.ControllerActionInvoker|Execution plan of authorization filters (in the following order): None
2022-10-06 13:40:56.0500|DEBUG|Microsoft.AspNetCore.Mvc.Infrastructure.ControllerActionInvoker|Execution plan of resource filters (in the following order): None
2022-10-06 13:40:56.0500|DEBUG|Microsoft.AspNetCore.Mvc.Infrastructure.ControllerActionInvoker|Execution plan of action filters (in the following order): Microsoft.AspNetCore.Mvc.ModelBinding.UnsupportedContentTypeFilter (Order: -3000), Microsoft.AspNetCore.Mvc.Infrastructure.ModelStateInvalidFilter (Order: -2000)
2022-10-06 13:40:56.0500|DEBUG|Microsoft.AspNetCore.Mvc.Infrastructure.ControllerActionInvoker|Execution plan of exception filters (in the following order): None
2022-10-06 13:40:56.0500|DEBUG|Microsoft.AspNetCore.Mvc.Infrastructure.ControllerActionInvoker|Execution plan of result filters (in the following order): Microsoft.AspNetCore.Mvc.Infrastructure.ClientErrorResultFilter (Order: -2000)
2022-10-06 13:40:56.0545|DEBUG|Microsoft.AspNetCore.Mvc.Infrastructure.ControllerActionInvoker|Executing controller factory for controller ParentInformation.Controllers.ParentsController (ParentInformation)
2022-10-06 13:40:56.3210|DEBUG|Microsoft.EntityFrameworkCore.Infrastructure|An 'IServiceProvider' was created for internal use by Entity Framework.
2022-10-06 13:40:56.6561|DEBUG|Microsoft.AspNetCore.Mvc.Infrastructure.ControllerActionInvoker|Executed controller factory for controller ParentInformation.Controllers.ParentsController (ParentInformation)
2022-10-06 13:40:56.6717|DEBUG|Microsoft.AspNetCore.Mvc.ModelBinding.ParameterBinder|Attempting to bind parameter 'parentDTO' of type 'ParentInformation.DTOs.ParentDTO' ...
2022-10-06 13:40:56.6717|DEBUG|Microsoft.AspNetCore.Mvc.ModelBinding.Binders.BodyModelBinder|Attempting to bind parameter 'parentDTO' of type 'ParentInformation.DTOs.ParentDTO' using the name '' in request data ...
2022-10-06 13:40:56.6794|DEBUG|Microsoft.AspNetCore.Mvc.ModelBinding.Binders.BodyModelBinder|Selected input formatter 'Microsoft.AspNetCore.Mvc.Formatters.SystemTextJsonInputFormatter' for content type 'application/json'.
2022-10-06 13:40:56.6794|DEBUG|Microsoft.AspNetCore.Server.Kestrel|Connection id "0HML7E8TH8L8P", Request id "0HML7E8TH8L8P:00000005": started reading request body.
2022-10-06 13:40:56.6794|DEBUG|Microsoft.AspNetCore.Server.Kestrel|Connection id "0HML7E8TH8L8P", Request id "0HML7E8TH8L8P:00000005": done reading request body.
2022-10-06 13:40:56.7019|DEBUG|Microsoft.AspNetCore.Mvc.Formatters.SystemTextJsonInputFormatter|JSON input formatter succeeded, deserializing to type 'ParentInformation.DTOs.ParentDTO'
2022-10-06 13:40:56.7019|DEBUG|Microsoft.AspNetCore.Mvc.ModelBinding.Binders.BodyModelBinder|Done attempting to bind parameter 'parentDTO' of type 'ParentInformation.DTOs.ParentDTO'.
2022-10-06 13:40:56.7019|DEBUG|Microsoft.AspNetCore.Mvc.ModelBinding.ParameterBinder|Done attempting to bind parameter 'parentDTO' of type 'ParentInformation.DTOs.ParentDTO'.
2022-10-06 13:40:56.7019|DEBUG|Microsoft.AspNetCore.Mvc.ModelBinding.ParameterBinder|Attempting to validate the bound parameter 'parentDTO' of type 'ParentInformation.DTOs.ParentDTO' ...
2022-10-06 13:40:56.9297|DEBUG|Microsoft.AspNetCore.Mvc.ModelBinding.ParameterBinder|Done attempting to validate the bound parameter 'parentDTO' of type 'ParentInformation.DTOs.ParentDTO'.
2022-10-06 13:40:56.9297|TRACE|Microsoft.AspNetCore.Mvc.Infrastructure.ControllerActionInvoker|Action Filter: Before executing OnActionExecuting on filter Microsoft.AspNetCore.Mvc.ModelBinding.UnsupportedContentTypeFilter.
2022-10-06 13:40:56.9297|TRACE|Microsoft.AspNetCore.Mvc.Infrastructure.ControllerActionInvoker|Action Filter: After executing OnActionExecuting on filter Microsoft.AspNetCore.Mvc.ModelBinding.UnsupportedContentTypeFilter.
2022-10-06 13:40:56.9297|TRACE|Microsoft.AspNetCore.Mvc.Infrastructure.ControllerActionInvoker|Action Filter: Before executing OnActionExecuting on filter Microsoft.AspNetCore.Mvc.Infrastructure.ModelStateInvalidFilter.
2022-10-06 13:40:56.9297|DEBUG|Microsoft.AspNetCore.Mvc.Infrastructure.ModelStateInvalidFilter|The request has model state errors, returning an error response.
2022-10-06 13:40:56.9297|TRACE|Microsoft.AspNetCore.Mvc.Infrastructure.ControllerActionInvoker|Action Filter: After executing OnActionExecuting on filter Microsoft.AspNetCore.Mvc.Infrastructure.ModelStateInvalidFilter.
2022-10-06 13:40:56.9297|DEBUG|Microsoft.AspNetCore.Mvc.Infrastructure.ControllerActionInvoker|Request was short circuited at action filter 'Microsoft.AspNetCore.Mvc.Infrastructure.ModelStateInvalidFilter'.
2022-10-06 13:40:56.9297|TRACE|Microsoft.AspNetCore.Mvc.Infrastructure.ControllerActionInvoker|Action Filter: Before executing OnActionExecuted on filter Microsoft.AspNetCore.Mvc.ModelBinding.UnsupportedContentTypeFilter.
2022-10-06 13:40:56.9297|TRACE|Microsoft.AspNetCore.Mvc.Infrastructure.ControllerActionInvoker|Action Filter: After executing OnActionExecuted on filter Microsoft.AspNetCore.Mvc.ModelBinding.UnsupportedContentTypeFilter.
2022-10-06 13:40:56.9297|TRACE|Microsoft.AspNetCore.Mvc.Infrastructure.ControllerActionInvoker|Result Filter: Before executing OnResultExecuting on filter Microsoft.AspNetCore.Mvc.Infrastructure.ClientErrorResultFilter.
2022-10-06 13:40:56.9297|TRACE|Microsoft.AspNetCore.Mvc.Infrastructure.ControllerActionInvoker|Result Filter: After executing OnResultExecuting on filter Microsoft.AspNetCore.Mvc.Infrastructure.ClientErrorResultFilter.
2022-10-06 13:40:56.9297|TRACE|Microsoft.AspNetCore.Mvc.Infrastructure.ControllerActionInvoker|Before executing action result Microsoft.AspNetCore.Mvc.BadRequestObjectResult.
2022-10-06 13:40:56.9466|DEBUG|Microsoft.AspNetCore.Mvc.Infrastructure.DefaultOutputFormatterSelector|List of registered output formatters, in the following order: Microsoft.AspNetCore.Mvc.Formatters.HttpNoContentOutputFormatter, Microsoft.AspNetCore.Mvc.Formatters.StringOutputFormatter, Microsoft.AspNetCore.Mvc.Formatters.StreamOutputFormatter, Microsoft.AspNetCore.Mvc.Formatters.SystemTextJsonOutputFormatter
2022-10-06 13:40:56.9466|DEBUG|Microsoft.AspNetCore.Mvc.Infrastructure.DefaultOutputFormatterSelector|No information found on request to perform content negotiation.
2022-10-06 13:40:56.9466|DEBUG|Microsoft.AspNetCore.Mvc.Infrastructure.DefaultOutputFormatterSelector|Attempting to select the first output formatter in the output formatters list which supports a content type from the explicitly specified content types 'application/problem+json, application/problem+xml'.
2022-10-06 13:40:56.9466|DEBUG|Microsoft.AspNetCore.Mvc.Infrastructure.DefaultOutputFormatterSelector|Selected output formatter 'Microsoft.AspNetCore.Mvc.Formatters.SystemTextJsonOutputFormatter' and content type 'application/problem+json' to write the response.
2022-10-06 13:40:56.9466|INFO|Microsoft.AspNetCore.Mvc.Infrastructure.ObjectResultExecutor|Executing ObjectResult, writing value of type 'Microsoft.AspNetCore.Mvc.ValidationProblemDetails'.
2022-10-06 13:40:56.9466|TRACE|Microsoft.AspNetCore.Server.Kestrel|Connection id "0HML7E8TH8L8P" sending HEADERS frame for stream ID 5 with length 107 and flags END_HEADERS
2022-10-06 13:40:56.9466|TRACE|Microsoft.AspNetCore.Server.Kestrel|Connection id "0HML7E8TH8L8P" sending DATA frame for stream ID 5 with length 270 and flags NONE
2022-10-06 13:40:56.9466|TRACE|Microsoft.AspNetCore.Mvc.Infrastructure.ControllerActionInvoker|After executing action result Microsoft.AspNetCore.Mvc.BadRequestObjectResult.
2022-10-06 13:40:56.9466|TRACE|Microsoft.AspNetCore.Mvc.Infrastructure.ControllerActionInvoker|Result Filter: Before executing OnResultExecuted on filter Microsoft.AspNetCore.Mvc.Infrastructure.ClientErrorResultFilter.
2022-10-06 13:40:56.9607|TRACE|Microsoft.AspNetCore.Mvc.Infrastructure.ControllerActionInvoker|Result Filter: After executing OnResultExecuted on filter Microsoft.AspNetCore.Mvc.Infrastructure.ClientErrorResultFilter.
2022-10-06 13:40:56.9607|TRACE|Microsoft.AspNetCore.Server.Kestrel|Connection id "0HML7E8TH8L8P" received WINDOW_UPDATE frame for stream ID 0 with length 4 and flags 0x0
2022-10-06 13:40:56.9607|INFO|Microsoft.AspNetCore.Mvc.Infrastructure.ControllerActionInvoker|Executed action ParentInformation.Controllers.ParentsController.Create (ParentInformation) in 908.5564ms
2022-10-06 13:40:56.9607|INFO|Microsoft.AspNetCore.Routing.EndpointMiddleware|Executed endpoint 'ParentInformation.Controllers.ParentsController.Create (ParentInformation)'
2022-10-06 13:40:56.9607|TRACE|Microsoft.AspNetCore.Server.Kestrel|Connection id "0HML7E8TH8L8P" sending DATA frame for stream ID 5 with length 0 and flags END_STREAM
2022-10-06 13:40:56.9607|INFO|Microsoft.AspNetCore.Hosting.Diagnostics|Request finished in 1087.7278ms 400 application/problem+json; charset=utf-8
2022-10-06 13:42:03.9747|TRACE|Microsoft.AspNetCore.Server.Kestrel|Connection id "0HML7E8TH8L8P" received HEADERS frame for stream ID 7 with length 39 and flags END_HEADERS, PRIORITY
2022-10-06 13:42:03.9798|TRACE|Microsoft.AspNetCore.Server.Kestrel|Connection id "0HML7E8TH8L8P" received PING frame for stream ID 0 with length 8 and flags NONE
2022-10-06 13:42:03.9798|INFO|Microsoft.AspNetCore.Hosting.Diagnostics|Request starting HTTP/2 POST https://localhost:44309/RegisterParent application/json 470
2022-10-06 13:42:03.9798|TRACE|Microsoft.AspNetCore.Server.Kestrel|Connection id "0HML7E8TH8L8P" sending PING frame for stream ID 0 with length 8 and flags ACK
2022-10-06 13:42:03.9798|TRACE|Microsoft.AspNetCore.HostFiltering.HostFilteringMiddleware|All hosts are allowed.
2022-10-06 13:42:03.9798|DEBUG|Microsoft.AspNetCore.StaticFiles.StaticFileMiddleware|POST requests are not supported
2022-10-06 13:42:03.9798|TRACE|Microsoft.AspNetCore.Server.Kestrel|Connection id "0HML7E8TH8L8P" received DATA frame for stream ID 7 with length 470 and flags END_STREAM
2022-10-06 13:42:03.9798|DEBUG|Microsoft.AspNetCore.Cors.Infrastructure.CorsService|The request has an origin header: 'https://localhost:44309'.
2022-10-06 13:42:03.9798|INFO|Microsoft.AspNetCore.Cors.Infrastructure.CorsService|CORS policy execution failed.
2022-10-06 13:42:03.9798|INFO|Microsoft.AspNetCore.Cors.Infrastructure.CorsService|Request origin https://localhost:44309 does not have permission to access the resource.
2022-10-06 13:42:03.9934|DEBUG|Microsoft.AspNetCore.Routing.Matching.DfaMatcher|1 candidate(s) found for the request path '/RegisterParent'
2022-10-06 13:42:03.9934|DEBUG|Microsoft.AspNetCore.Routing.Matching.DfaMatcher|Endpoint 'ParentInformation.Controllers.ParentsController.Create (ParentInformation)' with route pattern 'RegisterParent' is valid for the request path '/RegisterParent'
2022-10-06 13:42:03.9934|DEBUG|Microsoft.AspNetCore.Routing.EndpointRoutingMiddleware|Request matched endpoint 'ParentInformation.Controllers.ParentsController.Create (ParentInformation)'
2022-10-06 13:42:03.9934|INFO|Microsoft.AspNetCore.Routing.EndpointMiddleware|Executing endpoint 'ParentInformation.Controllers.ParentsController.Create (ParentInformation)'
2022-10-06 13:42:03.9934|INFO|Microsoft.AspNetCore.Mvc.Infrastructure.ControllerActionInvoker|Route matched with {action = "Create", controller = "Parents"}. Executing controller action with signature Microsoft.AspNetCore.Mvc.IActionResult Create(ParentInformation.DTOs.ParentDTO) on controller ParentInformation.Controllers.ParentsController (ParentInformation).
2022-10-06 13:42:03.9934|DEBUG|Microsoft.AspNetCore.Mvc.Infrastructure.ControllerActionInvoker|Execution plan of authorization filters (in the following order): None
2022-10-06 13:42:03.9934|DEBUG|Microsoft.AspNetCore.Mvc.Infrastructure.ControllerActionInvoker|Execution plan of resource filters (in the following order): None
2022-10-06 13:42:03.9934|DEBUG|Microsoft.AspNetCore.Mvc.Infrastructure.ControllerActionInvoker|Execution plan of action filters (in the following order): Microsoft.AspNetCore.Mvc.ModelBinding.UnsupportedContentTypeFilter (Order: -3000), Microsoft.AspNetCore.Mvc.Infrastructure.ModelStateInvalidFilter (Order: -2000)
2022-10-06 13:42:03.9934|DEBUG|Microsoft.AspNetCore.Mvc.Infrastructure.ControllerActionInvoker|Execution plan of exception filters (in the following order): None
2022-10-06 13:42:03.9934|DEBUG|Microsoft.AspNetCore.Mvc.Infrastructure.ControllerActionInvoker|Execution plan of result filters (in the following order): Microsoft.AspNetCore.Mvc.Infrastructure.ClientErrorResultFilter (Order: -2000)
2022-10-06 13:42:03.9934|DEBUG|Microsoft.AspNetCore.Mvc.Infrastructure.ControllerActionInvoker|Executing controller factory for controller ParentInformation.Controllers.ParentsController (ParentInformation)
2022-10-06 13:42:03.9934|DEBUG|Microsoft.AspNetCore.Mvc.Infrastructure.ControllerActionInvoker|Executed controller factory for controller ParentInformation.Controllers.ParentsController (ParentInformation)
2022-10-06 13:42:03.9934|DEBUG|Microsoft.AspNetCore.Mvc.ModelBinding.ParameterBinder|Attempting to bind parameter 'parentDTO' of type 'ParentInformation.DTOs.ParentDTO' ...
2022-10-06 13:42:03.9934|DEBUG|Microsoft.AspNetCore.Mvc.ModelBinding.Binders.BodyModelBinder|Attempting to bind parameter 'parentDTO' of type 'ParentInformation.DTOs.ParentDTO' using the name '' in request data ...
2022-10-06 13:42:03.9934|DEBUG|Microsoft.AspNetCore.Mvc.ModelBinding.Binders.BodyModelBinder|Selected input formatter 'Microsoft.AspNetCore.Mvc.Formatters.SystemTextJsonInputFormatter' for content type 'application/json'.
2022-10-06 13:42:03.9934|DEBUG|Microsoft.AspNetCore.Server.Kestrel|Connection id "0HML7E8TH8L8P", Request id "0HML7E8TH8L8P:00000007": started reading request body.
2022-10-06 13:42:03.9934|DEBUG|Microsoft.AspNetCore.Server.Kestrel|Connection id "0HML7E8TH8L8P", Request id "0HML7E8TH8L8P:00000007": done reading request body.
2022-10-06 13:42:03.9934|DEBUG|Microsoft.AspNetCore.Mvc.Formatters.SystemTextJsonInputFormatter|JSON input formatter succeeded, deserializing to type 'ParentInformation.DTOs.ParentDTO'
2022-10-06 13:42:03.9934|DEBUG|Microsoft.AspNetCore.Mvc.ModelBinding.Binders.BodyModelBinder|Done attempting to bind parameter 'parentDTO' of type 'ParentInformation.DTOs.ParentDTO'.
2022-10-06 13:42:03.9934|DEBUG|Microsoft.AspNetCore.Mvc.ModelBinding.ParameterBinder|Done attempting to bind parameter 'parentDTO' of type 'ParentInformation.DTOs.ParentDTO'.
2022-10-06 13:42:03.9934|DEBUG|Microsoft.AspNetCore.Mvc.ModelBinding.ParameterBinder|Attempting to validate the bound parameter 'parentDTO' of type 'ParentInformation.DTOs.ParentDTO' ...
2022-10-06 13:42:04.0116|DEBUG|Microsoft.AspNetCore.Mvc.ModelBinding.ParameterBinder|Done attempting to validate the bound parameter 'parentDTO' of type 'ParentInformation.DTOs.ParentDTO'.
2022-10-06 13:42:04.0116|TRACE|Microsoft.AspNetCore.Mvc.Infrastructure.ControllerActionInvoker|Action Filter: Before executing OnActionExecuting on filter Microsoft.AspNetCore.Mvc.ModelBinding.UnsupportedContentTypeFilter.
2022-10-06 13:42:04.0116|TRACE|Microsoft.AspNetCore.Mvc.Infrastructure.ControllerActionInvoker|Action Filter: After executing OnActionExecuting on filter Microsoft.AspNetCore.Mvc.ModelBinding.UnsupportedContentTypeFilter.
2022-10-06 13:42:04.0116|TRACE|Microsoft.AspNetCore.Mvc.Infrastructure.ControllerActionInvoker|Action Filter: Before executing OnActionExecuting on filter Microsoft.AspNetCore.Mvc.Infrastructure.ModelStateInvalidFilter.
2022-10-06 13:42:04.0116|TRACE|Microsoft.AspNetCore.Mvc.Infrastructure.ControllerActionInvoker|Action Filter: After executing OnActionExecuting on filter Microsoft.AspNetCore.Mvc.Infrastructure.ModelStateInvalidFilter.
2022-10-06 13:42:04.0116|INFO|Microsoft.AspNetCore.Mvc.Infrastructure.ControllerActionInvoker|Executing action method ParentInformation.Controllers.ParentsController.Create (ParentInformation) - Validation state: Valid
2022-10-06 13:42:04.0116|TRACE|Microsoft.AspNetCore.Mvc.Infrastructure.ControllerActionInvoker|Executing action method ParentInformation.Controllers.ParentsController.Create (ParentInformation) with arguments (ParentInformation.DTOs.ParentDTO)
2022-10-06 13:42:04.0295|INFO|ParentInformation.Controllers.ParentsController|Entered the ${nameOf(Create)} method
2022-10-06 13:42:05.0677|INFO|Microsoft.EntityFrameworkCore.Infrastructure|Entity Framework Core 3.1.10 initialized 'ParentContext' using provider 'Microsoft.EntityFrameworkCore.SqlServer' with options: None
2022-10-06 13:42:05.1568|DEBUG|Microsoft.EntityFrameworkCore.ChangeTracking|'ParentContext' generated a value for the 'RegistationId' property of new 'Parent' entity. Consider using 'DbContextOptionsBuilder.EnableSensitiveDataLogging' to see key values.
2022-10-06 13:42:05.2887|DEBUG|Microsoft.EntityFrameworkCore.ChangeTracking|Context 'ParentContext' started tracking 'Parent' entity. Consider using 'DbContextOptionsBuilder.EnableSensitiveDataLogging' to see key values.
2022-10-06 13:42:05.2887|DEBUG|Microsoft.EntityFrameworkCore.Update|SaveChanges starting for 'ParentContext'.
2022-10-06 13:42:05.3067|DEBUG|Microsoft.EntityFrameworkCore.ChangeTracking|DetectChanges starting for 'ParentContext'.
2022-10-06 13:42:05.3570|DEBUG|Microsoft.EntityFrameworkCore.ChangeTracking|DetectChanges completed for 'ParentContext'.
2022-10-06 13:42:05.4410|DEBUG|Microsoft.EntityFrameworkCore.Database.Connection|Opening connection to database 'ParentDb' on server '(localdb)\ProjectModels'.
2022-10-06 13:42:06.6627|DEBUG|Microsoft.EntityFrameworkCore.Database.Connection|Opened connection to database 'ParentDb' on server '(localdb)\ProjectModels'.
2022-10-06 13:42:06.6675|DEBUG|Microsoft.EntityFrameworkCore.Database.Transaction|Beginning transaction with isolation level 'Unspecified'.
2022-10-06 13:42:06.6927|DEBUG|Microsoft.EntityFrameworkCore.Database.Transaction|Began transaction with isolation level 'ReadCommitted'.
2022-10-06 13:42:06.8238|DEBUG|Microsoft.EntityFrameworkCore.Database.Command|Creating DbCommand for 'ExecuteReader'.
2022-10-06 13:42:06.8406|DEBUG|Microsoft.EntityFrameworkCore.Database.Command|Created DbCommand for 'ExecuteReader' (9ms).
2022-10-06 13:42:06.8965|DEBUG|Microsoft.EntityFrameworkCore.Database.Command|Executing DbCommand [Parameters=[@p0='?' (DbType = Guid), @p1='?' (Size = 4000), @p2='?' (DbType = Int32), @p3='?' (Size = 4000), @p4='?' (Size = 4000), @p5='?' (Size = 4000), @p6='?' (Size = 4000), @p7='?' (Size = 4000), @p8='?' (Size = 4000), @p9='?' (DbType = DateTime2), @p10='?' (Size = 4000), @p11='?' (Size = 4000), @p12='?' (Size = 4000), @p13='?' (Size = 4000), @p14='?' (Size = 4000), @p15='?' (Size = 4000), @p16='?' (Size = 4000)], CommandType='Text', CommandTimeout='30']
SET NOCOUNT ON;
INSERT INTO [parent] ([RegistationId], [Address], [Age], [City], [Country], [EmailAddress], [ParentName], [PrimaryContactPerson], [PrimaryContactPersonPhoneNumber], [RegistrationDate], [SecondaryContactPerson], [SecondaryContactPersonPhoneNumber], [State], [StudentName], [StudentRegistrationId], [Zipcode], [status])
VALUES (@p0, @p1, @p2, @p3, @p4, @p5, @p6, @p7, @p8, @p9, @p10, @p11, @p12, @p13, @p14, @p15, @p16);
2022-10-06 13:42:07.0490|INFO|Microsoft.EntityFrameworkCore.Database.Command|Executed DbCommand (166ms) [Parameters=[@p0='?' (DbType = Guid), @p1='?' (Size = 4000), @p2='?' (DbType = Int32), @p3='?' (Size = 4000), @p4='?' (Size = 4000), @p5='?' (Size = 4000), @p6='?' (Size = 4000), @p7='?' (Size = 4000), @p8='?' (Size = 4000), @p9='?' (DbType = DateTime2), @p10='?' (Size = 4000), @p11='?' (Size = 4000), @p12='?' (Size = 4000), @p13='?' (Size = 4000), @p14='?' (Size = 4000), @p15='?' (Size = 4000), @p16='?' (Size = 4000)], CommandType='Text', CommandTimeout='30']
SET NOCOUNT ON;
INSERT INTO [parent] ([RegistationId], [Address], [Age], [City], [Country], [EmailAddress], [ParentName], [PrimaryContactPerson], [PrimaryContactPersonPhoneNumber], [RegistrationDate], [SecondaryContactPerson], [SecondaryContactPersonPhoneNumber], [State], [StudentName], [StudentRegistrationId], [Zipcode], [status])
VALUES (@p0, @p1, @p2, @p3, @p4, @p5, @p6, @p7, @p8, @p9, @p10, @p11, @p12, @p13, @p14, @p15, @p16);
2022-10-06 13:42:07.0613|DEBUG|Microsoft.EntityFrameworkCore.Database.Command|A data reader was disposed.
2022-10-06 13:42:07.0613|DEBUG|Microsoft.EntityFrameworkCore.Database.Transaction|Committing transaction.
2022-10-06 13:42:07.0791|DEBUG|Microsoft.EntityFrameworkCore.Database.Transaction|Committing transaction.
2022-10-06 13:42:07.0791|DEBUG|Microsoft.EntityFrameworkCore.Database.Connection|Closing connection to database 'ParentDb' on server '(localdb)\ProjectModels'.
2022-10-06 13:42:07.0949|DEBUG|Microsoft.EntityFrameworkCore.Database.Connection|Closed connection to database 'ParentDb' on server '(localdb)\ProjectModels'.
2022-10-06 13:42:07.0949|DEBUG|Microsoft.EntityFrameworkCore.Database.Transaction|Disposing transaction.
2022-10-06 13:42:07.1339|DEBUG|Microsoft.EntityFrameworkCore.ChangeTracking|An 'Parent' entity tracked by 'ParentContext' changed from 'Added' to 'Unchanged'. Consider using 'DbContextOptionsBuilder.EnableSensitiveDataLogging' to see key values.
2022-10-06 13:42:07.1339|DEBUG|Microsoft.EntityFrameworkCore.Update|SaveChanges completed for 'ParentContext' with 1 entities written to the database.
2022-10-06 13:42:07.1484|INFO|Microsoft.AspNetCore.Mvc.Infrastructure.ControllerActionInvoker|Executed action method ParentInformation.Controllers.ParentsController.Create (ParentInformation), returned result Microsoft.AspNetCore.Mvc.OkObjectResult in 3117.5374ms.
2022-10-06 13:42:07.1484|TRACE|Microsoft.AspNetCore.Mvc.Infrastructure.ControllerActionInvoker|Action Filter: Before executing OnActionExecuted on filter Microsoft.AspNetCore.Mvc.Infrastructure.ModelStateInvalidFilter.
2022-10-06 13:42:07.1484|TRACE|Microsoft.AspNetCore.Mvc.Infrastructure.ControllerActionInvoker|Action Filter: After executing OnActionExecuted on filter Microsoft.AspNetCore.Mvc.Infrastructure.ModelStateInvalidFilter.
2022-10-06 13:42:07.1484|TRACE|Microsoft.AspNetCore.Mvc.Infrastructure.ControllerActionInvoker|Action Filter: Before executing OnActionExecuted on filter Microsoft.AspNetCore.Mvc.ModelBinding.UnsupportedContentTypeFilter.
2022-10-06 13:42:07.1484|TRACE|Microsoft.AspNetCore.Mvc.Infrastructure.ControllerActionInvoker|Action Filter: After executing OnActionExecuted on filter Microsoft.AspNetCore.Mvc.ModelBinding.UnsupportedContentTypeFilter.
2022-10-06 13:42:07.1484|TRACE|Microsoft.AspNetCore.Mvc.Infrastructure.ControllerActionInvoker|Result Filter: Before executing OnResultExecuting on filter Microsoft.AspNetCore.Mvc.Infrastructure.ClientErrorResultFilter.
2022-10-06 13:42:07.1484|TRACE|Microsoft.AspNetCore.Mvc.Infrastructure.ControllerActionInvoker|Result Filter: After executing OnResultExecuting on filter Microsoft.AspNetCore.Mvc.Infrastructure.ClientErrorResultFilter.
2022-10-06 13:42:07.1484|TRACE|Microsoft.AspNetCore.Mvc.Infrastructure.ControllerActionInvoker|Before executing action result Microsoft.AspNetCore.Mvc.OkObjectResult.
2022-10-06 13:42:07.1484|DEBUG|Microsoft.AspNetCore.Mvc.Infrastructure.DefaultOutputFormatterSelector|List of registered output formatters, in the following order: Microsoft.AspNetCore.Mvc.Formatters.HttpNoContentOutputFormatter, Microsoft.AspNetCore.Mvc.Formatters.StringOutputFormatter, Microsoft.AspNetCore.Mvc.Formatters.StreamOutputFormatter, Microsoft.AspNetCore.Mvc.Formatters.SystemTextJsonOutputFormatter
2022-10-06 13:42:07.1484|DEBUG|Microsoft.AspNetCore.Mvc.Infrastructure.DefaultOutputFormatterSelector|No information found on request to perform content negotiation.
2022-10-06 13:42:07.1484|DEBUG|Microsoft.AspNetCore.Mvc.Infrastructure.DefaultOutputFormatterSelector|Attempting to select an output formatter without using a content type as no explicit content types were specified for the response.
2022-10-06 13:42:07.1484|DEBUG|Microsoft.AspNetCore.Mvc.Infrastructure.DefaultOutputFormatterSelector|Attempting to select the first formatter in the output formatters list which can write the result.
2022-10-06 13:42:07.1484|DEBUG|Microsoft.AspNetCore.Mvc.Infrastructure.DefaultOutputFormatterSelector|Selected output formatter 'Microsoft.AspNetCore.Mvc.Formatters.SystemTextJsonOutputFormatter' and content type 'application/json' to write the response.
2022-10-06 13:42:07.1484|INFO|Microsoft.AspNetCore.Mvc.Infrastructure.ObjectResultExecutor|Executing ObjectResult, writing value of type 'ParentInformation.Models.ResponseModel'.
2022-10-06 13:42:07.1484|TRACE|Microsoft.AspNetCore.Server.Kestrel|Connection id "0HML7E8TH8L8P" sending HEADERS frame for stream ID 7 with length 99 and flags END_HEADERS
2022-10-06 13:42:07.1484|TRACE|Microsoft.AspNetCore.Server.Kestrel|Connection id "0HML7E8TH8L8P" sending DATA frame for stream ID 7 with length 78 and flags NONE
2022-10-06 13:42:07.1484|TRACE|Microsoft.AspNetCore.Mvc.Infrastructure.ControllerActionInvoker|After executing action result Microsoft.AspNetCore.Mvc.OkObjectResult.
2022-10-06 13:42:07.1484|TRACE|Microsoft.AspNetCore.Mvc.Infrastructure.ControllerActionInvoker|Result Filter: Before executing OnResultExecuted on filter Microsoft.AspNetCore.Mvc.Infrastructure.ClientErrorResultFilter.
2022-10-06 13:42:07.1484|TRACE|Microsoft.AspNetCore.Mvc.Infrastructure.ControllerActionInvoker|Result Filter: After executing OnResultExecuted on filter Microsoft.AspNetCore.Mvc.Infrastructure.ClientErrorResultFilter.
2022-10-06 13:42:07.1484|INFO|Microsoft.AspNetCore.Mvc.Infrastructure.ControllerActionInvoker|Executed action ParentInformation.Controllers.ParentsController.Create (ParentInformation) in 3163.3767ms
2022-10-06 13:42:07.1484|INFO|Microsoft.AspNetCore.Routing.EndpointMiddleware|Executed endpoint 'ParentInformation.Controllers.ParentsController.Create (ParentInformation)'
2022-10-06 13:42:07.1484|TRACE|Microsoft.AspNetCore.Server.Kestrel|Connection id "0HML7E8TH8L8P" sending DATA frame for stream ID 7 with length 0 and flags END_STREAM
2022-10-06 13:42:07.1646|TRACE|Microsoft.AspNetCore.Server.Kestrel|Connection id "0HML7E8TH8L8P" received WINDOW_UPDATE frame for stream ID 0 with length 4 and flags 0x0
2022-10-06 13:42:07.1646|DEBUG|Microsoft.EntityFrameworkCore.Infrastructure|'ParentContext' disposed.
2022-10-06 13:42:07.1646|INFO|Microsoft.AspNetCore.Hosting.Diagnostics|Request finished in 3189.9035ms 200 application/json; charset=utf-8
2022-10-06 13:44:07.1830|DEBUG|Microsoft.AspNetCore.Server.Kestrel|Connection id "0HML7E8TH8L8P" is closing.
2022-10-06 13:44:07.1830|DEBUG|Microsoft.AspNetCore.Server.Kestrel|Connection id "0HML7E8TH8L8P" is closed. The last processed stream ID was 7.
2022-10-06 13:44:07.1830|TRACE|Microsoft.AspNetCore.Server.Kestrel|Connection id "0HML7E8TH8L8P" sending GOAWAY frame for stream ID 0 with length 8 and flags 0x0
2022-10-06 13:44:07.1830|DEBUG|Microsoft.AspNetCore.Server.Kestrel.Transport.Sockets|Connection id "0HML7E8TH8L8P" received FIN.
2022-10-06 13:44:07.1830|DEBUG|Microsoft.AspNetCore.Server.Kestrel.Transport.Sockets|Connection id "0HML7E8TH8L8P" sending FIN because: "The client closed the connection."
2022-10-06 13:44:07.2075|DEBUG|Microsoft.AspNetCore.Server.Kestrel|Connection id "0HML7E8TH8L8P" stopped.
2022-10-06 13:46:22.9318|INFO|Microsoft.Hosting.Lifetime|Application is shutting down...
2022-10-06 13:46:22.9318|DEBUG|Microsoft.Extensions.Hosting.Internal.Host|Hosting stopping
2022-10-06 13:46:22.9799|DEBUG|Microsoft.Extensions.Hosting.Internal.Host|Hosting stopped
