2022-11-01 11:33:52.6768|DEBUG|Microsoft.Extensions.Hosting.Internal.Host|Hosting starting
2022-11-01 11:33:55.4074|INFO|Microsoft.AspNetCore.DataProtection.KeyManagement.XmlKeyManager|User profile is available. Using 'C:\Users\2116787\AppData\Local\ASP.NET\DataProtection-Keys' as key repository and Windows DPAPI to encrypt keys at rest.
2022-11-01 11:33:55.5803|DEBUG|Microsoft.AspNetCore.DataProtection.Repositories.FileSystemXmlRepository|Reading data from file 'C:\Users\2116787\AppData\Local\ASP.NET\DataProtection-Keys\key-04e5a2ad-1397-4660-ac53-2ddf8dcdf7c3.xml'.
2022-11-01 11:33:55.6589|DEBUG|Microsoft.AspNetCore.DataProtection.KeyManagement.XmlKeyManager|Found key {04e5a2ad-1397-4660-ac53-2ddf8dcdf7c3}.
2022-11-01 11:33:55.6826|DEBUG|Microsoft.AspNetCore.DataProtection.KeyManagement.DefaultKeyResolver|Considering key {04e5a2ad-1397-4660-ac53-2ddf8dcdf7c3} with expiration date 2023-01-12 06:45:08Z as default key.
2022-11-01 11:33:56.9343|DEBUG|Microsoft.AspNetCore.DataProtection.TypeForwardingActivator|Forwarded activator type request from Microsoft.AspNetCore.DataProtection.XmlEncryption.DpapiXmlDecryptor, Microsoft.AspNetCore.DataProtection, Version=3.1.28.0, Culture=neutral, PublicKeyToken=adb9793829ddae60 to Microsoft.AspNetCore.DataProtection.XmlEncryption.DpapiXmlDecryptor, Microsoft.AspNetCore.DataProtection, Culture=neutral, PublicKeyToken=adb9793829ddae60
2022-11-01 11:33:56.9343|DEBUG|Microsoft.AspNetCore.DataProtection.XmlEncryption.DpapiXmlDecryptor|Decrypting secret element using Windows DPAPI.
2022-11-01 11:33:56.9343|DEBUG|Microsoft.AspNetCore.DataProtection.TypeForwardingActivator|Forwarded activator type request from Microsoft.AspNetCore.DataProtection.AuthenticatedEncryption.ConfigurationModel.AuthenticatedEncryptorDescriptorDeserializer, Microsoft.AspNetCore.DataProtection, Version=3.1.28.0, Culture=neutral, PublicKeyToken=adb9793829ddae60 to Microsoft.AspNetCore.DataProtection.AuthenticatedEncryption.ConfigurationModel.AuthenticatedEncryptorDescriptorDeserializer, Microsoft.AspNetCore.DataProtection, Culture=neutral, PublicKeyToken=adb9793829ddae60
2022-11-01 11:33:56.9507|DEBUG|Microsoft.AspNetCore.DataProtection.AuthenticatedEncryption.CngCbcAuthenticatedEncryptorFactory|Opening CNG algorithm 'AES' from provider '(null)' with chaining mode CBC.
2022-11-01 11:33:56.9507|DEBUG|Microsoft.AspNetCore.DataProtection.AuthenticatedEncryption.CngCbcAuthenticatedEncryptorFactory|Opening CNG algorithm 'SHA256' from provider '(null)' with HMAC.
2022-11-01 11:33:56.9668|DEBUG|Microsoft.AspNetCore.DataProtection.KeyManagement.KeyRingProvider|Using key {04e5a2ad-1397-4660-ac53-2ddf8dcdf7c3} as the default key.
2022-11-01 11:33:56.9668|DEBUG|Microsoft.AspNetCore.DataProtection.Internal.DataProtectionHostedService|Key ring with default key {04e5a2ad-1397-4660-ac53-2ddf8dcdf7c3} was loaded during application startup.
2022-11-01 11:34:02.4866|DEBUG|Microsoft.AspNetCore.Hosting.Diagnostics|Loaded hosting startup assembly ParentInformation
2022-11-01 11:34:02.4866|DEBUG|Microsoft.AspNetCore.Hosting.Diagnostics|Loaded hosting startup assembly Microsoft.AspNetCore.Watch.BrowserRefresh
2022-11-01 11:34:02.4866|DEBUG|Microsoft.AspNetCore.Hosting.Diagnostics|Loaded hosting startup assembly Microsoft.WebTools.BrowserLink.Net
2022-11-01 11:34:04.7090|INFO|Microsoft.Hosting.Lifetime|Application started. Press Ctrl+C to shut down.
2022-11-01 11:34:04.8653|INFO|Microsoft.Hosting.Lifetime|Hosting environment: Development
2022-11-01 11:34:05.0300|INFO|Microsoft.Hosting.Lifetime|Content root path: C:\Users\2116787\Downloads\applcation\ParentApplication\Server\ParentInformation\ParentInformation
2022-11-01 11:34:05.0300|DEBUG|Microsoft.Extensions.Hosting.Internal.Host|Hosting started
2022-11-01 11:34:05.2362|INFO|Microsoft.AspNetCore.Hosting.Diagnostics|Request starting HTTP/2.0 GET https://localhost:44309/swagger/index.html  
2022-11-01 11:34:06.0518|DEBUG|Microsoft.AspNetCore.HostFiltering.HostFilteringMiddleware|Wildcard detected, all requests with hosts will be allowed.
2022-11-01 11:34:06.0518|TRACE|Microsoft.AspNetCore.HostFiltering.HostFilteringMiddleware|All hosts are allowed.
2022-11-01 11:34:06.2528|DEBUG|Microsoft.AspNetCore.Watch.BrowserRefresh.BrowserRefreshMiddleware|Response markup is scheduled to include browser refresh script injection.
2022-11-01 11:34:07.7402|DEBUG|Microsoft.AspNetCore.Watch.BrowserRefresh.BrowserRefreshMiddleware|Response markup was updated to include browser refresh script injection.
2022-11-01 11:34:08.0964|INFO|Microsoft.AspNetCore.Hosting.Diagnostics|Request finished in 2909.2297ms 200 text/html;charset=utf-8
2022-11-01 11:34:10.7226|INFO|Microsoft.AspNetCore.Hosting.Diagnostics|Request starting HTTP/2.0 GET https://localhost:44309/_framework/aspnetcore-browser-refresh.js  
2022-11-01 11:34:10.8137|INFO|Microsoft.AspNetCore.Hosting.Diagnostics|Request finished in 91.7373ms 200 application/javascript; charset=utf-8
2022-11-01 11:34:12.1330|INFO|Microsoft.AspNetCore.Hosting.Diagnostics|Request starting HTTP/2.0 GET https://localhost:44309/_vs/browserLink  
2022-11-01 11:34:13.8640|INFO|Microsoft.AspNetCore.Hosting.Diagnostics|Request finished in 1729.9072ms 200 text/javascript; charset=UTF-8
2022-11-01 11:34:28.3844|INFO|Microsoft.AspNetCore.Hosting.Diagnostics|Request starting HTTP/2.0 GET https://localhost:44309/swagger/v1/swagger.json  
2022-11-01 11:34:28.3844|TRACE|Microsoft.AspNetCore.HostFiltering.HostFilteringMiddleware|All hosts are allowed.
2022-11-01 11:34:28.7383|INFO|Microsoft.AspNetCore.Hosting.Diagnostics|Request finished in 355.4719ms 200 application/json;charset=utf-8
2022-11-01 11:36:40.0215|INFO|Microsoft.AspNetCore.Hosting.Diagnostics|Request starting HTTP/2.0 GET https://localhost:44309/ParentsDetails  
2022-11-01 11:36:40.0312|TRACE|Microsoft.AspNetCore.HostFiltering.HostFilteringMiddleware|All hosts are allowed.
2022-11-01 11:36:40.0678|DEBUG|Microsoft.AspNetCore.StaticFiles.StaticFileMiddleware|The request path  does not match the path filter
2022-11-01 11:36:40.0833|DEBUG|Microsoft.AspNetCore.Cors.Infrastructure.CorsService|The request has an origin header: 'http://localhost:3000'.
2022-11-01 11:36:40.0833|INFO|Microsoft.AspNetCore.Cors.Infrastructure.CorsService|CORS policy execution successful.
2022-11-01 11:36:40.1605|DEBUG|Microsoft.AspNetCore.Routing.Matching.DfaMatcher|1 candidate(s) found for the request path '/ParentsDetails'
2022-11-01 11:36:40.1652|DEBUG|Microsoft.AspNetCore.Routing.Matching.DfaMatcher|Endpoint 'ParentInformation.Controllers.ParentsController.GetParents (ParentInformation)' with route pattern 'ParentsDetails' is valid for the request path '/ParentsDetails'
2022-11-01 11:36:40.1652|DEBUG|Microsoft.AspNetCore.Routing.EndpointRoutingMiddleware|Request matched endpoint 'ParentInformation.Controllers.ParentsController.GetParents (ParentInformation)'
2022-11-01 11:36:40.7755|DEBUG|Microsoft.AspNetCore.Authentication.JwtBearer.JwtBearerHandler|AuthenticationScheme: Bearer was not authenticated.
2022-11-01 11:36:40.7927|INFO|Microsoft.AspNetCore.Authorization.DefaultAuthorizationService|Authorization failed.
2022-11-01 11:36:40.7927|INFO|Microsoft.AspNetCore.Authentication.JwtBearer.JwtBearerHandler|AuthenticationScheme: Bearer was challenged.
2022-11-01 11:36:40.8158|INFO|Microsoft.AspNetCore.Hosting.Diagnostics|Request finished in 788.9966ms 401 
2022-11-01 11:36:40.8250|INFO|Microsoft.AspNetCore.Hosting.Diagnostics|Request starting HTTP/2.0 GET https://localhost:44309/ParentsDetails  
2022-11-01 11:36:40.8250|TRACE|Microsoft.AspNetCore.HostFiltering.HostFilteringMiddleware|All hosts are allowed.
2022-11-01 11:36:40.8250|DEBUG|Microsoft.AspNetCore.StaticFiles.StaticFileMiddleware|The request path  does not match the path filter
2022-11-01 11:36:40.8250|DEBUG|Microsoft.AspNetCore.Cors.Infrastructure.CorsService|The request has an origin header: 'http://localhost:3000'.
2022-11-01 11:36:40.8250|INFO|Microsoft.AspNetCore.Cors.Infrastructure.CorsService|CORS policy execution successful.
2022-11-01 11:36:40.8250|DEBUG|Microsoft.AspNetCore.Routing.Matching.DfaMatcher|1 candidate(s) found for the request path '/ParentsDetails'
2022-11-01 11:36:40.8250|DEBUG|Microsoft.AspNetCore.Routing.Matching.DfaMatcher|Endpoint 'ParentInformation.Controllers.ParentsController.GetParents (ParentInformation)' with route pattern 'ParentsDetails' is valid for the request path '/ParentsDetails'
2022-11-01 11:36:40.8250|DEBUG|Microsoft.AspNetCore.Routing.EndpointRoutingMiddleware|Request matched endpoint 'ParentInformation.Controllers.ParentsController.GetParents (ParentInformation)'
2022-11-01 11:36:40.8403|DEBUG|Microsoft.AspNetCore.Authentication.JwtBearer.JwtBearerHandler|AuthenticationScheme: Bearer was not authenticated.
2022-11-01 11:36:40.8403|INFO|Microsoft.AspNetCore.Authorization.DefaultAuthorizationService|Authorization failed.
2022-11-01 11:36:40.8403|INFO|Microsoft.AspNetCore.Authentication.JwtBearer.JwtBearerHandler|AuthenticationScheme: Bearer was challenged.
2022-11-01 11:36:40.8533|INFO|Microsoft.AspNetCore.Hosting.Diagnostics|Request finished in 28.3512ms 401 
2022-11-01 11:49:33.7649|INFO|Microsoft.AspNetCore.Hosting.Diagnostics|Request starting HTTP/2.0 GET https://localhost:44309/ParentsDetails  
2022-11-01 11:49:33.7649|TRACE|Microsoft.AspNetCore.HostFiltering.HostFilteringMiddleware|All hosts are allowed.
2022-11-01 11:49:33.7649|DEBUG|Microsoft.AspNetCore.StaticFiles.StaticFileMiddleware|The request path  does not match the path filter
2022-11-01 11:49:33.7649|DEBUG|Microsoft.AspNetCore.Cors.Infrastructure.CorsService|The request has an origin header: 'http://localhost:3000'.
2022-11-01 11:49:33.7736|INFO|Microsoft.AspNetCore.Cors.Infrastructure.CorsService|CORS policy execution successful.
2022-11-01 11:49:33.7736|DEBUG|Microsoft.AspNetCore.Routing.Matching.DfaMatcher|1 candidate(s) found for the request path '/ParentsDetails'
2022-11-01 11:49:33.7736|DEBUG|Microsoft.AspNetCore.Routing.Matching.DfaMatcher|Endpoint 'ParentInformation.Controllers.ParentsController.GetParents (ParentInformation)' with route pattern 'ParentsDetails' is valid for the request path '/ParentsDetails'
2022-11-01 11:49:33.7736|DEBUG|Microsoft.AspNetCore.Routing.EndpointRoutingMiddleware|Request matched endpoint 'ParentInformation.Controllers.ParentsController.GetParents (ParentInformation)'
2022-11-01 11:49:33.7736|DEBUG|Microsoft.AspNetCore.Authentication.JwtBearer.JwtBearerHandler|AuthenticationScheme: Bearer was not authenticated.
2022-11-01 11:49:33.7736|INFO|Microsoft.AspNetCore.Authorization.DefaultAuthorizationService|Authorization failed.
2022-11-01 11:49:33.7736|INFO|Microsoft.AspNetCore.Authentication.JwtBearer.JwtBearerHandler|AuthenticationScheme: Bearer was challenged.
2022-11-01 11:49:33.7736|INFO|Microsoft.AspNetCore.Hosting.Diagnostics|Request finished in 18.7426ms 401 
2022-11-01 11:49:33.8117|INFO|Microsoft.AspNetCore.Hosting.Diagnostics|Request starting HTTP/2.0 GET https://localhost:44309/ParentsDetails  
2022-11-01 11:49:33.8351|TRACE|Microsoft.AspNetCore.HostFiltering.HostFilteringMiddleware|All hosts are allowed.
2022-11-01 11:49:33.8369|DEBUG|Microsoft.AspNetCore.StaticFiles.StaticFileMiddleware|The request path  does not match the path filter
2022-11-01 11:49:33.8369|DEBUG|Microsoft.AspNetCore.Cors.Infrastructure.CorsService|The request has an origin header: 'http://localhost:3000'.
2022-11-01 11:49:33.8369|INFO|Microsoft.AspNetCore.Cors.Infrastructure.CorsService|CORS policy execution successful.
2022-11-01 11:49:33.8369|DEBUG|Microsoft.AspNetCore.Routing.Matching.DfaMatcher|1 candidate(s) found for the request path '/ParentsDetails'
2022-11-01 11:49:33.8369|DEBUG|Microsoft.AspNetCore.Routing.Matching.DfaMatcher|Endpoint 'ParentInformation.Controllers.ParentsController.GetParents (ParentInformation)' with route pattern 'ParentsDetails' is valid for the request path '/ParentsDetails'
2022-11-01 11:49:33.8369|DEBUG|Microsoft.AspNetCore.Routing.EndpointRoutingMiddleware|Request matched endpoint 'ParentInformation.Controllers.ParentsController.GetParents (ParentInformation)'
2022-11-01 11:49:33.8369|DEBUG|Microsoft.AspNetCore.Authentication.JwtBearer.JwtBearerHandler|AuthenticationScheme: Bearer was not authenticated.
2022-11-01 11:49:33.8369|INFO|Microsoft.AspNetCore.Authorization.DefaultAuthorizationService|Authorization failed.
2022-11-01 11:49:33.8369|INFO|Microsoft.AspNetCore.Authentication.JwtBearer.JwtBearerHandler|AuthenticationScheme: Bearer was challenged.
2022-11-01 11:49:33.8369|INFO|Microsoft.AspNetCore.Hosting.Diagnostics|Request finished in 34.0922ms 401 
2022-11-01 17:56:44.7048|DEBUG|Microsoft.Extensions.Hosting.Internal.Host|Hosting starting
2022-11-01 17:56:45.1557|INFO|Microsoft.AspNetCore.DataProtection.KeyManagement.XmlKeyManager|User profile is available. Using 'C:\Users\2116787\AppData\Local\ASP.NET\DataProtection-Keys' as key repository and Windows DPAPI to encrypt keys at rest.
2022-11-01 17:56:45.2527|DEBUG|Microsoft.AspNetCore.DataProtection.Repositories.FileSystemXmlRepository|Reading data from file 'C:\Users\2116787\AppData\Local\ASP.NET\DataProtection-Keys\key-04e5a2ad-1397-4660-ac53-2ddf8dcdf7c3.xml'.
2022-11-01 17:56:45.3286|DEBUG|Microsoft.AspNetCore.DataProtection.KeyManagement.XmlKeyManager|Found key {04e5a2ad-1397-4660-ac53-2ddf8dcdf7c3}.
2022-11-01 17:56:45.3547|DEBUG|Microsoft.AspNetCore.DataProtection.KeyManagement.DefaultKeyResolver|Considering key {04e5a2ad-1397-4660-ac53-2ddf8dcdf7c3} with expiration date 2023-01-12 06:45:08Z as default key.
2022-11-01 17:56:45.7569|DEBUG|Microsoft.AspNetCore.DataProtection.TypeForwardingActivator|Forwarded activator type request from Microsoft.AspNetCore.DataProtection.XmlEncryption.DpapiXmlDecryptor, Microsoft.AspNetCore.DataProtection, Version=3.1.28.0, Culture=neutral, PublicKeyToken=adb9793829ddae60 to Microsoft.AspNetCore.DataProtection.XmlEncryption.DpapiXmlDecryptor, Microsoft.AspNetCore.DataProtection, Culture=neutral, PublicKeyToken=adb9793829ddae60
2022-11-01 17:56:45.7569|DEBUG|Microsoft.AspNetCore.DataProtection.XmlEncryption.DpapiXmlDecryptor|Decrypting secret element using Windows DPAPI.
2022-11-01 17:56:45.7689|DEBUG|Microsoft.AspNetCore.DataProtection.TypeForwardingActivator|Forwarded activator type request from Microsoft.AspNetCore.DataProtection.AuthenticatedEncryption.ConfigurationModel.AuthenticatedEncryptorDescriptorDeserializer, Microsoft.AspNetCore.DataProtection, Version=3.1.28.0, Culture=neutral, PublicKeyToken=adb9793829ddae60 to Microsoft.AspNetCore.DataProtection.AuthenticatedEncryption.ConfigurationModel.AuthenticatedEncryptorDescriptorDeserializer, Microsoft.AspNetCore.DataProtection, Culture=neutral, PublicKeyToken=adb9793829ddae60
2022-11-01 17:56:45.7830|DEBUG|Microsoft.AspNetCore.DataProtection.AuthenticatedEncryption.CngCbcAuthenticatedEncryptorFactory|Opening CNG algorithm 'AES' from provider '(null)' with chaining mode CBC.
2022-11-01 17:56:45.7830|DEBUG|Microsoft.AspNetCore.DataProtection.AuthenticatedEncryption.CngCbcAuthenticatedEncryptorFactory|Opening CNG algorithm 'SHA256' from provider '(null)' with HMAC.
2022-11-01 17:56:45.8071|DEBUG|Microsoft.AspNetCore.DataProtection.KeyManagement.KeyRingProvider|Using key {04e5a2ad-1397-4660-ac53-2ddf8dcdf7c3} as the default key.
2022-11-01 17:56:45.8071|DEBUG|Microsoft.AspNetCore.DataProtection.Internal.DataProtectionHostedService|Key ring with default key {04e5a2ad-1397-4660-ac53-2ddf8dcdf7c3} was loaded during application startup.
2022-11-01 17:56:48.7048|DEBUG|Microsoft.AspNetCore.Hosting.Diagnostics|Loaded hosting startup assembly ParentInformation
2022-11-01 17:56:48.7048|DEBUG|Microsoft.AspNetCore.Hosting.Diagnostics|Loaded hosting startup assembly Microsoft.AspNetCore.Watch.BrowserRefresh
2022-11-01 17:56:48.7048|DEBUG|Microsoft.AspNetCore.Hosting.Diagnostics|Loaded hosting startup assembly Microsoft.WebTools.BrowserLink.Net
2022-11-01 17:56:48.7367|INFO|Microsoft.Hosting.Lifetime|Application started. Press Ctrl+C to shut down.
2022-11-01 17:56:48.9140|INFO|Microsoft.Hosting.Lifetime|Hosting environment: Development
2022-11-01 17:56:48.9558|INFO|Microsoft.Hosting.Lifetime|Content root path: C:\Users\2116787\Downloads\applcation\ParentApplication\Server\ParentInformation\ParentInformation
2022-11-01 17:56:49.0015|DEBUG|Microsoft.Extensions.Hosting.Internal.Host|Hosting started
2022-11-01 17:56:49.1637|INFO|Microsoft.AspNetCore.Hosting.Diagnostics|Request starting HTTP/2.0 GET https://localhost:44309/swagger/index.html  
2022-11-01 17:56:49.2244|DEBUG|Microsoft.AspNetCore.HostFiltering.HostFilteringMiddleware|Wildcard detected, all requests with hosts will be allowed.
2022-11-01 17:56:49.2244|TRACE|Microsoft.AspNetCore.HostFiltering.HostFilteringMiddleware|All hosts are allowed.
2022-11-01 17:56:49.3256|DEBUG|Microsoft.AspNetCore.Watch.BrowserRefresh.BrowserRefreshMiddleware|Response markup is scheduled to include browser refresh script injection.
2022-11-01 17:56:50.1098|DEBUG|Microsoft.AspNetCore.Watch.BrowserRefresh.BrowserRefreshMiddleware|Response markup was updated to include browser refresh script injection.
2022-11-01 17:56:50.1385|INFO|Microsoft.AspNetCore.Hosting.Diagnostics|Request finished in 976.706ms 200 text/html;charset=utf-8
2022-11-01 17:56:50.3643|INFO|Microsoft.AspNetCore.Hosting.Diagnostics|Request starting HTTP/2.0 GET https://localhost:44309/_framework/aspnetcore-browser-refresh.js  
2022-11-01 17:56:50.3738|INFO|Microsoft.AspNetCore.Hosting.Diagnostics|Request finished in 9.2787ms 200 application/javascript; charset=utf-8
2022-11-01 17:56:50.4209|INFO|Microsoft.AspNetCore.Hosting.Diagnostics|Request starting HTTP/2.0 GET https://localhost:44309/_vs/browserLink  
2022-11-01 17:56:50.5518|INFO|Microsoft.AspNetCore.Hosting.Diagnostics|Request finished in 130.0598ms 200 text/javascript; charset=UTF-8
2022-11-01 17:56:51.2523|INFO|Microsoft.AspNetCore.Hosting.Diagnostics|Request starting HTTP/2.0 GET https://localhost:44309/swagger/v1/swagger.json  
2022-11-01 17:56:51.2523|TRACE|Microsoft.AspNetCore.HostFiltering.HostFilteringMiddleware|All hosts are allowed.
2022-11-01 17:56:51.5783|INFO|Microsoft.AspNetCore.Hosting.Diagnostics|Request finished in 326.2348ms 200 application/json;charset=utf-8
2022-11-01 18:09:14.2482|INFO|Microsoft.AspNetCore.Hosting.Diagnostics|Request starting HTTP/2.0 GET https://localhost:44309/ParentsDetails  
2022-11-01 18:09:14.2482|TRACE|Microsoft.AspNetCore.HostFiltering.HostFilteringMiddleware|All hosts are allowed.
2022-11-01 18:09:14.2703|DEBUG|Microsoft.AspNetCore.StaticFiles.StaticFileMiddleware|The request path  does not match the path filter
2022-11-01 18:09:14.2880|DEBUG|Microsoft.AspNetCore.Cors.Infrastructure.CorsService|The request has an origin header: 'http://localhost:3000'.
2022-11-01 18:09:14.2880|INFO|Microsoft.AspNetCore.Cors.Infrastructure.CorsService|CORS policy execution successful.
2022-11-01 18:09:14.3656|DEBUG|Microsoft.AspNetCore.Routing.Matching.DfaMatcher|1 candidate(s) found for the request path '/ParentsDetails'
2022-11-01 18:09:14.3713|DEBUG|Microsoft.AspNetCore.Routing.Matching.DfaMatcher|Endpoint 'ParentInformation.Controllers.ParentsController.GetParents (ParentInformation)' with route pattern 'ParentsDetails' is valid for the request path '/ParentsDetails'
2022-11-01 18:09:14.3713|DEBUG|Microsoft.AspNetCore.Routing.EndpointRoutingMiddleware|Request matched endpoint 'ParentInformation.Controllers.ParentsController.GetParents (ParentInformation)'
2022-11-01 18:09:14.6568|DEBUG|Microsoft.AspNetCore.Authentication.JwtBearer.JwtBearerHandler|AuthenticationScheme: Bearer was not authenticated.
2022-11-01 18:09:14.6781|INFO|Microsoft.AspNetCore.Authorization.DefaultAuthorizationService|Authorization failed.
2022-11-01 18:09:14.6878|INFO|Microsoft.AspNetCore.Authentication.JwtBearer.JwtBearerHandler|AuthenticationScheme: Bearer was challenged.
2022-11-01 18:09:14.6878|INFO|Microsoft.AspNetCore.Hosting.Diagnostics|Request finished in 449.5827ms 401 
2022-11-01 18:09:14.7031|INFO|Microsoft.AspNetCore.Hosting.Diagnostics|Request starting HTTP/2.0 GET https://localhost:44309/ParentsDetails  
2022-11-01 18:09:14.7031|TRACE|Microsoft.AspNetCore.HostFiltering.HostFilteringMiddleware|All hosts are allowed.
2022-11-01 18:09:14.7031|DEBUG|Microsoft.AspNetCore.StaticFiles.StaticFileMiddleware|The request path  does not match the path filter
2022-11-01 18:09:14.7031|DEBUG|Microsoft.AspNetCore.Cors.Infrastructure.CorsService|The request has an origin header: 'http://localhost:3000'.
2022-11-01 18:09:14.7136|INFO|Microsoft.AspNetCore.Cors.Infrastructure.CorsService|CORS policy execution successful.
2022-11-01 18:09:14.7136|DEBUG|Microsoft.AspNetCore.Routing.Matching.DfaMatcher|1 candidate(s) found for the request path '/ParentsDetails'
2022-11-01 18:09:14.7136|DEBUG|Microsoft.AspNetCore.Routing.Matching.DfaMatcher|Endpoint 'ParentInformation.Controllers.ParentsController.GetParents (ParentInformation)' with route pattern 'ParentsDetails' is valid for the request path '/ParentsDetails'
2022-11-01 18:09:14.7136|DEBUG|Microsoft.AspNetCore.Routing.EndpointRoutingMiddleware|Request matched endpoint 'ParentInformation.Controllers.ParentsController.GetParents (ParentInformation)'
2022-11-01 18:09:14.7136|DEBUG|Microsoft.AspNetCore.Authentication.JwtBearer.JwtBearerHandler|AuthenticationScheme: Bearer was not authenticated.
2022-11-01 18:09:14.7369|INFO|Microsoft.AspNetCore.Authorization.DefaultAuthorizationService|Authorization failed.
2022-11-01 18:09:14.7369|INFO|Microsoft.AspNetCore.Authentication.JwtBearer.JwtBearerHandler|AuthenticationScheme: Bearer was challenged.
2022-11-01 18:09:14.7617|INFO|Microsoft.AspNetCore.Hosting.Diagnostics|Request finished in 58.672ms 401 
2022-11-01 19:05:46.2917|DEBUG|Microsoft.Extensions.Hosting.Internal.Host|Hosting starting
2022-11-01 19:05:46.6742|INFO|Microsoft.AspNetCore.DataProtection.KeyManagement.XmlKeyManager|User profile is available. Using 'C:\Users\2116787\AppData\Local\ASP.NET\DataProtection-Keys' as key repository and Windows DPAPI to encrypt keys at rest.
2022-11-01 19:05:46.7677|DEBUG|Microsoft.AspNetCore.DataProtection.Repositories.FileSystemXmlRepository|Reading data from file 'C:\Users\2116787\AppData\Local\ASP.NET\DataProtection-Keys\key-04e5a2ad-1397-4660-ac53-2ddf8dcdf7c3.xml'.
2022-11-01 19:05:46.8090|DEBUG|Microsoft.AspNetCore.DataProtection.KeyManagement.XmlKeyManager|Found key {04e5a2ad-1397-4660-ac53-2ddf8dcdf7c3}.
2022-11-01 19:05:46.8318|DEBUG|Microsoft.AspNetCore.DataProtection.KeyManagement.DefaultKeyResolver|Considering key {04e5a2ad-1397-4660-ac53-2ddf8dcdf7c3} with expiration date 2023-01-12 06:45:08Z as default key.
2022-11-01 19:05:47.3608|DEBUG|Microsoft.AspNetCore.DataProtection.TypeForwardingActivator|Forwarded activator type request from Microsoft.AspNetCore.DataProtection.XmlEncryption.DpapiXmlDecryptor, Microsoft.AspNetCore.DataProtection, Version=3.1.28.0, Culture=neutral, PublicKeyToken=adb9793829ddae60 to Microsoft.AspNetCore.DataProtection.XmlEncryption.DpapiXmlDecryptor, Microsoft.AspNetCore.DataProtection, Culture=neutral, PublicKeyToken=adb9793829ddae60
2022-11-01 19:05:47.3608|DEBUG|Microsoft.AspNetCore.DataProtection.XmlEncryption.DpapiXmlDecryptor|Decrypting secret element using Windows DPAPI.
2022-11-01 19:05:47.3758|DEBUG|Microsoft.AspNetCore.DataProtection.TypeForwardingActivator|Forwarded activator type request from Microsoft.AspNetCore.DataProtection.AuthenticatedEncryption.ConfigurationModel.AuthenticatedEncryptorDescriptorDeserializer, Microsoft.AspNetCore.DataProtection, Version=3.1.28.0, Culture=neutral, PublicKeyToken=adb9793829ddae60 to Microsoft.AspNetCore.DataProtection.AuthenticatedEncryption.ConfigurationModel.AuthenticatedEncryptorDescriptorDeserializer, Microsoft.AspNetCore.DataProtection, Culture=neutral, PublicKeyToken=adb9793829ddae60
2022-11-01 19:05:47.3758|DEBUG|Microsoft.AspNetCore.DataProtection.AuthenticatedEncryption.CngCbcAuthenticatedEncryptorFactory|Opening CNG algorithm 'AES' from provider '(null)' with chaining mode CBC.
2022-11-01 19:05:47.3926|DEBUG|Microsoft.AspNetCore.DataProtection.AuthenticatedEncryption.CngCbcAuthenticatedEncryptorFactory|Opening CNG algorithm 'SHA256' from provider '(null)' with HMAC.
2022-11-01 19:05:47.3926|DEBUG|Microsoft.AspNetCore.DataProtection.KeyManagement.KeyRingProvider|Using key {04e5a2ad-1397-4660-ac53-2ddf8dcdf7c3} as the default key.
2022-11-01 19:05:47.4054|DEBUG|Microsoft.AspNetCore.DataProtection.Internal.DataProtectionHostedService|Key ring with default key {04e5a2ad-1397-4660-ac53-2ddf8dcdf7c3} was loaded during application startup.
2022-11-01 19:05:48.6820|DEBUG|Microsoft.AspNetCore.Hosting.Diagnostics|Loaded hosting startup assembly ParentInformation
2022-11-01 19:05:48.6820|DEBUG|Microsoft.AspNetCore.Hosting.Diagnostics|Loaded hosting startup assembly Microsoft.AspNetCore.Watch.BrowserRefresh
2022-11-01 19:05:48.6820|DEBUG|Microsoft.AspNetCore.Hosting.Diagnostics|Loaded hosting startup assembly Microsoft.WebTools.BrowserLink.Net
2022-11-01 19:05:48.7655|INFO|Microsoft.Hosting.Lifetime|Application started. Press Ctrl+C to shut down.
2022-11-01 19:05:48.7772|INFO|Microsoft.Hosting.Lifetime|Hosting environment: Development
2022-11-01 19:05:48.7772|INFO|Microsoft.Hosting.Lifetime|Content root path: C:\Users\2116787\Downloads\applcation\ParentApplication\Server\ParentInformation\ParentInformation
2022-11-01 19:05:48.7772|DEBUG|Microsoft.Extensions.Hosting.Internal.Host|Hosting started
2022-11-01 19:05:48.8548|INFO|Microsoft.AspNetCore.Hosting.Diagnostics|Request starting HTTP/2.0 GET https://localhost:44309/swagger/index.html  
2022-11-01 19:05:48.9538|DEBUG|Microsoft.AspNetCore.HostFiltering.HostFilteringMiddleware|Wildcard detected, all requests with hosts will be allowed.
2022-11-01 19:05:48.9538|TRACE|Microsoft.AspNetCore.HostFiltering.HostFilteringMiddleware|All hosts are allowed.
2022-11-01 19:05:49.0858|DEBUG|Microsoft.AspNetCore.Watch.BrowserRefresh.BrowserRefreshMiddleware|Response markup is scheduled to include browser refresh script injection.
2022-11-01 19:05:49.7340|DEBUG|Microsoft.AspNetCore.Watch.BrowserRefresh.BrowserRefreshMiddleware|Response markup was updated to include browser refresh script injection.
2022-11-01 19:05:49.7564|INFO|Microsoft.AspNetCore.Hosting.Diagnostics|Request finished in 904.4874ms 200 text/html;charset=utf-8
2022-11-01 19:05:49.8849|INFO|Microsoft.AspNetCore.Hosting.Diagnostics|Request starting HTTP/2.0 GET https://localhost:44309/_framework/aspnetcore-browser-refresh.js  
2022-11-01 19:05:49.9156|INFO|Microsoft.AspNetCore.Hosting.Diagnostics|Request starting HTTP/2.0 GET https://localhost:44309/_vs/browserLink  
2022-11-01 19:05:49.9156|INFO|Microsoft.AspNetCore.Hosting.Diagnostics|Request finished in 31.5474ms 200 application/javascript; charset=utf-8
2022-11-01 19:05:50.2209|INFO|Microsoft.AspNetCore.Hosting.Diagnostics|Request finished in 305.2708ms 200 text/javascript; charset=UTF-8
2022-11-01 19:05:50.9682|INFO|Microsoft.AspNetCore.Hosting.Diagnostics|Request starting HTTP/2.0 GET https://localhost:44309/swagger/v1/swagger.json  
2022-11-01 19:05:50.9682|TRACE|Microsoft.AspNetCore.HostFiltering.HostFilteringMiddleware|All hosts are allowed.
2022-11-01 19:05:51.2469|INFO|Microsoft.AspNetCore.Hosting.Diagnostics|Request finished in 279.0897ms 200 application/json;charset=utf-8
2022-11-01 19:14:06.1666|DEBUG|Microsoft.Extensions.Hosting.Internal.Host|Hosting starting
2022-11-01 19:14:06.6272|INFO|Microsoft.AspNetCore.DataProtection.KeyManagement.XmlKeyManager|User profile is available. Using 'C:\Users\2116787\AppData\Local\ASP.NET\DataProtection-Keys' as key repository and Windows DPAPI to encrypt keys at rest.
2022-11-01 19:14:06.6984|DEBUG|Microsoft.AspNetCore.DataProtection.Repositories.FileSystemXmlRepository|Reading data from file 'C:\Users\2116787\AppData\Local\ASP.NET\DataProtection-Keys\key-04e5a2ad-1397-4660-ac53-2ddf8dcdf7c3.xml'.
2022-11-01 19:14:06.7331|DEBUG|Microsoft.AspNetCore.DataProtection.KeyManagement.XmlKeyManager|Found key {04e5a2ad-1397-4660-ac53-2ddf8dcdf7c3}.
2022-11-01 19:14:06.7511|DEBUG|Microsoft.AspNetCore.DataProtection.KeyManagement.DefaultKeyResolver|Considering key {04e5a2ad-1397-4660-ac53-2ddf8dcdf7c3} with expiration date 2023-01-12 06:45:08Z as default key.
2022-11-01 19:14:06.8924|DEBUG|Microsoft.AspNetCore.DataProtection.TypeForwardingActivator|Forwarded activator type request from Microsoft.AspNetCore.DataProtection.XmlEncryption.DpapiXmlDecryptor, Microsoft.AspNetCore.DataProtection, Version=3.1.28.0, Culture=neutral, PublicKeyToken=adb9793829ddae60 to Microsoft.AspNetCore.DataProtection.XmlEncryption.DpapiXmlDecryptor, Microsoft.AspNetCore.DataProtection, Culture=neutral, PublicKeyToken=adb9793829ddae60
2022-11-01 19:14:06.9001|DEBUG|Microsoft.AspNetCore.DataProtection.XmlEncryption.DpapiXmlDecryptor|Decrypting secret element using Windows DPAPI.
2022-11-01 19:14:06.9001|DEBUG|Microsoft.AspNetCore.DataProtection.TypeForwardingActivator|Forwarded activator type request from Microsoft.AspNetCore.DataProtection.AuthenticatedEncryption.ConfigurationModel.AuthenticatedEncryptorDescriptorDeserializer, Microsoft.AspNetCore.DataProtection, Version=3.1.28.0, Culture=neutral, PublicKeyToken=adb9793829ddae60 to Microsoft.AspNetCore.DataProtection.AuthenticatedEncryption.ConfigurationModel.AuthenticatedEncryptorDescriptorDeserializer, Microsoft.AspNetCore.DataProtection, Culture=neutral, PublicKeyToken=adb9793829ddae60
2022-11-01 19:14:06.9001|DEBUG|Microsoft.AspNetCore.DataProtection.AuthenticatedEncryption.CngCbcAuthenticatedEncryptorFactory|Opening CNG algorithm 'AES' from provider '(null)' with chaining mode CBC.
2022-11-01 19:14:06.9001|DEBUG|Microsoft.AspNetCore.DataProtection.AuthenticatedEncryption.CngCbcAuthenticatedEncryptorFactory|Opening CNG algorithm 'SHA256' from provider '(null)' with HMAC.
2022-11-01 19:14:06.9236|DEBUG|Microsoft.AspNetCore.DataProtection.KeyManagement.KeyRingProvider|Using key {04e5a2ad-1397-4660-ac53-2ddf8dcdf7c3} as the default key.
2022-11-01 19:14:06.9236|DEBUG|Microsoft.AspNetCore.DataProtection.Internal.DataProtectionHostedService|Key ring with default key {04e5a2ad-1397-4660-ac53-2ddf8dcdf7c3} was loaded during application startup.
2022-11-01 19:14:07.8155|DEBUG|Microsoft.AspNetCore.Hosting.Diagnostics|Loaded hosting startup assembly ParentInformation
2022-11-01 19:14:07.8155|DEBUG|Microsoft.AspNetCore.Hosting.Diagnostics|Loaded hosting startup assembly Microsoft.AspNetCore.Watch.BrowserRefresh
2022-11-01 19:14:07.8155|DEBUG|Microsoft.AspNetCore.Hosting.Diagnostics|Loaded hosting startup assembly Microsoft.WebTools.BrowserLink.Net
2022-11-01 19:14:07.8802|INFO|Microsoft.Hosting.Lifetime|Application started. Press Ctrl+C to shut down.
2022-11-01 19:14:07.9165|INFO|Microsoft.Hosting.Lifetime|Hosting environment: Development
2022-11-01 19:14:07.9431|INFO|Microsoft.Hosting.Lifetime|Content root path: C:\Users\2116787\Downloads\applcation\ParentApplication\Server\ParentInformation\ParentInformation
2022-11-01 19:14:07.9431|DEBUG|Microsoft.Extensions.Hosting.Internal.Host|Hosting started
2022-11-01 19:14:07.9867|INFO|Microsoft.AspNetCore.Hosting.Diagnostics|Request starting HTTP/2.0 GET https://localhost:44309/swagger/index.html  
2022-11-01 19:14:08.1148|DEBUG|Microsoft.AspNetCore.HostFiltering.HostFilteringMiddleware|Wildcard detected, all requests with hosts will be allowed.
2022-11-01 19:14:08.1148|TRACE|Microsoft.AspNetCore.HostFiltering.HostFilteringMiddleware|All hosts are allowed.
2022-11-01 19:14:08.2577|DEBUG|Microsoft.AspNetCore.Watch.BrowserRefresh.BrowserRefreshMiddleware|Response markup is scheduled to include browser refresh script injection.
2022-11-01 19:14:09.3656|DEBUG|Microsoft.AspNetCore.Watch.BrowserRefresh.BrowserRefreshMiddleware|Response markup was updated to include browser refresh script injection.
2022-11-01 19:14:09.3749|INFO|Microsoft.AspNetCore.Hosting.Diagnostics|Request finished in 1393.1012ms 200 text/html;charset=utf-8
2022-11-01 19:14:09.5893|INFO|Microsoft.AspNetCore.Hosting.Diagnostics|Request starting HTTP/2.0 GET https://localhost:44309/_framework/aspnetcore-browser-refresh.js  
2022-11-01 19:14:09.6075|INFO|Microsoft.AspNetCore.Hosting.Diagnostics|Request finished in 18.2762ms 200 application/javascript; charset=utf-8
2022-11-01 19:14:09.6642|INFO|Microsoft.AspNetCore.Hosting.Diagnostics|Request starting HTTP/2.0 GET https://localhost:44309/_vs/browserLink  
2022-11-01 19:14:09.7521|INFO|Microsoft.AspNetCore.Hosting.Diagnostics|Request finished in 87.8959ms 200 text/javascript; charset=UTF-8
2022-11-01 19:14:11.1584|INFO|Microsoft.AspNetCore.Hosting.Diagnostics|Request starting HTTP/2.0 GET https://localhost:44309/swagger/v1/swagger.json  
2022-11-01 19:14:11.1584|TRACE|Microsoft.AspNetCore.HostFiltering.HostFilteringMiddleware|All hosts are allowed.
2022-11-01 19:14:11.4734|INFO|Microsoft.AspNetCore.Hosting.Diagnostics|Request finished in 315.3335ms 200 application/json;charset=utf-8
