2022-10-27 11:20:21.0769|DEBUG|Microsoft.Extensions.Hosting.Internal.Host|Hosting starting
2022-10-27 11:20:21.5968|INFO|Microsoft.AspNetCore.DataProtection.KeyManagement.XmlKeyManager|User profile is available. Using 'C:\Users\2116787\AppData\Local\ASP.NET\DataProtection-Keys' as key repository and Windows DPAPI to encrypt keys at rest.
2022-10-27 11:20:21.7072|DEBUG|Microsoft.AspNetCore.DataProtection.Repositories.FileSystemXmlRepository|Reading data from file 'C:\Users\2116787\AppData\Local\ASP.NET\DataProtection-Keys\key-04e5a2ad-1397-4660-ac53-2ddf8dcdf7c3.xml'.
2022-10-27 11:20:21.7721|DEBUG|Microsoft.AspNetCore.DataProtection.KeyManagement.XmlKeyManager|Found key {04e5a2ad-1397-4660-ac53-2ddf8dcdf7c3}.
2022-10-27 11:20:21.8068|DEBUG|Microsoft.AspNetCore.DataProtection.KeyManagement.DefaultKeyResolver|Considering key {04e5a2ad-1397-4660-ac53-2ddf8dcdf7c3} with expiration date 2023-01-12 06:45:08Z as default key.
2022-10-27 11:20:22.0654|DEBUG|Microsoft.AspNetCore.DataProtection.TypeForwardingActivator|Forwarded activator type request from Microsoft.AspNetCore.DataProtection.XmlEncryption.DpapiXmlDecryptor, Microsoft.AspNetCore.DataProtection, Version=3.1.28.0, Culture=neutral, PublicKeyToken=adb9793829ddae60 to Microsoft.AspNetCore.DataProtection.XmlEncryption.DpapiXmlDecryptor, Microsoft.AspNetCore.DataProtection, Culture=neutral, PublicKeyToken=adb9793829ddae60
2022-10-27 11:20:22.0654|DEBUG|Microsoft.AspNetCore.DataProtection.XmlEncryption.DpapiXmlDecryptor|Decrypting secret element using Windows DPAPI.
2022-10-27 11:20:22.0654|DEBUG|Microsoft.AspNetCore.DataProtection.TypeForwardingActivator|Forwarded activator type request from Microsoft.AspNetCore.DataProtection.AuthenticatedEncryption.ConfigurationModel.AuthenticatedEncryptorDescriptorDeserializer, Microsoft.AspNetCore.DataProtection, Version=3.1.28.0, Culture=neutral, PublicKeyToken=adb9793829ddae60 to Microsoft.AspNetCore.DataProtection.AuthenticatedEncryption.ConfigurationModel.AuthenticatedEncryptorDescriptorDeserializer, Microsoft.AspNetCore.DataProtection, Culture=neutral, PublicKeyToken=adb9793829ddae60
2022-10-27 11:20:22.0838|DEBUG|Microsoft.AspNetCore.DataProtection.AuthenticatedEncryption.CngCbcAuthenticatedEncryptorFactory|Opening CNG algorithm 'AES' from provider '(null)' with chaining mode CBC.
2022-10-27 11:20:22.0838|DEBUG|Microsoft.AspNetCore.DataProtection.AuthenticatedEncryption.CngCbcAuthenticatedEncryptorFactory|Opening CNG algorithm 'SHA256' from provider '(null)' with HMAC.
2022-10-27 11:20:22.1001|DEBUG|Microsoft.AspNetCore.DataProtection.KeyManagement.KeyRingProvider|Using key {04e5a2ad-1397-4660-ac53-2ddf8dcdf7c3} as the default key.
2022-10-27 11:20:22.1001|DEBUG|Microsoft.AspNetCore.DataProtection.Internal.DataProtectionHostedService|Key ring with default key {04e5a2ad-1397-4660-ac53-2ddf8dcdf7c3} was loaded during application startup.
2022-10-27 11:20:23.5735|DEBUG|Microsoft.AspNetCore.Hosting.Diagnostics|Loaded hosting startup assembly ParentInformation
2022-10-27 11:20:23.5735|DEBUG|Microsoft.AspNetCore.Hosting.Diagnostics|Loaded hosting startup assembly Microsoft.AspNetCore.Watch.BrowserRefresh
2022-10-27 11:20:23.5735|DEBUG|Microsoft.AspNetCore.Hosting.Diagnostics|Loaded hosting startup assembly Microsoft.WebTools.BrowserLink.Net
2022-10-27 11:20:23.6106|INFO|Microsoft.Hosting.Lifetime|Application started. Press Ctrl+C to shut down.
2022-10-27 11:20:23.6329|INFO|Microsoft.Hosting.Lifetime|Hosting environment: Development
2022-10-27 11:20:23.6906|INFO|Microsoft.Hosting.Lifetime|Content root path: C:\Users\2116787\Downloads\applcation\ParentApplication\Server\ParentInformation\ParentInformation
2022-10-27 11:20:23.6906|DEBUG|Microsoft.Extensions.Hosting.Internal.Host|Hosting started
2022-10-27 11:20:23.7768|INFO|Microsoft.AspNetCore.Hosting.Diagnostics|Request starting HTTP/2.0 GET https://localhost:44309/swagger  
2022-10-27 11:20:23.8830|DEBUG|Microsoft.AspNetCore.HostFiltering.HostFilteringMiddleware|Wildcard detected, all requests with hosts will be allowed.
2022-10-27 11:20:23.8830|TRACE|Microsoft.AspNetCore.HostFiltering.HostFilteringMiddleware|All hosts are allowed.
2022-10-27 11:20:24.0879|DEBUG|Microsoft.AspNetCore.Server.IIS.Core.IISHttpServer|Connection ID "17870283323016740865" disconnecting.
2022-10-27 11:20:24.0879|INFO|Microsoft.AspNetCore.Hosting.Diagnostics|Request starting HTTP/2.0 GET https://localhost:44309/swagger/index.html  
2022-10-27 11:20:24.0879|INFO|Microsoft.AspNetCore.Hosting.Diagnostics|Request finished in 319.5669ms 301 
2022-10-27 11:20:24.0934|TRACE|Microsoft.AspNetCore.HostFiltering.HostFilteringMiddleware|All hosts are allowed.
2022-10-27 11:20:24.3260|DEBUG|Microsoft.AspNetCore.Watch.BrowserRefresh.BrowserRefreshMiddleware|Response markup is scheduled to include browser refresh script injection.
2022-10-27 11:20:25.0578|DEBUG|Microsoft.AspNetCore.Watch.BrowserRefresh.BrowserRefreshMiddleware|Response markup was updated to include browser refresh script injection.
2022-10-27 11:20:25.0701|INFO|Microsoft.AspNetCore.Hosting.Diagnostics|Request finished in 980.0841ms 200 text/html;charset=utf-8
2022-10-27 11:20:25.1928|INFO|Microsoft.AspNetCore.Hosting.Diagnostics|Request starting HTTP/2.0 GET https://localhost:44309/swagger/swagger-ui-bundle.js  
2022-10-27 11:20:25.1928|TRACE|Microsoft.AspNetCore.HostFiltering.HostFilteringMiddleware|All hosts are allowed.
2022-10-27 11:20:25.1928|INFO|Microsoft.AspNetCore.Hosting.Diagnostics|Request starting HTTP/2.0 GET https://localhost:44309/swagger/swagger-ui.css  
2022-10-27 11:20:25.1928|TRACE|Microsoft.AspNetCore.HostFiltering.HostFilteringMiddleware|All hosts are allowed.
2022-10-27 11:20:25.2779|TRACE|Microsoft.AspNetCore.StaticFiles.StaticFileMiddleware|Range header's value is empty.
2022-10-27 11:20:25.2779|TRACE|Microsoft.AspNetCore.StaticFiles.StaticFileMiddleware|Range header's value is empty.
2022-10-27 11:20:25.3595|INFO|Microsoft.AspNetCore.Hosting.Diagnostics|Request starting HTTP/2.0 GET https://localhost:44309/swagger/swagger-ui-standalone-preset.js  
2022-10-27 11:20:25.3595|TRACE|Microsoft.AspNetCore.HostFiltering.HostFilteringMiddleware|All hosts are allowed.
2022-10-27 11:20:25.3595|TRACE|Microsoft.AspNetCore.StaticFiles.StaticFileMiddleware|Range header's value is empty.
2022-10-27 11:20:25.4042|INFO|Microsoft.AspNetCore.StaticFiles.StaticFileMiddleware|Sending file. Request path: '/swagger-ui.css'. Physical path: 'N/A'
2022-10-27 11:20:25.4042|INFO|Microsoft.AspNetCore.Hosting.Diagnostics|Request finished in 211.5319ms 200 text/css
2022-10-27 11:20:25.4301|INFO|Microsoft.AspNetCore.StaticFiles.StaticFileMiddleware|Sending file. Request path: '/swagger-ui-standalone-preset.js'. Physical path: 'N/A'
2022-10-27 11:20:25.4301|INFO|Microsoft.AspNetCore.Hosting.Diagnostics|Request finished in 71.3469ms 200 application/javascript
2022-10-27 11:20:25.4841|INFO|Microsoft.AspNetCore.StaticFiles.StaticFileMiddleware|Sending file. Request path: '/swagger-ui-bundle.js'. Physical path: 'N/A'
2022-10-27 11:20:25.4841|INFO|Microsoft.AspNetCore.Hosting.Diagnostics|Request finished in 292.2058ms 200 application/javascript
2022-10-27 11:20:25.6928|INFO|Microsoft.AspNetCore.Hosting.Diagnostics|Request starting HTTP/2.0 GET https://localhost:44309/_framework/aspnetcore-browser-refresh.js  
2022-10-27 11:20:25.7238|INFO|Microsoft.AspNetCore.Hosting.Diagnostics|Request finished in 31.4415ms 200 application/javascript; charset=utf-8
2022-10-27 11:20:26.5481|INFO|Microsoft.AspNetCore.Hosting.Diagnostics|Request starting HTTP/2.0 GET https://localhost:44309/_vs/browserLink  
2022-10-27 11:20:26.8766|INFO|Microsoft.AspNetCore.Hosting.Diagnostics|Request finished in 328.4695ms 200 text/javascript; charset=UTF-8
2022-10-27 11:20:30.8210|INFO|Microsoft.AspNetCore.Hosting.Diagnostics|Request starting HTTP/2.0 GET https://localhost:44309/swagger/v1/swagger.json  
2022-10-27 11:20:30.8210|TRACE|Microsoft.AspNetCore.HostFiltering.HostFilteringMiddleware|All hosts are allowed.
2022-10-27 11:20:31.1697|INFO|Microsoft.AspNetCore.Hosting.Diagnostics|Request finished in 348.3242ms 200 application/json;charset=utf-8
2022-10-27 11:20:32.3112|INFO|Microsoft.AspNetCore.Hosting.Diagnostics|Request starting HTTP/2.0 GET https://localhost:44309/swagger/favicon-32x32.png  
2022-10-27 11:20:32.3160|TRACE|Microsoft.AspNetCore.HostFiltering.HostFilteringMiddleware|All hosts are allowed.
2022-10-27 11:20:32.3160|TRACE|Microsoft.AspNetCore.StaticFiles.StaticFileMiddleware|Range header's value is empty.
2022-10-27 11:20:32.3160|INFO|Microsoft.AspNetCore.StaticFiles.StaticFileMiddleware|Sending file. Request path: '/favicon-32x32.png'. Physical path: 'N/A'
2022-10-27 11:20:32.3160|INFO|Microsoft.AspNetCore.Hosting.Diagnostics|Request finished in 11.5736ms 200 image/png
2022-10-27 11:20:53.7798|INFO|Microsoft.AspNetCore.Hosting.Diagnostics|Request starting HTTP/2.0 GET https://localhost:44309/ParentsDetails  
2022-10-27 11:20:53.7819|TRACE|Microsoft.AspNetCore.HostFiltering.HostFilteringMiddleware|All hosts are allowed.
2022-10-27 11:20:53.7819|DEBUG|Microsoft.AspNetCore.StaticFiles.StaticFileMiddleware|The request path  does not match the path filter
2022-10-27 11:20:53.8847|DEBUG|Microsoft.AspNetCore.Routing.Matching.DfaMatcher|1 candidate(s) found for the request path '/ParentsDetails'
2022-10-27 11:20:53.8912|DEBUG|Microsoft.AspNetCore.Routing.Matching.DfaMatcher|Endpoint 'ParentInformation.Controllers.ParentsController.GetParents (ParentInformation)' with route pattern 'ParentsDetails' is valid for the request path '/ParentsDetails'
2022-10-27 11:20:53.8912|DEBUG|Microsoft.AspNetCore.Routing.EndpointRoutingMiddleware|Request matched endpoint 'ParentInformation.Controllers.ParentsController.GetParents (ParentInformation)'
2022-10-27 11:20:54.2115|DEBUG|Microsoft.AspNetCore.Authentication.JwtBearer.JwtBearerHandler|AuthenticationScheme: Bearer was not authenticated.
2022-10-27 11:20:54.2297|INFO|Microsoft.AspNetCore.Authorization.DefaultAuthorizationService|Authorization failed.
2022-10-27 11:20:54.2459|INFO|Microsoft.AspNetCore.Authentication.JwtBearer.JwtBearerHandler|AuthenticationScheme: Bearer was challenged.
2022-10-27 11:20:54.2508|INFO|Microsoft.AspNetCore.Hosting.Diagnostics|Request finished in 484.4037ms 401 
2022-10-27 11:22:18.8974|INFO|Microsoft.AspNetCore.Hosting.Diagnostics|Request starting HTTP/2.0 GET https://localhost:44309/ParentsDetails  
2022-10-27 11:22:18.8974|TRACE|Microsoft.AspNetCore.HostFiltering.HostFilteringMiddleware|All hosts are allowed.
2022-10-27 11:22:18.9108|DEBUG|Microsoft.AspNetCore.StaticFiles.StaticFileMiddleware|The request path  does not match the path filter
2022-10-27 11:22:18.9354|DEBUG|Microsoft.AspNetCore.Routing.Matching.DfaMatcher|1 candidate(s) found for the request path '/ParentsDetails'
2022-10-27 11:22:18.9402|DEBUG|Microsoft.AspNetCore.Routing.Matching.DfaMatcher|Endpoint 'ParentInformation.Controllers.ParentsController.GetParents (ParentInformation)' with route pattern 'ParentsDetails' is valid for the request path '/ParentsDetails'
2022-10-27 11:22:18.9402|DEBUG|Microsoft.AspNetCore.Routing.EndpointRoutingMiddleware|Request matched endpoint 'ParentInformation.Controllers.ParentsController.GetParents (ParentInformation)'
2022-10-27 11:22:18.9681|DEBUG|Microsoft.AspNetCore.Authentication.JwtBearer.JwtBearerHandler|AuthenticationScheme: Bearer was not authenticated.
2022-10-27 11:22:18.9681|INFO|Microsoft.AspNetCore.Authorization.DefaultAuthorizationService|Authorization failed.
2022-10-27 11:22:18.9681|INFO|Microsoft.AspNetCore.Authentication.JwtBearer.JwtBearerHandler|AuthenticationScheme: Bearer was challenged.
2022-10-27 11:22:18.9681|INFO|Microsoft.AspNetCore.Hosting.Diagnostics|Request finished in 83.0039ms 401 
2022-10-27 11:47:59.3089|DEBUG|Microsoft.Extensions.Hosting.Internal.Host|Hosting starting
2022-10-27 11:47:59.9812|INFO|Microsoft.AspNetCore.DataProtection.KeyManagement.XmlKeyManager|User profile is available. Using 'C:\Users\2116787\AppData\Local\ASP.NET\DataProtection-Keys' as key repository and Windows DPAPI to encrypt keys at rest.
2022-10-27 11:48:00.1520|DEBUG|Microsoft.AspNetCore.DataProtection.Repositories.FileSystemXmlRepository|Reading data from file 'C:\Users\2116787\AppData\Local\ASP.NET\DataProtection-Keys\key-04e5a2ad-1397-4660-ac53-2ddf8dcdf7c3.xml'.
2022-10-27 11:48:00.2585|DEBUG|Microsoft.AspNetCore.DataProtection.KeyManagement.XmlKeyManager|Found key {04e5a2ad-1397-4660-ac53-2ddf8dcdf7c3}.
2022-10-27 11:48:00.2998|DEBUG|Microsoft.AspNetCore.DataProtection.KeyManagement.DefaultKeyResolver|Considering key {04e5a2ad-1397-4660-ac53-2ddf8dcdf7c3} with expiration date 2023-01-12 06:45:08Z as default key.
2022-10-27 11:48:00.5719|DEBUG|Microsoft.AspNetCore.DataProtection.TypeForwardingActivator|Forwarded activator type request from Microsoft.AspNetCore.DataProtection.XmlEncryption.DpapiXmlDecryptor, Microsoft.AspNetCore.DataProtection, Version=3.1.28.0, Culture=neutral, PublicKeyToken=adb9793829ddae60 to Microsoft.AspNetCore.DataProtection.XmlEncryption.DpapiXmlDecryptor, Microsoft.AspNetCore.DataProtection, Culture=neutral, PublicKeyToken=adb9793829ddae60
2022-10-27 11:48:00.5822|DEBUG|Microsoft.AspNetCore.DataProtection.XmlEncryption.DpapiXmlDecryptor|Decrypting secret element using Windows DPAPI.
2022-10-27 11:48:00.5822|DEBUG|Microsoft.AspNetCore.DataProtection.TypeForwardingActivator|Forwarded activator type request from Microsoft.AspNetCore.DataProtection.AuthenticatedEncryption.ConfigurationModel.AuthenticatedEncryptorDescriptorDeserializer, Microsoft.AspNetCore.DataProtection, Version=3.1.28.0, Culture=neutral, PublicKeyToken=adb9793829ddae60 to Microsoft.AspNetCore.DataProtection.AuthenticatedEncryption.ConfigurationModel.AuthenticatedEncryptorDescriptorDeserializer, Microsoft.AspNetCore.DataProtection, Culture=neutral, PublicKeyToken=adb9793829ddae60
2022-10-27 11:48:00.5958|DEBUG|Microsoft.AspNetCore.DataProtection.AuthenticatedEncryption.CngCbcAuthenticatedEncryptorFactory|Opening CNG algorithm 'AES' from provider '(null)' with chaining mode CBC.
2022-10-27 11:48:00.5958|DEBUG|Microsoft.AspNetCore.DataProtection.AuthenticatedEncryption.CngCbcAuthenticatedEncryptorFactory|Opening CNG algorithm 'SHA256' from provider '(null)' with HMAC.
2022-10-27 11:48:00.6135|DEBUG|Microsoft.AspNetCore.DataProtection.KeyManagement.KeyRingProvider|Using key {04e5a2ad-1397-4660-ac53-2ddf8dcdf7c3} as the default key.
2022-10-27 11:48:00.6135|DEBUG|Microsoft.AspNetCore.DataProtection.Internal.DataProtectionHostedService|Key ring with default key {04e5a2ad-1397-4660-ac53-2ddf8dcdf7c3} was loaded during application startup.
2022-10-27 11:48:04.7515|DEBUG|Microsoft.AspNetCore.Hosting.Diagnostics|Loaded hosting startup assembly ParentInformation
2022-10-27 11:48:04.7515|DEBUG|Microsoft.AspNetCore.Hosting.Diagnostics|Loaded hosting startup assembly Microsoft.AspNetCore.Watch.BrowserRefresh
2022-10-27 11:48:04.7515|DEBUG|Microsoft.AspNetCore.Hosting.Diagnostics|Loaded hosting startup assembly Microsoft.WebTools.BrowserLink.Net
2022-10-27 11:48:05.1063|INFO|Microsoft.Hosting.Lifetime|Application started. Press Ctrl+C to shut down.
2022-10-27 11:48:05.1885|INFO|Microsoft.Hosting.Lifetime|Hosting environment: Development
2022-10-27 11:48:05.2465|INFO|Microsoft.Hosting.Lifetime|Content root path: C:\Users\2116787\Downloads\applcation\ParentApplication\Server\ParentInformation\ParentInformation
2022-10-27 11:48:05.2465|DEBUG|Microsoft.Extensions.Hosting.Internal.Host|Hosting started
2022-10-27 11:48:05.3068|INFO|Microsoft.AspNetCore.Hosting.Diagnostics|Request starting HTTP/2.0 GET https://localhost:44309/swagger/index.html  
2022-10-27 11:48:05.4918|DEBUG|Microsoft.AspNetCore.HostFiltering.HostFilteringMiddleware|Wildcard detected, all requests with hosts will be allowed.
2022-10-27 11:48:05.4918|TRACE|Microsoft.AspNetCore.HostFiltering.HostFilteringMiddleware|All hosts are allowed.
2022-10-27 11:48:05.7769|DEBUG|Microsoft.AspNetCore.Watch.BrowserRefresh.BrowserRefreshMiddleware|Response markup is scheduled to include browser refresh script injection.
2022-10-27 11:48:07.1746|DEBUG|Microsoft.AspNetCore.Watch.BrowserRefresh.BrowserRefreshMiddleware|Response markup was updated to include browser refresh script injection.
2022-10-27 11:48:07.2135|INFO|Microsoft.AspNetCore.Hosting.Diagnostics|Request finished in 1912.7544ms 200 text/html;charset=utf-8
2022-10-27 11:48:07.3429|INFO|Microsoft.AspNetCore.Hosting.Diagnostics|Request starting HTTP/2.0 GET https://localhost:44309/_vs/browserLink  
2022-10-27 11:48:07.3443|INFO|Microsoft.AspNetCore.Hosting.Diagnostics|Request starting HTTP/2.0 GET https://localhost:44309/_framework/aspnetcore-browser-refresh.js  
2022-10-27 11:48:07.4296|INFO|Microsoft.AspNetCore.Hosting.Diagnostics|Request finished in 85.2392ms 200 application/javascript; charset=utf-8
2022-10-27 11:48:07.9761|INFO|Microsoft.AspNetCore.Hosting.Diagnostics|Request finished in 633.3653ms 200 text/javascript; charset=UTF-8
2022-10-27 11:48:09.5433|INFO|Microsoft.AspNetCore.Hosting.Diagnostics|Request starting HTTP/2.0 GET https://localhost:44309/swagger/v1/swagger.json  
2022-10-27 11:48:09.5562|TRACE|Microsoft.AspNetCore.HostFiltering.HostFilteringMiddleware|All hosts are allowed.
2022-10-27 11:48:10.2035|INFO|Microsoft.AspNetCore.Hosting.Diagnostics|Request finished in 660.7912ms 200 application/json;charset=utf-8
2022-10-27 11:49:43.7021|INFO|Microsoft.AspNetCore.Hosting.Diagnostics|Request starting HTTP/2.0 GET https://localhost:44309/ParentsDetails  
2022-10-27 11:49:43.7021|TRACE|Microsoft.AspNetCore.HostFiltering.HostFilteringMiddleware|All hosts are allowed.
2022-10-27 11:49:43.7240|DEBUG|Microsoft.AspNetCore.StaticFiles.StaticFileMiddleware|The request path  does not match the path filter
2022-10-27 11:49:43.8434|DEBUG|Microsoft.AspNetCore.Routing.Matching.DfaMatcher|1 candidate(s) found for the request path '/ParentsDetails'
2022-10-27 11:49:43.8434|DEBUG|Microsoft.AspNetCore.Routing.Matching.DfaMatcher|Endpoint 'ParentInformation.Controllers.ParentsController.GetParents (ParentInformation)' with route pattern 'ParentsDetails' is valid for the request path '/ParentsDetails'
2022-10-27 11:49:43.8434|DEBUG|Microsoft.AspNetCore.Routing.EndpointRoutingMiddleware|Request matched endpoint 'ParentInformation.Controllers.ParentsController.GetParents (ParentInformation)'
2022-10-27 11:49:44.1296|DEBUG|Microsoft.AspNetCore.Authentication.JwtBearer.JwtBearerHandler|AuthenticationScheme: Bearer was not authenticated.
2022-10-27 11:49:44.1569|INFO|Microsoft.AspNetCore.Authorization.DefaultAuthorizationService|Authorization failed.
2022-10-27 11:49:44.1569|INFO|Microsoft.AspNetCore.Authentication.JwtBearer.JwtBearerHandler|AuthenticationScheme: Bearer was challenged.
2022-10-27 11:49:44.1754|INFO|Microsoft.AspNetCore.Hosting.Diagnostics|Request finished in 473.8608ms 401 
2022-10-27 12:55:01.4541|DEBUG|Microsoft.Extensions.Hosting.Internal.Host|Hosting starting
2022-10-27 12:55:01.6676|INFO|Microsoft.AspNetCore.DataProtection.KeyManagement.XmlKeyManager|User profile is available. Using 'C:\Users\2116787\AppData\Local\ASP.NET\DataProtection-Keys' as key repository and Windows DPAPI to encrypt keys at rest.
2022-10-27 12:55:01.7351|DEBUG|Microsoft.AspNetCore.DataProtection.Repositories.FileSystemXmlRepository|Reading data from file 'C:\Users\2116787\AppData\Local\ASP.NET\DataProtection-Keys\key-04e5a2ad-1397-4660-ac53-2ddf8dcdf7c3.xml'.
2022-10-27 12:55:01.7737|DEBUG|Microsoft.AspNetCore.DataProtection.KeyManagement.XmlKeyManager|Found key {04e5a2ad-1397-4660-ac53-2ddf8dcdf7c3}.
2022-10-27 12:55:01.7986|DEBUG|Microsoft.AspNetCore.DataProtection.KeyManagement.DefaultKeyResolver|Considering key {04e5a2ad-1397-4660-ac53-2ddf8dcdf7c3} with expiration date 2023-01-12 06:45:08Z as default key.
2022-10-27 12:55:01.9052|DEBUG|Microsoft.AspNetCore.DataProtection.TypeForwardingActivator|Forwarded activator type request from Microsoft.AspNetCore.DataProtection.XmlEncryption.DpapiXmlDecryptor, Microsoft.AspNetCore.DataProtection, Version=3.1.28.0, Culture=neutral, PublicKeyToken=adb9793829ddae60 to Microsoft.AspNetCore.DataProtection.XmlEncryption.DpapiXmlDecryptor, Microsoft.AspNetCore.DataProtection, Culture=neutral, PublicKeyToken=adb9793829ddae60
2022-10-27 12:55:01.9052|DEBUG|Microsoft.AspNetCore.DataProtection.XmlEncryption.DpapiXmlDecryptor|Decrypting secret element using Windows DPAPI.
2022-10-27 12:55:01.9052|DEBUG|Microsoft.AspNetCore.DataProtection.TypeForwardingActivator|Forwarded activator type request from Microsoft.AspNetCore.DataProtection.AuthenticatedEncryption.ConfigurationModel.AuthenticatedEncryptorDescriptorDeserializer, Microsoft.AspNetCore.DataProtection, Version=3.1.28.0, Culture=neutral, PublicKeyToken=adb9793829ddae60 to Microsoft.AspNetCore.DataProtection.AuthenticatedEncryption.ConfigurationModel.AuthenticatedEncryptorDescriptorDeserializer, Microsoft.AspNetCore.DataProtection, Culture=neutral, PublicKeyToken=adb9793829ddae60
2022-10-27 12:55:01.9052|DEBUG|Microsoft.AspNetCore.DataProtection.AuthenticatedEncryption.CngCbcAuthenticatedEncryptorFactory|Opening CNG algorithm 'AES' from provider '(null)' with chaining mode CBC.
2022-10-27 12:55:01.9252|DEBUG|Microsoft.AspNetCore.DataProtection.AuthenticatedEncryption.CngCbcAuthenticatedEncryptorFactory|Opening CNG algorithm 'SHA256' from provider '(null)' with HMAC.
2022-10-27 12:55:01.9252|DEBUG|Microsoft.AspNetCore.DataProtection.KeyManagement.KeyRingProvider|Using key {04e5a2ad-1397-4660-ac53-2ddf8dcdf7c3} as the default key.
2022-10-27 12:55:01.9252|DEBUG|Microsoft.AspNetCore.DataProtection.Internal.DataProtectionHostedService|Key ring with default key {04e5a2ad-1397-4660-ac53-2ddf8dcdf7c3} was loaded during application startup.
2022-10-27 12:55:02.8634|DEBUG|Microsoft.AspNetCore.Hosting.Diagnostics|Loaded hosting startup assembly ParentInformation
2022-10-27 12:55:02.8634|DEBUG|Microsoft.AspNetCore.Hosting.Diagnostics|Loaded hosting startup assembly Microsoft.AspNetCore.Watch.BrowserRefresh
2022-10-27 12:55:02.8634|DEBUG|Microsoft.AspNetCore.Hosting.Diagnostics|Loaded hosting startup assembly Microsoft.WebTools.BrowserLink.Net
2022-10-27 12:55:02.9450|INFO|Microsoft.Hosting.Lifetime|Application started. Press Ctrl+C to shut down.
2022-10-27 12:55:03.0688|INFO|Microsoft.Hosting.Lifetime|Hosting environment: Development
2022-10-27 12:55:03.1206|INFO|Microsoft.Hosting.Lifetime|Content root path: C:\Users\2116787\Downloads\applcation\ParentApplication\Server\ParentInformation\ParentInformation
2022-10-27 12:55:03.1206|DEBUG|Microsoft.Extensions.Hosting.Internal.Host|Hosting started
2022-10-27 12:55:03.1730|INFO|Microsoft.AspNetCore.Hosting.Diagnostics|Request starting HTTP/2.0 GET https://localhost:44309/swagger/index.html  
2022-10-27 12:55:03.3049|DEBUG|Microsoft.AspNetCore.HostFiltering.HostFilteringMiddleware|Wildcard detected, all requests with hosts will be allowed.
2022-10-27 12:55:03.3049|TRACE|Microsoft.AspNetCore.HostFiltering.HostFilteringMiddleware|All hosts are allowed.
2022-10-27 12:55:03.4385|DEBUG|Microsoft.AspNetCore.Watch.BrowserRefresh.BrowserRefreshMiddleware|Response markup is scheduled to include browser refresh script injection.
2022-10-27 12:55:03.9598|DEBUG|Microsoft.AspNetCore.Watch.BrowserRefresh.BrowserRefreshMiddleware|Response markup was updated to include browser refresh script injection.
2022-10-27 12:55:03.9721|INFO|Microsoft.AspNetCore.Hosting.Diagnostics|Request finished in 803.5093ms 200 text/html;charset=utf-8
2022-10-27 12:55:04.2215|INFO|Microsoft.AspNetCore.Hosting.Diagnostics|Request starting HTTP/2.0 GET https://localhost:44309/_framework/aspnetcore-browser-refresh.js  
2022-10-27 12:55:04.2215|INFO|Microsoft.AspNetCore.Hosting.Diagnostics|Request starting HTTP/2.0 GET https://localhost:44309/_vs/browserLink  
2022-10-27 12:55:04.2215|INFO|Microsoft.AspNetCore.Hosting.Diagnostics|Request finished in 9.3293ms 200 application/javascript; charset=utf-8
2022-10-27 12:55:04.5866|INFO|Microsoft.AspNetCore.Hosting.Diagnostics|Request finished in 362.916ms 200 text/javascript; charset=UTF-8
2022-10-27 12:55:04.9219|INFO|Microsoft.AspNetCore.Hosting.Diagnostics|Request starting HTTP/2.0 GET https://localhost:44309/swagger/v1/swagger.json  
2022-10-27 12:55:04.9219|TRACE|Microsoft.AspNetCore.HostFiltering.HostFilteringMiddleware|All hosts are allowed.
2022-10-27 12:55:05.2383|INFO|Microsoft.AspNetCore.Hosting.Diagnostics|Request finished in 316.7686ms 200 application/json;charset=utf-8
2022-10-27 12:55:17.4341|INFO|Microsoft.AspNetCore.Hosting.Diagnostics|Request starting HTTP/2.0 GET https://localhost:44309/ParentsDetails  
2022-10-27 12:55:17.4409|TRACE|Microsoft.AspNetCore.HostFiltering.HostFilteringMiddleware|All hosts are allowed.
2022-10-27 12:55:17.4409|DEBUG|Microsoft.AspNetCore.StaticFiles.StaticFileMiddleware|The request path  does not match the path filter
2022-10-27 12:55:17.5894|DEBUG|Microsoft.AspNetCore.Routing.Matching.DfaMatcher|1 candidate(s) found for the request path '/ParentsDetails'
2022-10-27 12:55:17.5965|DEBUG|Microsoft.AspNetCore.Routing.Matching.DfaMatcher|Endpoint 'ParentInformation.Controllers.ParentsController.GetParents (ParentInformation)' with route pattern 'ParentsDetails' is valid for the request path '/ParentsDetails'
2022-10-27 12:55:17.5965|DEBUG|Microsoft.AspNetCore.Routing.EndpointRoutingMiddleware|Request matched endpoint 'ParentInformation.Controllers.ParentsController.GetParents (ParentInformation)'
2022-10-27 12:55:17.9692|DEBUG|Microsoft.AspNetCore.Authentication.JwtBearer.JwtBearerHandler|AuthenticationScheme: Bearer was not authenticated.
2022-10-27 12:55:17.9898|INFO|Microsoft.AspNetCore.Authorization.DefaultAuthorizationService|Authorization failed.
2022-10-27 12:55:18.0030|INFO|Microsoft.AspNetCore.Authentication.JwtBearer.JwtBearerHandler|AuthenticationScheme: Bearer was challenged.
2022-10-27 12:55:18.0030|INFO|Microsoft.AspNetCore.Hosting.Diagnostics|Request finished in 572.9592ms 401 
2022-10-27 12:56:08.9397|INFO|Microsoft.AspNetCore.Hosting.Diagnostics|Request starting HTTP/2.0 GET https://localhost:44309/ParentsDetails  
2022-10-27 12:56:08.9397|TRACE|Microsoft.AspNetCore.HostFiltering.HostFilteringMiddleware|All hosts are allowed.
2022-10-27 12:56:08.9397|DEBUG|Microsoft.AspNetCore.StaticFiles.StaticFileMiddleware|The request path  does not match the path filter
2022-10-27 12:56:08.9582|DEBUG|Microsoft.AspNetCore.Routing.Matching.DfaMatcher|1 candidate(s) found for the request path '/ParentsDetails'
2022-10-27 12:56:08.9582|DEBUG|Microsoft.AspNetCore.Routing.Matching.DfaMatcher|Endpoint 'ParentInformation.Controllers.ParentsController.GetParents (ParentInformation)' with route pattern 'ParentsDetails' is valid for the request path '/ParentsDetails'
2022-10-27 12:56:08.9582|DEBUG|Microsoft.AspNetCore.Routing.EndpointRoutingMiddleware|Request matched endpoint 'ParentInformation.Controllers.ParentsController.GetParents (ParentInformation)'
2022-10-27 12:56:09.0722|INFO|Microsoft.AspNetCore.Authentication.JwtBearer.JwtBearerHandler|Bearer was not authenticated. Failure message: No SecurityTokenValidator available for token: Bearer eyJhbGciOiJIUzI1NiIsInR5cCI6IkpXVCJ9.eyJuYW1lIjoiQWRtaW4iLCJyb2xlIjoiQWRtaW5pc3RyYXRvciIsIm5iZiI6MTY2Njg1NTU0MSwiZXhwIjoxNjY2ODU2NzQxLCJpYXQiOjE2NjY4NTU1NDF9.Z_arJPMrJiPaIL0IJ1y9iTpeDz_GIxKU_5vJG4K4wvk
2022-10-27 12:56:09.0722|INFO|Microsoft.AspNetCore.Authorization.DefaultAuthorizationService|Authorization failed.
2022-10-27 12:56:09.0896|INFO|Microsoft.AspNetCore.Authentication.JwtBearer.JwtBearerHandler|AuthenticationScheme: Bearer was challenged.
2022-10-27 12:56:09.0896|INFO|Microsoft.AspNetCore.Hosting.Diagnostics|Request finished in 151.7889ms 401 
2022-10-27 12:56:11.5400|INFO|Microsoft.AspNetCore.Hosting.Diagnostics|Request starting HTTP/2.0 GET https://localhost:44309/ParentsDetails  
2022-10-27 12:56:11.5400|TRACE|Microsoft.AspNetCore.HostFiltering.HostFilteringMiddleware|All hosts are allowed.
2022-10-27 12:56:11.5483|DEBUG|Microsoft.AspNetCore.StaticFiles.StaticFileMiddleware|The request path  does not match the path filter
2022-10-27 12:56:11.5483|DEBUG|Microsoft.AspNetCore.Routing.Matching.DfaMatcher|1 candidate(s) found for the request path '/ParentsDetails'
2022-10-27 12:56:11.5483|DEBUG|Microsoft.AspNetCore.Routing.Matching.DfaMatcher|Endpoint 'ParentInformation.Controllers.ParentsController.GetParents (ParentInformation)' with route pattern 'ParentsDetails' is valid for the request path '/ParentsDetails'
2022-10-27 12:56:11.5483|DEBUG|Microsoft.AspNetCore.Routing.EndpointRoutingMiddleware|Request matched endpoint 'ParentInformation.Controllers.ParentsController.GetParents (ParentInformation)'
2022-10-27 12:56:11.5483|INFO|Microsoft.AspNetCore.Authentication.JwtBearer.JwtBearerHandler|Bearer was not authenticated. Failure message: No SecurityTokenValidator available for token: Bearer eyJhbGciOiJIUzI1NiIsInR5cCI6IkpXVCJ9.eyJuYW1lIjoiQWRtaW4iLCJyb2xlIjoiQWRtaW5pc3RyYXRvciIsIm5iZiI6MTY2Njg1NTU0MSwiZXhwIjoxNjY2ODU2NzQxLCJpYXQiOjE2NjY4NTU1NDF9.Z_arJPMrJiPaIL0IJ1y9iTpeDz_GIxKU_5vJG4K4wvk
2022-10-27 12:56:11.5622|INFO|Microsoft.AspNetCore.Authorization.DefaultAuthorizationService|Authorization failed.
2022-10-27 12:56:11.5622|INFO|Microsoft.AspNetCore.Authentication.JwtBearer.JwtBearerHandler|AuthenticationScheme: Bearer was challenged.
2022-10-27 12:56:11.5622|INFO|Microsoft.AspNetCore.Hosting.Diagnostics|Request finished in 26.7246ms 401 
2022-10-27 12:56:12.3469|INFO|Microsoft.AspNetCore.Hosting.Diagnostics|Request starting HTTP/2.0 GET https://localhost:44309/ParentsDetails  
2022-10-27 12:56:12.3469|TRACE|Microsoft.AspNetCore.HostFiltering.HostFilteringMiddleware|All hosts are allowed.
2022-10-27 12:56:12.3469|DEBUG|Microsoft.AspNetCore.StaticFiles.StaticFileMiddleware|The request path  does not match the path filter
2022-10-27 12:56:12.3469|DEBUG|Microsoft.AspNetCore.Routing.Matching.DfaMatcher|1 candidate(s) found for the request path '/ParentsDetails'
2022-10-27 12:56:12.3469|DEBUG|Microsoft.AspNetCore.Routing.Matching.DfaMatcher|Endpoint 'ParentInformation.Controllers.ParentsController.GetParents (ParentInformation)' with route pattern 'ParentsDetails' is valid for the request path '/ParentsDetails'
2022-10-27 12:56:12.3469|DEBUG|Microsoft.AspNetCore.Routing.EndpointRoutingMiddleware|Request matched endpoint 'ParentInformation.Controllers.ParentsController.GetParents (ParentInformation)'
2022-10-27 12:56:12.3469|INFO|Microsoft.AspNetCore.Authentication.JwtBearer.JwtBearerHandler|Bearer was not authenticated. Failure message: No SecurityTokenValidator available for token: Bearer eyJhbGciOiJIUzI1NiIsInR5cCI6IkpXVCJ9.eyJuYW1lIjoiQWRtaW4iLCJyb2xlIjoiQWRtaW5pc3RyYXRvciIsIm5iZiI6MTY2Njg1NTU0MSwiZXhwIjoxNjY2ODU2NzQxLCJpYXQiOjE2NjY4NTU1NDF9.Z_arJPMrJiPaIL0IJ1y9iTpeDz_GIxKU_5vJG4K4wvk
2022-10-27 12:56:12.3469|INFO|Microsoft.AspNetCore.Authorization.DefaultAuthorizationService|Authorization failed.
2022-10-27 12:56:12.3469|INFO|Microsoft.AspNetCore.Authentication.JwtBearer.JwtBearerHandler|AuthenticationScheme: Bearer was challenged.
2022-10-27 12:56:12.3591|INFO|Microsoft.AspNetCore.Hosting.Diagnostics|Request finished in 12.2069ms 401 
2022-10-27 12:56:13.0373|INFO|Microsoft.AspNetCore.Hosting.Diagnostics|Request starting HTTP/2.0 GET https://localhost:44309/ParentsDetails  
2022-10-27 12:56:13.0373|TRACE|Microsoft.AspNetCore.HostFiltering.HostFilteringMiddleware|All hosts are allowed.
2022-10-27 12:56:13.0373|DEBUG|Microsoft.AspNetCore.StaticFiles.StaticFileMiddleware|The request path  does not match the path filter
2022-10-27 12:56:13.0373|DEBUG|Microsoft.AspNetCore.Routing.Matching.DfaMatcher|1 candidate(s) found for the request path '/ParentsDetails'
2022-10-27 12:56:13.0373|DEBUG|Microsoft.AspNetCore.Routing.Matching.DfaMatcher|Endpoint 'ParentInformation.Controllers.ParentsController.GetParents (ParentInformation)' with route pattern 'ParentsDetails' is valid for the request path '/ParentsDetails'
2022-10-27 12:56:13.0373|DEBUG|Microsoft.AspNetCore.Routing.EndpointRoutingMiddleware|Request matched endpoint 'ParentInformation.Controllers.ParentsController.GetParents (ParentInformation)'
2022-10-27 12:56:13.0373|INFO|Microsoft.AspNetCore.Authentication.JwtBearer.JwtBearerHandler|Bearer was not authenticated. Failure message: No SecurityTokenValidator available for token: Bearer eyJhbGciOiJIUzI1NiIsInR5cCI6IkpXVCJ9.eyJuYW1lIjoiQWRtaW4iLCJyb2xlIjoiQWRtaW5pc3RyYXRvciIsIm5iZiI6MTY2Njg1NTU0MSwiZXhwIjoxNjY2ODU2NzQxLCJpYXQiOjE2NjY4NTU1NDF9.Z_arJPMrJiPaIL0IJ1y9iTpeDz_GIxKU_5vJG4K4wvk
2022-10-27 12:56:13.0471|INFO|Microsoft.AspNetCore.Authorization.DefaultAuthorizationService|Authorization failed.
2022-10-27 12:56:13.0471|INFO|Microsoft.AspNetCore.Authentication.JwtBearer.JwtBearerHandler|AuthenticationScheme: Bearer was challenged.
2022-10-27 12:56:13.0471|INFO|Microsoft.AspNetCore.Hosting.Diagnostics|Request finished in 13.4455ms 401 
2022-10-27 12:56:13.6891|INFO|Microsoft.AspNetCore.Hosting.Diagnostics|Request starting HTTP/2.0 GET https://localhost:44309/ParentsDetails  
2022-10-27 12:56:13.6891|TRACE|Microsoft.AspNetCore.HostFiltering.HostFilteringMiddleware|All hosts are allowed.
2022-10-27 12:56:13.6891|DEBUG|Microsoft.AspNetCore.StaticFiles.StaticFileMiddleware|The request path  does not match the path filter
2022-10-27 12:56:13.6891|DEBUG|Microsoft.AspNetCore.Routing.Matching.DfaMatcher|1 candidate(s) found for the request path '/ParentsDetails'
2022-10-27 12:56:13.6891|DEBUG|Microsoft.AspNetCore.Routing.Matching.DfaMatcher|Endpoint 'ParentInformation.Controllers.ParentsController.GetParents (ParentInformation)' with route pattern 'ParentsDetails' is valid for the request path '/ParentsDetails'
2022-10-27 12:56:13.6891|DEBUG|Microsoft.AspNetCore.Routing.EndpointRoutingMiddleware|Request matched endpoint 'ParentInformation.Controllers.ParentsController.GetParents (ParentInformation)'
2022-10-27 12:56:13.6891|INFO|Microsoft.AspNetCore.Authentication.JwtBearer.JwtBearerHandler|Bearer was not authenticated. Failure message: No SecurityTokenValidator available for token: Bearer eyJhbGciOiJIUzI1NiIsInR5cCI6IkpXVCJ9.eyJuYW1lIjoiQWRtaW4iLCJyb2xlIjoiQWRtaW5pc3RyYXRvciIsIm5iZiI6MTY2Njg1NTU0MSwiZXhwIjoxNjY2ODU2NzQxLCJpYXQiOjE2NjY4NTU1NDF9.Z_arJPMrJiPaIL0IJ1y9iTpeDz_GIxKU_5vJG4K4wvk
2022-10-27 12:56:13.6891|INFO|Microsoft.AspNetCore.Authorization.DefaultAuthorizationService|Authorization failed.
2022-10-27 12:56:13.6891|INFO|Microsoft.AspNetCore.Authentication.JwtBearer.JwtBearerHandler|AuthenticationScheme: Bearer was challenged.
2022-10-27 12:56:13.6891|INFO|Microsoft.AspNetCore.Hosting.Diagnostics|Request finished in 11.4968ms 401 
2022-10-27 12:56:16.4136|INFO|Microsoft.AspNetCore.Hosting.Diagnostics|Request starting HTTP/2.0 GET https://localhost:44309/ParentsDetails  
2022-10-27 12:56:16.4136|TRACE|Microsoft.AspNetCore.HostFiltering.HostFilteringMiddleware|All hosts are allowed.
2022-10-27 12:56:16.4328|DEBUG|Microsoft.AspNetCore.StaticFiles.StaticFileMiddleware|The request path  does not match the path filter
2022-10-27 12:56:16.4328|DEBUG|Microsoft.AspNetCore.Routing.Matching.DfaMatcher|1 candidate(s) found for the request path '/ParentsDetails'
2022-10-27 12:56:16.4328|DEBUG|Microsoft.AspNetCore.Routing.Matching.DfaMatcher|Endpoint 'ParentInformation.Controllers.ParentsController.GetParents (ParentInformation)' with route pattern 'ParentsDetails' is valid for the request path '/ParentsDetails'
2022-10-27 12:56:16.4373|DEBUG|Microsoft.AspNetCore.Routing.EndpointRoutingMiddleware|Request matched endpoint 'ParentInformation.Controllers.ParentsController.GetParents (ParentInformation)'
2022-10-27 12:56:16.4373|INFO|Microsoft.AspNetCore.Authentication.JwtBearer.JwtBearerHandler|Bearer was not authenticated. Failure message: No SecurityTokenValidator available for token: Bearer eyJhbGciOiJIUzI1NiIsInR5cCI6IkpXVCJ9.eyJuYW1lIjoiQWRtaW4iLCJyb2xlIjoiQWRtaW5pc3RyYXRvciIsIm5iZiI6MTY2Njg1NTU0MSwiZXhwIjoxNjY2ODU2NzQxLCJpYXQiOjE2NjY4NTU1NDF9.Z_arJPMrJiPaIL0IJ1y9iTpeDz_GIxKU_5vJG4K4wvk
2022-10-27 12:56:16.4373|INFO|Microsoft.AspNetCore.Authorization.DefaultAuthorizationService|Authorization failed.
2022-10-27 12:56:16.4373|INFO|Microsoft.AspNetCore.Authentication.JwtBearer.JwtBearerHandler|AuthenticationScheme: Bearer was challenged.
2022-10-27 12:56:16.4373|INFO|Microsoft.AspNetCore.Hosting.Diagnostics|Request finished in 28.82ms 401 
2022-10-27 12:56:17.1742|INFO|Microsoft.AspNetCore.Hosting.Diagnostics|Request starting HTTP/2.0 GET https://localhost:44309/ParentsDetails  
2022-10-27 12:56:17.1742|TRACE|Microsoft.AspNetCore.HostFiltering.HostFilteringMiddleware|All hosts are allowed.
2022-10-27 12:56:17.1742|DEBUG|Microsoft.AspNetCore.StaticFiles.StaticFileMiddleware|The request path  does not match the path filter
2022-10-27 12:56:17.1742|DEBUG|Microsoft.AspNetCore.Routing.Matching.DfaMatcher|1 candidate(s) found for the request path '/ParentsDetails'
2022-10-27 12:56:17.1742|DEBUG|Microsoft.AspNetCore.Routing.Matching.DfaMatcher|Endpoint 'ParentInformation.Controllers.ParentsController.GetParents (ParentInformation)' with route pattern 'ParentsDetails' is valid for the request path '/ParentsDetails'
2022-10-27 12:56:17.1742|DEBUG|Microsoft.AspNetCore.Routing.EndpointRoutingMiddleware|Request matched endpoint 'ParentInformation.Controllers.ParentsController.GetParents (ParentInformation)'
2022-10-27 12:56:17.1742|INFO|Microsoft.AspNetCore.Authentication.JwtBearer.JwtBearerHandler|Bearer was not authenticated. Failure message: No SecurityTokenValidator available for token: Bearer eyJhbGciOiJIUzI1NiIsInR5cCI6IkpXVCJ9.eyJuYW1lIjoiQWRtaW4iLCJyb2xlIjoiQWRtaW5pc3RyYXRvciIsIm5iZiI6MTY2Njg1NTU0MSwiZXhwIjoxNjY2ODU2NzQxLCJpYXQiOjE2NjY4NTU1NDF9.Z_arJPMrJiPaIL0IJ1y9iTpeDz_GIxKU_5vJG4K4wvk
2022-10-27 12:56:17.1742|INFO|Microsoft.AspNetCore.Authorization.DefaultAuthorizationService|Authorization failed.
2022-10-27 12:56:17.1742|INFO|Microsoft.AspNetCore.Authentication.JwtBearer.JwtBearerHandler|AuthenticationScheme: Bearer was challenged.
2022-10-27 12:56:17.1879|INFO|Microsoft.AspNetCore.Hosting.Diagnostics|Request finished in 12.7352ms 401 
2022-10-27 12:56:21.3240|INFO|Microsoft.AspNetCore.Hosting.Diagnostics|Request starting HTTP/2.0 GET https://localhost:44309/ParentsDetails  
2022-10-27 12:56:21.3240|TRACE|Microsoft.AspNetCore.HostFiltering.HostFilteringMiddleware|All hosts are allowed.
2022-10-27 12:56:21.3240|DEBUG|Microsoft.AspNetCore.StaticFiles.StaticFileMiddleware|The request path  does not match the path filter
2022-10-27 12:56:21.3292|DEBUG|Microsoft.AspNetCore.Routing.Matching.DfaMatcher|1 candidate(s) found for the request path '/ParentsDetails'
2022-10-27 12:56:21.3292|DEBUG|Microsoft.AspNetCore.Routing.Matching.DfaMatcher|Endpoint 'ParentInformation.Controllers.ParentsController.GetParents (ParentInformation)' with route pattern 'ParentsDetails' is valid for the request path '/ParentsDetails'
2022-10-27 12:56:21.3292|DEBUG|Microsoft.AspNetCore.Routing.EndpointRoutingMiddleware|Request matched endpoint 'ParentInformation.Controllers.ParentsController.GetParents (ParentInformation)'
2022-10-27 12:56:21.3292|INFO|Microsoft.AspNetCore.Authentication.JwtBearer.JwtBearerHandler|Bearer was not authenticated. Failure message: No SecurityTokenValidator available for token: Bearer eyJhbGciOiJIUzI1NiIsInR5cCI6IkpXVCJ9.eyJuYW1lIjoiQWRtaW4iLCJyb2xlIjoiQWRtaW5pc3RyYXRvciIsIm5iZiI6MTY2Njg1NTU0MSwiZXhwIjoxNjY2ODU2NzQxLCJpYXQiOjE2NjY4NTU1NDF9.Z_arJPMrJiPaIL0IJ1y9iTpeDz_GIxKU_5vJG4K4wvk
2022-10-27 12:56:21.3292|INFO|Microsoft.AspNetCore.Authorization.DefaultAuthorizationService|Authorization failed.
2022-10-27 12:56:21.3292|INFO|Microsoft.AspNetCore.Authentication.JwtBearer.JwtBearerHandler|AuthenticationScheme: Bearer was challenged.
2022-10-27 12:56:21.3292|INFO|Microsoft.AspNetCore.Hosting.Diagnostics|Request finished in 12.0184ms 401 
2022-10-27 12:56:37.3121|INFO|Microsoft.AspNetCore.Hosting.Diagnostics|Request starting HTTP/2.0 GET https://localhost:44309/ParentsDetails  
2022-10-27 12:56:37.3121|TRACE|Microsoft.AspNetCore.HostFiltering.HostFilteringMiddleware|All hosts are allowed.
2022-10-27 12:56:37.3121|DEBUG|Microsoft.AspNetCore.StaticFiles.StaticFileMiddleware|The request path  does not match the path filter
2022-10-27 12:56:37.3121|DEBUG|Microsoft.AspNetCore.Routing.Matching.DfaMatcher|1 candidate(s) found for the request path '/ParentsDetails'
2022-10-27 12:56:37.3121|DEBUG|Microsoft.AspNetCore.Routing.Matching.DfaMatcher|Endpoint 'ParentInformation.Controllers.ParentsController.GetParents (ParentInformation)' with route pattern 'ParentsDetails' is valid for the request path '/ParentsDetails'
2022-10-27 12:56:37.3121|DEBUG|Microsoft.AspNetCore.Routing.EndpointRoutingMiddleware|Request matched endpoint 'ParentInformation.Controllers.ParentsController.GetParents (ParentInformation)'
2022-10-27 12:56:37.8653|INFO|Microsoft.AspNetCore.Authentication.JwtBearer.JwtBearerHandler|Successfully validated the token.
2022-10-27 12:56:37.8653|DEBUG|Microsoft.AspNetCore.Authentication.JwtBearer.JwtBearerHandler|AuthenticationScheme: Bearer was successfully authenticated.
2022-10-27 12:56:37.8653|INFO|Microsoft.AspNetCore.Authorization.DefaultAuthorizationService|Authorization was successful.
2022-10-27 12:56:37.8653|INFO|Microsoft.AspNetCore.Routing.EndpointMiddleware|Executing endpoint 'ParentInformation.Controllers.ParentsController.GetParents (ParentInformation)'
2022-10-27 12:56:37.8745|DEBUG|Microsoft.AspNetCore.Mvc.ModelBinding.ModelBinderFactory|Registered model binder providers, in the following order: Microsoft.AspNetCore.Mvc.ModelBinding.Binders.BinderTypeModelBinderProvider, Microsoft.AspNetCore.Mvc.ModelBinding.Binders.ServicesModelBinderProvider, Microsoft.AspNetCore.Mvc.ModelBinding.Binders.BodyModelBinderProvider, Microsoft.AspNetCore.Mvc.ModelBinding.Binders.HeaderModelBinderProvider, Microsoft.AspNetCore.Mvc.ModelBinding.Binders.FloatingPointTypeModelBinderProvider, Microsoft.AspNetCore.Mvc.ModelBinding.Binders.EnumTypeModelBinderProvider, Microsoft.AspNetCore.Mvc.ModelBinding.Binders.SimpleTypeModelBinderProvider, Microsoft.AspNetCore.Mvc.ModelBinding.Binders.CancellationTokenModelBinderProvider, Microsoft.AspNetCore.Mvc.ModelBinding.Binders.ByteArrayModelBinderProvider, Microsoft.AspNetCore.Mvc.ModelBinding.Binders.FormFileModelBinderProvider, Microsoft.AspNetCore.Mvc.ModelBinding.Binders.FormCollectionModelBinderProvider, Microsoft.AspNetCore.Mvc.ModelBinding.Binders.KeyValuePairModelBinderProvider, Microsoft.AspNetCore.Mvc.ModelBinding.Binders.DictionaryModelBinderProvider, Microsoft.AspNetCore.Mvc.ModelBinding.Binders.ArrayModelBinderProvider, Microsoft.AspNetCore.Mvc.ModelBinding.Binders.CollectionModelBinderProvider, Microsoft.AspNetCore.Mvc.ModelBinding.Binders.ComplexTypeModelBinderProvider
2022-10-27 12:56:37.9217|INFO|Microsoft.AspNetCore.Mvc.Infrastructure.ControllerActionInvoker|Route matched with {action = "GetParents", controller = "Parents"}. Executing controller action with signature Microsoft.AspNetCore.Mvc.IActionResult GetParents() on controller ParentInformation.Controllers.ParentsController (ParentInformation).
2022-10-27 12:56:37.9217|DEBUG|Microsoft.AspNetCore.Mvc.Infrastructure.ControllerActionInvoker|Execution plan of authorization filters (in the following order): None
2022-10-27 12:56:37.9217|DEBUG|Microsoft.AspNetCore.Mvc.Infrastructure.ControllerActionInvoker|Execution plan of resource filters (in the following order): None
2022-10-27 12:56:37.9217|DEBUG|Microsoft.AspNetCore.Mvc.Infrastructure.ControllerActionInvoker|Execution plan of action filters (in the following order): Microsoft.AspNetCore.Mvc.ModelBinding.UnsupportedContentTypeFilter (Order: -3000), Microsoft.AspNetCore.Mvc.Infrastructure.ModelStateInvalidFilter (Order: -2000)
2022-10-27 12:56:37.9217|DEBUG|Microsoft.AspNetCore.Mvc.Infrastructure.ControllerActionInvoker|Execution plan of exception filters (in the following order): None
2022-10-27 12:56:37.9217|DEBUG|Microsoft.AspNetCore.Mvc.Infrastructure.ControllerActionInvoker|Execution plan of result filters (in the following order): Microsoft.AspNetCore.Mvc.Infrastructure.ClientErrorResultFilter (Order: -2000)
2022-10-27 12:56:37.9217|DEBUG|Microsoft.AspNetCore.Mvc.Infrastructure.ControllerActionInvoker|Executing controller factory for controller ParentInformation.Controllers.ParentsController (ParentInformation)
2022-10-27 12:56:38.2190|DEBUG|Microsoft.EntityFrameworkCore.Infrastructure|An 'IServiceProvider' was created for internal use by Entity Framework.
2022-10-27 12:56:38.4091|DEBUG|Microsoft.AspNetCore.Mvc.Infrastructure.ControllerActionInvoker|Executed controller factory for controller ParentInformation.Controllers.ParentsController (ParentInformation)
2022-10-27 12:56:38.4091|TRACE|Microsoft.AspNetCore.Mvc.Infrastructure.ControllerActionInvoker|Action Filter: Before executing OnActionExecuting on filter Microsoft.AspNetCore.Mvc.ModelBinding.UnsupportedContentTypeFilter.
2022-10-27 12:56:38.4091|TRACE|Microsoft.AspNetCore.Mvc.Infrastructure.ControllerActionInvoker|Action Filter: After executing OnActionExecuting on filter Microsoft.AspNetCore.Mvc.ModelBinding.UnsupportedContentTypeFilter.
2022-10-27 12:56:38.4091|TRACE|Microsoft.AspNetCore.Mvc.Infrastructure.ControllerActionInvoker|Action Filter: Before executing OnActionExecuting on filter Microsoft.AspNetCore.Mvc.Infrastructure.ModelStateInvalidFilter.
2022-10-27 12:56:38.4091|TRACE|Microsoft.AspNetCore.Mvc.Infrastructure.ControllerActionInvoker|Action Filter: After executing OnActionExecuting on filter Microsoft.AspNetCore.Mvc.Infrastructure.ModelStateInvalidFilter.
2022-10-27 12:56:38.4247|INFO|Microsoft.AspNetCore.Mvc.Infrastructure.ControllerActionInvoker|Executing action method ParentInformation.Controllers.ParentsController.GetParents (ParentInformation) - Validation state: Valid
2022-10-27 12:56:38.4247|INFO|ParentInformation.Controllers.ParentsController|Entered the GetParents Action Method
2022-10-27 12:56:39.1953|INFO|Microsoft.EntityFrameworkCore.Infrastructure|Entity Framework Core 3.1.10 initialized 'ParentContext' using provider 'Microsoft.EntityFrameworkCore.SqlServer' with options: None
2022-10-27 12:56:39.4709|DEBUG|Microsoft.EntityFrameworkCore.Query|queryContext => new QueryingEnumerable<Parent>(
    (RelationalQueryContext)queryContext, 
    RelationalCommandCache, 
    null, 
    null, 
    Func<QueryContext, DbDataReader, ResultContext, int[], ResultCoordinator, Parent>, 
    ParentInformation.Models.ParentContext, 
    null
)
2022-10-27 12:56:39.5117|DEBUG|Microsoft.EntityFrameworkCore.Database.Command|Creating DbCommand for 'ExecuteReader'.
2022-10-27 12:56:39.5954|DEBUG|Microsoft.EntityFrameworkCore.Database.Command|Created DbCommand for 'ExecuteReader' (80ms).
2022-10-27 12:56:39.5954|DEBUG|Microsoft.EntityFrameworkCore.Database.Connection|Opening connection to database 'ParentDb' on server '(localdb)\ProjectModels'.
2022-10-27 12:56:52.4746|DEBUG|Microsoft.EntityFrameworkCore.Database.Connection|Opened connection to database 'ParentDb' on server '(localdb)\ProjectModels'.
2022-10-27 12:56:52.4930|DEBUG|Microsoft.EntityFrameworkCore.Database.Command|Executing DbCommand [Parameters=[], CommandType='Text', CommandTimeout='30']
SELECT [p].[RegistationId], [p].[Address], [p].[Age], [p].[City], [p].[Country], [p].[EmailAddress], [p].[ParentName], [p].[PrimaryContactPerson], [p].[PrimaryContactPersonPhoneNumber], [p].[RegistrationDate], [p].[SecondaryContactPerson], [p].[SecondaryContactPersonPhoneNumber], [p].[State], [p].[StudentName], [p].[StudentRegistrationId], [p].[Zipcode], [p].[status]
FROM [parent] AS [p]
2022-10-27 12:56:52.5464|INFO|Microsoft.EntityFrameworkCore.Database.Command|Executed DbCommand (60ms) [Parameters=[], CommandType='Text', CommandTimeout='30']
SELECT [p].[RegistationId], [p].[Address], [p].[Age], [p].[City], [p].[Country], [p].[EmailAddress], [p].[ParentName], [p].[PrimaryContactPerson], [p].[PrimaryContactPersonPhoneNumber], [p].[RegistrationDate], [p].[SecondaryContactPerson], [p].[SecondaryContactPersonPhoneNumber], [p].[State], [p].[StudentName], [p].[StudentRegistrationId], [p].[Zipcode], [p].[status]
FROM [parent] AS [p]
2022-10-27 12:56:52.6165|DEBUG|Microsoft.EntityFrameworkCore.ChangeTracking|Context 'ParentContext' started tracking 'Parent' entity. Consider using 'DbContextOptionsBuilder.EnableSensitiveDataLogging' to see key values.
2022-10-27 12:56:52.6712|DEBUG|Microsoft.EntityFrameworkCore.ChangeTracking|Context 'ParentContext' started tracking 'Parent' entity. Consider using 'DbContextOptionsBuilder.EnableSensitiveDataLogging' to see key values.
2022-10-27 12:56:52.6712|DEBUG|Microsoft.EntityFrameworkCore.ChangeTracking|Context 'ParentContext' started tracking 'Parent' entity. Consider using 'DbContextOptionsBuilder.EnableSensitiveDataLogging' to see key values.
2022-10-27 12:56:52.6712|DEBUG|Microsoft.EntityFrameworkCore.ChangeTracking|Context 'ParentContext' started tracking 'Parent' entity. Consider using 'DbContextOptionsBuilder.EnableSensitiveDataLogging' to see key values.
2022-10-27 12:56:52.6712|DEBUG|Microsoft.EntityFrameworkCore.ChangeTracking|Context 'ParentContext' started tracking 'Parent' entity. Consider using 'DbContextOptionsBuilder.EnableSensitiveDataLogging' to see key values.
2022-10-27 12:56:52.6712|DEBUG|Microsoft.EntityFrameworkCore.ChangeTracking|Context 'ParentContext' started tracking 'Parent' entity. Consider using 'DbContextOptionsBuilder.EnableSensitiveDataLogging' to see key values.
2022-10-27 12:56:52.6712|DEBUG|Microsoft.EntityFrameworkCore.ChangeTracking|Context 'ParentContext' started tracking 'Parent' entity. Consider using 'DbContextOptionsBuilder.EnableSensitiveDataLogging' to see key values.
2022-10-27 12:56:52.6712|DEBUG|Microsoft.EntityFrameworkCore.ChangeTracking|Context 'ParentContext' started tracking 'Parent' entity. Consider using 'DbContextOptionsBuilder.EnableSensitiveDataLogging' to see key values.
2022-10-27 12:56:52.6712|DEBUG|Microsoft.EntityFrameworkCore.ChangeTracking|Context 'ParentContext' started tracking 'Parent' entity. Consider using 'DbContextOptionsBuilder.EnableSensitiveDataLogging' to see key values.
2022-10-27 12:56:52.6712|DEBUG|Microsoft.EntityFrameworkCore.ChangeTracking|Context 'ParentContext' started tracking 'Parent' entity. Consider using 'DbContextOptionsBuilder.EnableSensitiveDataLogging' to see key values.
2022-10-27 12:56:52.6875|DEBUG|Microsoft.EntityFrameworkCore.Database.Command|A data reader was disposed.
2022-10-27 12:56:52.6875|DEBUG|Microsoft.EntityFrameworkCore.Database.Connection|Closing connection to database 'ParentDb' on server '(localdb)\ProjectModels'.
2022-10-27 12:56:52.7079|DEBUG|Microsoft.EntityFrameworkCore.Database.Connection|Closed connection to database 'ParentDb' on server '(localdb)\ProjectModels'.
2022-10-27 12:56:52.7203|INFO|Microsoft.AspNetCore.Mvc.Infrastructure.ControllerActionInvoker|Executed action method ParentInformation.Controllers.ParentsController.GetParents (ParentInformation), returned result Microsoft.AspNetCore.Mvc.OkObjectResult in 14283.9217ms.
2022-10-27 12:56:52.7203|TRACE|Microsoft.AspNetCore.Mvc.Infrastructure.ControllerActionInvoker|Action Filter: Before executing OnActionExecuted on filter Microsoft.AspNetCore.Mvc.Infrastructure.ModelStateInvalidFilter.
2022-10-27 12:56:52.7203|TRACE|Microsoft.AspNetCore.Mvc.Infrastructure.ControllerActionInvoker|Action Filter: After executing OnActionExecuted on filter Microsoft.AspNetCore.Mvc.Infrastructure.ModelStateInvalidFilter.
2022-10-27 12:56:52.7203|TRACE|Microsoft.AspNetCore.Mvc.Infrastructure.ControllerActionInvoker|Action Filter: Before executing OnActionExecuted on filter Microsoft.AspNetCore.Mvc.ModelBinding.UnsupportedContentTypeFilter.
2022-10-27 12:56:52.7203|TRACE|Microsoft.AspNetCore.Mvc.Infrastructure.ControllerActionInvoker|Action Filter: After executing OnActionExecuted on filter Microsoft.AspNetCore.Mvc.ModelBinding.UnsupportedContentTypeFilter.
2022-10-27 12:56:52.7203|TRACE|Microsoft.AspNetCore.Mvc.Infrastructure.ControllerActionInvoker|Result Filter: Before executing OnResultExecuting on filter Microsoft.AspNetCore.Mvc.Infrastructure.ClientErrorResultFilter.
2022-10-27 12:56:52.7203|TRACE|Microsoft.AspNetCore.Mvc.Infrastructure.ControllerActionInvoker|Result Filter: After executing OnResultExecuting on filter Microsoft.AspNetCore.Mvc.Infrastructure.ClientErrorResultFilter.
2022-10-27 12:56:52.7203|TRACE|Microsoft.AspNetCore.Mvc.Infrastructure.ControllerActionInvoker|Before executing action result Microsoft.AspNetCore.Mvc.OkObjectResult.
2022-10-27 12:56:52.7203|DEBUG|Microsoft.AspNetCore.Mvc.Infrastructure.ObjectResultExecutor|Buffering IAsyncEnumerable instance of type 'Microsoft.EntityFrameworkCore.Internal.InternalDbSet`1[[ParentInformation.Models.Parent, ParentInformation, Version=1.0.0.0, Culture=neutral, PublicKeyToken=null]]'.
2022-10-27 12:56:52.7545|DEBUG|Microsoft.EntityFrameworkCore.Query|queryContext => new QueryingEnumerable<Parent>(
    (RelationalQueryContext)queryContext, 
    RelationalCommandCache, 
    null, 
    null, 
    Func<QueryContext, DbDataReader, ResultContext, int[], ResultCoordinator, Parent>, 
    ParentInformation.Models.ParentContext, 
    null
)
2022-10-27 12:56:52.7926|DEBUG|Microsoft.EntityFrameworkCore.Database.Command|Creating DbCommand for 'ExecuteReader'.
2022-10-27 12:56:52.7926|DEBUG|Microsoft.EntityFrameworkCore.Database.Command|Created DbCommand for 'ExecuteReader' (0ms).
2022-10-27 12:56:52.8012|DEBUG|Microsoft.EntityFrameworkCore.Database.Connection|Opening connection to database 'ParentDb' on server '(localdb)\ProjectModels'.
2022-10-27 12:56:52.8012|DEBUG|Microsoft.EntityFrameworkCore.Database.Connection|Opened connection to database 'ParentDb' on server '(localdb)\ProjectModels'.
2022-10-27 12:56:52.8012|DEBUG|Microsoft.EntityFrameworkCore.Database.Command|Executing DbCommand [Parameters=[], CommandType='Text', CommandTimeout='30']
SELECT [p].[RegistationId], [p].[Address], [p].[Age], [p].[City], [p].[Country], [p].[EmailAddress], [p].[ParentName], [p].[PrimaryContactPerson], [p].[PrimaryContactPersonPhoneNumber], [p].[RegistrationDate], [p].[SecondaryContactPerson], [p].[SecondaryContactPersonPhoneNumber], [p].[State], [p].[StudentName], [p].[StudentRegistrationId], [p].[Zipcode], [p].[status]
FROM [parent] AS [p]
2022-10-27 12:56:52.8752|INFO|Microsoft.EntityFrameworkCore.Database.Command|Executed DbCommand (67ms) [Parameters=[], CommandType='Text', CommandTimeout='30']
SELECT [p].[RegistationId], [p].[Address], [p].[Age], [p].[City], [p].[Country], [p].[EmailAddress], [p].[ParentName], [p].[PrimaryContactPerson], [p].[PrimaryContactPersonPhoneNumber], [p].[RegistrationDate], [p].[SecondaryContactPerson], [p].[SecondaryContactPersonPhoneNumber], [p].[State], [p].[StudentName], [p].[StudentRegistrationId], [p].[Zipcode], [p].[status]
FROM [parent] AS [p]
2022-10-27 12:56:52.9073|DEBUG|Microsoft.EntityFrameworkCore.Database.Command|A data reader was disposed.
2022-10-27 12:56:52.9073|DEBUG|Microsoft.EntityFrameworkCore.Database.Connection|Closing connection to database 'ParentDb' on server '(localdb)\ProjectModels'.
2022-10-27 12:56:52.9233|DEBUG|Microsoft.EntityFrameworkCore.Database.Connection|Closed connection to database 'ParentDb' on server '(localdb)\ProjectModels'.
2022-10-27 12:56:52.9233|DEBUG|Microsoft.AspNetCore.Mvc.Infrastructure.DefaultOutputFormatterSelector|List of registered output formatters, in the following order: Microsoft.AspNetCore.Mvc.Formatters.HttpNoContentOutputFormatter, Microsoft.AspNetCore.Mvc.Formatters.StringOutputFormatter, Microsoft.AspNetCore.Mvc.Formatters.StreamOutputFormatter, Microsoft.AspNetCore.Mvc.Formatters.SystemTextJsonOutputFormatter
2022-10-27 12:56:52.9233|DEBUG|Microsoft.AspNetCore.Mvc.Infrastructure.DefaultOutputFormatterSelector|No information found on request to perform content negotiation.
2022-10-27 12:56:52.9233|DEBUG|Microsoft.AspNetCore.Mvc.Infrastructure.DefaultOutputFormatterSelector|Attempting to select an output formatter without using a content type as no explicit content types were specified for the response.
2022-10-27 12:56:52.9233|DEBUG|Microsoft.AspNetCore.Mvc.Infrastructure.DefaultOutputFormatterSelector|Attempting to select the first formatter in the output formatters list which can write the result.
2022-10-27 12:56:52.9374|DEBUG|Microsoft.AspNetCore.Mvc.Infrastructure.DefaultOutputFormatterSelector|Selected output formatter 'Microsoft.AspNetCore.Mvc.Formatters.SystemTextJsonOutputFormatter' and content type 'application/json' to write the response.
2022-10-27 12:56:52.9374|INFO|Microsoft.AspNetCore.Mvc.Infrastructure.ObjectResultExecutor|Executing ObjectResult, writing value of type 'System.Collections.Generic.List`1[[ParentInformation.Models.Parent, ParentInformation, Version=1.0.0.0, Culture=neutral, PublicKeyToken=null]]'.
2022-10-27 12:56:52.9750|TRACE|Microsoft.AspNetCore.Mvc.Infrastructure.ControllerActionInvoker|After executing action result Microsoft.AspNetCore.Mvc.OkObjectResult.
2022-10-27 12:56:52.9750|TRACE|Microsoft.AspNetCore.Mvc.Infrastructure.ControllerActionInvoker|Result Filter: Before executing OnResultExecuted on filter Microsoft.AspNetCore.Mvc.Infrastructure.ClientErrorResultFilter.
2022-10-27 12:56:52.9750|TRACE|Microsoft.AspNetCore.Mvc.Infrastructure.ControllerActionInvoker|Result Filter: After executing OnResultExecuted on filter Microsoft.AspNetCore.Mvc.Infrastructure.ClientErrorResultFilter.
2022-10-27 12:56:52.9912|INFO|Microsoft.AspNetCore.Mvc.Infrastructure.ControllerActionInvoker|Executed action ParentInformation.Controllers.ParentsController.GetParents (ParentInformation) in 15059.2298ms
2022-10-27 12:56:52.9912|INFO|Microsoft.AspNetCore.Routing.EndpointMiddleware|Executed endpoint 'ParentInformation.Controllers.ParentsController.GetParents (ParentInformation)'
2022-10-27 12:56:53.0013|DEBUG|Microsoft.EntityFrameworkCore.Infrastructure|'ParentContext' disposed.
2022-10-27 12:56:53.0013|INFO|Microsoft.AspNetCore.Hosting.Diagnostics|Request finished in 15693.9786ms 200 application/json; charset=utf-8
2022-10-27 13:00:45.7635|INFO|Microsoft.AspNetCore.Hosting.Diagnostics|Request starting HTTP/2.0 GET https://localhost:44309/Parents/58854c73-1294-4998-2ec4-08dab00d8e4a  
2022-10-27 13:00:45.7659|TRACE|Microsoft.AspNetCore.HostFiltering.HostFilteringMiddleware|All hosts are allowed.
2022-10-27 13:00:45.7659|DEBUG|Microsoft.AspNetCore.StaticFiles.StaticFileMiddleware|The request path  does not match the path filter
2022-10-27 13:00:45.7659|DEBUG|Microsoft.AspNetCore.Routing.Matching.DfaMatcher|1 candidate(s) found for the request path '/Parents/58854c73-1294-4998-2ec4-08dab00d8e4a'
2022-10-27 13:00:45.7659|DEBUG|Microsoft.AspNetCore.Routing.Matching.DfaMatcher|Endpoint 'ParentInformation.Controllers.ParentsController.GetParentsByRegID (ParentInformation)' with route pattern 'Parents/{RegId}' is valid for the request path '/Parents/58854c73-1294-4998-2ec4-08dab00d8e4a'
2022-10-27 13:00:45.7659|DEBUG|Microsoft.AspNetCore.Routing.EndpointRoutingMiddleware|Request matched endpoint 'ParentInformation.Controllers.ParentsController.GetParentsByRegID (ParentInformation)'
2022-10-27 13:00:45.7845|DEBUG|Microsoft.AspNetCore.Authentication.JwtBearer.JwtBearerHandler|AuthenticationScheme: Bearer was not authenticated.
2022-10-27 13:00:45.7845|INFO|Microsoft.AspNetCore.Routing.EndpointMiddleware|Executing endpoint 'ParentInformation.Controllers.ParentsController.GetParentsByRegID (ParentInformation)'
2022-10-27 13:00:45.8668|INFO|Microsoft.AspNetCore.Mvc.Infrastructure.ControllerActionInvoker|Route matched with {action = "GetParentsByRegID", controller = "Parents"}. Executing controller action with signature Microsoft.AspNetCore.Mvc.IActionResult GetParentsByRegID(System.Guid) on controller ParentInformation.Controllers.ParentsController (ParentInformation).
2022-10-27 13:00:45.8668|DEBUG|Microsoft.AspNetCore.Mvc.Infrastructure.ControllerActionInvoker|Execution plan of authorization filters (in the following order): None
2022-10-27 13:00:45.8668|DEBUG|Microsoft.AspNetCore.Mvc.Infrastructure.ControllerActionInvoker|Execution plan of resource filters (in the following order): None
2022-10-27 13:00:45.8668|DEBUG|Microsoft.AspNetCore.Mvc.Infrastructure.ControllerActionInvoker|Execution plan of action filters (in the following order): Microsoft.AspNetCore.Mvc.ModelBinding.UnsupportedContentTypeFilter (Order: -3000), Microsoft.AspNetCore.Mvc.Infrastructure.ModelStateInvalidFilter (Order: -2000)
2022-10-27 13:00:45.8668|DEBUG|Microsoft.AspNetCore.Mvc.Infrastructure.ControllerActionInvoker|Execution plan of exception filters (in the following order): None
2022-10-27 13:00:45.8668|DEBUG|Microsoft.AspNetCore.Mvc.Infrastructure.ControllerActionInvoker|Execution plan of result filters (in the following order): Microsoft.AspNetCore.Mvc.Infrastructure.ClientErrorResultFilter (Order: -2000)
2022-10-27 13:00:45.8668|DEBUG|Microsoft.AspNetCore.Mvc.Infrastructure.ControllerActionInvoker|Executing controller factory for controller ParentInformation.Controllers.ParentsController (ParentInformation)
2022-10-27 13:00:45.8866|DEBUG|Microsoft.AspNetCore.Mvc.Infrastructure.ControllerActionInvoker|Executed controller factory for controller ParentInformation.Controllers.ParentsController (ParentInformation)
2022-10-27 13:00:45.9017|DEBUG|Microsoft.AspNetCore.Mvc.ModelBinding.ParameterBinder|Attempting to bind parameter 'RegId' of type 'System.Guid' ...
2022-10-27 13:00:45.9086|DEBUG|Microsoft.AspNetCore.Mvc.ModelBinding.Binders.SimpleTypeModelBinder|Attempting to bind parameter 'RegId' of type 'System.Guid' using the name 'RegId' in request data ...
2022-10-27 13:00:45.9086|DEBUG|Microsoft.AspNetCore.Mvc.ModelBinding.Binders.SimpleTypeModelBinder|Done attempting to bind parameter 'RegId' of type 'System.Guid'.
2022-10-27 13:00:45.9086|DEBUG|Microsoft.AspNetCore.Mvc.ModelBinding.ParameterBinder|Done attempting to bind parameter 'RegId' of type 'System.Guid'.
2022-10-27 13:00:45.9086|DEBUG|Microsoft.AspNetCore.Mvc.ModelBinding.ParameterBinder|Attempting to validate the bound parameter 'RegId' of type 'System.Guid' ...
2022-10-27 13:00:45.9815|DEBUG|Microsoft.AspNetCore.Mvc.ModelBinding.ParameterBinder|Done attempting to validate the bound parameter 'RegId' of type 'System.Guid'.
2022-10-27 13:00:45.9847|TRACE|Microsoft.AspNetCore.Mvc.Infrastructure.ControllerActionInvoker|Action Filter: Before executing OnActionExecuting on filter Microsoft.AspNetCore.Mvc.ModelBinding.UnsupportedContentTypeFilter.
2022-10-27 13:00:45.9847|TRACE|Microsoft.AspNetCore.Mvc.Infrastructure.ControllerActionInvoker|Action Filter: After executing OnActionExecuting on filter Microsoft.AspNetCore.Mvc.ModelBinding.UnsupportedContentTypeFilter.
2022-10-27 13:00:45.9847|TRACE|Microsoft.AspNetCore.Mvc.Infrastructure.ControllerActionInvoker|Action Filter: Before executing OnActionExecuting on filter Microsoft.AspNetCore.Mvc.Infrastructure.ModelStateInvalidFilter.
2022-10-27 13:00:45.9847|TRACE|Microsoft.AspNetCore.Mvc.Infrastructure.ControllerActionInvoker|Action Filter: After executing OnActionExecuting on filter Microsoft.AspNetCore.Mvc.Infrastructure.ModelStateInvalidFilter.
2022-10-27 13:00:45.9847|INFO|Microsoft.AspNetCore.Mvc.Infrastructure.ControllerActionInvoker|Executing action method ParentInformation.Controllers.ParentsController.GetParentsByRegID (ParentInformation) - Validation state: Valid
2022-10-27 13:00:45.9847|TRACE|Microsoft.AspNetCore.Mvc.Infrastructure.ControllerActionInvoker|Executing action method ParentInformation.Controllers.ParentsController.GetParentsByRegID (ParentInformation) with arguments (58854c73-1294-4998-2ec4-08dab00d8e4a)
2022-10-27 13:00:46.0872|INFO|Microsoft.EntityFrameworkCore.Infrastructure|Entity Framework Core 3.1.10 initialized 'ParentContext' using provider 'Microsoft.EntityFrameworkCore.SqlServer' with options: None
2022-10-27 13:00:46.2949|DEBUG|Microsoft.EntityFrameworkCore.Query|queryContext => new QueryingEnumerable<Parent>(
    (RelationalQueryContext)queryContext, 
    RelationalCommandCache, 
    null, 
    null, 
    Func<QueryContext, DbDataReader, ResultContext, int[], ResultCoordinator, Parent>, 
    ParentInformation.Models.ParentContext, 
    null
)
    .SingleOrDefault()
2022-10-27 13:00:46.3049|DEBUG|Microsoft.EntityFrameworkCore.Database.Command|Creating DbCommand for 'ExecuteReader'.
2022-10-27 13:00:46.3049|DEBUG|Microsoft.EntityFrameworkCore.Database.Command|Created DbCommand for 'ExecuteReader' (1ms).
2022-10-27 13:00:46.3151|DEBUG|Microsoft.EntityFrameworkCore.Database.Connection|Opening connection to database 'ParentDb' on server '(localdb)\ProjectModels'.
2022-10-27 13:00:46.3151|DEBUG|Microsoft.EntityFrameworkCore.Database.Connection|Opened connection to database 'ParentDb' on server '(localdb)\ProjectModels'.
2022-10-27 13:00:46.3151|DEBUG|Microsoft.EntityFrameworkCore.Database.Command|Executing DbCommand [Parameters=[@__registrationId_0='?' (DbType = Guid)], CommandType='Text', CommandTimeout='30']
SELECT TOP(2) [p].[RegistationId], [p].[Address], [p].[Age], [p].[City], [p].[Country], [p].[EmailAddress], [p].[ParentName], [p].[PrimaryContactPerson], [p].[PrimaryContactPersonPhoneNumber], [p].[RegistrationDate], [p].[SecondaryContactPerson], [p].[SecondaryContactPersonPhoneNumber], [p].[State], [p].[StudentName], [p].[StudentRegistrationId], [p].[Zipcode], [p].[status]
FROM [parent] AS [p]
WHERE [p].[RegistationId] = @__registrationId_0
2022-10-27 13:00:46.4236|INFO|Microsoft.EntityFrameworkCore.Database.Command|Executed DbCommand (107ms) [Parameters=[@__registrationId_0='?' (DbType = Guid)], CommandType='Text', CommandTimeout='30']
SELECT TOP(2) [p].[RegistationId], [p].[Address], [p].[Age], [p].[City], [p].[Country], [p].[EmailAddress], [p].[ParentName], [p].[PrimaryContactPerson], [p].[PrimaryContactPersonPhoneNumber], [p].[RegistrationDate], [p].[SecondaryContactPerson], [p].[SecondaryContactPersonPhoneNumber], [p].[State], [p].[StudentName], [p].[StudentRegistrationId], [p].[Zipcode], [p].[status]
FROM [parent] AS [p]
WHERE [p].[RegistationId] = @__registrationId_0
2022-10-27 13:00:46.4236|DEBUG|Microsoft.EntityFrameworkCore.ChangeTracking|Context 'ParentContext' started tracking 'Parent' entity. Consider using 'DbContextOptionsBuilder.EnableSensitiveDataLogging' to see key values.
2022-10-27 13:00:46.4236|DEBUG|Microsoft.EntityFrameworkCore.Database.Command|A data reader was disposed.
2022-10-27 13:00:46.4236|DEBUG|Microsoft.EntityFrameworkCore.Database.Connection|Closing connection to database 'ParentDb' on server '(localdb)\ProjectModels'.
2022-10-27 13:00:46.4236|DEBUG|Microsoft.EntityFrameworkCore.Database.Connection|Closed connection to database 'ParentDb' on server '(localdb)\ProjectModels'.
2022-10-27 13:00:46.4236|INFO|Microsoft.AspNetCore.Mvc.Infrastructure.ControllerActionInvoker|Executed action method ParentInformation.Controllers.ParentsController.GetParentsByRegID (ParentInformation), returned result Microsoft.AspNetCore.Mvc.OkObjectResult in 443.7464ms.
2022-10-27 13:00:46.4236|TRACE|Microsoft.AspNetCore.Mvc.Infrastructure.ControllerActionInvoker|Action Filter: Before executing OnActionExecuted on filter Microsoft.AspNetCore.Mvc.Infrastructure.ModelStateInvalidFilter.
2022-10-27 13:00:46.4236|TRACE|Microsoft.AspNetCore.Mvc.Infrastructure.ControllerActionInvoker|Action Filter: After executing OnActionExecuted on filter Microsoft.AspNetCore.Mvc.Infrastructure.ModelStateInvalidFilter.
2022-10-27 13:00:46.4236|TRACE|Microsoft.AspNetCore.Mvc.Infrastructure.ControllerActionInvoker|Action Filter: Before executing OnActionExecuted on filter Microsoft.AspNetCore.Mvc.ModelBinding.UnsupportedContentTypeFilter.
2022-10-27 13:00:46.4236|TRACE|Microsoft.AspNetCore.Mvc.Infrastructure.ControllerActionInvoker|Action Filter: After executing OnActionExecuted on filter Microsoft.AspNetCore.Mvc.ModelBinding.UnsupportedContentTypeFilter.
2022-10-27 13:00:46.4236|TRACE|Microsoft.AspNetCore.Mvc.Infrastructure.ControllerActionInvoker|Result Filter: Before executing OnResultExecuting on filter Microsoft.AspNetCore.Mvc.Infrastructure.ClientErrorResultFilter.
2022-10-27 13:00:46.4236|TRACE|Microsoft.AspNetCore.Mvc.Infrastructure.ControllerActionInvoker|Result Filter: After executing OnResultExecuting on filter Microsoft.AspNetCore.Mvc.Infrastructure.ClientErrorResultFilter.
2022-10-27 13:00:46.4236|TRACE|Microsoft.AspNetCore.Mvc.Infrastructure.ControllerActionInvoker|Before executing action result Microsoft.AspNetCore.Mvc.OkObjectResult.
2022-10-27 13:00:46.4236|DEBUG|Microsoft.AspNetCore.Mvc.Infrastructure.DefaultOutputFormatterSelector|List of registered output formatters, in the following order: Microsoft.AspNetCore.Mvc.Formatters.HttpNoContentOutputFormatter, Microsoft.AspNetCore.Mvc.Formatters.StringOutputFormatter, Microsoft.AspNetCore.Mvc.Formatters.StreamOutputFormatter, Microsoft.AspNetCore.Mvc.Formatters.SystemTextJsonOutputFormatter
2022-10-27 13:00:46.4236|DEBUG|Microsoft.AspNetCore.Mvc.Infrastructure.DefaultOutputFormatterSelector|No information found on request to perform content negotiation.
2022-10-27 13:00:46.4236|DEBUG|Microsoft.AspNetCore.Mvc.Infrastructure.DefaultOutputFormatterSelector|Attempting to select an output formatter without using a content type as no explicit content types were specified for the response.
2022-10-27 13:00:46.4236|DEBUG|Microsoft.AspNetCore.Mvc.Infrastructure.DefaultOutputFormatterSelector|Attempting to select the first formatter in the output formatters list which can write the result.
2022-10-27 13:00:46.4236|DEBUG|Microsoft.AspNetCore.Mvc.Infrastructure.DefaultOutputFormatterSelector|Selected output formatter 'Microsoft.AspNetCore.Mvc.Formatters.SystemTextJsonOutputFormatter' and content type 'application/json' to write the response.
2022-10-27 13:00:46.4236|INFO|Microsoft.AspNetCore.Mvc.Infrastructure.ObjectResultExecutor|Executing ObjectResult, writing value of type 'ParentInformation.Models.Parent'.
2022-10-27 13:00:46.4236|TRACE|Microsoft.AspNetCore.Mvc.Infrastructure.ControllerActionInvoker|After executing action result Microsoft.AspNetCore.Mvc.OkObjectResult.
2022-10-27 13:00:46.4236|TRACE|Microsoft.AspNetCore.Mvc.Infrastructure.ControllerActionInvoker|Result Filter: Before executing OnResultExecuted on filter Microsoft.AspNetCore.Mvc.Infrastructure.ClientErrorResultFilter.
2022-10-27 13:00:46.4236|TRACE|Microsoft.AspNetCore.Mvc.Infrastructure.ControllerActionInvoker|Result Filter: After executing OnResultExecuted on filter Microsoft.AspNetCore.Mvc.Infrastructure.ClientErrorResultFilter.
2022-10-27 13:00:46.4236|INFO|Microsoft.AspNetCore.Mvc.Infrastructure.ControllerActionInvoker|Executed action ParentInformation.Controllers.ParentsController.GetParentsByRegID (ParentInformation) in 563.8911ms
2022-10-27 13:00:46.4236|INFO|Microsoft.AspNetCore.Routing.EndpointMiddleware|Executed endpoint 'ParentInformation.Controllers.ParentsController.GetParentsByRegID (ParentInformation)'
2022-10-27 13:00:46.4236|DEBUG|Microsoft.EntityFrameworkCore.Infrastructure|'ParentContext' disposed.
2022-10-27 13:00:46.4236|INFO|Microsoft.AspNetCore.Hosting.Diagnostics|Request finished in 669.3841ms 200 application/json; charset=utf-8
2022-10-27 13:48:09.1569|INFO|Microsoft.AspNetCore.Hosting.Diagnostics|Request starting HTTP/2.0 GET https://localhost:44309/ParentsDetails  
2022-10-27 13:48:09.1569|TRACE|Microsoft.AspNetCore.HostFiltering.HostFilteringMiddleware|All hosts are allowed.
2022-10-27 13:48:09.1806|DEBUG|Microsoft.AspNetCore.StaticFiles.StaticFileMiddleware|The request path  does not match the path filter
2022-10-27 13:48:09.1872|DEBUG|Microsoft.AspNetCore.Routing.Matching.DfaMatcher|1 candidate(s) found for the request path '/ParentsDetails'
2022-10-27 13:48:09.1872|DEBUG|Microsoft.AspNetCore.Routing.Matching.DfaMatcher|Endpoint 'ParentInformation.Controllers.ParentsController.GetParents (ParentInformation)' with route pattern 'ParentsDetails' is valid for the request path '/ParentsDetails'
2022-10-27 13:48:09.1872|DEBUG|Microsoft.AspNetCore.Routing.EndpointRoutingMiddleware|Request matched endpoint 'ParentInformation.Controllers.ParentsController.GetParents (ParentInformation)'
2022-10-27 13:48:09.1872|DEBUG|Microsoft.AspNetCore.Authentication.JwtBearer.JwtBearerHandler|AuthenticationScheme: Bearer was not authenticated.
2022-10-27 13:48:09.1872|INFO|Microsoft.AspNetCore.Authorization.DefaultAuthorizationService|Authorization failed.
2022-10-27 13:48:09.1872|INFO|Microsoft.AspNetCore.Authentication.JwtBearer.JwtBearerHandler|AuthenticationScheme: Bearer was challenged.
2022-10-27 13:48:09.1872|INFO|Microsoft.AspNetCore.Hosting.Diagnostics|Request finished in 44.2069ms 401 
2022-10-27 13:48:17.2168|INFO|Microsoft.AspNetCore.Hosting.Diagnostics|Request starting HTTP/2.0 GET https://localhost:44309/ParentsDetails  
2022-10-27 13:48:17.2299|TRACE|Microsoft.AspNetCore.HostFiltering.HostFilteringMiddleware|All hosts are allowed.
2022-10-27 13:48:17.2299|DEBUG|Microsoft.AspNetCore.StaticFiles.StaticFileMiddleware|The request path  does not match the path filter
2022-10-27 13:48:17.2299|DEBUG|Microsoft.AspNetCore.Routing.Matching.DfaMatcher|1 candidate(s) found for the request path '/ParentsDetails'
2022-10-27 13:48:17.2299|DEBUG|Microsoft.AspNetCore.Routing.Matching.DfaMatcher|Endpoint 'ParentInformation.Controllers.ParentsController.GetParents (ParentInformation)' with route pattern 'ParentsDetails' is valid for the request path '/ParentsDetails'
2022-10-27 13:48:17.2340|DEBUG|Microsoft.AspNetCore.Routing.EndpointRoutingMiddleware|Request matched endpoint 'ParentInformation.Controllers.ParentsController.GetParents (ParentInformation)'
2022-10-27 13:48:17.2340|DEBUG|Microsoft.AspNetCore.Authentication.JwtBearer.JwtBearerHandler|AuthenticationScheme: Bearer was not authenticated.
2022-10-27 13:48:17.2340|INFO|Microsoft.AspNetCore.Authorization.DefaultAuthorizationService|Authorization failed.
2022-10-27 13:48:17.2340|INFO|Microsoft.AspNetCore.Authentication.JwtBearer.JwtBearerHandler|AuthenticationScheme: Bearer was challenged.
2022-10-27 13:48:17.2340|INFO|Microsoft.AspNetCore.Hosting.Diagnostics|Request finished in 22.2523ms 401 
2022-10-27 13:48:23.6729|INFO|Microsoft.AspNetCore.Hosting.Diagnostics|Request starting HTTP/2.0 POST https://localhost:44309/RegisterParent application/json 422
2022-10-27 13:48:23.6729|TRACE|Microsoft.AspNetCore.HostFiltering.HostFilteringMiddleware|All hosts are allowed.
2022-10-27 13:48:23.6729|DEBUG|Microsoft.AspNetCore.StaticFiles.StaticFileMiddleware|POST requests are not supported
2022-10-27 13:48:23.6897|DEBUG|Microsoft.AspNetCore.Cors.Infrastructure.CorsService|The request has an origin header: 'https://localhost:44309'.
2022-10-27 13:48:23.6897|INFO|Microsoft.AspNetCore.Cors.Infrastructure.CorsService|CORS policy execution failed.
2022-10-27 13:48:23.6897|INFO|Microsoft.AspNetCore.Cors.Infrastructure.CorsService|Request origin https://localhost:44309 does not have permission to access the resource.
2022-10-27 13:48:23.6897|DEBUG|Microsoft.AspNetCore.Routing.Matching.DfaMatcher|1 candidate(s) found for the request path '/RegisterParent'
2022-10-27 13:48:23.6897|DEBUG|Microsoft.AspNetCore.Routing.Matching.DfaMatcher|Endpoint 'ParentInformation.Controllers.ParentsController.Create (ParentInformation)' with route pattern 'RegisterParent' is valid for the request path '/RegisterParent'
2022-10-27 13:48:23.6897|DEBUG|Microsoft.AspNetCore.Routing.EndpointRoutingMiddleware|Request matched endpoint 'ParentInformation.Controllers.ParentsController.Create (ParentInformation)'
2022-10-27 13:48:23.6897|DEBUG|Microsoft.AspNetCore.Authentication.JwtBearer.JwtBearerHandler|AuthenticationScheme: Bearer was not authenticated.
2022-10-27 13:48:23.7074|INFO|Microsoft.AspNetCore.Authorization.DefaultAuthorizationService|Authorization failed.
2022-10-27 13:48:23.7074|INFO|Microsoft.AspNetCore.Authentication.JwtBearer.JwtBearerHandler|AuthenticationScheme: Bearer was challenged.
2022-10-27 13:48:23.7074|INFO|Microsoft.AspNetCore.Hosting.Diagnostics|Request finished in 44.7264ms 401 
2022-10-27 14:55:18.8306|DEBUG|Microsoft.Extensions.Hosting.Internal.Host|Hosting starting
2022-10-27 14:55:19.0953|INFO|Microsoft.AspNetCore.DataProtection.KeyManagement.XmlKeyManager|User profile is available. Using 'C:\Users\2116787\AppData\Local\ASP.NET\DataProtection-Keys' as key repository and Windows DPAPI to encrypt keys at rest.
2022-10-27 14:55:19.1866|DEBUG|Microsoft.AspNetCore.DataProtection.Repositories.FileSystemXmlRepository|Reading data from file 'C:\Users\2116787\AppData\Local\ASP.NET\DataProtection-Keys\key-04e5a2ad-1397-4660-ac53-2ddf8dcdf7c3.xml'.
2022-10-27 14:55:19.2308|DEBUG|Microsoft.AspNetCore.DataProtection.KeyManagement.XmlKeyManager|Found key {04e5a2ad-1397-4660-ac53-2ddf8dcdf7c3}.
2022-10-27 14:55:19.2528|DEBUG|Microsoft.AspNetCore.DataProtection.KeyManagement.DefaultKeyResolver|Considering key {04e5a2ad-1397-4660-ac53-2ddf8dcdf7c3} with expiration date 2023-01-12 06:45:08Z as default key.
2022-10-27 14:55:19.4764|DEBUG|Microsoft.AspNetCore.DataProtection.TypeForwardingActivator|Forwarded activator type request from Microsoft.AspNetCore.DataProtection.XmlEncryption.DpapiXmlDecryptor, Microsoft.AspNetCore.DataProtection, Version=3.1.28.0, Culture=neutral, PublicKeyToken=adb9793829ddae60 to Microsoft.AspNetCore.DataProtection.XmlEncryption.DpapiXmlDecryptor, Microsoft.AspNetCore.DataProtection, Culture=neutral, PublicKeyToken=adb9793829ddae60
2022-10-27 14:55:19.4764|DEBUG|Microsoft.AspNetCore.DataProtection.XmlEncryption.DpapiXmlDecryptor|Decrypting secret element using Windows DPAPI.
2022-10-27 14:55:19.4764|DEBUG|Microsoft.AspNetCore.DataProtection.TypeForwardingActivator|Forwarded activator type request from Microsoft.AspNetCore.DataProtection.AuthenticatedEncryption.ConfigurationModel.AuthenticatedEncryptorDescriptorDeserializer, Microsoft.AspNetCore.DataProtection, Version=3.1.28.0, Culture=neutral, PublicKeyToken=adb9793829ddae60 to Microsoft.AspNetCore.DataProtection.AuthenticatedEncryption.ConfigurationModel.AuthenticatedEncryptorDescriptorDeserializer, Microsoft.AspNetCore.DataProtection, Culture=neutral, PublicKeyToken=adb9793829ddae60
2022-10-27 14:55:19.4764|DEBUG|Microsoft.AspNetCore.DataProtection.AuthenticatedEncryption.CngCbcAuthenticatedEncryptorFactory|Opening CNG algorithm 'AES' from provider '(null)' with chaining mode CBC.
2022-10-27 14:55:19.4949|DEBUG|Microsoft.AspNetCore.DataProtection.AuthenticatedEncryption.CngCbcAuthenticatedEncryptorFactory|Opening CNG algorithm 'SHA256' from provider '(null)' with HMAC.
2022-10-27 14:55:19.4949|DEBUG|Microsoft.AspNetCore.DataProtection.KeyManagement.KeyRingProvider|Using key {04e5a2ad-1397-4660-ac53-2ddf8dcdf7c3} as the default key.
2022-10-27 14:55:19.4949|DEBUG|Microsoft.AspNetCore.DataProtection.Internal.DataProtectionHostedService|Key ring with default key {04e5a2ad-1397-4660-ac53-2ddf8dcdf7c3} was loaded during application startup.
2022-10-27 14:55:20.5442|DEBUG|Microsoft.AspNetCore.Hosting.Diagnostics|Loaded hosting startup assembly ParentInformation
2022-10-27 14:55:20.5442|DEBUG|Microsoft.AspNetCore.Hosting.Diagnostics|Loaded hosting startup assembly Microsoft.AspNetCore.Watch.BrowserRefresh
2022-10-27 14:55:20.5442|DEBUG|Microsoft.AspNetCore.Hosting.Diagnostics|Loaded hosting startup assembly Microsoft.WebTools.BrowserLink.Net
2022-10-27 14:55:20.5930|INFO|Microsoft.Hosting.Lifetime|Application started. Press Ctrl+C to shut down.
2022-10-27 14:55:20.6193|INFO|Microsoft.Hosting.Lifetime|Hosting environment: Development
2022-10-27 14:55:21.1169|INFO|Microsoft.Hosting.Lifetime|Content root path: C:\Users\2116787\Downloads\applcation\ParentApplication\Server\ParentInformation\ParentInformation
2022-10-27 14:55:21.1169|DEBUG|Microsoft.Extensions.Hosting.Internal.Host|Hosting started
2022-10-27 14:55:21.2291|INFO|Microsoft.AspNetCore.Hosting.Diagnostics|Request starting HTTP/2.0 GET https://localhost:44309/swagger/index.html  
2022-10-27 14:55:21.3596|DEBUG|Microsoft.AspNetCore.HostFiltering.HostFilteringMiddleware|Wildcard detected, all requests with hosts will be allowed.
2022-10-27 14:55:21.3596|TRACE|Microsoft.AspNetCore.HostFiltering.HostFilteringMiddleware|All hosts are allowed.
2022-10-27 14:55:21.4673|DEBUG|Microsoft.AspNetCore.Watch.BrowserRefresh.BrowserRefreshMiddleware|Response markup is scheduled to include browser refresh script injection.
2022-10-27 14:55:22.0414|DEBUG|Microsoft.AspNetCore.Watch.BrowserRefresh.BrowserRefreshMiddleware|Response markup was updated to include browser refresh script injection.
2022-10-27 14:55:22.0988|INFO|Microsoft.AspNetCore.Hosting.Diagnostics|Request finished in 876.923ms 200 text/html;charset=utf-8
2022-10-27 14:55:22.1771|INFO|Microsoft.AspNetCore.Hosting.Diagnostics|Request starting HTTP/2.0 GET https://localhost:44309/_framework/aspnetcore-browser-refresh.js  
2022-10-27 14:55:22.1771|INFO|Microsoft.AspNetCore.Hosting.Diagnostics|Request starting HTTP/2.0 GET https://localhost:44309/_vs/browserLink  
2022-10-27 14:55:22.2150|INFO|Microsoft.AspNetCore.Hosting.Diagnostics|Request finished in 37.7823ms 200 application/javascript; charset=utf-8
2022-10-27 14:55:22.3841|INFO|Microsoft.AspNetCore.Hosting.Diagnostics|Request finished in 202.2962ms 200 text/javascript; charset=UTF-8
2022-10-27 14:55:22.6022|INFO|Microsoft.AspNetCore.Hosting.Diagnostics|Request starting HTTP/2.0 GET https://localhost:44309/swagger/v1/swagger.json  
2022-10-27 14:55:22.6022|TRACE|Microsoft.AspNetCore.HostFiltering.HostFilteringMiddleware|All hosts are allowed.
2022-10-27 14:55:22.9299|INFO|Microsoft.AspNetCore.Hosting.Diagnostics|Request finished in 327.9808ms 200 application/json;charset=utf-8
2022-10-27 18:03:44.1956|DEBUG|Microsoft.Extensions.Hosting.Internal.Host|Hosting starting
2022-10-27 18:03:44.3873|INFO|Microsoft.AspNetCore.DataProtection.KeyManagement.XmlKeyManager|User profile is available. Using 'C:\Users\2116787\AppData\Local\ASP.NET\DataProtection-Keys' as key repository and Windows DPAPI to encrypt keys at rest.
2022-10-27 18:03:44.4451|DEBUG|Microsoft.AspNetCore.DataProtection.Repositories.FileSystemXmlRepository|Reading data from file 'C:\Users\2116787\AppData\Local\ASP.NET\DataProtection-Keys\key-04e5a2ad-1397-4660-ac53-2ddf8dcdf7c3.xml'.
2022-10-27 18:03:44.4904|DEBUG|Microsoft.AspNetCore.DataProtection.KeyManagement.XmlKeyManager|Found key {04e5a2ad-1397-4660-ac53-2ddf8dcdf7c3}.
2022-10-27 18:03:44.5149|DEBUG|Microsoft.AspNetCore.DataProtection.KeyManagement.DefaultKeyResolver|Considering key {04e5a2ad-1397-4660-ac53-2ddf8dcdf7c3} with expiration date 2023-01-12 06:45:08Z as default key.
2022-10-27 18:03:44.7308|DEBUG|Microsoft.AspNetCore.DataProtection.TypeForwardingActivator|Forwarded activator type request from Microsoft.AspNetCore.DataProtection.XmlEncryption.DpapiXmlDecryptor, Microsoft.AspNetCore.DataProtection, Version=3.1.28.0, Culture=neutral, PublicKeyToken=adb9793829ddae60 to Microsoft.AspNetCore.DataProtection.XmlEncryption.DpapiXmlDecryptor, Microsoft.AspNetCore.DataProtection, Culture=neutral, PublicKeyToken=adb9793829ddae60
2022-10-27 18:03:44.7404|DEBUG|Microsoft.AspNetCore.DataProtection.XmlEncryption.DpapiXmlDecryptor|Decrypting secret element using Windows DPAPI.
2022-10-27 18:03:44.7404|DEBUG|Microsoft.AspNetCore.DataProtection.TypeForwardingActivator|Forwarded activator type request from Microsoft.AspNetCore.DataProtection.AuthenticatedEncryption.ConfigurationModel.AuthenticatedEncryptorDescriptorDeserializer, Microsoft.AspNetCore.DataProtection, Version=3.1.28.0, Culture=neutral, PublicKeyToken=adb9793829ddae60 to Microsoft.AspNetCore.DataProtection.AuthenticatedEncryption.ConfigurationModel.AuthenticatedEncryptorDescriptorDeserializer, Microsoft.AspNetCore.DataProtection, Culture=neutral, PublicKeyToken=adb9793829ddae60
2022-10-27 18:03:44.7515|DEBUG|Microsoft.AspNetCore.DataProtection.AuthenticatedEncryption.CngCbcAuthenticatedEncryptorFactory|Opening CNG algorithm 'AES' from provider '(null)' with chaining mode CBC.
2022-10-27 18:03:44.7515|DEBUG|Microsoft.AspNetCore.DataProtection.AuthenticatedEncryption.CngCbcAuthenticatedEncryptorFactory|Opening CNG algorithm 'SHA256' from provider '(null)' with HMAC.
2022-10-27 18:03:44.7718|DEBUG|Microsoft.AspNetCore.DataProtection.KeyManagement.KeyRingProvider|Using key {04e5a2ad-1397-4660-ac53-2ddf8dcdf7c3} as the default key.
2022-10-27 18:03:44.7718|DEBUG|Microsoft.AspNetCore.DataProtection.Internal.DataProtectionHostedService|Key ring with default key {04e5a2ad-1397-4660-ac53-2ddf8dcdf7c3} was loaded during application startup.
2022-10-27 18:03:47.7120|DEBUG|Microsoft.AspNetCore.Hosting.Diagnostics|Loaded hosting startup assembly ParentInformation
2022-10-27 18:03:47.7120|DEBUG|Microsoft.AspNetCore.Hosting.Diagnostics|Loaded hosting startup assembly Microsoft.AspNetCore.Watch.BrowserRefresh
2022-10-27 18:03:47.7120|DEBUG|Microsoft.AspNetCore.Hosting.Diagnostics|Loaded hosting startup assembly Microsoft.WebTools.BrowserLink.Net
2022-10-27 18:03:47.9415|INFO|Microsoft.Hosting.Lifetime|Application started. Press Ctrl+C to shut down.
2022-10-27 18:03:47.9601|INFO|Microsoft.Hosting.Lifetime|Hosting environment: Development
2022-10-27 18:03:47.9681|INFO|Microsoft.Hosting.Lifetime|Content root path: C:\Users\2116787\Downloads\applcation\ParentApplication\Server\ParentInformation\ParentInformation
2022-10-27 18:03:47.9681|DEBUG|Microsoft.Extensions.Hosting.Internal.Host|Hosting started
2022-10-27 18:03:48.0120|INFO|Microsoft.AspNetCore.Hosting.Diagnostics|Request starting HTTP/2.0 GET https://localhost:44309/swagger/index.html  
2022-10-27 18:03:48.0987|DEBUG|Microsoft.AspNetCore.HostFiltering.HostFilteringMiddleware|Wildcard detected, all requests with hosts will be allowed.
2022-10-27 18:03:48.0987|TRACE|Microsoft.AspNetCore.HostFiltering.HostFilteringMiddleware|All hosts are allowed.
2022-10-27 18:03:48.2251|DEBUG|Microsoft.AspNetCore.Watch.BrowserRefresh.BrowserRefreshMiddleware|Response markup is scheduled to include browser refresh script injection.
2022-10-27 18:03:48.6764|DEBUG|Microsoft.AspNetCore.Watch.BrowserRefresh.BrowserRefreshMiddleware|Response markup was updated to include browser refresh script injection.
2022-10-27 18:03:48.6764|INFO|Microsoft.AspNetCore.Hosting.Diagnostics|Request finished in 675.6488ms 200 text/html;charset=utf-8
2022-10-27 18:03:48.8189|INFO|Microsoft.AspNetCore.Hosting.Diagnostics|Request starting HTTP/2.0 GET https://localhost:44309/_vs/browserLink  
2022-10-27 18:03:48.8189|INFO|Microsoft.AspNetCore.Hosting.Diagnostics|Request starting HTTP/2.0 GET https://localhost:44309/_framework/aspnetcore-browser-refresh.js  
2022-10-27 18:03:48.8542|INFO|Microsoft.AspNetCore.Hosting.Diagnostics|Request finished in 35.081ms 200 application/javascript; charset=utf-8
2022-10-27 18:03:48.8910|INFO|Microsoft.AspNetCore.Hosting.Diagnostics|Request finished in 72.0834ms 200 text/javascript; charset=UTF-8
2022-10-27 18:03:49.2262|INFO|Microsoft.AspNetCore.Hosting.Diagnostics|Request starting HTTP/2.0 GET https://localhost:44309/swagger/v1/swagger.json  
2022-10-27 18:03:49.2262|TRACE|Microsoft.AspNetCore.HostFiltering.HostFilteringMiddleware|All hosts are allowed.
2022-10-27 18:03:49.4280|INFO|Microsoft.AspNetCore.Hosting.Diagnostics|Request finished in 202.0003ms 200 application/json;charset=utf-8
