2022-10-16 13:01:33.9382|DEBUG|Microsoft.Extensions.Hosting.Internal.Host|Hosting starting
2022-10-16 13:01:35.2347|DEBUG|Microsoft.AspNetCore.Hosting.Diagnostics|Loaded hosting startup assembly ParentInformation
2022-10-16 13:01:35.2398|DEBUG|Microsoft.AspNetCore.Hosting.Diagnostics|Loaded hosting startup assembly Microsoft.AspNetCore.Watch.BrowserRefresh
2022-10-16 13:01:35.2398|DEBUG|Microsoft.AspNetCore.Hosting.Diagnostics|Loaded hosting startup assembly Microsoft.WebTools.BrowserLink.Net
2022-10-16 13:01:35.2737|INFO|Microsoft.Hosting.Lifetime|Application started. Press Ctrl+C to shut down.
2022-10-16 13:01:35.3088|INFO|Microsoft.Hosting.Lifetime|Hosting environment: Development
2022-10-16 13:01:35.3235|INFO|Microsoft.Hosting.Lifetime|Content root path: C:\Users\2116787\Downloads\applcation\ParentApplication\Server\ParentInformation\ParentInformation
2022-10-16 13:01:35.3235|DEBUG|Microsoft.Extensions.Hosting.Internal.Host|Hosting started
2022-10-16 13:01:35.4084|INFO|Microsoft.AspNetCore.Hosting.Diagnostics|Request starting HTTP/2.0 GET https://localhost:44309/swagger/index.html  
2022-10-16 13:01:35.4849|DEBUG|Microsoft.AspNetCore.HostFiltering.HostFilteringMiddleware|Wildcard detected, all requests with hosts will be allowed.
2022-10-16 13:01:35.4849|TRACE|Microsoft.AspNetCore.HostFiltering.HostFilteringMiddleware|All hosts are allowed.
2022-10-16 13:01:35.6392|DEBUG|Microsoft.AspNetCore.Watch.BrowserRefresh.BrowserRefreshMiddleware|Response markup is scheduled to include browser refresh script injection.
2022-10-16 13:01:36.3721|DEBUG|Microsoft.AspNetCore.Watch.BrowserRefresh.BrowserRefreshMiddleware|Response markup was updated to include browser refresh script injection.
2022-10-16 13:01:36.3852|INFO|Microsoft.AspNetCore.Hosting.Diagnostics|Request finished in 980.3249ms 200 text/html;charset=utf-8
2022-10-16 13:01:36.4761|INFO|Microsoft.AspNetCore.Hosting.Diagnostics|Request starting HTTP/2.0 GET https://localhost:44309/swagger/swagger-ui.css  
2022-10-16 13:01:36.4761|INFO|Microsoft.AspNetCore.Hosting.Diagnostics|Request starting HTTP/2.0 GET https://localhost:44309/swagger/swagger-ui-standalone-preset.js  
2022-10-16 13:01:36.4761|TRACE|Microsoft.AspNetCore.HostFiltering.HostFilteringMiddleware|All hosts are allowed.
2022-10-16 13:01:36.4761|TRACE|Microsoft.AspNetCore.HostFiltering.HostFilteringMiddleware|All hosts are allowed.
2022-10-16 13:01:36.4761|INFO|Microsoft.AspNetCore.Hosting.Diagnostics|Request starting HTTP/2.0 GET https://localhost:44309/_framework/aspnetcore-browser-refresh.js  
2022-10-16 13:01:36.4948|INFO|Microsoft.AspNetCore.Hosting.Diagnostics|Request starting HTTP/2.0 GET https://localhost:44309/swagger/swagger-ui-bundle.js  
2022-10-16 13:01:36.4948|TRACE|Microsoft.AspNetCore.HostFiltering.HostFilteringMiddleware|All hosts are allowed.
2022-10-16 13:01:36.5803|INFO|Microsoft.AspNetCore.Hosting.Diagnostics|Request starting HTTP/2.0 GET https://localhost:44309/_vs/browserLink  
2022-10-16 13:01:36.5874|INFO|Microsoft.AspNetCore.Hosting.Diagnostics|Request finished in 110.252ms 200 application/javascript; charset=utf-8
2022-10-16 13:01:36.6092|TRACE|Microsoft.AspNetCore.StaticFiles.StaticFileMiddleware|Range header's value is empty.
2022-10-16 13:01:36.6092|TRACE|Microsoft.AspNetCore.StaticFiles.StaticFileMiddleware|Range header's value is empty.
2022-10-16 13:01:36.6092|TRACE|Microsoft.AspNetCore.StaticFiles.StaticFileMiddleware|Range header's value is empty.
2022-10-16 13:01:36.6466|INFO|Microsoft.AspNetCore.StaticFiles.StaticFileMiddleware|The file /swagger-ui-standalone-preset.js was not modified
2022-10-16 13:01:36.6465|INFO|Microsoft.AspNetCore.StaticFiles.StaticFileMiddleware|The file /swagger-ui.css was not modified
2022-10-16 13:01:36.6465|INFO|Microsoft.AspNetCore.StaticFiles.StaticFileMiddleware|The file /swagger-ui-bundle.js was not modified
2022-10-16 13:01:36.6465|DEBUG|Microsoft.AspNetCore.StaticFiles.StaticFileMiddleware|Handled. Status code: 304 File: /swagger-ui.css
2022-10-16 13:01:36.6465|DEBUG|Microsoft.AspNetCore.StaticFiles.StaticFileMiddleware|Handled. Status code: 304 File: /swagger-ui-bundle.js
2022-10-16 13:01:36.6465|DEBUG|Microsoft.AspNetCore.StaticFiles.StaticFileMiddleware|Handled. Status code: 304 File: /swagger-ui-standalone-preset.js
2022-10-16 13:01:36.6465|INFO|Microsoft.AspNetCore.Hosting.Diagnostics|Request finished in 162.6855ms 304 application/javascript
2022-10-16 13:01:36.6465|INFO|Microsoft.AspNetCore.Hosting.Diagnostics|Request finished in 181.393ms 304 application/javascript
2022-10-16 13:01:36.6465|INFO|Microsoft.AspNetCore.Hosting.Diagnostics|Request finished in 181.4124ms 304 text/css
2022-10-16 13:01:36.8011|INFO|Microsoft.AspNetCore.Hosting.Diagnostics|Request finished in 220.689ms 200 text/javascript; charset=UTF-8
2022-10-16 13:01:38.1349|INFO|Microsoft.AspNetCore.Hosting.Diagnostics|Request starting HTTP/2.0 GET https://localhost:44309/swagger/v1/swagger.json  
2022-10-16 13:01:38.1349|TRACE|Microsoft.AspNetCore.HostFiltering.HostFilteringMiddleware|All hosts are allowed.
2022-10-16 13:01:38.5939|INFO|Microsoft.AspNetCore.Hosting.Diagnostics|Request finished in 459.2712ms 200 application/json;charset=utf-8
2022-10-16 13:05:31.1905|INFO|Microsoft.AspNetCore.Hosting.Diagnostics|Request starting HTTP/2.0 GET https://localhost:44309/ParentsDetails  
2022-10-16 13:05:31.1976|TRACE|Microsoft.AspNetCore.HostFiltering.HostFilteringMiddleware|All hosts are allowed.
2022-10-16 13:05:31.2104|DEBUG|Microsoft.AspNetCore.StaticFiles.StaticFileMiddleware|The request path  does not match the path filter
2022-10-16 13:05:31.2903|DEBUG|Microsoft.AspNetCore.Routing.Matching.DfaMatcher|1 candidate(s) found for the request path '/ParentsDetails'
2022-10-16 13:05:31.2903|DEBUG|Microsoft.AspNetCore.Routing.Matching.DfaMatcher|Endpoint 'ParentInformation.Controllers.ParentsController.GetParents (ParentInformation)' with route pattern 'ParentsDetails' is valid for the request path '/ParentsDetails'
2022-10-16 13:05:31.2903|DEBUG|Microsoft.AspNetCore.Routing.EndpointRoutingMiddleware|Request matched endpoint 'ParentInformation.Controllers.ParentsController.GetParents (ParentInformation)'
2022-10-16 13:05:31.3035|INFO|Microsoft.AspNetCore.Routing.EndpointMiddleware|Executing endpoint 'ParentInformation.Controllers.ParentsController.GetParents (ParentInformation)'
2022-10-16 13:05:31.3239|DEBUG|Microsoft.AspNetCore.Mvc.ModelBinding.ModelBinderFactory|Registered model binder providers, in the following order: Microsoft.AspNetCore.Mvc.ModelBinding.Binders.BinderTypeModelBinderProvider, Microsoft.AspNetCore.Mvc.ModelBinding.Binders.ServicesModelBinderProvider, Microsoft.AspNetCore.Mvc.ModelBinding.Binders.BodyModelBinderProvider, Microsoft.AspNetCore.Mvc.ModelBinding.Binders.HeaderModelBinderProvider, Microsoft.AspNetCore.Mvc.ModelBinding.Binders.FloatingPointTypeModelBinderProvider, Microsoft.AspNetCore.Mvc.ModelBinding.Binders.EnumTypeModelBinderProvider, Microsoft.AspNetCore.Mvc.ModelBinding.Binders.SimpleTypeModelBinderProvider, Microsoft.AspNetCore.Mvc.ModelBinding.Binders.CancellationTokenModelBinderProvider, Microsoft.AspNetCore.Mvc.ModelBinding.Binders.ByteArrayModelBinderProvider, Microsoft.AspNetCore.Mvc.ModelBinding.Binders.FormFileModelBinderProvider, Microsoft.AspNetCore.Mvc.ModelBinding.Binders.FormCollectionModelBinderProvider, Microsoft.AspNetCore.Mvc.ModelBinding.Binders.KeyValuePairModelBinderProvider, Microsoft.AspNetCore.Mvc.ModelBinding.Binders.DictionaryModelBinderProvider, Microsoft.AspNetCore.Mvc.ModelBinding.Binders.ArrayModelBinderProvider, Microsoft.AspNetCore.Mvc.ModelBinding.Binders.CollectionModelBinderProvider, Microsoft.AspNetCore.Mvc.ModelBinding.Binders.ComplexTypeModelBinderProvider
2022-10-16 13:05:31.3963|INFO|Microsoft.AspNetCore.Mvc.Infrastructure.ControllerActionInvoker|Route matched with {action = "GetParents", controller = "Parents"}. Executing controller action with signature Microsoft.AspNetCore.Mvc.IActionResult GetParents() on controller ParentInformation.Controllers.ParentsController (ParentInformation).
2022-10-16 13:05:31.3963|DEBUG|Microsoft.AspNetCore.Mvc.Infrastructure.ControllerActionInvoker|Execution plan of authorization filters (in the following order): None
2022-10-16 13:05:31.3963|DEBUG|Microsoft.AspNetCore.Mvc.Infrastructure.ControllerActionInvoker|Execution plan of resource filters (in the following order): None
2022-10-16 13:05:31.3963|DEBUG|Microsoft.AspNetCore.Mvc.Infrastructure.ControllerActionInvoker|Execution plan of action filters (in the following order): Microsoft.AspNetCore.Mvc.ModelBinding.UnsupportedContentTypeFilter (Order: -3000), Microsoft.AspNetCore.Mvc.Infrastructure.ModelStateInvalidFilter (Order: -2000)
2022-10-16 13:05:31.3963|DEBUG|Microsoft.AspNetCore.Mvc.Infrastructure.ControllerActionInvoker|Execution plan of exception filters (in the following order): None
2022-10-16 13:05:31.3963|DEBUG|Microsoft.AspNetCore.Mvc.Infrastructure.ControllerActionInvoker|Execution plan of result filters (in the following order): Microsoft.AspNetCore.Mvc.Infrastructure.ClientErrorResultFilter (Order: -2000)
2022-10-16 13:05:31.3963|DEBUG|Microsoft.AspNetCore.Mvc.Infrastructure.ControllerActionInvoker|Executing controller factory for controller ParentInformation.Controllers.ParentsController (ParentInformation)
2022-10-16 13:05:31.8485|DEBUG|Microsoft.EntityFrameworkCore.Infrastructure|An 'IServiceProvider' was created for internal use by Entity Framework.
2022-10-16 13:05:32.1929|DEBUG|Microsoft.AspNetCore.Mvc.Infrastructure.ControllerActionInvoker|Executed controller factory for controller ParentInformation.Controllers.ParentsController (ParentInformation)
2022-10-16 13:05:32.1929|TRACE|Microsoft.AspNetCore.Mvc.Infrastructure.ControllerActionInvoker|Action Filter: Before executing OnActionExecuting on filter Microsoft.AspNetCore.Mvc.ModelBinding.UnsupportedContentTypeFilter.
2022-10-16 13:05:32.1929|TRACE|Microsoft.AspNetCore.Mvc.Infrastructure.ControllerActionInvoker|Action Filter: After executing OnActionExecuting on filter Microsoft.AspNetCore.Mvc.ModelBinding.UnsupportedContentTypeFilter.
2022-10-16 13:05:32.1929|TRACE|Microsoft.AspNetCore.Mvc.Infrastructure.ControllerActionInvoker|Action Filter: Before executing OnActionExecuting on filter Microsoft.AspNetCore.Mvc.Infrastructure.ModelStateInvalidFilter.
2022-10-16 13:05:32.1929|TRACE|Microsoft.AspNetCore.Mvc.Infrastructure.ControllerActionInvoker|Action Filter: After executing OnActionExecuting on filter Microsoft.AspNetCore.Mvc.Infrastructure.ModelStateInvalidFilter.
2022-10-16 13:05:32.1929|INFO|Microsoft.AspNetCore.Mvc.Infrastructure.ControllerActionInvoker|Executing action method ParentInformation.Controllers.ParentsController.GetParents (ParentInformation) - Validation state: Valid
2022-10-16 13:05:32.2169|INFO|ParentInformation.Controllers.ParentsController|Entered the GetParents Action Method
2022-10-16 13:05:33.4616|INFO|Microsoft.EntityFrameworkCore.Infrastructure|Entity Framework Core 3.1.10 initialized 'ParentContext' using provider 'Microsoft.EntityFrameworkCore.SqlServer' with options: None
2022-10-16 13:05:33.9633|DEBUG|Microsoft.EntityFrameworkCore.Query|queryContext => new QueryingEnumerable<Parent>(
    (RelationalQueryContext)queryContext, 
    RelationalCommandCache, 
    null, 
    null, 
    Func<QueryContext, DbDataReader, ResultContext, int[], ResultCoordinator, Parent>, 
    ParentInformation.Models.ParentContext, 
    null
)
2022-10-16 13:05:34.0222|DEBUG|Microsoft.EntityFrameworkCore.Database.Command|Creating DbCommand for 'ExecuteReader'.
2022-10-16 13:05:34.1473|DEBUG|Microsoft.EntityFrameworkCore.Database.Command|Created DbCommand for 'ExecuteReader' (126ms).
2022-10-16 13:05:34.1473|DEBUG|Microsoft.EntityFrameworkCore.Database.Connection|Opening connection to database 'ParentDb' on server '(localdb)\ProjectModels'.
2022-10-16 13:05:49.0642|DEBUG|Microsoft.EntityFrameworkCore.Database.Connection|Opened connection to database 'ParentDb' on server '(localdb)\ProjectModels'.
2022-10-16 13:05:49.0905|DEBUG|Microsoft.EntityFrameworkCore.Database.Command|Executing DbCommand [Parameters=[], CommandType='Text', CommandTimeout='30']
SELECT [p].[RegistationId], [p].[Address], [p].[Age], [p].[City], [p].[Country], [p].[EmailAddress], [p].[ParentName], [p].[PrimaryContactPerson], [p].[PrimaryContactPersonPhoneNumber], [p].[RegistrationDate], [p].[SecondaryContactPerson], [p].[SecondaryContactPersonPhoneNumber], [p].[State], [p].[StudentName], [p].[StudentRegistrationId], [p].[Zipcode], [p].[status]
FROM [parent] AS [p]
2022-10-16 13:05:49.1864|INFO|Microsoft.EntityFrameworkCore.Database.Command|Executed DbCommand (108ms) [Parameters=[], CommandType='Text', CommandTimeout='30']
SELECT [p].[RegistationId], [p].[Address], [p].[Age], [p].[City], [p].[Country], [p].[EmailAddress], [p].[ParentName], [p].[PrimaryContactPerson], [p].[PrimaryContactPersonPhoneNumber], [p].[RegistrationDate], [p].[SecondaryContactPerson], [p].[SecondaryContactPersonPhoneNumber], [p].[State], [p].[StudentName], [p].[StudentRegistrationId], [p].[Zipcode], [p].[status]
FROM [parent] AS [p]
2022-10-16 13:05:49.2892|DEBUG|Microsoft.EntityFrameworkCore.ChangeTracking|Context 'ParentContext' started tracking 'Parent' entity. Consider using 'DbContextOptionsBuilder.EnableSensitiveDataLogging' to see key values.
2022-10-16 13:05:49.3767|DEBUG|Microsoft.EntityFrameworkCore.ChangeTracking|Context 'ParentContext' started tracking 'Parent' entity. Consider using 'DbContextOptionsBuilder.EnableSensitiveDataLogging' to see key values.
2022-10-16 13:05:49.3767|DEBUG|Microsoft.EntityFrameworkCore.ChangeTracking|Context 'ParentContext' started tracking 'Parent' entity. Consider using 'DbContextOptionsBuilder.EnableSensitiveDataLogging' to see key values.
2022-10-16 13:05:49.3767|DEBUG|Microsoft.EntityFrameworkCore.ChangeTracking|Context 'ParentContext' started tracking 'Parent' entity. Consider using 'DbContextOptionsBuilder.EnableSensitiveDataLogging' to see key values.
2022-10-16 13:05:49.3767|DEBUG|Microsoft.EntityFrameworkCore.ChangeTracking|Context 'ParentContext' started tracking 'Parent' entity. Consider using 'DbContextOptionsBuilder.EnableSensitiveDataLogging' to see key values.
2022-10-16 13:05:49.3767|DEBUG|Microsoft.EntityFrameworkCore.ChangeTracking|Context 'ParentContext' started tracking 'Parent' entity. Consider using 'DbContextOptionsBuilder.EnableSensitiveDataLogging' to see key values.
2022-10-16 13:05:49.3767|DEBUG|Microsoft.EntityFrameworkCore.ChangeTracking|Context 'ParentContext' started tracking 'Parent' entity. Consider using 'DbContextOptionsBuilder.EnableSensitiveDataLogging' to see key values.
2022-10-16 13:05:49.3907|DEBUG|Microsoft.EntityFrameworkCore.Database.Command|A data reader was disposed.
2022-10-16 13:05:49.3969|DEBUG|Microsoft.EntityFrameworkCore.Database.Connection|Closing connection to database 'ParentDb' on server '(localdb)\ProjectModels'.
2022-10-16 13:05:49.4103|DEBUG|Microsoft.EntityFrameworkCore.Database.Connection|Closed connection to database 'ParentDb' on server '(localdb)\ProjectModels'.
2022-10-16 13:05:49.4103|INFO|Microsoft.AspNetCore.Mvc.Infrastructure.ControllerActionInvoker|Executed action method ParentInformation.Controllers.ParentsController.GetParents (ParentInformation), returned result Microsoft.AspNetCore.Mvc.OkObjectResult in 17204.3235ms.
2022-10-16 13:05:49.4103|TRACE|Microsoft.AspNetCore.Mvc.Infrastructure.ControllerActionInvoker|Action Filter: Before executing OnActionExecuted on filter Microsoft.AspNetCore.Mvc.Infrastructure.ModelStateInvalidFilter.
2022-10-16 13:05:49.4103|TRACE|Microsoft.AspNetCore.Mvc.Infrastructure.ControllerActionInvoker|Action Filter: After executing OnActionExecuted on filter Microsoft.AspNetCore.Mvc.Infrastructure.ModelStateInvalidFilter.
2022-10-16 13:05:49.4103|TRACE|Microsoft.AspNetCore.Mvc.Infrastructure.ControllerActionInvoker|Action Filter: Before executing OnActionExecuted on filter Microsoft.AspNetCore.Mvc.ModelBinding.UnsupportedContentTypeFilter.
2022-10-16 13:05:49.4103|TRACE|Microsoft.AspNetCore.Mvc.Infrastructure.ControllerActionInvoker|Action Filter: After executing OnActionExecuted on filter Microsoft.AspNetCore.Mvc.ModelBinding.UnsupportedContentTypeFilter.
2022-10-16 13:05:49.4103|TRACE|Microsoft.AspNetCore.Mvc.Infrastructure.ControllerActionInvoker|Result Filter: Before executing OnResultExecuting on filter Microsoft.AspNetCore.Mvc.Infrastructure.ClientErrorResultFilter.
2022-10-16 13:05:49.4103|TRACE|Microsoft.AspNetCore.Mvc.Infrastructure.ControllerActionInvoker|Result Filter: After executing OnResultExecuting on filter Microsoft.AspNetCore.Mvc.Infrastructure.ClientErrorResultFilter.
2022-10-16 13:05:49.4268|TRACE|Microsoft.AspNetCore.Mvc.Infrastructure.ControllerActionInvoker|Before executing action result Microsoft.AspNetCore.Mvc.OkObjectResult.
2022-10-16 13:05:49.4268|DEBUG|Microsoft.AspNetCore.Mvc.Infrastructure.ObjectResultExecutor|Buffering IAsyncEnumerable instance of type 'Microsoft.EntityFrameworkCore.Internal.InternalDbSet`1[[ParentInformation.Models.Parent, ParentInformation, Version=1.0.0.0, Culture=neutral, PublicKeyToken=null]]'.
2022-10-16 13:05:49.4568|DEBUG|Microsoft.EntityFrameworkCore.Query|queryContext => new QueryingEnumerable<Parent>(
    (RelationalQueryContext)queryContext, 
    RelationalCommandCache, 
    null, 
    null, 
    Func<QueryContext, DbDataReader, ResultContext, int[], ResultCoordinator, Parent>, 
    ParentInformation.Models.ParentContext, 
    null
)
2022-10-16 13:05:49.4833|DEBUG|Microsoft.EntityFrameworkCore.Database.Command|Creating DbCommand for 'ExecuteReader'.
2022-10-16 13:05:49.4833|DEBUG|Microsoft.EntityFrameworkCore.Database.Command|Created DbCommand for 'ExecuteReader' (0ms).
2022-10-16 13:05:49.4896|DEBUG|Microsoft.EntityFrameworkCore.Database.Connection|Opening connection to database 'ParentDb' on server '(localdb)\ProjectModels'.
2022-10-16 13:05:49.4896|DEBUG|Microsoft.EntityFrameworkCore.Database.Connection|Opened connection to database 'ParentDb' on server '(localdb)\ProjectModels'.
2022-10-16 13:05:49.4896|DEBUG|Microsoft.EntityFrameworkCore.Database.Command|Executing DbCommand [Parameters=[], CommandType='Text', CommandTimeout='30']
SELECT [p].[RegistationId], [p].[Address], [p].[Age], [p].[City], [p].[Country], [p].[EmailAddress], [p].[ParentName], [p].[PrimaryContactPerson], [p].[PrimaryContactPersonPhoneNumber], [p].[RegistrationDate], [p].[SecondaryContactPerson], [p].[SecondaryContactPersonPhoneNumber], [p].[State], [p].[StudentName], [p].[StudentRegistrationId], [p].[Zipcode], [p].[status]
FROM [parent] AS [p]
2022-10-16 13:05:49.5441|INFO|Microsoft.EntityFrameworkCore.Database.Command|Executed DbCommand (47ms) [Parameters=[], CommandType='Text', CommandTimeout='30']
SELECT [p].[RegistationId], [p].[Address], [p].[Age], [p].[City], [p].[Country], [p].[EmailAddress], [p].[ParentName], [p].[PrimaryContactPerson], [p].[PrimaryContactPersonPhoneNumber], [p].[RegistrationDate], [p].[SecondaryContactPerson], [p].[SecondaryContactPersonPhoneNumber], [p].[State], [p].[StudentName], [p].[StudentRegistrationId], [p].[Zipcode], [p].[status]
FROM [parent] AS [p]
2022-10-16 13:05:49.6449|DEBUG|Microsoft.EntityFrameworkCore.Database.Command|A data reader was disposed.
2022-10-16 13:05:49.6449|DEBUG|Microsoft.EntityFrameworkCore.Database.Connection|Closing connection to database 'ParentDb' on server '(localdb)\ProjectModels'.
2022-10-16 13:05:49.6623|DEBUG|Microsoft.EntityFrameworkCore.Database.Connection|Closed connection to database 'ParentDb' on server '(localdb)\ProjectModels'.
2022-10-16 13:05:49.6623|DEBUG|Microsoft.AspNetCore.Mvc.Infrastructure.DefaultOutputFormatterSelector|List of registered output formatters, in the following order: Microsoft.AspNetCore.Mvc.Formatters.HttpNoContentOutputFormatter, Microsoft.AspNetCore.Mvc.Formatters.StringOutputFormatter, Microsoft.AspNetCore.Mvc.Formatters.StreamOutputFormatter, Microsoft.AspNetCore.Mvc.Formatters.SystemTextJsonOutputFormatter
2022-10-16 13:05:49.6623|DEBUG|Microsoft.AspNetCore.Mvc.Infrastructure.DefaultOutputFormatterSelector|No information found on request to perform content negotiation.
2022-10-16 13:05:49.6623|DEBUG|Microsoft.AspNetCore.Mvc.Infrastructure.DefaultOutputFormatterSelector|Attempting to select an output formatter without using a content type as no explicit content types were specified for the response.
2022-10-16 13:05:49.6623|DEBUG|Microsoft.AspNetCore.Mvc.Infrastructure.DefaultOutputFormatterSelector|Attempting to select the first formatter in the output formatters list which can write the result.
2022-10-16 13:05:49.6623|DEBUG|Microsoft.AspNetCore.Mvc.Infrastructure.DefaultOutputFormatterSelector|Selected output formatter 'Microsoft.AspNetCore.Mvc.Formatters.SystemTextJsonOutputFormatter' and content type 'application/json' to write the response.
2022-10-16 13:05:49.6623|INFO|Microsoft.AspNetCore.Mvc.Infrastructure.ObjectResultExecutor|Executing ObjectResult, writing value of type 'System.Collections.Generic.List`1[[ParentInformation.Models.Parent, ParentInformation, Version=1.0.0.0, Culture=neutral, PublicKeyToken=null]]'.
2022-10-16 13:05:49.7110|TRACE|Microsoft.AspNetCore.Mvc.Infrastructure.ControllerActionInvoker|After executing action result Microsoft.AspNetCore.Mvc.OkObjectResult.
2022-10-16 13:05:49.7110|TRACE|Microsoft.AspNetCore.Mvc.Infrastructure.ControllerActionInvoker|Result Filter: Before executing OnResultExecuted on filter Microsoft.AspNetCore.Mvc.Infrastructure.ClientErrorResultFilter.
2022-10-16 13:05:49.7110|TRACE|Microsoft.AspNetCore.Mvc.Infrastructure.ControllerActionInvoker|Result Filter: After executing OnResultExecuted on filter Microsoft.AspNetCore.Mvc.Infrastructure.ClientErrorResultFilter.
2022-10-16 13:05:49.7271|INFO|Microsoft.AspNetCore.Mvc.Infrastructure.ControllerActionInvoker|Executed action ParentInformation.Controllers.ParentsController.GetParents (ParentInformation) in 18316.381ms
2022-10-16 13:05:49.7271|INFO|Microsoft.AspNetCore.Routing.EndpointMiddleware|Executed endpoint 'ParentInformation.Controllers.ParentsController.GetParents (ParentInformation)'
2022-10-16 13:05:49.7391|DEBUG|Microsoft.EntityFrameworkCore.Infrastructure|'ParentContext' disposed.
2022-10-16 13:05:49.7391|INFO|Microsoft.AspNetCore.Hosting.Diagnostics|Request finished in 18554.0692ms 200 application/json; charset=utf-8
2022-10-16 15:18:20.1930|DEBUG|Microsoft.Extensions.Hosting.Internal.Host|Hosting starting
2022-10-16 15:18:21.0040|DEBUG|Microsoft.AspNetCore.Hosting.Diagnostics|Loaded hosting startup assembly ParentInformation
2022-10-16 15:18:21.0275|DEBUG|Microsoft.AspNetCore.Hosting.Diagnostics|Loaded hosting startup assembly Microsoft.AspNetCore.Watch.BrowserRefresh
2022-10-16 15:18:21.0275|DEBUG|Microsoft.AspNetCore.Hosting.Diagnostics|Loaded hosting startup assembly Microsoft.WebTools.BrowserLink.Net
2022-10-16 15:18:21.0958|INFO|Microsoft.Hosting.Lifetime|Application started. Press Ctrl+C to shut down.
2022-10-16 15:18:21.1030|INFO|Microsoft.Hosting.Lifetime|Hosting environment: Development
2022-10-16 15:18:21.1030|INFO|Microsoft.Hosting.Lifetime|Content root path: C:\Users\2116787\Downloads\applcation\ParentApplication\Server\ParentInformation\ParentInformation
2022-10-16 15:18:21.1030|DEBUG|Microsoft.Extensions.Hosting.Internal.Host|Hosting started
2022-10-16 15:18:21.1545|INFO|Microsoft.AspNetCore.Hosting.Diagnostics|Request starting HTTP/2.0 GET https://localhost:44309/  
2022-10-16 15:18:21.2292|DEBUG|Microsoft.AspNetCore.HostFiltering.HostFilteringMiddleware|Wildcard detected, all requests with hosts will be allowed.
2022-10-16 15:18:21.2292|TRACE|Microsoft.AspNetCore.HostFiltering.HostFilteringMiddleware|All hosts are allowed.
2022-10-16 15:18:21.3982|DEBUG|Microsoft.AspNetCore.StaticFiles.StaticFileMiddleware|The request path  does not match the path filter
2022-10-16 15:18:21.4934|DEBUG|Microsoft.AspNetCore.Routing.Matching.DfaMatcher|No candidates found for the request path '/'
2022-10-16 15:18:21.4934|DEBUG|Microsoft.AspNetCore.Routing.EndpointRoutingMiddleware|Request did not match any endpoints
2022-10-16 15:18:22.7601|ERROR|Microsoft.AspNetCore.Diagnostics.DeveloperExceptionPageMiddleware|An unhandled exception has occurred while executing the request.|System.InvalidOperationException: StatusCode cannot be set because the response has already started.
   at Microsoft.AspNetCore.Server.IIS.Core.IISHttpContext.ThrowResponseAlreadyStartedException(String name)
   at Microsoft.AspNetCore.Server.IIS.Core.IISHttpContext.set_StatusCode(Int32 value)
   at Microsoft.AspNetCore.Server.IIS.Core.IISHttpContext.Microsoft.AspNetCore.Http.Features.IHttpResponseFeature.set_StatusCode(Int32 value)
   at Microsoft.AspNetCore.Http.DefaultHttpResponse.set_StatusCode(Int32 value)
   at Microsoft.AspNetCore.Builder.ApplicationBuilder.<>c.<Build>b__18_0(HttpContext context)
   at Microsoft.AspNetCore.Routing.EndpointMiddleware.Invoke(HttpContext httpContext)
   at Microsoft.AspNetCore.Authorization.AuthorizationMiddleware.Invoke(HttpContext context)
   at Swashbuckle.AspNetCore.SwaggerUI.SwaggerUIMiddleware.Invoke(HttpContext httpContext)
   at Swashbuckle.AspNetCore.Swagger.SwaggerMiddleware.Invoke(HttpContext httpContext, ISwaggerProvider swaggerProvider)
   at ParentInformation.Middleware.Invoke(HttpContext httpContext) in C:\Users\2116787\Downloads\applcation\ParentApplication\Server\ParentInformation\ParentInformation\Middleware.cs:line 21
   at Microsoft.AspNetCore.Diagnostics.DeveloperExceptionPageMiddleware.Invoke(HttpContext context)
2022-10-16 15:18:22.7698|WARN|Microsoft.AspNetCore.Diagnostics.DeveloperExceptionPageMiddleware|The response has already started, the error page middleware will not be executed.
2022-10-16 15:18:23.2383|ERROR|Microsoft.AspNetCore.Server.IIS.Core.IISHttpServer|Connection ID "18302628908719145251", Request ID "80000124-0005-fe00-b63f-84710c7967bb": An unhandled exception was thrown by the application.|System.InvalidOperationException: StatusCode cannot be set because the response has already started.
   at Microsoft.AspNetCore.Server.IIS.Core.IISHttpContext.ThrowResponseAlreadyStartedException(String name)
   at Microsoft.AspNetCore.Server.IIS.Core.IISHttpContext.set_StatusCode(Int32 value)
   at Microsoft.AspNetCore.Server.IIS.Core.IISHttpContext.Microsoft.AspNetCore.Http.Features.IHttpResponseFeature.set_StatusCode(Int32 value)
   at Microsoft.AspNetCore.Http.DefaultHttpResponse.set_StatusCode(Int32 value)
   at Microsoft.AspNetCore.Builder.ApplicationBuilder.<>c.<Build>b__18_0(HttpContext context)
   at Microsoft.AspNetCore.Routing.EndpointMiddleware.Invoke(HttpContext httpContext)
   at Microsoft.AspNetCore.Authorization.AuthorizationMiddleware.Invoke(HttpContext context)
   at Swashbuckle.AspNetCore.SwaggerUI.SwaggerUIMiddleware.Invoke(HttpContext httpContext)
   at Swashbuckle.AspNetCore.Swagger.SwaggerMiddleware.Invoke(HttpContext httpContext, ISwaggerProvider swaggerProvider)
   at ParentInformation.Middleware.Invoke(HttpContext httpContext) in C:\Users\2116787\Downloads\applcation\ParentApplication\Server\ParentInformation\ParentInformation\Middleware.cs:line 21
   at Microsoft.AspNetCore.Diagnostics.DeveloperExceptionPageMiddleware.Invoke(HttpContext context)
   at Microsoft.AspNetCore.Diagnostics.DeveloperExceptionPageMiddleware.Invoke(HttpContext context)
   at Microsoft.WebTools.BrowserLink.Net.BrowserLinkMiddleware.ExecuteWithFilterAsync(IHttpSocketAdapter injectScriptSocket, String requestId, HttpContext httpContext)
   at Microsoft.AspNetCore.Watch.BrowserRefresh.BrowserRefreshMiddleware.InvokeAsync(HttpContext context)
   at Microsoft.AspNetCore.Builder.Extensions.MapWhenMiddleware.Invoke(HttpContext context)
   at Microsoft.AspNetCore.Server.IIS.Core.IISHttpContextOfT`1.ProcessRequestAsync()
2022-10-16 15:18:23.2383|INFO|Microsoft.AspNetCore.Hosting.Diagnostics|Request finished in 2101.5491ms 200 
2022-10-16 15:18:23.7448|INFO|Microsoft.AspNetCore.Hosting.Diagnostics|Request starting HTTP/2.0 GET https://localhost:44309/favicon.ico  
2022-10-16 15:18:23.7448|TRACE|Microsoft.AspNetCore.HostFiltering.HostFilteringMiddleware|All hosts are allowed.
2022-10-16 15:18:23.7594|DEBUG|Microsoft.AspNetCore.StaticFiles.StaticFileMiddleware|The request path  does not match the path filter
2022-10-16 15:18:23.7594|DEBUG|Microsoft.AspNetCore.Routing.Matching.DfaMatcher|No candidates found for the request path '/favicon.ico'
2022-10-16 15:18:23.7594|DEBUG|Microsoft.AspNetCore.Routing.EndpointRoutingMiddleware|Request did not match any endpoints
2022-10-16 15:18:23.8719|ERROR|Microsoft.AspNetCore.Diagnostics.DeveloperExceptionPageMiddleware|An unhandled exception has occurred while executing the request.|System.InvalidOperationException: StatusCode cannot be set because the response has already started.
   at Microsoft.AspNetCore.Server.IIS.Core.IISHttpContext.ThrowResponseAlreadyStartedException(String name)
   at Microsoft.AspNetCore.Server.IIS.Core.IISHttpContext.set_StatusCode(Int32 value)
   at Microsoft.AspNetCore.Server.IIS.Core.IISHttpContext.Microsoft.AspNetCore.Http.Features.IHttpResponseFeature.set_StatusCode(Int32 value)
   at Microsoft.AspNetCore.Http.DefaultHttpResponse.set_StatusCode(Int32 value)
   at Microsoft.AspNetCore.Builder.ApplicationBuilder.<>c.<Build>b__18_0(HttpContext context)
   at Microsoft.AspNetCore.Routing.EndpointMiddleware.Invoke(HttpContext httpContext)
   at Microsoft.AspNetCore.Authorization.AuthorizationMiddleware.Invoke(HttpContext context)
   at Swashbuckle.AspNetCore.SwaggerUI.SwaggerUIMiddleware.Invoke(HttpContext httpContext)
   at Swashbuckle.AspNetCore.Swagger.SwaggerMiddleware.Invoke(HttpContext httpContext, ISwaggerProvider swaggerProvider)
   at ParentInformation.Middleware.Invoke(HttpContext httpContext) in C:\Users\2116787\Downloads\applcation\ParentApplication\Server\ParentInformation\ParentInformation\Middleware.cs:line 21
   at Microsoft.AspNetCore.Diagnostics.DeveloperExceptionPageMiddleware.Invoke(HttpContext context)
2022-10-16 15:18:23.8902|WARN|Microsoft.AspNetCore.Diagnostics.DeveloperExceptionPageMiddleware|The response has already started, the error page middleware will not be executed.
2022-10-16 15:18:23.9189|ERROR|Microsoft.AspNetCore.Server.IIS.Core.IISHttpServer|Connection ID "18086456118015426611", Request ID "80000034-0003-fb00-b63f-84710c7967bb": An unhandled exception was thrown by the application.|System.InvalidOperationException: StatusCode cannot be set because the response has already started.
   at Microsoft.AspNetCore.Server.IIS.Core.IISHttpContext.ThrowResponseAlreadyStartedException(String name)
   at Microsoft.AspNetCore.Server.IIS.Core.IISHttpContext.set_StatusCode(Int32 value)
   at Microsoft.AspNetCore.Server.IIS.Core.IISHttpContext.Microsoft.AspNetCore.Http.Features.IHttpResponseFeature.set_StatusCode(Int32 value)
   at Microsoft.AspNetCore.Http.DefaultHttpResponse.set_StatusCode(Int32 value)
   at Microsoft.AspNetCore.Builder.ApplicationBuilder.<>c.<Build>b__18_0(HttpContext context)
   at Microsoft.AspNetCore.Routing.EndpointMiddleware.Invoke(HttpContext httpContext)
   at Microsoft.AspNetCore.Authorization.AuthorizationMiddleware.Invoke(HttpContext context)
   at Swashbuckle.AspNetCore.SwaggerUI.SwaggerUIMiddleware.Invoke(HttpContext httpContext)
   at Swashbuckle.AspNetCore.Swagger.SwaggerMiddleware.Invoke(HttpContext httpContext, ISwaggerProvider swaggerProvider)
   at ParentInformation.Middleware.Invoke(HttpContext httpContext) in C:\Users\2116787\Downloads\applcation\ParentApplication\Server\ParentInformation\ParentInformation\Middleware.cs:line 21
   at Microsoft.AspNetCore.Diagnostics.DeveloperExceptionPageMiddleware.Invoke(HttpContext context)
   at Microsoft.AspNetCore.Diagnostics.DeveloperExceptionPageMiddleware.Invoke(HttpContext context)
   at Microsoft.AspNetCore.Watch.BrowserRefresh.BrowserRefreshMiddleware.InvokeAsync(HttpContext context)
   at Microsoft.AspNetCore.Builder.Extensions.MapWhenMiddleware.Invoke(HttpContext context)
   at Microsoft.AspNetCore.Server.IIS.Core.IISHttpContextOfT`1.ProcessRequestAsync()
2022-10-16 15:18:23.9189|INFO|Microsoft.AspNetCore.Hosting.Diagnostics|Request finished in 177.3014ms 200 
2022-10-16 15:18:31.0480|INFO|Microsoft.AspNetCore.Hosting.Diagnostics|Request starting HTTP/2.0 GET https://localhost:44309/swagger/index.html  
2022-10-16 15:18:31.0692|TRACE|Microsoft.AspNetCore.HostFiltering.HostFilteringMiddleware|All hosts are allowed.
2022-10-16 15:18:31.2714|ERROR|Microsoft.AspNetCore.Diagnostics.DeveloperExceptionPageMiddleware|An unhandled exception has occurred while executing the request.|System.InvalidOperationException: StatusCode cannot be set because the response has already started.
   at Microsoft.AspNetCore.Server.IIS.Core.IISHttpContext.ThrowResponseAlreadyStartedException(String name)
   at Microsoft.AspNetCore.Server.IIS.Core.IISHttpContext.set_StatusCode(Int32 value)
   at Microsoft.AspNetCore.Server.IIS.Core.IISHttpContext.Microsoft.AspNetCore.Http.Features.IHttpResponseFeature.set_StatusCode(Int32 value)
   at Microsoft.AspNetCore.Http.DefaultHttpResponse.set_StatusCode(Int32 value)
   at Swashbuckle.AspNetCore.SwaggerUI.SwaggerUIMiddleware.RespondWithIndexHtml(HttpResponse response)
   at Swashbuckle.AspNetCore.SwaggerUI.SwaggerUIMiddleware.Invoke(HttpContext httpContext)
   at Swashbuckle.AspNetCore.Swagger.SwaggerMiddleware.Invoke(HttpContext httpContext, ISwaggerProvider swaggerProvider)
   at ParentInformation.Middleware.Invoke(HttpContext httpContext) in C:\Users\2116787\Downloads\applcation\ParentApplication\Server\ParentInformation\ParentInformation\Middleware.cs:line 21
   at Microsoft.AspNetCore.Diagnostics.DeveloperExceptionPageMiddleware.Invoke(HttpContext context)
2022-10-16 15:18:31.2714|WARN|Microsoft.AspNetCore.Diagnostics.DeveloperExceptionPageMiddleware|The response has already started, the error page middleware will not be executed.
2022-10-16 15:18:31.3236|ERROR|Microsoft.AspNetCore.Server.IIS.Core.IISHttpServer|Connection ID "18302628891539275854", Request ID "8000004f-0001-fe00-b63f-84710c7967bb": An unhandled exception was thrown by the application.|System.InvalidOperationException: StatusCode cannot be set because the response has already started.
   at Microsoft.AspNetCore.Server.IIS.Core.IISHttpContext.ThrowResponseAlreadyStartedException(String name)
   at Microsoft.AspNetCore.Server.IIS.Core.IISHttpContext.set_StatusCode(Int32 value)
   at Microsoft.AspNetCore.Server.IIS.Core.IISHttpContext.Microsoft.AspNetCore.Http.Features.IHttpResponseFeature.set_StatusCode(Int32 value)
   at Microsoft.AspNetCore.Http.DefaultHttpResponse.set_StatusCode(Int32 value)
   at Swashbuckle.AspNetCore.SwaggerUI.SwaggerUIMiddleware.RespondWithIndexHtml(HttpResponse response)
   at Swashbuckle.AspNetCore.SwaggerUI.SwaggerUIMiddleware.Invoke(HttpContext httpContext)
   at Swashbuckle.AspNetCore.Swagger.SwaggerMiddleware.Invoke(HttpContext httpContext, ISwaggerProvider swaggerProvider)
   at ParentInformation.Middleware.Invoke(HttpContext httpContext) in C:\Users\2116787\Downloads\applcation\ParentApplication\Server\ParentInformation\ParentInformation\Middleware.cs:line 21
   at Microsoft.AspNetCore.Diagnostics.DeveloperExceptionPageMiddleware.Invoke(HttpContext context)
   at Microsoft.AspNetCore.Diagnostics.DeveloperExceptionPageMiddleware.Invoke(HttpContext context)
   at Microsoft.WebTools.BrowserLink.Net.BrowserLinkMiddleware.ExecuteWithFilterAsync(IHttpSocketAdapter injectScriptSocket, String requestId, HttpContext httpContext)
   at Microsoft.AspNetCore.Watch.BrowserRefresh.BrowserRefreshMiddleware.InvokeAsync(HttpContext context)
   at Microsoft.AspNetCore.Builder.Extensions.MapWhenMiddleware.Invoke(HttpContext context)
   at Microsoft.AspNetCore.Server.IIS.Core.IISHttpContextOfT`1.ProcessRequestAsync()
2022-10-16 15:18:31.3236|INFO|Microsoft.AspNetCore.Hosting.Diagnostics|Request finished in 278.8852ms 200 
2022-10-16 15:18:31.4879|INFO|Microsoft.AspNetCore.Hosting.Diagnostics|Request starting HTTP/2.0 GET https://localhost:44309/favicon.ico  
2022-10-16 15:18:31.4883|TRACE|Microsoft.AspNetCore.HostFiltering.HostFilteringMiddleware|All hosts are allowed.
2022-10-16 15:18:31.4883|DEBUG|Microsoft.AspNetCore.StaticFiles.StaticFileMiddleware|The request path  does not match the path filter
2022-10-16 15:18:31.4883|DEBUG|Microsoft.AspNetCore.Routing.Matching.DfaMatcher|No candidates found for the request path '/favicon.ico'
2022-10-16 15:18:31.4883|DEBUG|Microsoft.AspNetCore.Routing.EndpointRoutingMiddleware|Request did not match any endpoints
2022-10-16 15:18:31.6482|ERROR|Microsoft.AspNetCore.Diagnostics.DeveloperExceptionPageMiddleware|An unhandled exception has occurred while executing the request.|System.InvalidOperationException: StatusCode cannot be set because the response has already started.
   at Microsoft.AspNetCore.Server.IIS.Core.IISHttpContext.ThrowResponseAlreadyStartedException(String name)
   at Microsoft.AspNetCore.Server.IIS.Core.IISHttpContext.set_StatusCode(Int32 value)
   at Microsoft.AspNetCore.Server.IIS.Core.IISHttpContext.Microsoft.AspNetCore.Http.Features.IHttpResponseFeature.set_StatusCode(Int32 value)
   at Microsoft.AspNetCore.Http.DefaultHttpResponse.set_StatusCode(Int32 value)
   at Microsoft.AspNetCore.Builder.ApplicationBuilder.<>c.<Build>b__18_0(HttpContext context)
   at Microsoft.AspNetCore.Routing.EndpointMiddleware.Invoke(HttpContext httpContext)
   at Microsoft.AspNetCore.Authorization.AuthorizationMiddleware.Invoke(HttpContext context)
   at Swashbuckle.AspNetCore.SwaggerUI.SwaggerUIMiddleware.Invoke(HttpContext httpContext)
   at Swashbuckle.AspNetCore.Swagger.SwaggerMiddleware.Invoke(HttpContext httpContext, ISwaggerProvider swaggerProvider)
   at ParentInformation.Middleware.Invoke(HttpContext httpContext) in C:\Users\2116787\Downloads\applcation\ParentApplication\Server\ParentInformation\ParentInformation\Middleware.cs:line 21
   at Microsoft.AspNetCore.Diagnostics.DeveloperExceptionPageMiddleware.Invoke(HttpContext context)
2022-10-16 15:18:31.6638|WARN|Microsoft.AspNetCore.Diagnostics.DeveloperExceptionPageMiddleware|The response has already started, the error page middleware will not be executed.
2022-10-16 15:18:31.9220|ERROR|Microsoft.AspNetCore.Server.IIS.Core.IISHttpServer|Connection ID "18374686507052040653", Request ID "800001ce-0006-ff00-b63f-84710c7967bb": An unhandled exception was thrown by the application.|System.InvalidOperationException: StatusCode cannot be set because the response has already started.
   at Microsoft.AspNetCore.Server.IIS.Core.IISHttpContext.ThrowResponseAlreadyStartedException(String name)
   at Microsoft.AspNetCore.Server.IIS.Core.IISHttpContext.set_StatusCode(Int32 value)
   at Microsoft.AspNetCore.Server.IIS.Core.IISHttpContext.Microsoft.AspNetCore.Http.Features.IHttpResponseFeature.set_StatusCode(Int32 value)
   at Microsoft.AspNetCore.Http.DefaultHttpResponse.set_StatusCode(Int32 value)
   at Microsoft.AspNetCore.Builder.ApplicationBuilder.<>c.<Build>b__18_0(HttpContext context)
   at Microsoft.AspNetCore.Routing.EndpointMiddleware.Invoke(HttpContext httpContext)
   at Microsoft.AspNetCore.Authorization.AuthorizationMiddleware.Invoke(HttpContext context)
   at Swashbuckle.AspNetCore.SwaggerUI.SwaggerUIMiddleware.Invoke(HttpContext httpContext)
   at Swashbuckle.AspNetCore.Swagger.SwaggerMiddleware.Invoke(HttpContext httpContext, ISwaggerProvider swaggerProvider)
   at ParentInformation.Middleware.Invoke(HttpContext httpContext) in C:\Users\2116787\Downloads\applcation\ParentApplication\Server\ParentInformation\ParentInformation\Middleware.cs:line 21
   at Microsoft.AspNetCore.Diagnostics.DeveloperExceptionPageMiddleware.Invoke(HttpContext context)
   at Microsoft.AspNetCore.Diagnostics.DeveloperExceptionPageMiddleware.Invoke(HttpContext context)
   at Microsoft.AspNetCore.Watch.BrowserRefresh.BrowserRefreshMiddleware.InvokeAsync(HttpContext context)
   at Microsoft.AspNetCore.Builder.Extensions.MapWhenMiddleware.Invoke(HttpContext context)
   at Microsoft.AspNetCore.Server.IIS.Core.IISHttpContextOfT`1.ProcessRequestAsync()
2022-10-16 15:18:31.9268|INFO|Microsoft.AspNetCore.Hosting.Diagnostics|Request finished in 438.5242ms 200 
2022-10-16 15:18:59.8868|INFO|Microsoft.AspNetCore.Hosting.Diagnostics|Request starting HTTP/2.0 GET https://localhost:44309/swagger/index.html  
2022-10-16 15:18:59.8868|TRACE|Microsoft.AspNetCore.HostFiltering.HostFilteringMiddleware|All hosts are allowed.
2022-10-16 15:19:00.0052|ERROR|Microsoft.AspNetCore.Diagnostics.DeveloperExceptionPageMiddleware|An unhandled exception has occurred while executing the request.|System.InvalidOperationException: StatusCode cannot be set because the response has already started.
   at Microsoft.AspNetCore.Server.IIS.Core.IISHttpContext.ThrowResponseAlreadyStartedException(String name)
   at Microsoft.AspNetCore.Server.IIS.Core.IISHttpContext.set_StatusCode(Int32 value)
   at Microsoft.AspNetCore.Server.IIS.Core.IISHttpContext.Microsoft.AspNetCore.Http.Features.IHttpResponseFeature.set_StatusCode(Int32 value)
   at Microsoft.AspNetCore.Http.DefaultHttpResponse.set_StatusCode(Int32 value)
   at Swashbuckle.AspNetCore.SwaggerUI.SwaggerUIMiddleware.RespondWithIndexHtml(HttpResponse response)
   at Swashbuckle.AspNetCore.SwaggerUI.SwaggerUIMiddleware.Invoke(HttpContext httpContext)
   at Swashbuckle.AspNetCore.Swagger.SwaggerMiddleware.Invoke(HttpContext httpContext, ISwaggerProvider swaggerProvider)
   at ParentInformation.Middleware.Invoke(HttpContext httpContext) in C:\Users\2116787\Downloads\applcation\ParentApplication\Server\ParentInformation\ParentInformation\Middleware.cs:line 21
   at Microsoft.AspNetCore.Diagnostics.DeveloperExceptionPageMiddleware.Invoke(HttpContext context)
2022-10-16 15:19:00.0424|WARN|Microsoft.AspNetCore.Diagnostics.DeveloperExceptionPageMiddleware|The response has already started, the error page middleware will not be executed.
2022-10-16 15:19:00.0620|ERROR|Microsoft.AspNetCore.Server.IIS.Core.IISHttpServer|Connection ID "18374686498462105749", Request ID "80000096-0004-ff00-b63f-84710c7967bb": An unhandled exception was thrown by the application.|System.InvalidOperationException: StatusCode cannot be set because the response has already started.
   at Microsoft.AspNetCore.Server.IIS.Core.IISHttpContext.ThrowResponseAlreadyStartedException(String name)
   at Microsoft.AspNetCore.Server.IIS.Core.IISHttpContext.set_StatusCode(Int32 value)
   at Microsoft.AspNetCore.Server.IIS.Core.IISHttpContext.Microsoft.AspNetCore.Http.Features.IHttpResponseFeature.set_StatusCode(Int32 value)
   at Microsoft.AspNetCore.Http.DefaultHttpResponse.set_StatusCode(Int32 value)
   at Swashbuckle.AspNetCore.SwaggerUI.SwaggerUIMiddleware.RespondWithIndexHtml(HttpResponse response)
   at Swashbuckle.AspNetCore.SwaggerUI.SwaggerUIMiddleware.Invoke(HttpContext httpContext)
   at Swashbuckle.AspNetCore.Swagger.SwaggerMiddleware.Invoke(HttpContext httpContext, ISwaggerProvider swaggerProvider)
   at ParentInformation.Middleware.Invoke(HttpContext httpContext) in C:\Users\2116787\Downloads\applcation\ParentApplication\Server\ParentInformation\ParentInformation\Middleware.cs:line 21
   at Microsoft.AspNetCore.Diagnostics.DeveloperExceptionPageMiddleware.Invoke(HttpContext context)
   at Microsoft.AspNetCore.Diagnostics.DeveloperExceptionPageMiddleware.Invoke(HttpContext context)
   at Microsoft.WebTools.BrowserLink.Net.BrowserLinkMiddleware.ExecuteWithFilterAsync(IHttpSocketAdapter injectScriptSocket, String requestId, HttpContext httpContext)
   at Microsoft.AspNetCore.Watch.BrowserRefresh.BrowserRefreshMiddleware.InvokeAsync(HttpContext context)
   at Microsoft.AspNetCore.Builder.Extensions.MapWhenMiddleware.Invoke(HttpContext context)
   at Microsoft.AspNetCore.Server.IIS.Core.IISHttpContextOfT`1.ProcessRequestAsync()
2022-10-16 15:19:00.0620|INFO|Microsoft.AspNetCore.Hosting.Diagnostics|Request finished in 177.9891ms 200 
2022-10-16 15:19:00.1418|INFO|Microsoft.AspNetCore.Hosting.Diagnostics|Request starting HTTP/2.0 GET https://localhost:44309/favicon.ico  
2022-10-16 15:19:00.1418|TRACE|Microsoft.AspNetCore.HostFiltering.HostFilteringMiddleware|All hosts are allowed.
2022-10-16 15:19:00.1440|DEBUG|Microsoft.AspNetCore.StaticFiles.StaticFileMiddleware|The request path  does not match the path filter
2022-10-16 15:19:00.1440|DEBUG|Microsoft.AspNetCore.Routing.Matching.DfaMatcher|No candidates found for the request path '/favicon.ico'
2022-10-16 15:19:00.1440|DEBUG|Microsoft.AspNetCore.Routing.EndpointRoutingMiddleware|Request did not match any endpoints
2022-10-16 15:19:00.2370|ERROR|Microsoft.AspNetCore.Diagnostics.DeveloperExceptionPageMiddleware|An unhandled exception has occurred while executing the request.|System.InvalidOperationException: StatusCode cannot be set because the response has already started.
   at Microsoft.AspNetCore.Server.IIS.Core.IISHttpContext.ThrowResponseAlreadyStartedException(String name)
   at Microsoft.AspNetCore.Server.IIS.Core.IISHttpContext.set_StatusCode(Int32 value)
   at Microsoft.AspNetCore.Server.IIS.Core.IISHttpContext.Microsoft.AspNetCore.Http.Features.IHttpResponseFeature.set_StatusCode(Int32 value)
   at Microsoft.AspNetCore.Http.DefaultHttpResponse.set_StatusCode(Int32 value)
   at Microsoft.AspNetCore.Builder.ApplicationBuilder.<>c.<Build>b__18_0(HttpContext context)
   at Microsoft.AspNetCore.Routing.EndpointMiddleware.Invoke(HttpContext httpContext)
   at Microsoft.AspNetCore.Authorization.AuthorizationMiddleware.Invoke(HttpContext context)
   at Swashbuckle.AspNetCore.SwaggerUI.SwaggerUIMiddleware.Invoke(HttpContext httpContext)
   at Swashbuckle.AspNetCore.Swagger.SwaggerMiddleware.Invoke(HttpContext httpContext, ISwaggerProvider swaggerProvider)
   at ParentInformation.Middleware.Invoke(HttpContext httpContext) in C:\Users\2116787\Downloads\applcation\ParentApplication\Server\ParentInformation\ParentInformation\Middleware.cs:line 21
   at Microsoft.AspNetCore.Diagnostics.DeveloperExceptionPageMiddleware.Invoke(HttpContext context)
2022-10-16 15:19:00.2516|WARN|Microsoft.AspNetCore.Diagnostics.DeveloperExceptionPageMiddleware|The response has already started, the error page middleware will not be executed.
2022-10-16 15:19:00.2694|ERROR|Microsoft.AspNetCore.Server.IIS.Core.IISHttpServer|Connection ID "18374686498462105751", Request ID "80000098-0004-ff00-b63f-84710c7967bb": An unhandled exception was thrown by the application.|System.InvalidOperationException: StatusCode cannot be set because the response has already started.
   at Microsoft.AspNetCore.Server.IIS.Core.IISHttpContext.ThrowResponseAlreadyStartedException(String name)
   at Microsoft.AspNetCore.Server.IIS.Core.IISHttpContext.set_StatusCode(Int32 value)
   at Microsoft.AspNetCore.Server.IIS.Core.IISHttpContext.Microsoft.AspNetCore.Http.Features.IHttpResponseFeature.set_StatusCode(Int32 value)
   at Microsoft.AspNetCore.Http.DefaultHttpResponse.set_StatusCode(Int32 value)
   at Microsoft.AspNetCore.Builder.ApplicationBuilder.<>c.<Build>b__18_0(HttpContext context)
   at Microsoft.AspNetCore.Routing.EndpointMiddleware.Invoke(HttpContext httpContext)
   at Microsoft.AspNetCore.Authorization.AuthorizationMiddleware.Invoke(HttpContext context)
   at Swashbuckle.AspNetCore.SwaggerUI.SwaggerUIMiddleware.Invoke(HttpContext httpContext)
   at Swashbuckle.AspNetCore.Swagger.SwaggerMiddleware.Invoke(HttpContext httpContext, ISwaggerProvider swaggerProvider)
   at ParentInformation.Middleware.Invoke(HttpContext httpContext) in C:\Users\2116787\Downloads\applcation\ParentApplication\Server\ParentInformation\ParentInformation\Middleware.cs:line 21
   at Microsoft.AspNetCore.Diagnostics.DeveloperExceptionPageMiddleware.Invoke(HttpContext context)
   at Microsoft.AspNetCore.Diagnostics.DeveloperExceptionPageMiddleware.Invoke(HttpContext context)
   at Microsoft.AspNetCore.Watch.BrowserRefresh.BrowserRefreshMiddleware.InvokeAsync(HttpContext context)
   at Microsoft.AspNetCore.Builder.Extensions.MapWhenMiddleware.Invoke(HttpContext context)
   at Microsoft.AspNetCore.Server.IIS.Core.IISHttpContextOfT`1.ProcessRequestAsync()
2022-10-16 15:19:00.2708|INFO|Microsoft.AspNetCore.Hosting.Diagnostics|Request finished in 128.9844ms 200 
2022-10-16 15:19:01.3456|INFO|Microsoft.AspNetCore.Hosting.Diagnostics|Request starting HTTP/2.0 GET https://localhost:44309/swagger/index.html  
2022-10-16 15:19:01.3549|TRACE|Microsoft.AspNetCore.HostFiltering.HostFilteringMiddleware|All hosts are allowed.
2022-10-16 15:19:01.4741|ERROR|Microsoft.AspNetCore.Diagnostics.DeveloperExceptionPageMiddleware|An unhandled exception has occurred while executing the request.|System.InvalidOperationException: StatusCode cannot be set because the response has already started.
   at Microsoft.AspNetCore.Server.IIS.Core.IISHttpContext.ThrowResponseAlreadyStartedException(String name)
   at Microsoft.AspNetCore.Server.IIS.Core.IISHttpContext.set_StatusCode(Int32 value)
   at Microsoft.AspNetCore.Server.IIS.Core.IISHttpContext.Microsoft.AspNetCore.Http.Features.IHttpResponseFeature.set_StatusCode(Int32 value)
   at Microsoft.AspNetCore.Http.DefaultHttpResponse.set_StatusCode(Int32 value)
   at Swashbuckle.AspNetCore.SwaggerUI.SwaggerUIMiddleware.RespondWithIndexHtml(HttpResponse response)
   at Swashbuckle.AspNetCore.SwaggerUI.SwaggerUIMiddleware.Invoke(HttpContext httpContext)
   at Swashbuckle.AspNetCore.Swagger.SwaggerMiddleware.Invoke(HttpContext httpContext, ISwaggerProvider swaggerProvider)
   at ParentInformation.Middleware.Invoke(HttpContext httpContext) in C:\Users\2116787\Downloads\applcation\ParentApplication\Server\ParentInformation\ParentInformation\Middleware.cs:line 21
   at Microsoft.AspNetCore.Diagnostics.DeveloperExceptionPageMiddleware.Invoke(HttpContext context)
2022-10-16 15:19:01.4741|WARN|Microsoft.AspNetCore.Diagnostics.DeveloperExceptionPageMiddleware|The response has already started, the error page middleware will not be executed.
2022-10-16 15:19:01.4953|ERROR|Microsoft.AspNetCore.Server.IIS.Core.IISHttpServer|Connection ID "18230571301796315239", Request ID "80000068-0002-fd00-b63f-84710c7967bb": An unhandled exception was thrown by the application.|System.InvalidOperationException: StatusCode cannot be set because the response has already started.
   at Microsoft.AspNetCore.Server.IIS.Core.IISHttpContext.ThrowResponseAlreadyStartedException(String name)
   at Microsoft.AspNetCore.Server.IIS.Core.IISHttpContext.set_StatusCode(Int32 value)
   at Microsoft.AspNetCore.Server.IIS.Core.IISHttpContext.Microsoft.AspNetCore.Http.Features.IHttpResponseFeature.set_StatusCode(Int32 value)
   at Microsoft.AspNetCore.Http.DefaultHttpResponse.set_StatusCode(Int32 value)
   at Swashbuckle.AspNetCore.SwaggerUI.SwaggerUIMiddleware.RespondWithIndexHtml(HttpResponse response)
   at Swashbuckle.AspNetCore.SwaggerUI.SwaggerUIMiddleware.Invoke(HttpContext httpContext)
   at Swashbuckle.AspNetCore.Swagger.SwaggerMiddleware.Invoke(HttpContext httpContext, ISwaggerProvider swaggerProvider)
   at ParentInformation.Middleware.Invoke(HttpContext httpContext) in C:\Users\2116787\Downloads\applcation\ParentApplication\Server\ParentInformation\ParentInformation\Middleware.cs:line 21
   at Microsoft.AspNetCore.Diagnostics.DeveloperExceptionPageMiddleware.Invoke(HttpContext context)
   at Microsoft.AspNetCore.Diagnostics.DeveloperExceptionPageMiddleware.Invoke(HttpContext context)
   at Microsoft.WebTools.BrowserLink.Net.BrowserLinkMiddleware.ExecuteWithFilterAsync(IHttpSocketAdapter injectScriptSocket, String requestId, HttpContext httpContext)
   at Microsoft.AspNetCore.Watch.BrowserRefresh.BrowserRefreshMiddleware.InvokeAsync(HttpContext context)
   at Microsoft.AspNetCore.Builder.Extensions.MapWhenMiddleware.Invoke(HttpContext context)
   at Microsoft.AspNetCore.Server.IIS.Core.IISHttpContextOfT`1.ProcessRequestAsync()
2022-10-16 15:19:01.4953|INFO|Microsoft.AspNetCore.Hosting.Diagnostics|Request finished in 151.1674ms 200 
2022-10-16 15:19:01.5740|INFO|Microsoft.AspNetCore.Hosting.Diagnostics|Request starting HTTP/2.0 GET https://localhost:44309/favicon.ico  
2022-10-16 15:19:01.5740|TRACE|Microsoft.AspNetCore.HostFiltering.HostFilteringMiddleware|All hosts are allowed.
2022-10-16 15:19:01.5740|DEBUG|Microsoft.AspNetCore.StaticFiles.StaticFileMiddleware|The request path  does not match the path filter
2022-10-16 15:19:01.5740|DEBUG|Microsoft.AspNetCore.Routing.Matching.DfaMatcher|No candidates found for the request path '/favicon.ico'
2022-10-16 15:19:01.5740|DEBUG|Microsoft.AspNetCore.Routing.EndpointRoutingMiddleware|Request did not match any endpoints
2022-10-16 15:19:01.6841|ERROR|Microsoft.AspNetCore.Diagnostics.DeveloperExceptionPageMiddleware|An unhandled exception has occurred while executing the request.|System.InvalidOperationException: StatusCode cannot be set because the response has already started.
   at Microsoft.AspNetCore.Server.IIS.Core.IISHttpContext.ThrowResponseAlreadyStartedException(String name)
   at Microsoft.AspNetCore.Server.IIS.Core.IISHttpContext.set_StatusCode(Int32 value)
   at Microsoft.AspNetCore.Server.IIS.Core.IISHttpContext.Microsoft.AspNetCore.Http.Features.IHttpResponseFeature.set_StatusCode(Int32 value)
   at Microsoft.AspNetCore.Http.DefaultHttpResponse.set_StatusCode(Int32 value)
   at Microsoft.AspNetCore.Builder.ApplicationBuilder.<>c.<Build>b__18_0(HttpContext context)
   at Microsoft.AspNetCore.Routing.EndpointMiddleware.Invoke(HttpContext httpContext)
   at Microsoft.AspNetCore.Authorization.AuthorizationMiddleware.Invoke(HttpContext context)
   at Swashbuckle.AspNetCore.SwaggerUI.SwaggerUIMiddleware.Invoke(HttpContext httpContext)
   at Swashbuckle.AspNetCore.Swagger.SwaggerMiddleware.Invoke(HttpContext httpContext, ISwaggerProvider swaggerProvider)
   at ParentInformation.Middleware.Invoke(HttpContext httpContext) in C:\Users\2116787\Downloads\applcation\ParentApplication\Server\ParentInformation\ParentInformation\Middleware.cs:line 21
   at Microsoft.AspNetCore.Diagnostics.DeveloperExceptionPageMiddleware.Invoke(HttpContext context)
2022-10-16 15:19:01.6841|WARN|Microsoft.AspNetCore.Diagnostics.DeveloperExceptionPageMiddleware|The response has already started, the error page middleware will not be executed.
2022-10-16 15:19:01.7023|ERROR|Microsoft.AspNetCore.Server.IIS.Core.IISHttpServer|Connection ID "18230571293206380545", Request ID "80000002-0000-fd00-b63f-84710c7967bb": An unhandled exception was thrown by the application.|System.InvalidOperationException: StatusCode cannot be set because the response has already started.
   at Microsoft.AspNetCore.Server.IIS.Core.IISHttpContext.ThrowResponseAlreadyStartedException(String name)
   at Microsoft.AspNetCore.Server.IIS.Core.IISHttpContext.set_StatusCode(Int32 value)
   at Microsoft.AspNetCore.Server.IIS.Core.IISHttpContext.Microsoft.AspNetCore.Http.Features.IHttpResponseFeature.set_StatusCode(Int32 value)
   at Microsoft.AspNetCore.Http.DefaultHttpResponse.set_StatusCode(Int32 value)
   at Microsoft.AspNetCore.Builder.ApplicationBuilder.<>c.<Build>b__18_0(HttpContext context)
   at Microsoft.AspNetCore.Routing.EndpointMiddleware.Invoke(HttpContext httpContext)
   at Microsoft.AspNetCore.Authorization.AuthorizationMiddleware.Invoke(HttpContext context)
   at Swashbuckle.AspNetCore.SwaggerUI.SwaggerUIMiddleware.Invoke(HttpContext httpContext)
   at Swashbuckle.AspNetCore.Swagger.SwaggerMiddleware.Invoke(HttpContext httpContext, ISwaggerProvider swaggerProvider)
   at ParentInformation.Middleware.Invoke(HttpContext httpContext) in C:\Users\2116787\Downloads\applcation\ParentApplication\Server\ParentInformation\ParentInformation\Middleware.cs:line 21
   at Microsoft.AspNetCore.Diagnostics.DeveloperExceptionPageMiddleware.Invoke(HttpContext context)
   at Microsoft.AspNetCore.Diagnostics.DeveloperExceptionPageMiddleware.Invoke(HttpContext context)
   at Microsoft.AspNetCore.Watch.BrowserRefresh.BrowserRefreshMiddleware.InvokeAsync(HttpContext context)
   at Microsoft.AspNetCore.Builder.Extensions.MapWhenMiddleware.Invoke(HttpContext context)
   at Microsoft.AspNetCore.Server.IIS.Core.IISHttpContextOfT`1.ProcessRequestAsync()
2022-10-16 15:19:01.7023|INFO|Microsoft.AspNetCore.Hosting.Diagnostics|Request finished in 129.8328ms 200 
2022-10-16 15:21:34.8979|DEBUG|Microsoft.Extensions.Hosting.Internal.Host|Hosting starting
2022-10-16 15:21:35.6157|DEBUG|Microsoft.AspNetCore.Hosting.Diagnostics|Loaded hosting startup assembly ParentInformation
2022-10-16 15:21:35.6797|DEBUG|Microsoft.AspNetCore.Hosting.Diagnostics|Loaded hosting startup assembly Microsoft.AspNetCore.Watch.BrowserRefresh
2022-10-16 15:21:35.6797|DEBUG|Microsoft.AspNetCore.Hosting.Diagnostics|Loaded hosting startup assembly Microsoft.WebTools.BrowserLink.Net
2022-10-16 15:21:35.7034|INFO|Microsoft.Hosting.Lifetime|Application started. Press Ctrl+C to shut down.
2022-10-16 15:21:35.7102|INFO|Microsoft.Hosting.Lifetime|Hosting environment: Development
2022-10-16 15:21:35.7102|INFO|Microsoft.Hosting.Lifetime|Content root path: C:\Users\2116787\Downloads\applcation\ParentApplication\Server\ParentInformation\ParentInformation
2022-10-16 15:21:35.7102|DEBUG|Microsoft.Extensions.Hosting.Internal.Host|Hosting started
2022-10-16 15:21:35.7664|INFO|Microsoft.AspNetCore.Hosting.Diagnostics|Request starting HTTP/2.0 GET https://localhost:44309/  
2022-10-16 15:21:35.8193|DEBUG|Microsoft.AspNetCore.HostFiltering.HostFilteringMiddleware|Wildcard detected, all requests with hosts will be allowed.
2022-10-16 15:21:35.8193|TRACE|Microsoft.AspNetCore.HostFiltering.HostFilteringMiddleware|All hosts are allowed.
2022-10-16 15:21:35.8855|DEBUG|Microsoft.AspNetCore.StaticFiles.StaticFileMiddleware|The request path  does not match the path filter
2022-10-16 15:23:47.5239|DEBUG|Microsoft.Extensions.Hosting.Internal.Host|Hosting starting
2022-10-16 15:23:48.4445|DEBUG|Microsoft.AspNetCore.Hosting.Diagnostics|Loaded hosting startup assembly ParentInformation
2022-10-16 15:23:48.4719|DEBUG|Microsoft.AspNetCore.Hosting.Diagnostics|Loaded hosting startup assembly Microsoft.AspNetCore.Watch.BrowserRefresh
2022-10-16 15:23:48.4719|DEBUG|Microsoft.AspNetCore.Hosting.Diagnostics|Loaded hosting startup assembly Microsoft.WebTools.BrowserLink.Net
2022-10-16 15:23:48.5164|INFO|Microsoft.Hosting.Lifetime|Application started. Press Ctrl+C to shut down.
2022-10-16 15:23:48.5208|INFO|Microsoft.Hosting.Lifetime|Hosting environment: Development
2022-10-16 15:23:48.5208|INFO|Microsoft.Hosting.Lifetime|Content root path: C:\Users\2116787\Downloads\applcation\ParentApplication\Server\ParentInformation\ParentInformation
2022-10-16 15:23:48.5208|DEBUG|Microsoft.Extensions.Hosting.Internal.Host|Hosting started
2022-10-16 15:23:48.5385|DEBUG|Microsoft.AspNetCore.Server.IIS.Core.IISHttpServer|Connection ID "18302628891539275856" disconnecting.
2022-10-16 15:23:48.5608|INFO|Microsoft.AspNetCore.Hosting.Diagnostics|Request starting HTTP/2.0 GET https://localhost:44309/  
2022-10-16 15:23:48.5608|INFO|Microsoft.AspNetCore.Hosting.Diagnostics|Request starting HTTP/2.0 GET https://localhost:44309/  
2022-10-16 15:23:48.5608|INFO|Microsoft.AspNetCore.Hosting.Diagnostics|Request starting HTTP/2.0 GET https://localhost:44309/  
2022-10-16 15:23:48.6360|DEBUG|Microsoft.AspNetCore.HostFiltering.HostFilteringMiddleware|Wildcard detected, all requests with hosts will be allowed.
2022-10-16 15:23:48.6360|DEBUG|Microsoft.AspNetCore.HostFiltering.HostFilteringMiddleware|Wildcard detected, all requests with hosts will be allowed.
2022-10-16 15:23:48.6360|DEBUG|Microsoft.AspNetCore.HostFiltering.HostFilteringMiddleware|Wildcard detected, all requests with hosts will be allowed.
2022-10-16 15:23:48.6360|TRACE|Microsoft.AspNetCore.HostFiltering.HostFilteringMiddleware|All hosts are allowed.
2022-10-16 15:23:48.6360|TRACE|Microsoft.AspNetCore.HostFiltering.HostFilteringMiddleware|All hosts are allowed.
2022-10-16 15:23:48.6360|TRACE|Microsoft.AspNetCore.HostFiltering.HostFilteringMiddleware|All hosts are allowed.
2022-10-16 15:23:48.7051|DEBUG|Microsoft.AspNetCore.StaticFiles.StaticFileMiddleware|The request path  does not match the path filter
2022-10-16 15:23:48.7051|DEBUG|Microsoft.AspNetCore.StaticFiles.StaticFileMiddleware|The request path  does not match the path filter
2022-10-16 15:24:51.0873|DEBUG|Microsoft.AspNetCore.StaticFiles.StaticFileMiddleware|The request path  does not match the path filter
2022-10-16 15:24:54.8025|DEBUG|Microsoft.AspNetCore.Routing.Matching.DfaMatcher|No candidates found for the request path '/'
2022-10-16 15:24:54.8025|DEBUG|Microsoft.AspNetCore.Routing.Matching.DfaMatcher|No candidates found for the request path '/'
2022-10-16 15:24:54.8025|DEBUG|Microsoft.AspNetCore.Routing.Matching.DfaMatcher|No candidates found for the request path '/'
2022-10-16 15:24:54.8025|DEBUG|Microsoft.AspNetCore.Routing.EndpointRoutingMiddleware|Request did not match any endpoints
2022-10-16 15:24:54.8025|DEBUG|Microsoft.AspNetCore.Routing.EndpointRoutingMiddleware|Request did not match any endpoints
2022-10-16 15:24:54.8025|DEBUG|Microsoft.AspNetCore.Routing.EndpointRoutingMiddleware|Request did not match any endpoints
2022-10-16 15:24:55.9697|ERROR|Microsoft.AspNetCore.Diagnostics.DeveloperExceptionPageMiddleware|An unhandled exception has occurred while executing the request.|System.InvalidOperationException: StatusCode cannot be set because the response has already started.
   at Microsoft.AspNetCore.Server.IIS.Core.IISHttpContext.ThrowResponseAlreadyStartedException(String name)
   at Microsoft.AspNetCore.Server.IIS.Core.IISHttpContext.set_StatusCode(Int32 value)
   at Microsoft.AspNetCore.Server.IIS.Core.IISHttpContext.Microsoft.AspNetCore.Http.Features.IHttpResponseFeature.set_StatusCode(Int32 value)
   at Microsoft.AspNetCore.Http.DefaultHttpResponse.set_StatusCode(Int32 value)
   at Microsoft.AspNetCore.Builder.ApplicationBuilder.<>c.<Build>b__18_0(HttpContext context)
   at Microsoft.AspNetCore.Routing.EndpointMiddleware.Invoke(HttpContext httpContext)
   at Microsoft.AspNetCore.Authorization.AuthorizationMiddleware.Invoke(HttpContext context)
   at ParentInformation.Middleware.Invoke(HttpContext httpContext) in C:\Users\2116787\Downloads\applcation\ParentApplication\Server\ParentInformation\ParentInformation\Middleware.cs:line 21
   at Swashbuckle.AspNetCore.SwaggerUI.SwaggerUIMiddleware.Invoke(HttpContext httpContext)
   at Swashbuckle.AspNetCore.Swagger.SwaggerMiddleware.Invoke(HttpContext httpContext, ISwaggerProvider swaggerProvider)
   at Microsoft.AspNetCore.Diagnostics.DeveloperExceptionPageMiddleware.Invoke(HttpContext context)
2022-10-16 15:24:55.9697|ERROR|Microsoft.AspNetCore.Diagnostics.DeveloperExceptionPageMiddleware|An unhandled exception has occurred while executing the request.|System.InvalidOperationException: StatusCode cannot be set because the response has already started.
   at Microsoft.AspNetCore.Server.IIS.Core.IISHttpContext.ThrowResponseAlreadyStartedException(String name)
   at Microsoft.AspNetCore.Server.IIS.Core.IISHttpContext.set_StatusCode(Int32 value)
   at Microsoft.AspNetCore.Server.IIS.Core.IISHttpContext.Microsoft.AspNetCore.Http.Features.IHttpResponseFeature.set_StatusCode(Int32 value)
   at Microsoft.AspNetCore.Http.DefaultHttpResponse.set_StatusCode(Int32 value)
   at Microsoft.AspNetCore.Builder.ApplicationBuilder.<>c.<Build>b__18_0(HttpContext context)
   at Microsoft.AspNetCore.Routing.EndpointMiddleware.Invoke(HttpContext httpContext)
   at Microsoft.AspNetCore.Authorization.AuthorizationMiddleware.Invoke(HttpContext context)
   at Microsoft.AspNetCore.Routing.EndpointRoutingMiddleware.<Invoke>g__AwaitMatcher|8_0(EndpointRoutingMiddleware middleware, HttpContext httpContext, Task`1 matcherTask)
   at ParentInformation.Middleware.Invoke(HttpContext httpContext) in C:\Users\2116787\Downloads\applcation\ParentApplication\Server\ParentInformation\ParentInformation\Middleware.cs:line 21
   at Swashbuckle.AspNetCore.SwaggerUI.SwaggerUIMiddleware.Invoke(HttpContext httpContext)
   at Swashbuckle.AspNetCore.Swagger.SwaggerMiddleware.Invoke(HttpContext httpContext, ISwaggerProvider swaggerProvider)
   at Microsoft.AspNetCore.Diagnostics.DeveloperExceptionPageMiddleware.Invoke(HttpContext context)
2022-10-16 15:24:55.9697|ERROR|Microsoft.AspNetCore.Diagnostics.DeveloperExceptionPageMiddleware|An unhandled exception has occurred while executing the request.|System.InvalidOperationException: StatusCode cannot be set because the response has already started.
   at Microsoft.AspNetCore.Server.IIS.Core.IISHttpContext.ThrowResponseAlreadyStartedException(String name)
   at Microsoft.AspNetCore.Server.IIS.Core.IISHttpContext.set_StatusCode(Int32 value)
   at Microsoft.AspNetCore.Server.IIS.Core.IISHttpContext.Microsoft.AspNetCore.Http.Features.IHttpResponseFeature.set_StatusCode(Int32 value)
   at Microsoft.AspNetCore.Http.DefaultHttpResponse.set_StatusCode(Int32 value)
   at Microsoft.AspNetCore.Builder.ApplicationBuilder.<>c.<Build>b__18_0(HttpContext context)
   at Microsoft.AspNetCore.Routing.EndpointMiddleware.Invoke(HttpContext httpContext)
   at Microsoft.AspNetCore.Authorization.AuthorizationMiddleware.Invoke(HttpContext context)
   at Microsoft.AspNetCore.Routing.EndpointRoutingMiddleware.<Invoke>g__AwaitMatcher|8_0(EndpointRoutingMiddleware middleware, HttpContext httpContext, Task`1 matcherTask)
   at ParentInformation.Middleware.Invoke(HttpContext httpContext) in C:\Users\2116787\Downloads\applcation\ParentApplication\Server\ParentInformation\ParentInformation\Middleware.cs:line 21
   at Swashbuckle.AspNetCore.SwaggerUI.SwaggerUIMiddleware.Invoke(HttpContext httpContext)
   at Swashbuckle.AspNetCore.Swagger.SwaggerMiddleware.Invoke(HttpContext httpContext, ISwaggerProvider swaggerProvider)
   at Microsoft.AspNetCore.Diagnostics.DeveloperExceptionPageMiddleware.Invoke(HttpContext context)
2022-10-16 15:24:55.9818|WARN|Microsoft.AspNetCore.Diagnostics.DeveloperExceptionPageMiddleware|The response has already started, the error page middleware will not be executed.
2022-10-16 15:24:55.9818|WARN|Microsoft.AspNetCore.Diagnostics.DeveloperExceptionPageMiddleware|The response has already started, the error page middleware will not be executed.
2022-10-16 15:24:55.9818|WARN|Microsoft.AspNetCore.Diagnostics.DeveloperExceptionPageMiddleware|The response has already started, the error page middleware will not be executed.
2022-10-16 15:24:56.2489|ERROR|Microsoft.AspNetCore.Server.IIS.Core.IISHttpServer|Connection ID "18302628908719145253", Request ID "80000126-0005-fe00-b63f-84710c7967bb": An unhandled exception was thrown by the application.|System.InvalidOperationException: StatusCode cannot be set because the response has already started.
   at Microsoft.AspNetCore.Server.IIS.Core.IISHttpContext.ThrowResponseAlreadyStartedException(String name)
   at Microsoft.AspNetCore.Server.IIS.Core.IISHttpContext.set_StatusCode(Int32 value)
   at Microsoft.AspNetCore.Server.IIS.Core.IISHttpContext.Microsoft.AspNetCore.Http.Features.IHttpResponseFeature.set_StatusCode(Int32 value)
   at Microsoft.AspNetCore.Http.DefaultHttpResponse.set_StatusCode(Int32 value)
   at Microsoft.AspNetCore.Builder.ApplicationBuilder.<>c.<Build>b__18_0(HttpContext context)
   at Microsoft.AspNetCore.Routing.EndpointMiddleware.Invoke(HttpContext httpContext)
   at Microsoft.AspNetCore.Authorization.AuthorizationMiddleware.Invoke(HttpContext context)
   at Microsoft.AspNetCore.Routing.EndpointRoutingMiddleware.<Invoke>g__AwaitMatcher|8_0(EndpointRoutingMiddleware middleware, HttpContext httpContext, Task`1 matcherTask)
   at ParentInformation.Middleware.Invoke(HttpContext httpContext) in C:\Users\2116787\Downloads\applcation\ParentApplication\Server\ParentInformation\ParentInformation\Middleware.cs:line 21
   at Swashbuckle.AspNetCore.SwaggerUI.SwaggerUIMiddleware.Invoke(HttpContext httpContext)
   at Swashbuckle.AspNetCore.Swagger.SwaggerMiddleware.Invoke(HttpContext httpContext, ISwaggerProvider swaggerProvider)
   at Microsoft.AspNetCore.Diagnostics.DeveloperExceptionPageMiddleware.Invoke(HttpContext context)
   at Microsoft.AspNetCore.Diagnostics.DeveloperExceptionPageMiddleware.Invoke(HttpContext context)
   at Microsoft.WebTools.BrowserLink.Net.BrowserLinkMiddleware.ExecuteWithFilterAsync(IHttpSocketAdapter injectScriptSocket, String requestId, HttpContext httpContext)
   at Microsoft.AspNetCore.Watch.BrowserRefresh.BrowserRefreshMiddleware.InvokeAsync(HttpContext context)
   at Microsoft.AspNetCore.Builder.Extensions.MapWhenMiddleware.Invoke(HttpContext context)
   at Microsoft.AspNetCore.Server.IIS.Core.IISHttpContextOfT`1.ProcessRequestAsync()
2022-10-16 15:24:56.2489|ERROR|Microsoft.AspNetCore.Server.IIS.Core.IISHttpServer|Connection ID "18302628891539275856", Request ID "80000051-0001-fe00-b63f-84710c7967bb": An unhandled exception was thrown by the application.|System.InvalidOperationException: StatusCode cannot be set because the response has already started.
   at Microsoft.AspNetCore.Server.IIS.Core.IISHttpContext.ThrowResponseAlreadyStartedException(String name)
   at Microsoft.AspNetCore.Server.IIS.Core.IISHttpContext.set_StatusCode(Int32 value)
   at Microsoft.AspNetCore.Server.IIS.Core.IISHttpContext.Microsoft.AspNetCore.Http.Features.IHttpResponseFeature.set_StatusCode(Int32 value)
   at Microsoft.AspNetCore.Http.DefaultHttpResponse.set_StatusCode(Int32 value)
   at Microsoft.AspNetCore.Builder.ApplicationBuilder.<>c.<Build>b__18_0(HttpContext context)
   at Microsoft.AspNetCore.Routing.EndpointMiddleware.Invoke(HttpContext httpContext)
   at Microsoft.AspNetCore.Authorization.AuthorizationMiddleware.Invoke(HttpContext context)
   at Microsoft.AspNetCore.Routing.EndpointRoutingMiddleware.<Invoke>g__AwaitMatcher|8_0(EndpointRoutingMiddleware middleware, HttpContext httpContext, Task`1 matcherTask)
   at ParentInformation.Middleware.Invoke(HttpContext httpContext) in C:\Users\2116787\Downloads\applcation\ParentApplication\Server\ParentInformation\ParentInformation\Middleware.cs:line 21
   at Swashbuckle.AspNetCore.SwaggerUI.SwaggerUIMiddleware.Invoke(HttpContext httpContext)
   at Swashbuckle.AspNetCore.Swagger.SwaggerMiddleware.Invoke(HttpContext httpContext, ISwaggerProvider swaggerProvider)
   at Microsoft.AspNetCore.Diagnostics.DeveloperExceptionPageMiddleware.Invoke(HttpContext context)
   at Microsoft.AspNetCore.Diagnostics.DeveloperExceptionPageMiddleware.Invoke(HttpContext context)
   at Microsoft.WebTools.BrowserLink.Net.BrowserLinkMiddleware.ExecuteWithFilterAsync(IHttpSocketAdapter injectScriptSocket, String requestId, HttpContext httpContext)
   at Microsoft.AspNetCore.Watch.BrowserRefresh.BrowserRefreshMiddleware.InvokeAsync(HttpContext context)
   at Microsoft.AspNetCore.Builder.Extensions.MapWhenMiddleware.Invoke(HttpContext context)
   at Microsoft.AspNetCore.Server.IIS.Core.IISHttpContextOfT`1.ProcessRequestAsync()
2022-10-16 15:24:56.2602|INFO|Microsoft.AspNetCore.Hosting.Diagnostics|Request finished in 67702.6375ms 200 
2022-10-16 15:24:56.2602|INFO|Microsoft.AspNetCore.Hosting.Diagnostics|Request finished in 67702.6351ms 200 
2022-10-16 15:24:56.3711|ERROR|Microsoft.AspNetCore.Server.IIS.Core.IISHttpServer|Connection ID "18374686502757072961", Request ID "80000042-0005-ff00-b63f-84710c7967bb": An unhandled exception was thrown by the application.|System.InvalidOperationException: StatusCode cannot be set because the response has already started.
   at Microsoft.AspNetCore.Server.IIS.Core.IISHttpContext.ThrowResponseAlreadyStartedException(String name)
   at Microsoft.AspNetCore.Server.IIS.Core.IISHttpContext.set_StatusCode(Int32 value)
   at Microsoft.AspNetCore.Server.IIS.Core.IISHttpContext.Microsoft.AspNetCore.Http.Features.IHttpResponseFeature.set_StatusCode(Int32 value)
   at Microsoft.AspNetCore.Http.DefaultHttpResponse.set_StatusCode(Int32 value)
   at Microsoft.AspNetCore.Builder.ApplicationBuilder.<>c.<Build>b__18_0(HttpContext context)
   at Microsoft.AspNetCore.Routing.EndpointMiddleware.Invoke(HttpContext httpContext)
   at Microsoft.AspNetCore.Authorization.AuthorizationMiddleware.Invoke(HttpContext context)
   at ParentInformation.Middleware.Invoke(HttpContext httpContext) in C:\Users\2116787\Downloads\applcation\ParentApplication\Server\ParentInformation\ParentInformation\Middleware.cs:line 21
   at Swashbuckle.AspNetCore.SwaggerUI.SwaggerUIMiddleware.Invoke(HttpContext httpContext)
   at Swashbuckle.AspNetCore.Swagger.SwaggerMiddleware.Invoke(HttpContext httpContext, ISwaggerProvider swaggerProvider)
   at Microsoft.AspNetCore.Diagnostics.DeveloperExceptionPageMiddleware.Invoke(HttpContext context)
   at Microsoft.AspNetCore.Diagnostics.DeveloperExceptionPageMiddleware.Invoke(HttpContext context)
   at Microsoft.WebTools.BrowserLink.Net.BrowserLinkMiddleware.ExecuteWithFilterAsync(IHttpSocketAdapter injectScriptSocket, String requestId, HttpContext httpContext)
   at Microsoft.AspNetCore.Watch.BrowserRefresh.BrowserRefreshMiddleware.InvokeAsync(HttpContext context)
   at Microsoft.AspNetCore.Builder.Extensions.MapWhenMiddleware.Invoke(HttpContext context)
   at Microsoft.AspNetCore.Server.IIS.Core.IISHttpContextOfT`1.ProcessRequestAsync()
2022-10-16 15:24:56.3711|INFO|Microsoft.AspNetCore.Hosting.Diagnostics|Request finished in 67817.1645ms 200 
2022-10-16 15:24:56.7973|INFO|Microsoft.AspNetCore.Hosting.Diagnostics|Request starting HTTP/2.0 GET https://localhost:44309/favicon.ico  
2022-10-16 15:24:56.7973|TRACE|Microsoft.AspNetCore.HostFiltering.HostFilteringMiddleware|All hosts are allowed.
2022-10-16 15:24:56.8035|DEBUG|Microsoft.AspNetCore.StaticFiles.StaticFileMiddleware|The request path  does not match the path filter
2022-10-16 15:24:58.8182|INFO|Microsoft.AspNetCore.Hosting.Diagnostics|Request starting HTTP/2.0 GET https://localhost:44309/favicon.ico  
2022-10-16 15:24:58.8182|TRACE|Microsoft.AspNetCore.HostFiltering.HostFilteringMiddleware|All hosts are allowed.
2022-10-16 15:24:58.8182|DEBUG|Microsoft.AspNetCore.StaticFiles.StaticFileMiddleware|The request path  does not match the path filter
2022-10-16 15:24:59.8534|DEBUG|Microsoft.AspNetCore.Routing.Matching.DfaMatcher|No candidates found for the request path '/favicon.ico'
2022-10-16 15:24:59.8534|DEBUG|Microsoft.AspNetCore.Routing.Matching.DfaMatcher|No candidates found for the request path '/favicon.ico'
2022-10-16 15:24:59.8534|DEBUG|Microsoft.AspNetCore.Routing.EndpointRoutingMiddleware|Request did not match any endpoints
2022-10-16 15:24:59.8534|DEBUG|Microsoft.AspNetCore.Routing.EndpointRoutingMiddleware|Request did not match any endpoints
2022-10-16 15:25:00.1329|ERROR|Microsoft.AspNetCore.Diagnostics.DeveloperExceptionPageMiddleware|An unhandled exception has occurred while executing the request.|System.InvalidOperationException: StatusCode cannot be set because the response has already started.
   at Microsoft.AspNetCore.Server.IIS.Core.IISHttpContext.ThrowResponseAlreadyStartedException(String name)
   at Microsoft.AspNetCore.Server.IIS.Core.IISHttpContext.set_StatusCode(Int32 value)
   at Microsoft.AspNetCore.Server.IIS.Core.IISHttpContext.Microsoft.AspNetCore.Http.Features.IHttpResponseFeature.set_StatusCode(Int32 value)
   at Microsoft.AspNetCore.Http.DefaultHttpResponse.set_StatusCode(Int32 value)
   at Microsoft.AspNetCore.Builder.ApplicationBuilder.<>c.<Build>b__18_0(HttpContext context)
   at Microsoft.AspNetCore.Routing.EndpointMiddleware.Invoke(HttpContext httpContext)
   at Microsoft.AspNetCore.Authorization.AuthorizationMiddleware.Invoke(HttpContext context)
   at ParentInformation.Middleware.Invoke(HttpContext httpContext) in C:\Users\2116787\Downloads\applcation\ParentApplication\Server\ParentInformation\ParentInformation\Middleware.cs:line 21
   at Swashbuckle.AspNetCore.SwaggerUI.SwaggerUIMiddleware.Invoke(HttpContext httpContext)
   at Swashbuckle.AspNetCore.Swagger.SwaggerMiddleware.Invoke(HttpContext httpContext, ISwaggerProvider swaggerProvider)
   at Microsoft.AspNetCore.Diagnostics.DeveloperExceptionPageMiddleware.Invoke(HttpContext context)
2022-10-16 15:25:00.1329|ERROR|Microsoft.AspNetCore.Diagnostics.DeveloperExceptionPageMiddleware|An unhandled exception has occurred while executing the request.|System.InvalidOperationException: StatusCode cannot be set because the response has already started.
   at Microsoft.AspNetCore.Server.IIS.Core.IISHttpContext.ThrowResponseAlreadyStartedException(String name)
   at Microsoft.AspNetCore.Server.IIS.Core.IISHttpContext.set_StatusCode(Int32 value)
   at Microsoft.AspNetCore.Server.IIS.Core.IISHttpContext.Microsoft.AspNetCore.Http.Features.IHttpResponseFeature.set_StatusCode(Int32 value)
   at Microsoft.AspNetCore.Http.DefaultHttpResponse.set_StatusCode(Int32 value)
   at Microsoft.AspNetCore.Builder.ApplicationBuilder.<>c.<Build>b__18_0(HttpContext context)
   at Microsoft.AspNetCore.Routing.EndpointMiddleware.Invoke(HttpContext httpContext)
   at Microsoft.AspNetCore.Authorization.AuthorizationMiddleware.Invoke(HttpContext context)
   at ParentInformation.Middleware.Invoke(HttpContext httpContext) in C:\Users\2116787\Downloads\applcation\ParentApplication\Server\ParentInformation\ParentInformation\Middleware.cs:line 21
   at Swashbuckle.AspNetCore.SwaggerUI.SwaggerUIMiddleware.Invoke(HttpContext httpContext)
   at Swashbuckle.AspNetCore.Swagger.SwaggerMiddleware.Invoke(HttpContext httpContext, ISwaggerProvider swaggerProvider)
   at Microsoft.AspNetCore.Diagnostics.DeveloperExceptionPageMiddleware.Invoke(HttpContext context)
2022-10-16 15:25:00.1460|WARN|Microsoft.AspNetCore.Diagnostics.DeveloperExceptionPageMiddleware|The response has already started, the error page middleware will not be executed.
2022-10-16 15:25:00.1460|WARN|Microsoft.AspNetCore.Diagnostics.DeveloperExceptionPageMiddleware|The response has already started, the error page middleware will not be executed.
2022-10-16 15:25:00.1733|ERROR|Microsoft.AspNetCore.Server.IIS.Core.IISHttpServer|Connection ID "18374686498462105753", Request ID "8000009a-0004-ff00-b63f-84710c7967bb": An unhandled exception was thrown by the application.|System.InvalidOperationException: StatusCode cannot be set because the response has already started.
   at Microsoft.AspNetCore.Server.IIS.Core.IISHttpContext.ThrowResponseAlreadyStartedException(String name)
   at Microsoft.AspNetCore.Server.IIS.Core.IISHttpContext.set_StatusCode(Int32 value)
   at Microsoft.AspNetCore.Server.IIS.Core.IISHttpContext.Microsoft.AspNetCore.Http.Features.IHttpResponseFeature.set_StatusCode(Int32 value)
   at Microsoft.AspNetCore.Http.DefaultHttpResponse.set_StatusCode(Int32 value)
   at Microsoft.AspNetCore.Builder.ApplicationBuilder.<>c.<Build>b__18_0(HttpContext context)
   at Microsoft.AspNetCore.Routing.EndpointMiddleware.Invoke(HttpContext httpContext)
   at Microsoft.AspNetCore.Authorization.AuthorizationMiddleware.Invoke(HttpContext context)
   at ParentInformation.Middleware.Invoke(HttpContext httpContext) in C:\Users\2116787\Downloads\applcation\ParentApplication\Server\ParentInformation\ParentInformation\Middleware.cs:line 21
   at Swashbuckle.AspNetCore.SwaggerUI.SwaggerUIMiddleware.Invoke(HttpContext httpContext)
   at Swashbuckle.AspNetCore.Swagger.SwaggerMiddleware.Invoke(HttpContext httpContext, ISwaggerProvider swaggerProvider)
   at Microsoft.AspNetCore.Diagnostics.DeveloperExceptionPageMiddleware.Invoke(HttpContext context)
   at Microsoft.AspNetCore.Diagnostics.DeveloperExceptionPageMiddleware.Invoke(HttpContext context)
   at Microsoft.AspNetCore.Watch.BrowserRefresh.BrowserRefreshMiddleware.InvokeAsync(HttpContext context)
   at Microsoft.AspNetCore.Builder.Extensions.MapWhenMiddleware.Invoke(HttpContext context)
   at Microsoft.AspNetCore.Server.IIS.Core.IISHttpContextOfT`1.ProcessRequestAsync()
2022-10-16 15:25:00.1733|ERROR|Microsoft.AspNetCore.Server.IIS.Core.IISHttpServer|Connection ID "18086456122310394014", Request ID "8000009f-0004-fb00-b63f-84710c7967bb": An unhandled exception was thrown by the application.|System.InvalidOperationException: StatusCode cannot be set because the response has already started.
   at Microsoft.AspNetCore.Server.IIS.Core.IISHttpContext.ThrowResponseAlreadyStartedException(String name)
   at Microsoft.AspNetCore.Server.IIS.Core.IISHttpContext.set_StatusCode(Int32 value)
   at Microsoft.AspNetCore.Server.IIS.Core.IISHttpContext.Microsoft.AspNetCore.Http.Features.IHttpResponseFeature.set_StatusCode(Int32 value)
   at Microsoft.AspNetCore.Http.DefaultHttpResponse.set_StatusCode(Int32 value)
   at Microsoft.AspNetCore.Builder.ApplicationBuilder.<>c.<Build>b__18_0(HttpContext context)
   at Microsoft.AspNetCore.Routing.EndpointMiddleware.Invoke(HttpContext httpContext)
   at Microsoft.AspNetCore.Authorization.AuthorizationMiddleware.Invoke(HttpContext context)
   at ParentInformation.Middleware.Invoke(HttpContext httpContext) in C:\Users\2116787\Downloads\applcation\ParentApplication\Server\ParentInformation\ParentInformation\Middleware.cs:line 21
   at Swashbuckle.AspNetCore.SwaggerUI.SwaggerUIMiddleware.Invoke(HttpContext httpContext)
   at Swashbuckle.AspNetCore.Swagger.SwaggerMiddleware.Invoke(HttpContext httpContext, ISwaggerProvider swaggerProvider)
   at Microsoft.AspNetCore.Diagnostics.DeveloperExceptionPageMiddleware.Invoke(HttpContext context)
   at Microsoft.AspNetCore.Diagnostics.DeveloperExceptionPageMiddleware.Invoke(HttpContext context)
   at Microsoft.AspNetCore.Watch.BrowserRefresh.BrowserRefreshMiddleware.InvokeAsync(HttpContext context)
   at Microsoft.AspNetCore.Builder.Extensions.MapWhenMiddleware.Invoke(HttpContext context)
   at Microsoft.AspNetCore.Server.IIS.Core.IISHttpContextOfT`1.ProcessRequestAsync()
2022-10-16 15:25:00.1733|INFO|Microsoft.AspNetCore.Hosting.Diagnostics|Request finished in 3378.5147ms 200 
2022-10-16 15:25:00.1762|INFO|Microsoft.AspNetCore.Hosting.Diagnostics|Request finished in 1358.3259ms 200 
2022-10-16 15:25:07.2750|INFO|Microsoft.AspNetCore.Hosting.Diagnostics|Request starting HTTP/2.0 GET https://localhost:44309/swagger/index.html  
2022-10-16 15:25:07.2899|TRACE|Microsoft.AspNetCore.HostFiltering.HostFilteringMiddleware|All hosts are allowed.
2022-10-16 15:25:07.4241|DEBUG|Microsoft.AspNetCore.Watch.BrowserRefresh.BrowserRefreshMiddleware|Response markup is scheduled to include browser refresh script injection.
2022-10-16 15:25:07.8904|DEBUG|Microsoft.AspNetCore.Watch.BrowserRefresh.BrowserRefreshMiddleware|Response markup was updated to include browser refresh script injection.
2022-10-16 15:25:07.8904|INFO|Microsoft.AspNetCore.Hosting.Diagnostics|Request finished in 616.6531ms 200 text/html;charset=utf-8
2022-10-16 15:25:07.9248|INFO|Microsoft.AspNetCore.Hosting.Diagnostics|Request starting HTTP/2.0 GET https://localhost:44309/_framework/aspnetcore-browser-refresh.js  
2022-10-16 15:25:07.9368|INFO|Microsoft.AspNetCore.Hosting.Diagnostics|Request finished in 12.2236ms 200 application/javascript; charset=utf-8
2022-10-16 15:25:07.9693|INFO|Microsoft.AspNetCore.Hosting.Diagnostics|Request starting HTTP/2.0 GET https://localhost:44309/_vs/browserLink  
2022-10-16 15:25:08.1628|INFO|Microsoft.AspNetCore.Hosting.Diagnostics|Request finished in 193.5037ms 200 text/javascript; charset=UTF-8
2022-10-16 15:25:09.0458|INFO|Microsoft.AspNetCore.Hosting.Diagnostics|Request starting HTTP/2.0 GET https://localhost:44309/swagger/v1/swagger.json  
2022-10-16 15:25:09.0458|TRACE|Microsoft.AspNetCore.HostFiltering.HostFilteringMiddleware|All hosts are allowed.
2022-10-16 15:25:09.2492|INFO|Microsoft.AspNetCore.Hosting.Diagnostics|Request finished in 203.633ms 200 application/json;charset=utf-8
2022-10-16 15:25:09.5151|INFO|Microsoft.AspNetCore.Hosting.Diagnostics|Request starting HTTP/2.0 GET https://localhost:44309/swagger/favicon-32x32.png  
2022-10-16 15:25:09.5151|TRACE|Microsoft.AspNetCore.HostFiltering.HostFilteringMiddleware|All hosts are allowed.
2022-10-16 15:25:09.5409|TRACE|Microsoft.AspNetCore.StaticFiles.StaticFileMiddleware|Range header's value is empty.
2022-10-16 15:25:09.5409|INFO|Microsoft.AspNetCore.StaticFiles.StaticFileMiddleware|The file /favicon-32x32.png was not modified
2022-10-16 15:25:09.5549|DEBUG|Microsoft.AspNetCore.StaticFiles.StaticFileMiddleware|Handled. Status code: 304 File: /favicon-32x32.png
2022-10-16 15:25:09.5549|INFO|Microsoft.AspNetCore.Hosting.Diagnostics|Request finished in 41.8726ms 304 image/png
2022-10-16 15:26:36.7133|INFO|Microsoft.AspNetCore.Hosting.Diagnostics|Request starting HTTP/2.0 POST https://localhost:44309/RegisterParent application/json 470
2022-10-16 15:26:36.7133|TRACE|Microsoft.AspNetCore.HostFiltering.HostFilteringMiddleware|All hosts are allowed.
2022-10-16 15:26:36.7133|DEBUG|Microsoft.AspNetCore.StaticFiles.StaticFileMiddleware|POST requests are not supported
2022-10-16 15:30:18.2910|DEBUG|Microsoft.AspNetCore.Cors.Infrastructure.CorsService|The request has an origin header: 'https://localhost:44309'.
2022-10-16 15:30:18.2910|INFO|Microsoft.AspNetCore.Cors.Infrastructure.CorsService|CORS policy execution failed.
2022-10-16 15:30:18.2910|INFO|Microsoft.AspNetCore.Cors.Infrastructure.CorsService|Request origin https://localhost:44309 does not have permission to access the resource.
2022-10-16 15:30:18.9889|ERROR|Microsoft.AspNetCore.Diagnostics.DeveloperExceptionPageMiddleware|An unhandled exception has occurred while executing the request.|System.InvalidOperationException: Response already started
   at Microsoft.AspNetCore.Server.IIS.Core.IISHttpContext.OnStarting(Func`2 callback, Object state)
   at Microsoft.AspNetCore.Server.IIS.Core.IISHttpContext.Microsoft.AspNetCore.Http.Features.IHttpResponseFeature.OnStarting(Func`2 callback, Object state)
   at Microsoft.AspNetCore.Http.DefaultHttpResponse.OnStarting(Func`2 callback, Object state)
   at Microsoft.AspNetCore.Cors.Infrastructure.CorsMiddleware.EvaluateAndApplyPolicy(HttpContext context, CorsPolicy corsPolicy)
   at Microsoft.AspNetCore.Cors.Infrastructure.CorsMiddleware.Invoke(HttpContext context, ICorsPolicyProvider corsPolicyProvider)
   at Microsoft.AspNetCore.Builder.UseMiddlewareExtensions.<>c__DisplayClass4_1.<UseMiddleware>b__2(HttpContext context)
   at Microsoft.AspNetCore.HttpsPolicy.HttpsRedirectionMiddleware.Invoke(HttpContext context)
   at ParentInformation.Middleware.Invoke(HttpContext httpContext) in C:\Users\2116787\Downloads\applcation\ParentApplication\Server\ParentInformation\ParentInformation\Middleware.cs:line 21
   at Swashbuckle.AspNetCore.SwaggerUI.SwaggerUIMiddleware.Invoke(HttpContext httpContext)
   at Swashbuckle.AspNetCore.Swagger.SwaggerMiddleware.Invoke(HttpContext httpContext, ISwaggerProvider swaggerProvider)
   at Microsoft.AspNetCore.Diagnostics.DeveloperExceptionPageMiddleware.Invoke(HttpContext context)
2022-10-16 15:30:18.9889|WARN|Microsoft.AspNetCore.Diagnostics.DeveloperExceptionPageMiddleware|The response has already started, the error page middleware will not be executed.
2022-10-16 15:30:19.0242|ERROR|Microsoft.AspNetCore.Server.IIS.Core.IISHttpServer|Connection ID "18230571293206380547", Request ID "80000004-0000-fd00-b63f-84710c7967bb": An unhandled exception was thrown by the application.|System.InvalidOperationException: Response already started
   at Microsoft.AspNetCore.Server.IIS.Core.IISHttpContext.OnStarting(Func`2 callback, Object state)
   at Microsoft.AspNetCore.Server.IIS.Core.IISHttpContext.Microsoft.AspNetCore.Http.Features.IHttpResponseFeature.OnStarting(Func`2 callback, Object state)
   at Microsoft.AspNetCore.Http.DefaultHttpResponse.OnStarting(Func`2 callback, Object state)
   at Microsoft.AspNetCore.Cors.Infrastructure.CorsMiddleware.EvaluateAndApplyPolicy(HttpContext context, CorsPolicy corsPolicy)
   at Microsoft.AspNetCore.Cors.Infrastructure.CorsMiddleware.Invoke(HttpContext context, ICorsPolicyProvider corsPolicyProvider)
   at Microsoft.AspNetCore.Builder.UseMiddlewareExtensions.<>c__DisplayClass4_1.<UseMiddleware>b__2(HttpContext context)
   at Microsoft.AspNetCore.HttpsPolicy.HttpsRedirectionMiddleware.Invoke(HttpContext context)
   at ParentInformation.Middleware.Invoke(HttpContext httpContext) in C:\Users\2116787\Downloads\applcation\ParentApplication\Server\ParentInformation\ParentInformation\Middleware.cs:line 21
   at Swashbuckle.AspNetCore.SwaggerUI.SwaggerUIMiddleware.Invoke(HttpContext httpContext)
   at Swashbuckle.AspNetCore.Swagger.SwaggerMiddleware.Invoke(HttpContext httpContext, ISwaggerProvider swaggerProvider)
   at Microsoft.AspNetCore.Diagnostics.DeveloperExceptionPageMiddleware.Invoke(HttpContext context)
   at Microsoft.AspNetCore.Diagnostics.DeveloperExceptionPageMiddleware.Invoke(HttpContext context)
   at Microsoft.AspNetCore.Watch.BrowserRefresh.BrowserRefreshMiddleware.InvokeAsync(HttpContext context)
   at Microsoft.AspNetCore.Builder.Extensions.MapWhenMiddleware.Invoke(HttpContext context)
   at Microsoft.AspNetCore.Server.IIS.Core.IISHttpContextOfT`1.ProcessRequestAsync()
2022-10-16 15:30:19.0242|INFO|Microsoft.AspNetCore.Hosting.Diagnostics|Request finished in 222327.9183ms 200 
