2022-10-31 16:52:18.7573|DEBUG|Microsoft.Extensions.Hosting.Internal.Host|Hosting starting
2022-10-31 16:52:18.9647|INFO|Microsoft.AspNetCore.DataProtection.KeyManagement.XmlKeyManager|User profile is available. Using 'C:\Users\2116787\AppData\Local\ASP.NET\DataProtection-Keys' as key repository and Windows DPAPI to encrypt keys at rest.
2022-10-31 16:52:19.0339|DEBUG|Microsoft.AspNetCore.DataProtection.Repositories.FileSystemXmlRepository|Reading data from file 'C:\Users\2116787\AppData\Local\ASP.NET\DataProtection-Keys\key-04e5a2ad-1397-4660-ac53-2ddf8dcdf7c3.xml'.
2022-10-31 16:52:19.0755|DEBUG|Microsoft.AspNetCore.DataProtection.KeyManagement.XmlKeyManager|Found key {04e5a2ad-1397-4660-ac53-2ddf8dcdf7c3}.
2022-10-31 16:52:19.1011|DEBUG|Microsoft.AspNetCore.DataProtection.KeyManagement.DefaultKeyResolver|Considering key {04e5a2ad-1397-4660-ac53-2ddf8dcdf7c3} with expiration date 2023-01-12 06:45:08Z as default key.
2022-10-31 16:52:19.2277|DEBUG|Microsoft.AspNetCore.DataProtection.TypeForwardingActivator|Forwarded activator type request from Microsoft.AspNetCore.DataProtection.XmlEncryption.DpapiXmlDecryptor, Microsoft.AspNetCore.DataProtection, Version=3.1.28.0, Culture=neutral, PublicKeyToken=adb9793829ddae60 to Microsoft.AspNetCore.DataProtection.XmlEncryption.DpapiXmlDecryptor, Microsoft.AspNetCore.DataProtection, Culture=neutral, PublicKeyToken=adb9793829ddae60
2022-10-31 16:52:19.2277|DEBUG|Microsoft.AspNetCore.DataProtection.XmlEncryption.DpapiXmlDecryptor|Decrypting secret element using Windows DPAPI.
2022-10-31 16:52:19.2277|DEBUG|Microsoft.AspNetCore.DataProtection.TypeForwardingActivator|Forwarded activator type request from Microsoft.AspNetCore.DataProtection.AuthenticatedEncryption.ConfigurationModel.AuthenticatedEncryptorDescriptorDeserializer, Microsoft.AspNetCore.DataProtection, Version=3.1.28.0, Culture=neutral, PublicKeyToken=adb9793829ddae60 to Microsoft.AspNetCore.DataProtection.AuthenticatedEncryption.ConfigurationModel.AuthenticatedEncryptorDescriptorDeserializer, Microsoft.AspNetCore.DataProtection, Culture=neutral, PublicKeyToken=adb9793829ddae60
2022-10-31 16:52:19.2437|DEBUG|Microsoft.AspNetCore.DataProtection.AuthenticatedEncryption.CngCbcAuthenticatedEncryptorFactory|Opening CNG algorithm 'AES' from provider '(null)' with chaining mode CBC.
2022-10-31 16:52:19.2437|DEBUG|Microsoft.AspNetCore.DataProtection.AuthenticatedEncryption.CngCbcAuthenticatedEncryptorFactory|Opening CNG algorithm 'SHA256' from provider '(null)' with HMAC.
2022-10-31 16:52:19.2437|DEBUG|Microsoft.AspNetCore.DataProtection.KeyManagement.KeyRingProvider|Using key {04e5a2ad-1397-4660-ac53-2ddf8dcdf7c3} as the default key.
2022-10-31 16:52:19.2581|DEBUG|Microsoft.AspNetCore.DataProtection.Internal.DataProtectionHostedService|Key ring with default key {04e5a2ad-1397-4660-ac53-2ddf8dcdf7c3} was loaded during application startup.
2022-10-31 16:54:38.7864|DEBUG|Microsoft.Extensions.Hosting.Internal.Host|Hosting starting
2022-10-31 16:54:40.7895|INFO|Microsoft.AspNetCore.DataProtection.KeyManagement.XmlKeyManager|User profile is available. Using 'C:\Users\2116787\AppData\Local\ASP.NET\DataProtection-Keys' as key repository and Windows DPAPI to encrypt keys at rest.
2022-10-31 16:54:41.0878|DEBUG|Microsoft.AspNetCore.DataProtection.Repositories.FileSystemXmlRepository|Reading data from file 'C:\Users\2116787\AppData\Local\ASP.NET\DataProtection-Keys\key-04e5a2ad-1397-4660-ac53-2ddf8dcdf7c3.xml'.
2022-10-31 16:54:41.1711|DEBUG|Microsoft.AspNetCore.DataProtection.KeyManagement.XmlKeyManager|Found key {04e5a2ad-1397-4660-ac53-2ddf8dcdf7c3}.
2022-10-31 16:54:41.1931|DEBUG|Microsoft.AspNetCore.DataProtection.KeyManagement.DefaultKeyResolver|Considering key {04e5a2ad-1397-4660-ac53-2ddf8dcdf7c3} with expiration date 2023-01-12 06:45:08Z as default key.
2022-10-31 16:54:44.3283|DEBUG|Microsoft.AspNetCore.DataProtection.TypeForwardingActivator|Forwarded activator type request from Microsoft.AspNetCore.DataProtection.XmlEncryption.DpapiXmlDecryptor, Microsoft.AspNetCore.DataProtection, Version=3.1.28.0, Culture=neutral, PublicKeyToken=adb9793829ddae60 to Microsoft.AspNetCore.DataProtection.XmlEncryption.DpapiXmlDecryptor, Microsoft.AspNetCore.DataProtection, Culture=neutral, PublicKeyToken=adb9793829ddae60
2022-10-31 16:54:44.3283|DEBUG|Microsoft.AspNetCore.DataProtection.XmlEncryption.DpapiXmlDecryptor|Decrypting secret element using Windows DPAPI.
2022-10-31 16:54:44.3395|DEBUG|Microsoft.AspNetCore.DataProtection.TypeForwardingActivator|Forwarded activator type request from Microsoft.AspNetCore.DataProtection.AuthenticatedEncryption.ConfigurationModel.AuthenticatedEncryptorDescriptorDeserializer, Microsoft.AspNetCore.DataProtection, Version=3.1.28.0, Culture=neutral, PublicKeyToken=adb9793829ddae60 to Microsoft.AspNetCore.DataProtection.AuthenticatedEncryption.ConfigurationModel.AuthenticatedEncryptorDescriptorDeserializer, Microsoft.AspNetCore.DataProtection, Culture=neutral, PublicKeyToken=adb9793829ddae60
2022-10-31 16:54:44.3395|DEBUG|Microsoft.AspNetCore.DataProtection.AuthenticatedEncryption.CngCbcAuthenticatedEncryptorFactory|Opening CNG algorithm 'AES' from provider '(null)' with chaining mode CBC.
2022-10-31 16:54:44.3395|DEBUG|Microsoft.AspNetCore.DataProtection.AuthenticatedEncryption.CngCbcAuthenticatedEncryptorFactory|Opening CNG algorithm 'SHA256' from provider '(null)' with HMAC.
2022-10-31 16:54:44.3582|DEBUG|Microsoft.AspNetCore.DataProtection.KeyManagement.KeyRingProvider|Using key {04e5a2ad-1397-4660-ac53-2ddf8dcdf7c3} as the default key.
2022-10-31 16:54:44.3582|DEBUG|Microsoft.AspNetCore.DataProtection.Internal.DataProtectionHostedService|Key ring with default key {04e5a2ad-1397-4660-ac53-2ddf8dcdf7c3} was loaded during application startup.
2022-10-31 16:54:51.1976|DEBUG|Microsoft.AspNetCore.Hosting.Diagnostics|Loaded hosting startup assembly ParentInformation
2022-10-31 16:54:51.1976|DEBUG|Microsoft.AspNetCore.Hosting.Diagnostics|Loaded hosting startup assembly Microsoft.AspNetCore.Watch.BrowserRefresh
2022-10-31 16:54:51.1976|DEBUG|Microsoft.AspNetCore.Hosting.Diagnostics|Loaded hosting startup assembly Microsoft.WebTools.BrowserLink.Net
2022-10-31 16:54:51.3565|INFO|Microsoft.Hosting.Lifetime|Application started. Press Ctrl+C to shut down.
2022-10-31 16:54:51.8463|INFO|Microsoft.Hosting.Lifetime|Hosting environment: Development
2022-10-31 16:54:52.1873|INFO|Microsoft.Hosting.Lifetime|Content root path: C:\Users\2116787\Downloads\applcation\ParentApplication\Server\ParentInformation\ParentInformation
2022-10-31 16:54:52.1873|DEBUG|Microsoft.Extensions.Hosting.Internal.Host|Hosting started
2022-10-31 16:54:52.6155|INFO|Microsoft.AspNetCore.Hosting.Diagnostics|Request starting HTTP/2.0 GET https://localhost:44309/swagger/index.html  
2022-10-31 16:54:53.2911|DEBUG|Microsoft.AspNetCore.HostFiltering.HostFilteringMiddleware|Wildcard detected, all requests with hosts will be allowed.
2022-10-31 16:54:53.2911|TRACE|Microsoft.AspNetCore.HostFiltering.HostFilteringMiddleware|All hosts are allowed.
2022-10-31 16:54:53.4612|DEBUG|Microsoft.AspNetCore.Watch.BrowserRefresh.BrowserRefreshMiddleware|Response markup is scheduled to include browser refresh script injection.
2022-10-31 16:54:54.8517|DEBUG|Microsoft.AspNetCore.Watch.BrowserRefresh.BrowserRefreshMiddleware|Response markup was updated to include browser refresh script injection.
2022-10-31 16:54:54.8780|INFO|Microsoft.AspNetCore.Hosting.Diagnostics|Request finished in 2266.9788ms 200 text/html;charset=utf-8
2022-10-31 16:54:55.1511|INFO|Microsoft.AspNetCore.Hosting.Diagnostics|Request starting HTTP/2.0 GET https://localhost:44309/_framework/aspnetcore-browser-refresh.js  
2022-10-31 16:54:55.1750|INFO|Microsoft.AspNetCore.Hosting.Diagnostics|Request finished in 23.9353ms 200 application/javascript; charset=utf-8
2022-10-31 16:54:55.2943|INFO|Microsoft.AspNetCore.Hosting.Diagnostics|Request starting HTTP/2.0 GET https://localhost:44309/_vs/browserLink  
2022-10-31 16:54:57.0517|INFO|Microsoft.AspNetCore.Hosting.Diagnostics|Request finished in 1757.4158ms 200 text/javascript; charset=UTF-8
2022-10-31 16:54:57.5593|INFO|Microsoft.AspNetCore.Hosting.Diagnostics|Request starting HTTP/2.0 GET https://localhost:44309/swagger/v1/swagger.json  
2022-10-31 16:54:57.5593|TRACE|Microsoft.AspNetCore.HostFiltering.HostFilteringMiddleware|All hosts are allowed.
2022-10-31 16:54:57.9927|INFO|Microsoft.AspNetCore.Hosting.Diagnostics|Request finished in 433.3973ms 200 application/json;charset=utf-8
2022-10-31 16:58:48.1788|INFO|Microsoft.AspNetCore.Hosting.Diagnostics|Request starting HTTP/2.0 GET https://localhost:44309/ParentsDetails  
2022-10-31 16:58:48.1855|TRACE|Microsoft.AspNetCore.HostFiltering.HostFilteringMiddleware|All hosts are allowed.
2022-10-31 16:58:48.1855|DEBUG|Microsoft.AspNetCore.StaticFiles.StaticFileMiddleware|The request path  does not match the path filter
2022-10-31 16:58:48.2921|DEBUG|Microsoft.AspNetCore.Routing.Matching.DfaMatcher|1 candidate(s) found for the request path '/ParentsDetails'
2022-10-31 16:58:48.2921|DEBUG|Microsoft.AspNetCore.Routing.Matching.DfaMatcher|Endpoint 'ParentInformation.Controllers.ParentsController.GetParents (ParentInformation)' with route pattern 'ParentsDetails' is valid for the request path '/ParentsDetails'
2022-10-31 16:58:48.2921|DEBUG|Microsoft.AspNetCore.Routing.EndpointRoutingMiddleware|Request matched endpoint 'ParentInformation.Controllers.ParentsController.GetParents (ParentInformation)'
2022-10-31 16:58:49.0433|INFO|Microsoft.AspNetCore.Authentication.JwtBearer.JwtBearerHandler|Successfully validated the token.
2022-10-31 16:58:49.0433|DEBUG|Microsoft.AspNetCore.Authentication.JwtBearer.JwtBearerHandler|AuthenticationScheme: Bearer was successfully authenticated.
2022-10-31 16:58:49.0584|INFO|Microsoft.AspNetCore.Authorization.DefaultAuthorizationService|Authorization was successful.
2022-10-31 16:58:49.0584|INFO|Microsoft.AspNetCore.Routing.EndpointMiddleware|Executing endpoint 'ParentInformation.Controllers.ParentsController.GetParents (ParentInformation)'
2022-10-31 16:58:49.0584|DEBUG|Microsoft.AspNetCore.Mvc.ModelBinding.ModelBinderFactory|Registered model binder providers, in the following order: Microsoft.AspNetCore.Mvc.ModelBinding.Binders.BinderTypeModelBinderProvider, Microsoft.AspNetCore.Mvc.ModelBinding.Binders.ServicesModelBinderProvider, Microsoft.AspNetCore.Mvc.ModelBinding.Binders.BodyModelBinderProvider, Microsoft.AspNetCore.Mvc.ModelBinding.Binders.HeaderModelBinderProvider, Microsoft.AspNetCore.Mvc.ModelBinding.Binders.FloatingPointTypeModelBinderProvider, Microsoft.AspNetCore.Mvc.ModelBinding.Binders.EnumTypeModelBinderProvider, Microsoft.AspNetCore.Mvc.ModelBinding.Binders.SimpleTypeModelBinderProvider, Microsoft.AspNetCore.Mvc.ModelBinding.Binders.CancellationTokenModelBinderProvider, Microsoft.AspNetCore.Mvc.ModelBinding.Binders.ByteArrayModelBinderProvider, Microsoft.AspNetCore.Mvc.ModelBinding.Binders.FormFileModelBinderProvider, Microsoft.AspNetCore.Mvc.ModelBinding.Binders.FormCollectionModelBinderProvider, Microsoft.AspNetCore.Mvc.ModelBinding.Binders.KeyValuePairModelBinderProvider, Microsoft.AspNetCore.Mvc.ModelBinding.Binders.DictionaryModelBinderProvider, Microsoft.AspNetCore.Mvc.ModelBinding.Binders.ArrayModelBinderProvider, Microsoft.AspNetCore.Mvc.ModelBinding.Binders.CollectionModelBinderProvider, Microsoft.AspNetCore.Mvc.ModelBinding.Binders.ComplexTypeModelBinderProvider
2022-10-31 16:58:49.1064|INFO|Microsoft.AspNetCore.Mvc.Infrastructure.ControllerActionInvoker|Route matched with {action = "GetParents", controller = "Parents"}. Executing controller action with signature Microsoft.AspNetCore.Mvc.IActionResult GetParents() on controller ParentInformation.Controllers.ParentsController (ParentInformation).
2022-10-31 16:58:49.1064|DEBUG|Microsoft.AspNetCore.Mvc.Infrastructure.ControllerActionInvoker|Execution plan of authorization filters (in the following order): None
2022-10-31 16:58:49.1064|DEBUG|Microsoft.AspNetCore.Mvc.Infrastructure.ControllerActionInvoker|Execution plan of resource filters (in the following order): None
2022-10-31 16:58:49.1064|DEBUG|Microsoft.AspNetCore.Mvc.Infrastructure.ControllerActionInvoker|Execution plan of action filters (in the following order): Microsoft.AspNetCore.Mvc.ModelBinding.UnsupportedContentTypeFilter (Order: -3000), Microsoft.AspNetCore.Mvc.Infrastructure.ModelStateInvalidFilter (Order: -2000)
2022-10-31 16:58:49.1064|DEBUG|Microsoft.AspNetCore.Mvc.Infrastructure.ControllerActionInvoker|Execution plan of exception filters (in the following order): None
2022-10-31 16:58:49.1064|DEBUG|Microsoft.AspNetCore.Mvc.Infrastructure.ControllerActionInvoker|Execution plan of result filters (in the following order): Microsoft.AspNetCore.Mvc.Infrastructure.ClientErrorResultFilter (Order: -2000)
2022-10-31 16:58:49.1064|DEBUG|Microsoft.AspNetCore.Mvc.Infrastructure.ControllerActionInvoker|Executing controller factory for controller ParentInformation.Controllers.ParentsController (ParentInformation)
2022-10-31 16:58:49.3096|DEBUG|Microsoft.EntityFrameworkCore.Infrastructure|An 'IServiceProvider' was created for internal use by Entity Framework.
2022-10-31 16:58:49.5037|DEBUG|Microsoft.AspNetCore.Mvc.Infrastructure.ControllerActionInvoker|Executed controller factory for controller ParentInformation.Controllers.ParentsController (ParentInformation)
2022-10-31 16:58:49.5037|TRACE|Microsoft.AspNetCore.Mvc.Infrastructure.ControllerActionInvoker|Action Filter: Before executing OnActionExecuting on filter Microsoft.AspNetCore.Mvc.ModelBinding.UnsupportedContentTypeFilter.
2022-10-31 16:58:49.5037|TRACE|Microsoft.AspNetCore.Mvc.Infrastructure.ControllerActionInvoker|Action Filter: After executing OnActionExecuting on filter Microsoft.AspNetCore.Mvc.ModelBinding.UnsupportedContentTypeFilter.
2022-10-31 16:58:49.5037|TRACE|Microsoft.AspNetCore.Mvc.Infrastructure.ControllerActionInvoker|Action Filter: Before executing OnActionExecuting on filter Microsoft.AspNetCore.Mvc.Infrastructure.ModelStateInvalidFilter.
2022-10-31 16:58:49.5037|TRACE|Microsoft.AspNetCore.Mvc.Infrastructure.ControllerActionInvoker|Action Filter: After executing OnActionExecuting on filter Microsoft.AspNetCore.Mvc.Infrastructure.ModelStateInvalidFilter.
2022-10-31 16:58:49.5151|INFO|Microsoft.AspNetCore.Mvc.Infrastructure.ControllerActionInvoker|Executing action method ParentInformation.Controllers.ParentsController.GetParents (ParentInformation) - Validation state: Valid
2022-10-31 16:58:49.5259|INFO|ParentInformation.Controllers.ParentsController|Entered the GetParents Action Method
2022-10-31 16:58:50.1820|INFO|Microsoft.EntityFrameworkCore.Infrastructure|Entity Framework Core 3.1.10 initialized 'ParentContext' using provider 'Microsoft.EntityFrameworkCore.SqlServer' with options: None
2022-10-31 16:58:50.4554|DEBUG|Microsoft.EntityFrameworkCore.Query|queryContext => new QueryingEnumerable<Parent>(
    (RelationalQueryContext)queryContext, 
    RelationalCommandCache, 
    null, 
    null, 
    Func<QueryContext, DbDataReader, ResultContext, int[], ResultCoordinator, Parent>, 
    ParentInformation.Models.ParentContext, 
    null
)
2022-10-31 16:58:50.5198|DEBUG|Microsoft.EntityFrameworkCore.Database.Command|Creating DbCommand for 'ExecuteReader'.
2022-10-31 16:58:50.6422|DEBUG|Microsoft.EntityFrameworkCore.Database.Command|Created DbCommand for 'ExecuteReader' (112ms).
2022-10-31 16:58:50.6575|DEBUG|Microsoft.EntityFrameworkCore.Database.Connection|Opening connection to database 'ParentDb' on server '(localdb)\ProjectModels'.
2022-10-31 16:59:04.7358|DEBUG|Microsoft.EntityFrameworkCore.Database.Connection|Opened connection to database 'ParentDb' on server '(localdb)\ProjectModels'.
2022-10-31 16:59:04.7623|DEBUG|Microsoft.EntityFrameworkCore.Database.Command|Executing DbCommand [Parameters=[], CommandType='Text', CommandTimeout='30']
SELECT [p].[RegistationId], [p].[Address], [p].[Age], [p].[City], [p].[Country], [p].[EmailAddress], [p].[ParentName], [p].[PrimaryContactPerson], [p].[PrimaryContactPersonPhoneNumber], [p].[RegistrationDate], [p].[SecondaryContactPerson], [p].[SecondaryContactPersonPhoneNumber], [p].[State], [p].[StudentName], [p].[StudentRegistrationId], [p].[UserName], [p].[Zipcode], [p].[status]
FROM [parent] AS [p]
2022-10-31 16:59:04.8653|INFO|Microsoft.EntityFrameworkCore.Database.Command|Executed DbCommand (106ms) [Parameters=[], CommandType='Text', CommandTimeout='30']
SELECT [p].[RegistationId], [p].[Address], [p].[Age], [p].[City], [p].[Country], [p].[EmailAddress], [p].[ParentName], [p].[PrimaryContactPerson], [p].[PrimaryContactPersonPhoneNumber], [p].[RegistrationDate], [p].[SecondaryContactPerson], [p].[SecondaryContactPersonPhoneNumber], [p].[State], [p].[StudentName], [p].[StudentRegistrationId], [p].[UserName], [p].[Zipcode], [p].[status]
FROM [parent] AS [p]
2022-10-31 16:59:04.9911|DEBUG|Microsoft.EntityFrameworkCore.ChangeTracking|Context 'ParentContext' started tracking 'Parent' entity. Consider using 'DbContextOptionsBuilder.EnableSensitiveDataLogging' to see key values.
2022-10-31 16:59:05.0763|DEBUG|Microsoft.EntityFrameworkCore.Database.Command|A data reader was disposed.
2022-10-31 16:59:05.0763|DEBUG|Microsoft.EntityFrameworkCore.Database.Connection|Closing connection to database 'ParentDb' on server '(localdb)\ProjectModels'.
2022-10-31 16:59:05.0994|DEBUG|Microsoft.EntityFrameworkCore.Database.Connection|Closed connection to database 'ParentDb' on server '(localdb)\ProjectModels'.
2022-10-31 16:59:05.1081|INFO|Microsoft.AspNetCore.Mvc.Infrastructure.ControllerActionInvoker|Executed action method ParentInformation.Controllers.ParentsController.GetParents (ParentInformation), returned result Microsoft.AspNetCore.Mvc.OkObjectResult in 15584.9109ms.
2022-10-31 16:59:05.1081|TRACE|Microsoft.AspNetCore.Mvc.Infrastructure.ControllerActionInvoker|Action Filter: Before executing OnActionExecuted on filter Microsoft.AspNetCore.Mvc.Infrastructure.ModelStateInvalidFilter.
2022-10-31 16:59:05.1081|TRACE|Microsoft.AspNetCore.Mvc.Infrastructure.ControllerActionInvoker|Action Filter: After executing OnActionExecuted on filter Microsoft.AspNetCore.Mvc.Infrastructure.ModelStateInvalidFilter.
2022-10-31 16:59:05.1081|TRACE|Microsoft.AspNetCore.Mvc.Infrastructure.ControllerActionInvoker|Action Filter: Before executing OnActionExecuted on filter Microsoft.AspNetCore.Mvc.ModelBinding.UnsupportedContentTypeFilter.
2022-10-31 16:59:05.1081|TRACE|Microsoft.AspNetCore.Mvc.Infrastructure.ControllerActionInvoker|Action Filter: After executing OnActionExecuted on filter Microsoft.AspNetCore.Mvc.ModelBinding.UnsupportedContentTypeFilter.
2022-10-31 16:59:05.1081|TRACE|Microsoft.AspNetCore.Mvc.Infrastructure.ControllerActionInvoker|Result Filter: Before executing OnResultExecuting on filter Microsoft.AspNetCore.Mvc.Infrastructure.ClientErrorResultFilter.
2022-10-31 16:59:05.1081|TRACE|Microsoft.AspNetCore.Mvc.Infrastructure.ControllerActionInvoker|Result Filter: After executing OnResultExecuting on filter Microsoft.AspNetCore.Mvc.Infrastructure.ClientErrorResultFilter.
2022-10-31 16:59:05.1081|TRACE|Microsoft.AspNetCore.Mvc.Infrastructure.ControllerActionInvoker|Before executing action result Microsoft.AspNetCore.Mvc.OkObjectResult.
2022-10-31 16:59:05.1199|DEBUG|Microsoft.AspNetCore.Mvc.Infrastructure.ObjectResultExecutor|Buffering IAsyncEnumerable instance of type 'Microsoft.EntityFrameworkCore.Internal.InternalDbSet`1[[ParentInformation.Models.Parent, ParentInformation, Version=1.0.0.0, Culture=neutral, PublicKeyToken=null]]'.
2022-10-31 16:59:05.1389|DEBUG|Microsoft.EntityFrameworkCore.Query|queryContext => new QueryingEnumerable<Parent>(
    (RelationalQueryContext)queryContext, 
    RelationalCommandCache, 
    null, 
    null, 
    Func<QueryContext, DbDataReader, ResultContext, int[], ResultCoordinator, Parent>, 
    ParentInformation.Models.ParentContext, 
    null
)
2022-10-31 16:59:05.1635|DEBUG|Microsoft.EntityFrameworkCore.Database.Command|Creating DbCommand for 'ExecuteReader'.
2022-10-31 16:59:05.1635|DEBUG|Microsoft.EntityFrameworkCore.Database.Command|Created DbCommand for 'ExecuteReader' (0ms).
2022-10-31 16:59:05.1715|DEBUG|Microsoft.EntityFrameworkCore.Database.Connection|Opening connection to database 'ParentDb' on server '(localdb)\ProjectModels'.
2022-10-31 16:59:05.1794|DEBUG|Microsoft.EntityFrameworkCore.Database.Connection|Opened connection to database 'ParentDb' on server '(localdb)\ProjectModels'.
2022-10-31 16:59:05.1794|DEBUG|Microsoft.EntityFrameworkCore.Database.Command|Executing DbCommand [Parameters=[], CommandType='Text', CommandTimeout='30']
SELECT [p].[RegistationId], [p].[Address], [p].[Age], [p].[City], [p].[Country], [p].[EmailAddress], [p].[ParentName], [p].[PrimaryContactPerson], [p].[PrimaryContactPersonPhoneNumber], [p].[RegistrationDate], [p].[SecondaryContactPerson], [p].[SecondaryContactPersonPhoneNumber], [p].[State], [p].[StudentName], [p].[StudentRegistrationId], [p].[UserName], [p].[Zipcode], [p].[status]
FROM [parent] AS [p]
2022-10-31 16:59:05.2407|INFO|Microsoft.EntityFrameworkCore.Database.Command|Executed DbCommand (60ms) [Parameters=[], CommandType='Text', CommandTimeout='30']
SELECT [p].[RegistationId], [p].[Address], [p].[Age], [p].[City], [p].[Country], [p].[EmailAddress], [p].[ParentName], [p].[PrimaryContactPerson], [p].[PrimaryContactPersonPhoneNumber], [p].[RegistrationDate], [p].[SecondaryContactPerson], [p].[SecondaryContactPersonPhoneNumber], [p].[State], [p].[StudentName], [p].[StudentRegistrationId], [p].[UserName], [p].[Zipcode], [p].[status]
FROM [parent] AS [p]
2022-10-31 16:59:05.2674|DEBUG|Microsoft.EntityFrameworkCore.Database.Command|A data reader was disposed.
2022-10-31 16:59:05.2760|DEBUG|Microsoft.EntityFrameworkCore.Database.Connection|Closing connection to database 'ParentDb' on server '(localdb)\ProjectModels'.
2022-10-31 16:59:05.2760|DEBUG|Microsoft.EntityFrameworkCore.Database.Connection|Closed connection to database 'ParentDb' on server '(localdb)\ProjectModels'.
2022-10-31 16:59:05.2760|DEBUG|Microsoft.AspNetCore.Mvc.Infrastructure.DefaultOutputFormatterSelector|List of registered output formatters, in the following order: Microsoft.AspNetCore.Mvc.Formatters.HttpNoContentOutputFormatter, Microsoft.AspNetCore.Mvc.Formatters.StringOutputFormatter, Microsoft.AspNetCore.Mvc.Formatters.StreamOutputFormatter, Microsoft.AspNetCore.Mvc.Formatters.SystemTextJsonOutputFormatter
2022-10-31 16:59:05.2957|DEBUG|Microsoft.AspNetCore.Mvc.Infrastructure.DefaultOutputFormatterSelector|No information found on request to perform content negotiation.
2022-10-31 16:59:05.2957|DEBUG|Microsoft.AspNetCore.Mvc.Infrastructure.DefaultOutputFormatterSelector|Attempting to select an output formatter without using a content type as no explicit content types were specified for the response.
2022-10-31 16:59:05.2957|DEBUG|Microsoft.AspNetCore.Mvc.Infrastructure.DefaultOutputFormatterSelector|Attempting to select the first formatter in the output formatters list which can write the result.
2022-10-31 16:59:05.2957|DEBUG|Microsoft.AspNetCore.Mvc.Infrastructure.DefaultOutputFormatterSelector|Selected output formatter 'Microsoft.AspNetCore.Mvc.Formatters.SystemTextJsonOutputFormatter' and content type 'application/json' to write the response.
2022-10-31 16:59:05.2957|INFO|Microsoft.AspNetCore.Mvc.Infrastructure.ObjectResultExecutor|Executing ObjectResult, writing value of type 'System.Collections.Generic.List`1[[ParentInformation.Models.Parent, ParentInformation, Version=1.0.0.0, Culture=neutral, PublicKeyToken=null]]'.
2022-10-31 16:59:05.3272|TRACE|Microsoft.AspNetCore.Mvc.Infrastructure.ControllerActionInvoker|After executing action result Microsoft.AspNetCore.Mvc.OkObjectResult.
2022-10-31 16:59:05.3272|TRACE|Microsoft.AspNetCore.Mvc.Infrastructure.ControllerActionInvoker|Result Filter: Before executing OnResultExecuted on filter Microsoft.AspNetCore.Mvc.Infrastructure.ClientErrorResultFilter.
2022-10-31 16:59:05.3272|TRACE|Microsoft.AspNetCore.Mvc.Infrastructure.ControllerActionInvoker|Result Filter: After executing OnResultExecuted on filter Microsoft.AspNetCore.Mvc.Infrastructure.ClientErrorResultFilter.
2022-10-31 16:59:05.3456|INFO|Microsoft.AspNetCore.Mvc.Infrastructure.ControllerActionInvoker|Executed action ParentInformation.Controllers.ParentsController.GetParents (ParentInformation) in 16228.1469ms
2022-10-31 16:59:05.3456|INFO|Microsoft.AspNetCore.Routing.EndpointMiddleware|Executed endpoint 'ParentInformation.Controllers.ParentsController.GetParents (ParentInformation)'
2022-10-31 16:59:05.3553|DEBUG|Microsoft.EntityFrameworkCore.Infrastructure|'ParentContext' disposed.
2022-10-31 16:59:05.3553|INFO|Microsoft.AspNetCore.Hosting.Diagnostics|Request finished in 17181.0922ms 200 application/json; charset=utf-8
2022-10-31 16:59:37.0587|INFO|Microsoft.AspNetCore.Hosting.Diagnostics|Request starting HTTP/2.0 GET https://localhost:44309/Parents/26d25d2e-e396-40aa-5a47-08dab8cd9dd5  
2022-10-31 16:59:37.0846|TRACE|Microsoft.AspNetCore.HostFiltering.HostFilteringMiddleware|All hosts are allowed.
2022-10-31 16:59:37.0865|DEBUG|Microsoft.AspNetCore.StaticFiles.StaticFileMiddleware|The request path  does not match the path filter
2022-10-31 16:59:37.1305|DEBUG|Microsoft.AspNetCore.Routing.Matching.DfaMatcher|1 candidate(s) found for the request path '/Parents/26d25d2e-e396-40aa-5a47-08dab8cd9dd5'
2022-10-31 16:59:37.1305|DEBUG|Microsoft.AspNetCore.Routing.Matching.DfaMatcher|Endpoint 'ParentInformation.Controllers.ParentsController.GetParentsByRegID (ParentInformation)' with route pattern 'Parents/{RegId}' is valid for the request path '/Parents/26d25d2e-e396-40aa-5a47-08dab8cd9dd5'
2022-10-31 16:59:37.1305|DEBUG|Microsoft.AspNetCore.Routing.EndpointRoutingMiddleware|Request matched endpoint 'ParentInformation.Controllers.ParentsController.GetParentsByRegID (ParentInformation)'
2022-10-31 16:59:37.1644|INFO|Microsoft.AspNetCore.Authentication.JwtBearer.JwtBearerHandler|Successfully validated the token.
2022-10-31 16:59:37.1644|DEBUG|Microsoft.AspNetCore.Authentication.JwtBearer.JwtBearerHandler|AuthenticationScheme: Bearer was successfully authenticated.
2022-10-31 16:59:37.1644|INFO|Microsoft.AspNetCore.Authorization.DefaultAuthorizationService|Authorization was successful.
2022-10-31 16:59:37.1644|INFO|Microsoft.AspNetCore.Routing.EndpointMiddleware|Executing endpoint 'ParentInformation.Controllers.ParentsController.GetParentsByRegID (ParentInformation)'
2022-10-31 16:59:37.1959|INFO|Microsoft.AspNetCore.Mvc.Infrastructure.ControllerActionInvoker|Route matched with {action = "GetParentsByRegID", controller = "Parents"}. Executing controller action with signature Microsoft.AspNetCore.Mvc.IActionResult GetParentsByRegID(System.Guid) on controller ParentInformation.Controllers.ParentsController (ParentInformation).
2022-10-31 16:59:37.1959|DEBUG|Microsoft.AspNetCore.Mvc.Infrastructure.ControllerActionInvoker|Execution plan of authorization filters (in the following order): None
2022-10-31 16:59:37.1959|DEBUG|Microsoft.AspNetCore.Mvc.Infrastructure.ControllerActionInvoker|Execution plan of resource filters (in the following order): None
2022-10-31 16:59:37.1959|DEBUG|Microsoft.AspNetCore.Mvc.Infrastructure.ControllerActionInvoker|Execution plan of action filters (in the following order): Microsoft.AspNetCore.Mvc.ModelBinding.UnsupportedContentTypeFilter (Order: -3000), Microsoft.AspNetCore.Mvc.Infrastructure.ModelStateInvalidFilter (Order: -2000)
2022-10-31 16:59:37.1959|DEBUG|Microsoft.AspNetCore.Mvc.Infrastructure.ControllerActionInvoker|Execution plan of exception filters (in the following order): None
2022-10-31 16:59:37.1959|DEBUG|Microsoft.AspNetCore.Mvc.Infrastructure.ControllerActionInvoker|Execution plan of result filters (in the following order): Microsoft.AspNetCore.Mvc.Infrastructure.ClientErrorResultFilter (Order: -2000)
2022-10-31 16:59:37.1959|DEBUG|Microsoft.AspNetCore.Mvc.Infrastructure.ControllerActionInvoker|Executing controller factory for controller ParentInformation.Controllers.ParentsController (ParentInformation)
2022-10-31 16:59:37.1959|DEBUG|Microsoft.AspNetCore.Mvc.Infrastructure.ControllerActionInvoker|Executed controller factory for controller ParentInformation.Controllers.ParentsController (ParentInformation)
2022-10-31 16:59:37.2248|DEBUG|Microsoft.AspNetCore.Mvc.ModelBinding.ParameterBinder|Attempting to bind parameter 'RegId' of type 'System.Guid' ...
2022-10-31 16:59:37.2332|DEBUG|Microsoft.AspNetCore.Mvc.ModelBinding.Binders.SimpleTypeModelBinder|Attempting to bind parameter 'RegId' of type 'System.Guid' using the name 'RegId' in request data ...
2022-10-31 16:59:37.2332|DEBUG|Microsoft.AspNetCore.Mvc.ModelBinding.Binders.SimpleTypeModelBinder|Done attempting to bind parameter 'RegId' of type 'System.Guid'.
2022-10-31 16:59:37.2332|DEBUG|Microsoft.AspNetCore.Mvc.ModelBinding.ParameterBinder|Done attempting to bind parameter 'RegId' of type 'System.Guid'.
2022-10-31 16:59:37.2332|DEBUG|Microsoft.AspNetCore.Mvc.ModelBinding.ParameterBinder|Attempting to validate the bound parameter 'RegId' of type 'System.Guid' ...
2022-10-31 16:59:37.3130|DEBUG|Microsoft.AspNetCore.Mvc.ModelBinding.ParameterBinder|Done attempting to validate the bound parameter 'RegId' of type 'System.Guid'.
2022-10-31 16:59:37.3130|TRACE|Microsoft.AspNetCore.Mvc.Infrastructure.ControllerActionInvoker|Action Filter: Before executing OnActionExecuting on filter Microsoft.AspNetCore.Mvc.ModelBinding.UnsupportedContentTypeFilter.
2022-10-31 16:59:37.3130|TRACE|Microsoft.AspNetCore.Mvc.Infrastructure.ControllerActionInvoker|Action Filter: After executing OnActionExecuting on filter Microsoft.AspNetCore.Mvc.ModelBinding.UnsupportedContentTypeFilter.
2022-10-31 16:59:37.3130|TRACE|Microsoft.AspNetCore.Mvc.Infrastructure.ControllerActionInvoker|Action Filter: Before executing OnActionExecuting on filter Microsoft.AspNetCore.Mvc.Infrastructure.ModelStateInvalidFilter.
2022-10-31 16:59:37.3130|TRACE|Microsoft.AspNetCore.Mvc.Infrastructure.ControllerActionInvoker|Action Filter: After executing OnActionExecuting on filter Microsoft.AspNetCore.Mvc.Infrastructure.ModelStateInvalidFilter.
2022-10-31 16:59:37.3130|INFO|Microsoft.AspNetCore.Mvc.Infrastructure.ControllerActionInvoker|Executing action method ParentInformation.Controllers.ParentsController.GetParentsByRegID (ParentInformation) - Validation state: Valid
2022-10-31 16:59:37.3130|TRACE|Microsoft.AspNetCore.Mvc.Infrastructure.ControllerActionInvoker|Executing action method ParentInformation.Controllers.ParentsController.GetParentsByRegID (ParentInformation) with arguments (26d25d2e-e396-40aa-5a47-08dab8cd9dd5)
2022-10-31 16:59:37.3915|INFO|Microsoft.EntityFrameworkCore.Infrastructure|Entity Framework Core 3.1.10 initialized 'ParentContext' using provider 'Microsoft.EntityFrameworkCore.SqlServer' with options: None
2022-10-31 16:59:37.6087|DEBUG|Microsoft.EntityFrameworkCore.Query|queryContext => new QueryingEnumerable<Parent>(
    (RelationalQueryContext)queryContext, 
    RelationalCommandCache, 
    null, 
    null, 
    Func<QueryContext, DbDataReader, ResultContext, int[], ResultCoordinator, Parent>, 
    ParentInformation.Models.ParentContext, 
    null
)
    .SingleOrDefault()
2022-10-31 16:59:37.6234|DEBUG|Microsoft.EntityFrameworkCore.Database.Command|Creating DbCommand for 'ExecuteReader'.
2022-10-31 16:59:37.6234|DEBUG|Microsoft.EntityFrameworkCore.Database.Command|Created DbCommand for 'ExecuteReader' (0ms).
2022-10-31 16:59:37.6234|DEBUG|Microsoft.EntityFrameworkCore.Database.Connection|Opening connection to database 'ParentDb' on server '(localdb)\ProjectModels'.
2022-10-31 16:59:37.6343|DEBUG|Microsoft.EntityFrameworkCore.Database.Connection|Opened connection to database 'ParentDb' on server '(localdb)\ProjectModels'.
2022-10-31 16:59:37.6343|DEBUG|Microsoft.EntityFrameworkCore.Database.Command|Executing DbCommand [Parameters=[@__registrationId_0='?' (DbType = Guid)], CommandType='Text', CommandTimeout='30']
SELECT TOP(2) [p].[RegistationId], [p].[Address], [p].[Age], [p].[City], [p].[Country], [p].[EmailAddress], [p].[ParentName], [p].[PrimaryContactPerson], [p].[PrimaryContactPersonPhoneNumber], [p].[RegistrationDate], [p].[SecondaryContactPerson], [p].[SecondaryContactPersonPhoneNumber], [p].[State], [p].[StudentName], [p].[StudentRegistrationId], [p].[UserName], [p].[Zipcode], [p].[status]
FROM [parent] AS [p]
WHERE [p].[RegistationId] = @__registrationId_0
2022-10-31 16:59:37.7784|INFO|Microsoft.EntityFrameworkCore.Database.Command|Executed DbCommand (144ms) [Parameters=[@__registrationId_0='?' (DbType = Guid)], CommandType='Text', CommandTimeout='30']
SELECT TOP(2) [p].[RegistationId], [p].[Address], [p].[Age], [p].[City], [p].[Country], [p].[EmailAddress], [p].[ParentName], [p].[PrimaryContactPerson], [p].[PrimaryContactPersonPhoneNumber], [p].[RegistrationDate], [p].[SecondaryContactPerson], [p].[SecondaryContactPersonPhoneNumber], [p].[State], [p].[StudentName], [p].[StudentRegistrationId], [p].[UserName], [p].[Zipcode], [p].[status]
FROM [parent] AS [p]
WHERE [p].[RegistationId] = @__registrationId_0
2022-10-31 16:59:37.7784|DEBUG|Microsoft.EntityFrameworkCore.ChangeTracking|Context 'ParentContext' started tracking 'Parent' entity. Consider using 'DbContextOptionsBuilder.EnableSensitiveDataLogging' to see key values.
2022-10-31 16:59:37.7784|DEBUG|Microsoft.EntityFrameworkCore.Database.Command|A data reader was disposed.
2022-10-31 16:59:37.7784|DEBUG|Microsoft.EntityFrameworkCore.Database.Connection|Closing connection to database 'ParentDb' on server '(localdb)\ProjectModels'.
2022-10-31 16:59:37.7784|DEBUG|Microsoft.EntityFrameworkCore.Database.Connection|Closed connection to database 'ParentDb' on server '(localdb)\ProjectModels'.
2022-10-31 16:59:37.7784|INFO|Microsoft.AspNetCore.Mvc.Infrastructure.ControllerActionInvoker|Executed action method ParentInformation.Controllers.ParentsController.GetParentsByRegID (ParentInformation), returned result Microsoft.AspNetCore.Mvc.OkObjectResult in 466.2734ms.
2022-10-31 16:59:37.7784|TRACE|Microsoft.AspNetCore.Mvc.Infrastructure.ControllerActionInvoker|Action Filter: Before executing OnActionExecuted on filter Microsoft.AspNetCore.Mvc.Infrastructure.ModelStateInvalidFilter.
2022-10-31 16:59:37.7784|TRACE|Microsoft.AspNetCore.Mvc.Infrastructure.ControllerActionInvoker|Action Filter: After executing OnActionExecuted on filter Microsoft.AspNetCore.Mvc.Infrastructure.ModelStateInvalidFilter.
2022-10-31 16:59:37.7784|TRACE|Microsoft.AspNetCore.Mvc.Infrastructure.ControllerActionInvoker|Action Filter: Before executing OnActionExecuted on filter Microsoft.AspNetCore.Mvc.ModelBinding.UnsupportedContentTypeFilter.
2022-10-31 16:59:37.7784|TRACE|Microsoft.AspNetCore.Mvc.Infrastructure.ControllerActionInvoker|Action Filter: After executing OnActionExecuted on filter Microsoft.AspNetCore.Mvc.ModelBinding.UnsupportedContentTypeFilter.
2022-10-31 16:59:37.7784|TRACE|Microsoft.AspNetCore.Mvc.Infrastructure.ControllerActionInvoker|Result Filter: Before executing OnResultExecuting on filter Microsoft.AspNetCore.Mvc.Infrastructure.ClientErrorResultFilter.
2022-10-31 16:59:37.7784|TRACE|Microsoft.AspNetCore.Mvc.Infrastructure.ControllerActionInvoker|Result Filter: After executing OnResultExecuting on filter Microsoft.AspNetCore.Mvc.Infrastructure.ClientErrorResultFilter.
2022-10-31 16:59:37.7784|TRACE|Microsoft.AspNetCore.Mvc.Infrastructure.ControllerActionInvoker|Before executing action result Microsoft.AspNetCore.Mvc.OkObjectResult.
2022-10-31 16:59:37.7784|DEBUG|Microsoft.AspNetCore.Mvc.Infrastructure.DefaultOutputFormatterSelector|List of registered output formatters, in the following order: Microsoft.AspNetCore.Mvc.Formatters.HttpNoContentOutputFormatter, Microsoft.AspNetCore.Mvc.Formatters.StringOutputFormatter, Microsoft.AspNetCore.Mvc.Formatters.StreamOutputFormatter, Microsoft.AspNetCore.Mvc.Formatters.SystemTextJsonOutputFormatter
2022-10-31 16:59:37.7784|DEBUG|Microsoft.AspNetCore.Mvc.Infrastructure.DefaultOutputFormatterSelector|No information found on request to perform content negotiation.
2022-10-31 16:59:37.7784|DEBUG|Microsoft.AspNetCore.Mvc.Infrastructure.DefaultOutputFormatterSelector|Attempting to select an output formatter without using a content type as no explicit content types were specified for the response.
2022-10-31 16:59:37.7784|DEBUG|Microsoft.AspNetCore.Mvc.Infrastructure.DefaultOutputFormatterSelector|Attempting to select the first formatter in the output formatters list which can write the result.
2022-10-31 16:59:37.7784|DEBUG|Microsoft.AspNetCore.Mvc.Infrastructure.DefaultOutputFormatterSelector|Selected output formatter 'Microsoft.AspNetCore.Mvc.Formatters.SystemTextJsonOutputFormatter' and content type 'application/json' to write the response.
2022-10-31 16:59:37.7784|INFO|Microsoft.AspNetCore.Mvc.Infrastructure.ObjectResultExecutor|Executing ObjectResult, writing value of type 'ParentInformation.Models.Parent'.
2022-10-31 16:59:37.7904|TRACE|Microsoft.AspNetCore.Mvc.Infrastructure.ControllerActionInvoker|After executing action result Microsoft.AspNetCore.Mvc.OkObjectResult.
2022-10-31 16:59:37.7904|TRACE|Microsoft.AspNetCore.Mvc.Infrastructure.ControllerActionInvoker|Result Filter: Before executing OnResultExecuted on filter Microsoft.AspNetCore.Mvc.Infrastructure.ClientErrorResultFilter.
2022-10-31 16:59:37.7904|TRACE|Microsoft.AspNetCore.Mvc.Infrastructure.ControllerActionInvoker|Result Filter: After executing OnResultExecuted on filter Microsoft.AspNetCore.Mvc.Infrastructure.ClientErrorResultFilter.
2022-10-31 16:59:37.7904|INFO|Microsoft.AspNetCore.Mvc.Infrastructure.ControllerActionInvoker|Executed action ParentInformation.Controllers.ParentsController.GetParentsByRegID (ParentInformation) in 593.6886ms
2022-10-31 16:59:37.7904|INFO|Microsoft.AspNetCore.Routing.EndpointMiddleware|Executed endpoint 'ParentInformation.Controllers.ParentsController.GetParentsByRegID (ParentInformation)'
2022-10-31 16:59:37.7904|DEBUG|Microsoft.EntityFrameworkCore.Infrastructure|'ParentContext' disposed.
2022-10-31 16:59:37.7904|INFO|Microsoft.AspNetCore.Hosting.Diagnostics|Request finished in 733.1599ms 200 application/json; charset=utf-8
2022-10-31 16:59:57.0224|INFO|Microsoft.AspNetCore.Hosting.Diagnostics|Request starting HTTP/2.0 GET https://localhost:44309/Parents/26d25d2e-e396-40aa-5a47-08dab8cd9dd5  
2022-10-31 16:59:57.0315|TRACE|Microsoft.AspNetCore.HostFiltering.HostFilteringMiddleware|All hosts are allowed.
2022-10-31 16:59:57.0315|DEBUG|Microsoft.AspNetCore.StaticFiles.StaticFileMiddleware|The request path  does not match the path filter
2022-10-31 16:59:57.0315|DEBUG|Microsoft.AspNetCore.Routing.Matching.DfaMatcher|1 candidate(s) found for the request path '/Parents/26d25d2e-e396-40aa-5a47-08dab8cd9dd5'
2022-10-31 16:59:57.0315|DEBUG|Microsoft.AspNetCore.Routing.Matching.DfaMatcher|Endpoint 'ParentInformation.Controllers.ParentsController.GetParentsByRegID (ParentInformation)' with route pattern 'Parents/{RegId}' is valid for the request path '/Parents/26d25d2e-e396-40aa-5a47-08dab8cd9dd5'
2022-10-31 16:59:57.0315|DEBUG|Microsoft.AspNetCore.Routing.EndpointRoutingMiddleware|Request matched endpoint 'ParentInformation.Controllers.ParentsController.GetParentsByRegID (ParentInformation)'
2022-10-31 16:59:57.0315|DEBUG|Microsoft.AspNetCore.Authentication.JwtBearer.JwtBearerHandler|AuthenticationScheme: Bearer was not authenticated.
2022-10-31 16:59:57.0415|INFO|Microsoft.AspNetCore.Authorization.DefaultAuthorizationService|Authorization failed.
2022-10-31 16:59:57.0415|INFO|Microsoft.AspNetCore.Authentication.JwtBearer.JwtBearerHandler|AuthenticationScheme: Bearer was challenged.
2022-10-31 16:59:57.0415|INFO|Microsoft.AspNetCore.Hosting.Diagnostics|Request finished in 31.1677ms 401 
2022-10-31 17:02:44.0125|DEBUG|Microsoft.Extensions.Hosting.Internal.Host|Hosting starting
2022-10-31 17:02:44.2885|INFO|Microsoft.AspNetCore.DataProtection.KeyManagement.XmlKeyManager|User profile is available. Using 'C:\Users\2116787\AppData\Local\ASP.NET\DataProtection-Keys' as key repository and Windows DPAPI to encrypt keys at rest.
2022-10-31 17:02:44.3521|DEBUG|Microsoft.AspNetCore.DataProtection.Repositories.FileSystemXmlRepository|Reading data from file 'C:\Users\2116787\AppData\Local\ASP.NET\DataProtection-Keys\key-04e5a2ad-1397-4660-ac53-2ddf8dcdf7c3.xml'.
2022-10-31 17:02:44.4007|DEBUG|Microsoft.AspNetCore.DataProtection.KeyManagement.XmlKeyManager|Found key {04e5a2ad-1397-4660-ac53-2ddf8dcdf7c3}.
2022-10-31 17:02:44.4200|DEBUG|Microsoft.AspNetCore.DataProtection.KeyManagement.DefaultKeyResolver|Considering key {04e5a2ad-1397-4660-ac53-2ddf8dcdf7c3} with expiration date 2023-01-12 06:45:08Z as default key.
2022-10-31 17:02:44.5268|DEBUG|Microsoft.AspNetCore.DataProtection.TypeForwardingActivator|Forwarded activator type request from Microsoft.AspNetCore.DataProtection.XmlEncryption.DpapiXmlDecryptor, Microsoft.AspNetCore.DataProtection, Version=3.1.28.0, Culture=neutral, PublicKeyToken=adb9793829ddae60 to Microsoft.AspNetCore.DataProtection.XmlEncryption.DpapiXmlDecryptor, Microsoft.AspNetCore.DataProtection, Culture=neutral, PublicKeyToken=adb9793829ddae60
2022-10-31 17:02:44.5268|DEBUG|Microsoft.AspNetCore.DataProtection.XmlEncryption.DpapiXmlDecryptor|Decrypting secret element using Windows DPAPI.
2022-10-31 17:02:44.5268|DEBUG|Microsoft.AspNetCore.DataProtection.TypeForwardingActivator|Forwarded activator type request from Microsoft.AspNetCore.DataProtection.AuthenticatedEncryption.ConfigurationModel.AuthenticatedEncryptorDescriptorDeserializer, Microsoft.AspNetCore.DataProtection, Version=3.1.28.0, Culture=neutral, PublicKeyToken=adb9793829ddae60 to Microsoft.AspNetCore.DataProtection.AuthenticatedEncryption.ConfigurationModel.AuthenticatedEncryptorDescriptorDeserializer, Microsoft.AspNetCore.DataProtection, Culture=neutral, PublicKeyToken=adb9793829ddae60
2022-10-31 17:02:44.5268|DEBUG|Microsoft.AspNetCore.DataProtection.AuthenticatedEncryption.CngCbcAuthenticatedEncryptorFactory|Opening CNG algorithm 'AES' from provider '(null)' with chaining mode CBC.
2022-10-31 17:02:44.5430|DEBUG|Microsoft.AspNetCore.DataProtection.AuthenticatedEncryption.CngCbcAuthenticatedEncryptorFactory|Opening CNG algorithm 'SHA256' from provider '(null)' with HMAC.
2022-10-31 17:02:44.5430|DEBUG|Microsoft.AspNetCore.DataProtection.KeyManagement.KeyRingProvider|Using key {04e5a2ad-1397-4660-ac53-2ddf8dcdf7c3} as the default key.
2022-10-31 17:02:44.5430|DEBUG|Microsoft.AspNetCore.DataProtection.Internal.DataProtectionHostedService|Key ring with default key {04e5a2ad-1397-4660-ac53-2ddf8dcdf7c3} was loaded during application startup.
2022-10-31 17:02:45.3179|DEBUG|Microsoft.AspNetCore.Hosting.Diagnostics|Loaded hosting startup assembly ParentInformation
2022-10-31 17:02:45.3179|DEBUG|Microsoft.AspNetCore.Hosting.Diagnostics|Loaded hosting startup assembly Microsoft.AspNetCore.Watch.BrowserRefresh
2022-10-31 17:02:45.3179|DEBUG|Microsoft.AspNetCore.Hosting.Diagnostics|Loaded hosting startup assembly Microsoft.WebTools.BrowserLink.Net
2022-10-31 17:02:45.5392|INFO|Microsoft.Hosting.Lifetime|Application started. Press Ctrl+C to shut down.
2022-10-31 17:02:45.8102|INFO|Microsoft.Hosting.Lifetime|Hosting environment: Development
2022-10-31 17:02:45.9851|INFO|Microsoft.Hosting.Lifetime|Content root path: C:\Users\2116787\Downloads\applcation\ParentApplication\Server\ParentInformation\ParentInformation
2022-10-31 17:02:45.9851|DEBUG|Microsoft.Extensions.Hosting.Internal.Host|Hosting started
2022-10-31 17:02:46.1119|INFO|Microsoft.AspNetCore.Hosting.Diagnostics|Request starting HTTP/2.0 GET https://localhost:44309/swagger/index.html  
2022-10-31 17:02:46.2347|DEBUG|Microsoft.AspNetCore.HostFiltering.HostFilteringMiddleware|Wildcard detected, all requests with hosts will be allowed.
2022-10-31 17:02:46.2347|TRACE|Microsoft.AspNetCore.HostFiltering.HostFilteringMiddleware|All hosts are allowed.
2022-10-31 17:02:46.3818|DEBUG|Microsoft.AspNetCore.Watch.BrowserRefresh.BrowserRefreshMiddleware|Response markup is scheduled to include browser refresh script injection.
2022-10-31 17:02:51.8630|DEBUG|Microsoft.AspNetCore.Watch.BrowserRefresh.BrowserRefreshMiddleware|Response markup was updated to include browser refresh script injection.
2022-10-31 17:02:51.8732|INFO|Microsoft.AspNetCore.Hosting.Diagnostics|Request finished in 5764.9698ms 200 text/html;charset=utf-8
2022-10-31 17:02:52.3624|INFO|Microsoft.AspNetCore.Hosting.Diagnostics|Request starting HTTP/2.0 GET https://localhost:44309/_framework/aspnetcore-browser-refresh.js  
2022-10-31 17:02:52.3807|INFO|Microsoft.AspNetCore.Hosting.Diagnostics|Request finished in 18.4592ms 200 application/javascript; charset=utf-8
2022-10-31 17:02:52.6986|INFO|Microsoft.AspNetCore.Hosting.Diagnostics|Request starting HTTP/2.0 GET https://localhost:44309/_vs/browserLink  
2022-10-31 17:02:52.7577|INFO|Microsoft.AspNetCore.Hosting.Diagnostics|Request finished in 62.2575ms 200 text/javascript; charset=UTF-8
2022-10-31 17:02:53.3782|INFO|Microsoft.AspNetCore.Hosting.Diagnostics|Request starting HTTP/2.0 GET https://localhost:44309/swagger/v1/swagger.json  
2022-10-31 17:02:53.3782|TRACE|Microsoft.AspNetCore.HostFiltering.HostFilteringMiddleware|All hosts are allowed.
2022-10-31 17:02:53.6075|INFO|Microsoft.AspNetCore.Hosting.Diagnostics|Request finished in 229.3708ms 200 application/json;charset=utf-8
2022-10-31 17:05:11.3001|DEBUG|Microsoft.Extensions.Hosting.Internal.Host|Hosting starting
2022-10-31 17:05:11.5380|INFO|Microsoft.AspNetCore.DataProtection.KeyManagement.XmlKeyManager|User profile is available. Using 'C:\Users\2116787\AppData\Local\ASP.NET\DataProtection-Keys' as key repository and Windows DPAPI to encrypt keys at rest.
2022-10-31 17:05:11.6498|DEBUG|Microsoft.AspNetCore.DataProtection.Repositories.FileSystemXmlRepository|Reading data from file 'C:\Users\2116787\AppData\Local\ASP.NET\DataProtection-Keys\key-04e5a2ad-1397-4660-ac53-2ddf8dcdf7c3.xml'.
2022-10-31 17:05:11.6892|DEBUG|Microsoft.AspNetCore.DataProtection.KeyManagement.XmlKeyManager|Found key {04e5a2ad-1397-4660-ac53-2ddf8dcdf7c3}.
2022-10-31 17:05:11.7088|DEBUG|Microsoft.AspNetCore.DataProtection.KeyManagement.DefaultKeyResolver|Considering key {04e5a2ad-1397-4660-ac53-2ddf8dcdf7c3} with expiration date 2023-01-12 06:45:08Z as default key.
2022-10-31 17:05:11.8179|DEBUG|Microsoft.AspNetCore.DataProtection.TypeForwardingActivator|Forwarded activator type request from Microsoft.AspNetCore.DataProtection.XmlEncryption.DpapiXmlDecryptor, Microsoft.AspNetCore.DataProtection, Version=3.1.28.0, Culture=neutral, PublicKeyToken=adb9793829ddae60 to Microsoft.AspNetCore.DataProtection.XmlEncryption.DpapiXmlDecryptor, Microsoft.AspNetCore.DataProtection, Culture=neutral, PublicKeyToken=adb9793829ddae60
2022-10-31 17:05:11.8245|DEBUG|Microsoft.AspNetCore.DataProtection.XmlEncryption.DpapiXmlDecryptor|Decrypting secret element using Windows DPAPI.
2022-10-31 17:05:11.8245|DEBUG|Microsoft.AspNetCore.DataProtection.TypeForwardingActivator|Forwarded activator type request from Microsoft.AspNetCore.DataProtection.AuthenticatedEncryption.ConfigurationModel.AuthenticatedEncryptorDescriptorDeserializer, Microsoft.AspNetCore.DataProtection, Version=3.1.28.0, Culture=neutral, PublicKeyToken=adb9793829ddae60 to Microsoft.AspNetCore.DataProtection.AuthenticatedEncryption.ConfigurationModel.AuthenticatedEncryptorDescriptorDeserializer, Microsoft.AspNetCore.DataProtection, Culture=neutral, PublicKeyToken=adb9793829ddae60
2022-10-31 17:05:11.8245|DEBUG|Microsoft.AspNetCore.DataProtection.AuthenticatedEncryption.CngCbcAuthenticatedEncryptorFactory|Opening CNG algorithm 'AES' from provider '(null)' with chaining mode CBC.
2022-10-31 17:05:11.8395|DEBUG|Microsoft.AspNetCore.DataProtection.AuthenticatedEncryption.CngCbcAuthenticatedEncryptorFactory|Opening CNG algorithm 'SHA256' from provider '(null)' with HMAC.
2022-10-31 17:05:11.8395|DEBUG|Microsoft.AspNetCore.DataProtection.KeyManagement.KeyRingProvider|Using key {04e5a2ad-1397-4660-ac53-2ddf8dcdf7c3} as the default key.
2022-10-31 17:05:11.8395|DEBUG|Microsoft.AspNetCore.DataProtection.Internal.DataProtectionHostedService|Key ring with default key {04e5a2ad-1397-4660-ac53-2ddf8dcdf7c3} was loaded during application startup.
2022-10-31 17:05:12.5317|DEBUG|Microsoft.AspNetCore.Hosting.Diagnostics|Loaded hosting startup assembly ParentInformation
2022-10-31 17:05:12.5317|DEBUG|Microsoft.AspNetCore.Hosting.Diagnostics|Loaded hosting startup assembly Microsoft.AspNetCore.Watch.BrowserRefresh
2022-10-31 17:05:12.5317|DEBUG|Microsoft.AspNetCore.Hosting.Diagnostics|Loaded hosting startup assembly Microsoft.WebTools.BrowserLink.Net
2022-10-31 17:05:12.5809|INFO|Microsoft.Hosting.Lifetime|Application started. Press Ctrl+C to shut down.
2022-10-31 17:05:12.5894|INFO|Microsoft.Hosting.Lifetime|Hosting environment: Development
2022-10-31 17:05:12.6068|INFO|Microsoft.Hosting.Lifetime|Content root path: C:\Users\2116787\Downloads\applcation\ParentApplication\Server\ParentInformation\ParentInformation
2022-10-31 17:05:12.6068|DEBUG|Microsoft.Extensions.Hosting.Internal.Host|Hosting started
2022-10-31 17:05:12.6542|INFO|Microsoft.AspNetCore.Hosting.Diagnostics|Request starting HTTP/2.0 GET https://localhost:44309/swagger/index.html  
2022-10-31 17:05:12.7299|DEBUG|Microsoft.AspNetCore.HostFiltering.HostFilteringMiddleware|Wildcard detected, all requests with hosts will be allowed.
2022-10-31 17:05:12.7299|TRACE|Microsoft.AspNetCore.HostFiltering.HostFilteringMiddleware|All hosts are allowed.
2022-10-31 17:05:12.8591|DEBUG|Microsoft.AspNetCore.Watch.BrowserRefresh.BrowserRefreshMiddleware|Response markup is scheduled to include browser refresh script injection.
2022-10-31 17:05:13.3028|DEBUG|Microsoft.AspNetCore.Watch.BrowserRefresh.BrowserRefreshMiddleware|Response markup was updated to include browser refresh script injection.
2022-10-31 17:05:13.3145|INFO|Microsoft.AspNetCore.Hosting.Diagnostics|Request finished in 662.1737ms 200 text/html;charset=utf-8
2022-10-31 17:05:13.3688|INFO|Microsoft.AspNetCore.Hosting.Diagnostics|Request starting HTTP/2.0 GET https://localhost:44309/_framework/aspnetcore-browser-refresh.js  
2022-10-31 17:05:13.3688|INFO|Microsoft.AspNetCore.Hosting.Diagnostics|Request finished in 6.6931ms 200 application/javascript; charset=utf-8
2022-10-31 17:05:13.4162|INFO|Microsoft.AspNetCore.Hosting.Diagnostics|Request starting HTTP/2.0 GET https://localhost:44309/_vs/browserLink  
2022-10-31 17:05:13.6128|INFO|Microsoft.AspNetCore.Hosting.Diagnostics|Request finished in 196.6385ms 200 text/javascript; charset=UTF-8
2022-10-31 17:05:13.8873|INFO|Microsoft.AspNetCore.Hosting.Diagnostics|Request starting HTTP/2.0 GET https://localhost:44309/swagger/v1/swagger.json  
2022-10-31 17:05:13.8873|TRACE|Microsoft.AspNetCore.HostFiltering.HostFilteringMiddleware|All hosts are allowed.
2022-10-31 17:05:14.1749|INFO|Microsoft.AspNetCore.Hosting.Diagnostics|Request finished in 288.0051ms 200 application/json;charset=utf-8
2022-10-31 17:18:58.1234|DEBUG|Microsoft.Extensions.Hosting.Internal.Host|Hosting starting
2022-10-31 17:18:58.4323|INFO|Microsoft.AspNetCore.DataProtection.KeyManagement.XmlKeyManager|User profile is available. Using 'C:\Users\2116787\AppData\Local\ASP.NET\DataProtection-Keys' as key repository and Windows DPAPI to encrypt keys at rest.
2022-10-31 17:18:58.5091|DEBUG|Microsoft.AspNetCore.DataProtection.Repositories.FileSystemXmlRepository|Reading data from file 'C:\Users\2116787\AppData\Local\ASP.NET\DataProtection-Keys\key-04e5a2ad-1397-4660-ac53-2ddf8dcdf7c3.xml'.
2022-10-31 17:18:58.5484|DEBUG|Microsoft.AspNetCore.DataProtection.KeyManagement.XmlKeyManager|Found key {04e5a2ad-1397-4660-ac53-2ddf8dcdf7c3}.
2022-10-31 17:18:58.5672|DEBUG|Microsoft.AspNetCore.DataProtection.KeyManagement.DefaultKeyResolver|Considering key {04e5a2ad-1397-4660-ac53-2ddf8dcdf7c3} with expiration date 2023-01-12 06:45:08Z as default key.
2022-10-31 17:18:58.7208|DEBUG|Microsoft.AspNetCore.DataProtection.TypeForwardingActivator|Forwarded activator type request from Microsoft.AspNetCore.DataProtection.XmlEncryption.DpapiXmlDecryptor, Microsoft.AspNetCore.DataProtection, Version=3.1.28.0, Culture=neutral, PublicKeyToken=adb9793829ddae60 to Microsoft.AspNetCore.DataProtection.XmlEncryption.DpapiXmlDecryptor, Microsoft.AspNetCore.DataProtection, Culture=neutral, PublicKeyToken=adb9793829ddae60
2022-10-31 17:18:58.7208|DEBUG|Microsoft.AspNetCore.DataProtection.XmlEncryption.DpapiXmlDecryptor|Decrypting secret element using Windows DPAPI.
2022-10-31 17:18:58.7208|DEBUG|Microsoft.AspNetCore.DataProtection.TypeForwardingActivator|Forwarded activator type request from Microsoft.AspNetCore.DataProtection.AuthenticatedEncryption.ConfigurationModel.AuthenticatedEncryptorDescriptorDeserializer, Microsoft.AspNetCore.DataProtection, Version=3.1.28.0, Culture=neutral, PublicKeyToken=adb9793829ddae60 to Microsoft.AspNetCore.DataProtection.AuthenticatedEncryption.ConfigurationModel.AuthenticatedEncryptorDescriptorDeserializer, Microsoft.AspNetCore.DataProtection, Culture=neutral, PublicKeyToken=adb9793829ddae60
2022-10-31 17:18:58.7325|DEBUG|Microsoft.AspNetCore.DataProtection.AuthenticatedEncryption.CngCbcAuthenticatedEncryptorFactory|Opening CNG algorithm 'AES' from provider '(null)' with chaining mode CBC.
2022-10-31 17:18:58.7325|DEBUG|Microsoft.AspNetCore.DataProtection.AuthenticatedEncryption.CngCbcAuthenticatedEncryptorFactory|Opening CNG algorithm 'SHA256' from provider '(null)' with HMAC.
2022-10-31 17:18:58.7471|DEBUG|Microsoft.AspNetCore.DataProtection.KeyManagement.KeyRingProvider|Using key {04e5a2ad-1397-4660-ac53-2ddf8dcdf7c3} as the default key.
2022-10-31 17:18:58.7471|DEBUG|Microsoft.AspNetCore.DataProtection.Internal.DataProtectionHostedService|Key ring with default key {04e5a2ad-1397-4660-ac53-2ddf8dcdf7c3} was loaded during application startup.
2022-10-31 17:18:59.5933|DEBUG|Microsoft.AspNetCore.Hosting.Diagnostics|Loaded hosting startup assembly ParentInformation
2022-10-31 17:18:59.6516|DEBUG|Microsoft.AspNetCore.Hosting.Diagnostics|Loaded hosting startup assembly Microsoft.AspNetCore.Watch.BrowserRefresh
2022-10-31 17:18:59.6772|DEBUG|Microsoft.AspNetCore.Hosting.Diagnostics|Loaded hosting startup assembly Microsoft.WebTools.BrowserLink.Net
2022-10-31 17:18:59.7191|INFO|Microsoft.Hosting.Lifetime|Application started. Press Ctrl+C to shut down.
2022-10-31 17:18:59.7191|INFO|Microsoft.Hosting.Lifetime|Hosting environment: Development
2022-10-31 17:18:59.7305|INFO|Microsoft.Hosting.Lifetime|Content root path: C:\Users\2116787\Downloads\applcation\ParentApplication\Server\ParentInformation\ParentInformation
2022-10-31 17:18:59.7305|DEBUG|Microsoft.Extensions.Hosting.Internal.Host|Hosting started
2022-10-31 17:18:59.7738|INFO|Microsoft.AspNetCore.Hosting.Diagnostics|Request starting HTTP/2.0 GET https://localhost:44309/swagger/index.html  
2022-10-31 17:18:59.8599|DEBUG|Microsoft.AspNetCore.HostFiltering.HostFilteringMiddleware|Wildcard detected, all requests with hosts will be allowed.
2022-10-31 17:18:59.8599|TRACE|Microsoft.AspNetCore.HostFiltering.HostFilteringMiddleware|All hosts are allowed.
2022-10-31 17:18:59.9820|DEBUG|Microsoft.AspNetCore.Watch.BrowserRefresh.BrowserRefreshMiddleware|Response markup is scheduled to include browser refresh script injection.
2022-10-31 17:19:00.7411|DEBUG|Microsoft.AspNetCore.Watch.BrowserRefresh.BrowserRefreshMiddleware|Response markup was updated to include browser refresh script injection.
2022-10-31 17:19:00.7547|INFO|Microsoft.AspNetCore.Hosting.Diagnostics|Request finished in 985.949ms 200 text/html;charset=utf-8
2022-10-31 17:19:00.8391|INFO|Microsoft.AspNetCore.Hosting.Diagnostics|Request starting HTTP/2.0 GET https://localhost:44309/_framework/aspnetcore-browser-refresh.js  
2022-10-31 17:19:00.8391|INFO|Microsoft.AspNetCore.Hosting.Diagnostics|Request starting HTTP/2.0 GET https://localhost:44309/_vs/browserLink  
2022-10-31 17:19:00.8551|INFO|Microsoft.AspNetCore.Hosting.Diagnostics|Request finished in 13.6163ms 200 application/javascript; charset=utf-8
2022-10-31 17:19:01.1918|INFO|Microsoft.AspNetCore.Hosting.Diagnostics|Request finished in 352.6841ms 200 text/javascript; charset=UTF-8
2022-10-31 17:19:01.4917|INFO|Microsoft.AspNetCore.Hosting.Diagnostics|Request starting HTTP/2.0 GET https://localhost:44309/swagger/v1/swagger.json  
2022-10-31 17:19:01.4932|TRACE|Microsoft.AspNetCore.HostFiltering.HostFilteringMiddleware|All hosts are allowed.
2022-10-31 17:19:01.7552|INFO|Microsoft.AspNetCore.Hosting.Diagnostics|Request finished in 263.8769ms 200 application/json;charset=utf-8
2022-10-31 17:54:34.4317|INFO|Microsoft.AspNetCore.Hosting.Diagnostics|Request starting HTTP/2.0 GET https://localhost:44309/ParentsDetails  
2022-10-31 17:54:34.4317|TRACE|Microsoft.AspNetCore.HostFiltering.HostFilteringMiddleware|All hosts are allowed.
2022-10-31 17:54:34.5069|DEBUG|Microsoft.AspNetCore.StaticFiles.StaticFileMiddleware|The request path  does not match the path filter
2022-10-31 17:54:34.5236|DEBUG|Microsoft.AspNetCore.Cors.Infrastructure.CorsService|The request has an origin header: 'http://localhost:3000'.
2022-10-31 17:54:34.5236|INFO|Microsoft.AspNetCore.Cors.Infrastructure.CorsService|CORS policy execution successful.
2022-10-31 17:54:34.6146|DEBUG|Microsoft.AspNetCore.Routing.Matching.DfaMatcher|1 candidate(s) found for the request path '/ParentsDetails'
2022-10-31 17:54:34.6192|DEBUG|Microsoft.AspNetCore.Routing.Matching.DfaMatcher|Endpoint 'ParentInformation.Controllers.ParentsController.GetParents (ParentInformation)' with route pattern 'ParentsDetails' is valid for the request path '/ParentsDetails'
2022-10-31 17:54:34.6192|DEBUG|Microsoft.AspNetCore.Routing.EndpointRoutingMiddleware|Request matched endpoint 'ParentInformation.Controllers.ParentsController.GetParents (ParentInformation)'
2022-10-31 17:54:34.9402|DEBUG|Microsoft.AspNetCore.Authentication.JwtBearer.JwtBearerHandler|AuthenticationScheme: Bearer was not authenticated.
2022-10-31 17:54:34.9570|INFO|Microsoft.AspNetCore.Authorization.DefaultAuthorizationService|Authorization failed.
2022-10-31 17:54:34.9648|INFO|Microsoft.AspNetCore.Authentication.JwtBearer.JwtBearerHandler|AuthenticationScheme: Bearer was challenged.
2022-10-31 17:54:34.9648|INFO|Microsoft.AspNetCore.Hosting.Diagnostics|Request finished in 542.7574ms 401 
2022-10-31 17:54:34.9961|INFO|Microsoft.AspNetCore.Hosting.Diagnostics|Request starting HTTP/2.0 GET https://localhost:44309/ParentsDetails  
2022-10-31 17:54:34.9961|TRACE|Microsoft.AspNetCore.HostFiltering.HostFilteringMiddleware|All hosts are allowed.
2022-10-31 17:54:34.9961|DEBUG|Microsoft.AspNetCore.StaticFiles.StaticFileMiddleware|The request path  does not match the path filter
2022-10-31 17:54:34.9961|DEBUG|Microsoft.AspNetCore.Cors.Infrastructure.CorsService|The request has an origin header: 'http://localhost:3000'.
2022-10-31 17:54:34.9961|INFO|Microsoft.AspNetCore.Cors.Infrastructure.CorsService|CORS policy execution successful.
2022-10-31 17:54:34.9961|DEBUG|Microsoft.AspNetCore.Routing.Matching.DfaMatcher|1 candidate(s) found for the request path '/ParentsDetails'
2022-10-31 17:54:34.9961|DEBUG|Microsoft.AspNetCore.Routing.Matching.DfaMatcher|Endpoint 'ParentInformation.Controllers.ParentsController.GetParents (ParentInformation)' with route pattern 'ParentsDetails' is valid for the request path '/ParentsDetails'
2022-10-31 17:54:34.9961|DEBUG|Microsoft.AspNetCore.Routing.EndpointRoutingMiddleware|Request matched endpoint 'ParentInformation.Controllers.ParentsController.GetParents (ParentInformation)'
2022-10-31 17:54:35.0120|DEBUG|Microsoft.AspNetCore.Authentication.JwtBearer.JwtBearerHandler|AuthenticationScheme: Bearer was not authenticated.
2022-10-31 17:54:35.0120|INFO|Microsoft.AspNetCore.Authorization.DefaultAuthorizationService|Authorization failed.
2022-10-31 17:54:35.0120|INFO|Microsoft.AspNetCore.Authentication.JwtBearer.JwtBearerHandler|AuthenticationScheme: Bearer was challenged.
2022-10-31 17:54:35.0120|INFO|Microsoft.AspNetCore.Hosting.Diagnostics|Request finished in 24.1638ms 401 
2022-10-31 18:11:36.6274|INFO|Microsoft.AspNetCore.Hosting.Diagnostics|Request starting HTTP/2.0 GET https://localhost:44309/ParentsDetails  
2022-10-31 18:11:36.6274|TRACE|Microsoft.AspNetCore.HostFiltering.HostFilteringMiddleware|All hosts are allowed.
2022-10-31 18:11:36.6353|DEBUG|Microsoft.AspNetCore.StaticFiles.StaticFileMiddleware|The request path  does not match the path filter
2022-10-31 18:11:36.6353|DEBUG|Microsoft.AspNetCore.Cors.Infrastructure.CorsService|The request has an origin header: 'http://localhost:3000'.
2022-10-31 18:11:36.6353|INFO|Microsoft.AspNetCore.Cors.Infrastructure.CorsService|CORS policy execution successful.
2022-10-31 18:11:36.6353|DEBUG|Microsoft.AspNetCore.Routing.Matching.DfaMatcher|1 candidate(s) found for the request path '/ParentsDetails'
2022-10-31 18:11:36.6353|DEBUG|Microsoft.AspNetCore.Routing.Matching.DfaMatcher|Endpoint 'ParentInformation.Controllers.ParentsController.GetParents (ParentInformation)' with route pattern 'ParentsDetails' is valid for the request path '/ParentsDetails'
2022-10-31 18:11:36.6537|DEBUG|Microsoft.AspNetCore.Routing.EndpointRoutingMiddleware|Request matched endpoint 'ParentInformation.Controllers.ParentsController.GetParents (ParentInformation)'
2022-10-31 18:11:36.6537|DEBUG|Microsoft.AspNetCore.Authentication.JwtBearer.JwtBearerHandler|AuthenticationScheme: Bearer was not authenticated.
2022-10-31 18:11:36.6537|INFO|Microsoft.AspNetCore.Authorization.DefaultAuthorizationService|Authorization failed.
2022-10-31 18:11:36.6537|INFO|Microsoft.AspNetCore.Authentication.JwtBearer.JwtBearerHandler|AuthenticationScheme: Bearer was challenged.
2022-10-31 18:11:36.6671|INFO|Microsoft.AspNetCore.Hosting.Diagnostics|Request finished in 39.8622ms 401 
2022-10-31 18:11:36.6671|INFO|Microsoft.AspNetCore.Hosting.Diagnostics|Request starting HTTP/2.0 GET https://localhost:44309/ParentsDetails  
2022-10-31 18:11:36.6671|TRACE|Microsoft.AspNetCore.HostFiltering.HostFilteringMiddleware|All hosts are allowed.
2022-10-31 18:11:36.6671|DEBUG|Microsoft.AspNetCore.StaticFiles.StaticFileMiddleware|The request path  does not match the path filter
2022-10-31 18:11:36.6671|DEBUG|Microsoft.AspNetCore.Cors.Infrastructure.CorsService|The request has an origin header: 'http://localhost:3000'.
2022-10-31 18:11:36.6671|INFO|Microsoft.AspNetCore.Cors.Infrastructure.CorsService|CORS policy execution successful.
2022-10-31 18:11:36.6671|DEBUG|Microsoft.AspNetCore.Routing.Matching.DfaMatcher|1 candidate(s) found for the request path '/ParentsDetails'
2022-10-31 18:11:36.6671|DEBUG|Microsoft.AspNetCore.Routing.Matching.DfaMatcher|Endpoint 'ParentInformation.Controllers.ParentsController.GetParents (ParentInformation)' with route pattern 'ParentsDetails' is valid for the request path '/ParentsDetails'
2022-10-31 18:11:36.6671|DEBUG|Microsoft.AspNetCore.Routing.EndpointRoutingMiddleware|Request matched endpoint 'ParentInformation.Controllers.ParentsController.GetParents (ParentInformation)'
2022-10-31 18:11:36.6671|DEBUG|Microsoft.AspNetCore.Authentication.JwtBearer.JwtBearerHandler|AuthenticationScheme: Bearer was not authenticated.
2022-10-31 18:11:36.6671|INFO|Microsoft.AspNetCore.Authorization.DefaultAuthorizationService|Authorization failed.
2022-10-31 18:11:36.6671|INFO|Microsoft.AspNetCore.Authentication.JwtBearer.JwtBearerHandler|AuthenticationScheme: Bearer was challenged.
2022-10-31 18:11:36.6671|INFO|Microsoft.AspNetCore.Hosting.Diagnostics|Request finished in 7.448ms 401 
2022-10-31 18:29:16.6033|INFO|Microsoft.AspNetCore.Hosting.Diagnostics|Request starting HTTP/2.0 GET https://localhost:44309/ParentsDetails  
2022-10-31 18:29:16.6033|TRACE|Microsoft.AspNetCore.HostFiltering.HostFilteringMiddleware|All hosts are allowed.
2022-10-31 18:29:16.6033|DEBUG|Microsoft.AspNetCore.StaticFiles.StaticFileMiddleware|The request path  does not match the path filter
2022-10-31 18:29:16.6033|DEBUG|Microsoft.AspNetCore.Cors.Infrastructure.CorsService|The request has an origin header: 'http://localhost:3000'.
2022-10-31 18:29:16.6033|INFO|Microsoft.AspNetCore.Cors.Infrastructure.CorsService|CORS policy execution successful.
2022-10-31 18:29:16.6033|DEBUG|Microsoft.AspNetCore.Routing.Matching.DfaMatcher|1 candidate(s) found for the request path '/ParentsDetails'
2022-10-31 18:29:16.6033|DEBUG|Microsoft.AspNetCore.Routing.Matching.DfaMatcher|Endpoint 'ParentInformation.Controllers.ParentsController.GetParents (ParentInformation)' with route pattern 'ParentsDetails' is valid for the request path '/ParentsDetails'
2022-10-31 18:29:16.6033|DEBUG|Microsoft.AspNetCore.Routing.EndpointRoutingMiddleware|Request matched endpoint 'ParentInformation.Controllers.ParentsController.GetParents (ParentInformation)'
2022-10-31 18:29:16.6033|DEBUG|Microsoft.AspNetCore.Authentication.JwtBearer.JwtBearerHandler|AuthenticationScheme: Bearer was not authenticated.
2022-10-31 18:29:16.6033|INFO|Microsoft.AspNetCore.Authorization.DefaultAuthorizationService|Authorization failed.
2022-10-31 18:29:16.6033|INFO|Microsoft.AspNetCore.Authentication.JwtBearer.JwtBearerHandler|AuthenticationScheme: Bearer was challenged.
2022-10-31 18:29:16.6194|INFO|Microsoft.AspNetCore.Hosting.Diagnostics|Request finished in 15.8771ms 401 
2022-10-31 18:29:16.6194|INFO|Microsoft.AspNetCore.Hosting.Diagnostics|Request starting HTTP/2.0 GET https://localhost:44309/ParentsDetails  
2022-10-31 18:29:16.6194|TRACE|Microsoft.AspNetCore.HostFiltering.HostFilteringMiddleware|All hosts are allowed.
2022-10-31 18:29:16.6194|DEBUG|Microsoft.AspNetCore.StaticFiles.StaticFileMiddleware|The request path  does not match the path filter
2022-10-31 18:29:16.6194|DEBUG|Microsoft.AspNetCore.Cors.Infrastructure.CorsService|The request has an origin header: 'http://localhost:3000'.
2022-10-31 18:29:16.6194|INFO|Microsoft.AspNetCore.Cors.Infrastructure.CorsService|CORS policy execution successful.
2022-10-31 18:29:16.6194|DEBUG|Microsoft.AspNetCore.Routing.Matching.DfaMatcher|1 candidate(s) found for the request path '/ParentsDetails'
2022-10-31 18:29:16.6194|DEBUG|Microsoft.AspNetCore.Routing.Matching.DfaMatcher|Endpoint 'ParentInformation.Controllers.ParentsController.GetParents (ParentInformation)' with route pattern 'ParentsDetails' is valid for the request path '/ParentsDetails'
2022-10-31 18:29:16.6194|DEBUG|Microsoft.AspNetCore.Routing.EndpointRoutingMiddleware|Request matched endpoint 'ParentInformation.Controllers.ParentsController.GetParents (ParentInformation)'
2022-10-31 18:29:16.6194|DEBUG|Microsoft.AspNetCore.Authentication.JwtBearer.JwtBearerHandler|AuthenticationScheme: Bearer was not authenticated.
2022-10-31 18:29:16.6194|INFO|Microsoft.AspNetCore.Authorization.DefaultAuthorizationService|Authorization failed.
2022-10-31 18:29:16.6194|INFO|Microsoft.AspNetCore.Authentication.JwtBearer.JwtBearerHandler|AuthenticationScheme: Bearer was challenged.
2022-10-31 18:29:16.6194|INFO|Microsoft.AspNetCore.Hosting.Diagnostics|Request finished in 4.0893ms 401 
2022-10-31 18:34:44.8159|INFO|Microsoft.AspNetCore.Hosting.Diagnostics|Request starting HTTP/2.0 GET https://localhost:44309/ParentsDetails  
2022-10-31 18:34:44.8159|TRACE|Microsoft.AspNetCore.HostFiltering.HostFilteringMiddleware|All hosts are allowed.
2022-10-31 18:34:44.8159|DEBUG|Microsoft.AspNetCore.StaticFiles.StaticFileMiddleware|The request path  does not match the path filter
2022-10-31 18:34:44.8159|DEBUG|Microsoft.AspNetCore.Cors.Infrastructure.CorsService|The request has an origin header: 'http://localhost:3000'.
2022-10-31 18:34:44.8159|INFO|Microsoft.AspNetCore.Cors.Infrastructure.CorsService|CORS policy execution successful.
2022-10-31 18:34:44.8207|DEBUG|Microsoft.AspNetCore.Routing.Matching.DfaMatcher|1 candidate(s) found for the request path '/ParentsDetails'
2022-10-31 18:34:44.8207|DEBUG|Microsoft.AspNetCore.Routing.Matching.DfaMatcher|Endpoint 'ParentInformation.Controllers.ParentsController.GetParents (ParentInformation)' with route pattern 'ParentsDetails' is valid for the request path '/ParentsDetails'
2022-10-31 18:34:44.8207|DEBUG|Microsoft.AspNetCore.Routing.EndpointRoutingMiddleware|Request matched endpoint 'ParentInformation.Controllers.ParentsController.GetParents (ParentInformation)'
2022-10-31 18:34:44.8207|DEBUG|Microsoft.AspNetCore.Authentication.JwtBearer.JwtBearerHandler|AuthenticationScheme: Bearer was not authenticated.
2022-10-31 18:34:44.8207|INFO|Microsoft.AspNetCore.Authorization.DefaultAuthorizationService|Authorization failed.
2022-10-31 18:34:44.8207|INFO|Microsoft.AspNetCore.Authentication.JwtBearer.JwtBearerHandler|AuthenticationScheme: Bearer was challenged.
2022-10-31 18:34:44.8207|INFO|Microsoft.AspNetCore.Hosting.Diagnostics|Request finished in 9.9714ms 401 
2022-10-31 18:34:44.8947|INFO|Microsoft.AspNetCore.Hosting.Diagnostics|Request starting HTTP/2.0 GET https://localhost:44309/ParentsDetails  
2022-10-31 18:34:44.8947|TRACE|Microsoft.AspNetCore.HostFiltering.HostFilteringMiddleware|All hosts are allowed.
2022-10-31 18:34:44.8947|DEBUG|Microsoft.AspNetCore.StaticFiles.StaticFileMiddleware|The request path  does not match the path filter
2022-10-31 18:34:44.8947|DEBUG|Microsoft.AspNetCore.Cors.Infrastructure.CorsService|The request has an origin header: 'http://localhost:3000'.
2022-10-31 18:34:44.8947|INFO|Microsoft.AspNetCore.Cors.Infrastructure.CorsService|CORS policy execution successful.
2022-10-31 18:34:44.8947|DEBUG|Microsoft.AspNetCore.Routing.Matching.DfaMatcher|1 candidate(s) found for the request path '/ParentsDetails'
2022-10-31 18:34:44.8947|DEBUG|Microsoft.AspNetCore.Routing.Matching.DfaMatcher|Endpoint 'ParentInformation.Controllers.ParentsController.GetParents (ParentInformation)' with route pattern 'ParentsDetails' is valid for the request path '/ParentsDetails'
2022-10-31 18:34:44.8947|DEBUG|Microsoft.AspNetCore.Routing.EndpointRoutingMiddleware|Request matched endpoint 'ParentInformation.Controllers.ParentsController.GetParents (ParentInformation)'
2022-10-31 18:34:44.8993|DEBUG|Microsoft.AspNetCore.Authentication.JwtBearer.JwtBearerHandler|AuthenticationScheme: Bearer was not authenticated.
2022-10-31 18:34:44.8993|INFO|Microsoft.AspNetCore.Authorization.DefaultAuthorizationService|Authorization failed.
2022-10-31 18:34:44.8993|INFO|Microsoft.AspNetCore.Authentication.JwtBearer.JwtBearerHandler|AuthenticationScheme: Bearer was challenged.
2022-10-31 18:34:44.8993|INFO|Microsoft.AspNetCore.Hosting.Diagnostics|Request finished in 10.0518ms 401 
2022-10-31 19:41:16.9562|INFO|Microsoft.AspNetCore.Hosting.Diagnostics|Request starting HTTP/2.0 GET https://localhost:44309/ParentsDetails  
2022-10-31 19:41:16.9633|TRACE|Microsoft.AspNetCore.HostFiltering.HostFilteringMiddleware|All hosts are allowed.
2022-10-31 19:41:16.9633|DEBUG|Microsoft.AspNetCore.StaticFiles.StaticFileMiddleware|The request path  does not match the path filter
2022-10-31 19:41:17.0001|DEBUG|Microsoft.AspNetCore.Cors.Infrastructure.CorsService|The request has an origin header: 'http://localhost:3000'.
2022-10-31 19:41:17.0001|INFO|Microsoft.AspNetCore.Cors.Infrastructure.CorsService|CORS policy execution successful.
2022-10-31 19:41:17.0001|DEBUG|Microsoft.AspNetCore.Routing.Matching.DfaMatcher|1 candidate(s) found for the request path '/ParentsDetails'
2022-10-31 19:41:17.0001|DEBUG|Microsoft.AspNetCore.Routing.Matching.DfaMatcher|Endpoint 'ParentInformation.Controllers.ParentsController.GetParents (ParentInformation)' with route pattern 'ParentsDetails' is valid for the request path '/ParentsDetails'
2022-10-31 19:41:17.0001|DEBUG|Microsoft.AspNetCore.Routing.EndpointRoutingMiddleware|Request matched endpoint 'ParentInformation.Controllers.ParentsController.GetParents (ParentInformation)'
2022-10-31 19:41:17.0081|DEBUG|Microsoft.AspNetCore.Authentication.JwtBearer.JwtBearerHandler|AuthenticationScheme: Bearer was not authenticated.
2022-10-31 19:41:17.0081|INFO|Microsoft.AspNetCore.Authorization.DefaultAuthorizationService|Authorization failed.
2022-10-31 19:41:17.0081|INFO|Microsoft.AspNetCore.Authentication.JwtBearer.JwtBearerHandler|AuthenticationScheme: Bearer was challenged.
2022-10-31 19:41:17.0081|INFO|Microsoft.AspNetCore.Hosting.Diagnostics|Request finished in 66.2464ms 401 
2022-10-31 19:41:17.1182|INFO|Microsoft.AspNetCore.Hosting.Diagnostics|Request starting HTTP/2.0 GET https://localhost:44309/ParentsDetails  
2022-10-31 19:41:17.1182|TRACE|Microsoft.AspNetCore.HostFiltering.HostFilteringMiddleware|All hosts are allowed.
2022-10-31 19:41:17.1182|DEBUG|Microsoft.AspNetCore.StaticFiles.StaticFileMiddleware|The request path  does not match the path filter
2022-10-31 19:41:17.1182|DEBUG|Microsoft.AspNetCore.Cors.Infrastructure.CorsService|The request has an origin header: 'http://localhost:3000'.
2022-10-31 19:41:17.1182|INFO|Microsoft.AspNetCore.Cors.Infrastructure.CorsService|CORS policy execution successful.
2022-10-31 19:41:17.1182|DEBUG|Microsoft.AspNetCore.Routing.Matching.DfaMatcher|1 candidate(s) found for the request path '/ParentsDetails'
2022-10-31 19:41:17.1182|DEBUG|Microsoft.AspNetCore.Routing.Matching.DfaMatcher|Endpoint 'ParentInformation.Controllers.ParentsController.GetParents (ParentInformation)' with route pattern 'ParentsDetails' is valid for the request path '/ParentsDetails'
2022-10-31 19:41:17.1182|DEBUG|Microsoft.AspNetCore.Routing.EndpointRoutingMiddleware|Request matched endpoint 'ParentInformation.Controllers.ParentsController.GetParents (ParentInformation)'
2022-10-31 19:41:17.1182|DEBUG|Microsoft.AspNetCore.Authentication.JwtBearer.JwtBearerHandler|AuthenticationScheme: Bearer was not authenticated.
2022-10-31 19:41:17.1182|INFO|Microsoft.AspNetCore.Authorization.DefaultAuthorizationService|Authorization failed.
2022-10-31 19:41:17.1182|INFO|Microsoft.AspNetCore.Authentication.JwtBearer.JwtBearerHandler|AuthenticationScheme: Bearer was challenged.
2022-10-31 19:41:17.2561|INFO|Microsoft.AspNetCore.Hosting.Diagnostics|Request finished in 137.8734ms 401 
