2022-11-02 11:36:36.6901|DEBUG|Microsoft.AspNetCore.Server.IIS.Core.IISHttpServer|Connection ID "18230571323271155314" disconnecting.
2022-11-02 11:36:36.7682|INFO|Microsoft.AspNetCore.Hosting.Diagnostics|Request starting HTTP/2.0 GET https://localhost:44309/ParentsDetails  
2022-11-02 11:36:36.7737|TRACE|Microsoft.AspNetCore.HostFiltering.HostFilteringMiddleware|All hosts are allowed.
2022-11-02 11:36:36.7971|DEBUG|Microsoft.AspNetCore.StaticFiles.StaticFileMiddleware|The request path  does not match the path filter
2022-11-02 11:36:40.3287|DEBUG|Microsoft.AspNetCore.Cors.Infrastructure.CorsService|The request has an origin header: 'http://localhost:3000'.
2022-11-02 11:36:40.3287|INFO|Microsoft.AspNetCore.Cors.Infrastructure.CorsService|CORS policy execution successful.
2022-11-02 11:36:40.5158|DEBUG|Microsoft.AspNetCore.Routing.Matching.DfaMatcher|1 candidate(s) found for the request path '/ParentsDetails'
2022-11-02 11:36:40.5261|DEBUG|Microsoft.AspNetCore.Routing.Matching.DfaMatcher|Endpoint 'ParentInformation.Controllers.ParentsController.GetParents (ParentInformation)' with route pattern 'ParentsDetails' is valid for the request path '/ParentsDetails'
2022-11-02 11:36:40.5261|DEBUG|Microsoft.AspNetCore.Routing.EndpointRoutingMiddleware|Request matched endpoint 'ParentInformation.Controllers.ParentsController.GetParents (ParentInformation)'
2022-11-02 11:36:43.0607|DEBUG|Microsoft.AspNetCore.Authentication.JwtBearer.JwtBearerHandler|AuthenticationScheme: Bearer was not authenticated.
2022-11-02 11:36:43.0790|INFO|Microsoft.AspNetCore.Authorization.DefaultAuthorizationService|Authorization failed.
2022-11-02 11:36:43.0900|INFO|Microsoft.AspNetCore.Authentication.JwtBearer.JwtBearerHandler|AuthenticationScheme: Bearer was challenged.
2022-11-02 11:36:43.0900|INFO|Microsoft.AspNetCore.Hosting.Diagnostics|Request finished in 6323.9606ms 0 
2022-11-02 11:48:01.3021|DEBUG|Microsoft.Extensions.Hosting.Internal.Host|Hosting starting
2022-11-02 11:48:02.2409|INFO|Microsoft.AspNetCore.DataProtection.KeyManagement.XmlKeyManager|User profile is available. Using 'C:\Users\2116787\AppData\Local\ASP.NET\DataProtection-Keys' as key repository and Windows DPAPI to encrypt keys at rest.
2022-11-02 11:48:02.3709|DEBUG|Microsoft.AspNetCore.DataProtection.Repositories.FileSystemXmlRepository|Reading data from file 'C:\Users\2116787\AppData\Local\ASP.NET\DataProtection-Keys\key-04e5a2ad-1397-4660-ac53-2ddf8dcdf7c3.xml'.
2022-11-02 11:48:02.4683|DEBUG|Microsoft.AspNetCore.DataProtection.KeyManagement.XmlKeyManager|Found key {04e5a2ad-1397-4660-ac53-2ddf8dcdf7c3}.
2022-11-02 11:48:02.5047|DEBUG|Microsoft.AspNetCore.DataProtection.KeyManagement.DefaultKeyResolver|Considering key {04e5a2ad-1397-4660-ac53-2ddf8dcdf7c3} with expiration date 2023-01-12 06:45:08Z as default key.
2022-11-02 11:48:03.7321|DEBUG|Microsoft.AspNetCore.DataProtection.TypeForwardingActivator|Forwarded activator type request from Microsoft.AspNetCore.DataProtection.XmlEncryption.DpapiXmlDecryptor, Microsoft.AspNetCore.DataProtection, Version=3.1.28.0, Culture=neutral, PublicKeyToken=adb9793829ddae60 to Microsoft.AspNetCore.DataProtection.XmlEncryption.DpapiXmlDecryptor, Microsoft.AspNetCore.DataProtection, Culture=neutral, PublicKeyToken=adb9793829ddae60
2022-11-02 11:48:03.7501|DEBUG|Microsoft.AspNetCore.DataProtection.XmlEncryption.DpapiXmlDecryptor|Decrypting secret element using Windows DPAPI.
2022-11-02 11:48:03.7501|DEBUG|Microsoft.AspNetCore.DataProtection.TypeForwardingActivator|Forwarded activator type request from Microsoft.AspNetCore.DataProtection.AuthenticatedEncryption.ConfigurationModel.AuthenticatedEncryptorDescriptorDeserializer, Microsoft.AspNetCore.DataProtection, Version=3.1.28.0, Culture=neutral, PublicKeyToken=adb9793829ddae60 to Microsoft.AspNetCore.DataProtection.AuthenticatedEncryption.ConfigurationModel.AuthenticatedEncryptorDescriptorDeserializer, Microsoft.AspNetCore.DataProtection, Culture=neutral, PublicKeyToken=adb9793829ddae60
2022-11-02 11:48:03.7594|DEBUG|Microsoft.AspNetCore.DataProtection.AuthenticatedEncryption.CngCbcAuthenticatedEncryptorFactory|Opening CNG algorithm 'AES' from provider '(null)' with chaining mode CBC.
2022-11-02 11:48:03.7594|DEBUG|Microsoft.AspNetCore.DataProtection.AuthenticatedEncryption.CngCbcAuthenticatedEncryptorFactory|Opening CNG algorithm 'SHA256' from provider '(null)' with HMAC.
2022-11-02 11:48:03.7749|DEBUG|Microsoft.AspNetCore.DataProtection.KeyManagement.KeyRingProvider|Using key {04e5a2ad-1397-4660-ac53-2ddf8dcdf7c3} as the default key.
2022-11-02 11:48:03.7749|DEBUG|Microsoft.AspNetCore.DataProtection.Internal.DataProtectionHostedService|Key ring with default key {04e5a2ad-1397-4660-ac53-2ddf8dcdf7c3} was loaded during application startup.
2022-11-02 11:48:10.5010|DEBUG|Microsoft.AspNetCore.Hosting.Diagnostics|Loaded hosting startup assembly ParentInformation
2022-11-02 11:48:10.5010|DEBUG|Microsoft.AspNetCore.Hosting.Diagnostics|Loaded hosting startup assembly Microsoft.AspNetCore.Watch.BrowserRefresh
2022-11-02 11:48:10.5010|DEBUG|Microsoft.AspNetCore.Hosting.Diagnostics|Loaded hosting startup assembly Microsoft.WebTools.BrowserLink.Net
2022-11-02 11:48:10.7520|INFO|Microsoft.Hosting.Lifetime|Application started. Press Ctrl+C to shut down.
2022-11-02 11:48:10.9427|INFO|Microsoft.Hosting.Lifetime|Hosting environment: Development
2022-11-02 11:48:11.2996|INFO|Microsoft.Hosting.Lifetime|Content root path: C:\Users\2116787\Downloads\applcation\ParentApplication\Server\ParentInformation\ParentInformation
2022-11-02 11:48:11.2996|DEBUG|Microsoft.Extensions.Hosting.Internal.Host|Hosting started
2022-11-02 11:48:11.7080|INFO|Microsoft.AspNetCore.Hosting.Diagnostics|Request starting HTTP/2.0 GET https://localhost:44309/swagger/index.html  
2022-11-02 11:48:12.2644|DEBUG|Microsoft.AspNetCore.HostFiltering.HostFilteringMiddleware|Wildcard detected, all requests with hosts will be allowed.
2022-11-02 11:48:12.2644|TRACE|Microsoft.AspNetCore.HostFiltering.HostFilteringMiddleware|All hosts are allowed.
2022-11-02 11:48:12.4299|DEBUG|Microsoft.AspNetCore.Watch.BrowserRefresh.BrowserRefreshMiddleware|Response markup is scheduled to include browser refresh script injection.
2022-11-02 11:48:14.0857|DEBUG|Microsoft.AspNetCore.Watch.BrowserRefresh.BrowserRefreshMiddleware|Response markup was updated to include browser refresh script injection.
2022-11-02 11:48:14.0946|INFO|Microsoft.AspNetCore.Hosting.Diagnostics|Request finished in 2401.6971ms 200 text/html;charset=utf-8
2022-11-02 11:48:17.2626|INFO|Microsoft.AspNetCore.Hosting.Diagnostics|Request starting HTTP/2.0 GET https://localhost:44309/_framework/aspnetcore-browser-refresh.js  
2022-11-02 11:48:17.2772|INFO|Microsoft.AspNetCore.Hosting.Diagnostics|Request finished in 14.9294ms 200 application/javascript; charset=utf-8
2022-11-02 11:48:17.7730|INFO|Microsoft.AspNetCore.Hosting.Diagnostics|Request starting HTTP/2.0 GET https://localhost:44309/_vs/browserLink  
2022-11-02 11:48:18.3154|INFO|Microsoft.AspNetCore.Hosting.Diagnostics|Request finished in 543.4782ms 200 text/javascript; charset=UTF-8
2022-11-02 11:48:21.3130|INFO|Microsoft.AspNetCore.Hosting.Diagnostics|Request starting HTTP/2.0 GET https://localhost:44309/swagger/v1/swagger.json  
2022-11-02 11:48:21.3130|TRACE|Microsoft.AspNetCore.HostFiltering.HostFilteringMiddleware|All hosts are allowed.
2022-11-02 11:48:21.6183|INFO|Microsoft.AspNetCore.Hosting.Diagnostics|Request finished in 305.3314ms 200 application/json;charset=utf-8
2022-11-02 11:56:51.1559|DEBUG|Microsoft.Extensions.Hosting.Internal.Host|Hosting starting
2022-11-02 11:56:51.5642|INFO|Microsoft.AspNetCore.DataProtection.KeyManagement.XmlKeyManager|User profile is available. Using 'C:\Users\2116787\AppData\Local\ASP.NET\DataProtection-Keys' as key repository and Windows DPAPI to encrypt keys at rest.
2022-11-02 11:56:51.6746|DEBUG|Microsoft.AspNetCore.DataProtection.Repositories.FileSystemXmlRepository|Reading data from file 'C:\Users\2116787\AppData\Local\ASP.NET\DataProtection-Keys\key-04e5a2ad-1397-4660-ac53-2ddf8dcdf7c3.xml'.
2022-11-02 11:56:51.7446|DEBUG|Microsoft.AspNetCore.DataProtection.KeyManagement.XmlKeyManager|Found key {04e5a2ad-1397-4660-ac53-2ddf8dcdf7c3}.
2022-11-02 11:56:51.7725|DEBUG|Microsoft.AspNetCore.DataProtection.KeyManagement.DefaultKeyResolver|Considering key {04e5a2ad-1397-4660-ac53-2ddf8dcdf7c3} with expiration date 2023-01-12 06:45:08Z as default key.
2022-11-02 11:56:52.9418|DEBUG|Microsoft.AspNetCore.DataProtection.TypeForwardingActivator|Forwarded activator type request from Microsoft.AspNetCore.DataProtection.XmlEncryption.DpapiXmlDecryptor, Microsoft.AspNetCore.DataProtection, Version=3.1.28.0, Culture=neutral, PublicKeyToken=adb9793829ddae60 to Microsoft.AspNetCore.DataProtection.XmlEncryption.DpapiXmlDecryptor, Microsoft.AspNetCore.DataProtection, Culture=neutral, PublicKeyToken=adb9793829ddae60
2022-11-02 11:56:52.9487|DEBUG|Microsoft.AspNetCore.DataProtection.XmlEncryption.DpapiXmlDecryptor|Decrypting secret element using Windows DPAPI.
2022-11-02 11:56:52.9487|DEBUG|Microsoft.AspNetCore.DataProtection.TypeForwardingActivator|Forwarded activator type request from Microsoft.AspNetCore.DataProtection.AuthenticatedEncryption.ConfigurationModel.AuthenticatedEncryptorDescriptorDeserializer, Microsoft.AspNetCore.DataProtection, Version=3.1.28.0, Culture=neutral, PublicKeyToken=adb9793829ddae60 to Microsoft.AspNetCore.DataProtection.AuthenticatedEncryption.ConfigurationModel.AuthenticatedEncryptorDescriptorDeserializer, Microsoft.AspNetCore.DataProtection, Culture=neutral, PublicKeyToken=adb9793829ddae60
2022-11-02 11:56:52.9630|DEBUG|Microsoft.AspNetCore.DataProtection.AuthenticatedEncryption.CngCbcAuthenticatedEncryptorFactory|Opening CNG algorithm 'AES' from provider '(null)' with chaining mode CBC.
2022-11-02 11:56:52.9630|DEBUG|Microsoft.AspNetCore.DataProtection.AuthenticatedEncryption.CngCbcAuthenticatedEncryptorFactory|Opening CNG algorithm 'SHA256' from provider '(null)' with HMAC.
2022-11-02 11:56:52.9828|DEBUG|Microsoft.AspNetCore.DataProtection.KeyManagement.KeyRingProvider|Using key {04e5a2ad-1397-4660-ac53-2ddf8dcdf7c3} as the default key.
2022-11-02 11:56:52.9828|DEBUG|Microsoft.AspNetCore.DataProtection.Internal.DataProtectionHostedService|Key ring with default key {04e5a2ad-1397-4660-ac53-2ddf8dcdf7c3} was loaded during application startup.
2022-11-02 11:56:55.0777|DEBUG|Microsoft.AspNetCore.Hosting.Diagnostics|Loaded hosting startup assembly ParentInformation
2022-11-02 11:56:55.0777|DEBUG|Microsoft.AspNetCore.Hosting.Diagnostics|Loaded hosting startup assembly Microsoft.AspNetCore.Watch.BrowserRefresh
2022-11-02 11:56:55.0777|DEBUG|Microsoft.AspNetCore.Hosting.Diagnostics|Loaded hosting startup assembly Microsoft.WebTools.BrowserLink.Net
2022-11-02 11:56:55.1399|INFO|Microsoft.Hosting.Lifetime|Application started. Press Ctrl+C to shut down.
2022-11-02 11:56:55.1703|INFO|Microsoft.Hosting.Lifetime|Hosting environment: Development
2022-11-02 11:56:55.2052|INFO|Microsoft.Hosting.Lifetime|Content root path: C:\Users\2116787\Downloads\applcation\ParentApplication\Server\ParentInformation\ParentInformation
2022-11-02 11:56:55.2166|DEBUG|Microsoft.Extensions.Hosting.Internal.Host|Hosting started
2022-11-02 11:56:55.2622|INFO|Microsoft.AspNetCore.Hosting.Diagnostics|Request starting HTTP/2.0 GET https://localhost:44309/swagger/index.html  
2022-11-02 11:56:55.3937|DEBUG|Microsoft.AspNetCore.HostFiltering.HostFilteringMiddleware|Wildcard detected, all requests with hosts will be allowed.
2022-11-02 11:56:55.3937|TRACE|Microsoft.AspNetCore.HostFiltering.HostFilteringMiddleware|All hosts are allowed.
2022-11-02 11:56:55.5100|DEBUG|Microsoft.AspNetCore.Watch.BrowserRefresh.BrowserRefreshMiddleware|Response markup is scheduled to include browser refresh script injection.
2022-11-02 11:56:56.5461|DEBUG|Microsoft.AspNetCore.Watch.BrowserRefresh.BrowserRefreshMiddleware|Response markup was updated to include browser refresh script injection.
2022-11-02 11:56:56.5624|INFO|Microsoft.AspNetCore.Hosting.Diagnostics|Request finished in 1302.0864ms 200 text/html;charset=utf-8
2022-11-02 11:56:56.7404|INFO|Microsoft.AspNetCore.Hosting.Diagnostics|Request starting HTTP/2.0 GET https://localhost:44309/_framework/aspnetcore-browser-refresh.js  
2022-11-02 11:56:56.7608|INFO|Microsoft.AspNetCore.Hosting.Diagnostics|Request finished in 20.5013ms 200 application/javascript; charset=utf-8
2022-11-02 11:56:56.8502|INFO|Microsoft.AspNetCore.Hosting.Diagnostics|Request starting HTTP/2.0 GET https://localhost:44309/_vs/browserLink  
2022-11-02 11:56:57.1587|INFO|Microsoft.AspNetCore.Hosting.Diagnostics|Request finished in 308.4508ms 200 text/javascript; charset=UTF-8
2022-11-02 11:56:59.6201|INFO|Microsoft.AspNetCore.Hosting.Diagnostics|Request starting HTTP/2.0 GET https://localhost:44309/swagger/v1/swagger.json  
2022-11-02 11:56:59.6201|TRACE|Microsoft.AspNetCore.HostFiltering.HostFilteringMiddleware|All hosts are allowed.
2022-11-02 11:56:59.9837|INFO|Microsoft.AspNetCore.Hosting.Diagnostics|Request finished in 336.7806ms 200 application/json;charset=utf-8
